[0.008s] Invoking command in '/home/shiyao/turtlebot3_ws/build/turtlebot3_gazebo': CMAKE_PREFIX_PATH=${CMAKE_PREFIX_PATH}:/home/shiyao/turtlebot3_ws/install/turtlebot3_teleop:/home/shiyao/turtlebot3_ws/install/turtlebot3_example:/opt/ros/jazzy DEBUGINFOD_URLS=https://debuginfod.ubuntu.com /usr/bin/cmake --build /home/shiyao/turtlebot3_ws/build/turtlebot3_gazebo -- -j12 -l12
[0.062s] [ 25%] Built target obstacle2
[0.062s] [ 50%] Built target obstacle1
[0.063s] [ 75%] Built target obstacles
[0.068s] [ 87%] [32mBuilding CXX object CMakeFiles/turtlebot3_drive.dir/src/turtlebot3_drive.cpp.o[0m
[1.626s] In file included from [01m[K/home/shiyao/turtlebot3_ws/src/turtlebot3_simulations/turtlebot3_gazebo/src/turtlebot3_drive.cpp:17[m[K:
[1.626s] [01m[K/home/shiyao/turtlebot3_ws/src/turtlebot3_simulations/turtlebot3_gazebo/include/turtlebot3_gazebo/turtlebot3_drive.hpp:38:27:[m[K [01;31m[Kerror: [m[Kexpected identifier before numeric constant
[1.626s]    38 | #define GET_TB3_DIRECTION [01;31m[K0[m[K
[1.626s]       |                           [01;31m[K^[m[K
[1.626s] [01m[K/home/shiyao/turtlebot3_ws/src/turtlebot3_simulations/turtlebot3_gazebo/include/turtlebot3_gazebo/turtlebot3_drive.hpp:77:5:[m[K [01;36m[Knote: [m[Kin expansion of macro ‘[01m[KGET_TB3_DIRECTION[m[K’
[1.626s]    77 |     [01;36m[KGET_TB3_DIRECTION[m[K = 2,
[1.626s]       |     [01;36m[K^~~~~~~~~~~~~~~~~[m[K
[1.626s] [01m[K/home/shiyao/turtlebot3_ws/src/turtlebot3_simulations/turtlebot3_gazebo/include/turtlebot3_gazebo/turtlebot3_drive.hpp:38:27:[m[K [01;31m[Kerror: [m[Kexpected ‘[01m[K}[m[K’ before numeric constant
[1.626s]    38 | #define GET_TB3_DIRECTION [01;31m[K0[m[K
[1.626s]       |                           [01;31m[K^[m[K
[1.626s] [01m[K/home/shiyao/turtlebot3_ws/src/turtlebot3_simulations/turtlebot3_gazebo/include/turtlebot3_gazebo/turtlebot3_drive.hpp:77:5:[m[K [01;36m[Knote: [m[Kin expansion of macro ‘[01m[KGET_TB3_DIRECTION[m[K’
[1.626s]    77 |     [01;36m[KGET_TB3_DIRECTION[m[K = 2,
[1.626s]       |     [01;36m[K^~~~~~~~~~~~~~~~~[m[K
[1.626s] [01m[K/home/shiyao/turtlebot3_ws/src/turtlebot3_simulations/turtlebot3_gazebo/include/turtlebot3_gazebo/turtlebot3_drive.hpp:74:3:[m[K [01;36m[Knote: [m[Kto match this ‘[01m[K{[m[K’
[1.626s]    74 |   [01;36m[K{[m[K
[1.626s]       |   [01;36m[K^[m[K
[1.626s] [01m[K/home/shiyao/turtlebot3_ws/src/turtlebot3_simulations/turtlebot3_gazebo/include/turtlebot3_gazebo/turtlebot3_drive.hpp:38:27:[m[K [01;31m[Kerror: [m[Kexpected unqualified-id before numeric constant
[1.626s]    38 | #define GET_TB3_DIRECTION [01;31m[K0[m[K
[1.626s]       |                           [01;31m[K^[m[K
[1.626s] [01m[K/home/shiyao/turtlebot3_ws/src/turtlebot3_simulations/turtlebot3_gazebo/include/turtlebot3_gazebo/turtlebot3_drive.hpp:77:5:[m[K [01;36m[Knote: [m[Kin expansion of macro ‘[01m[KGET_TB3_DIRECTION[m[K’
[1.627s]    77 |     [01;36m[KGET_TB3_DIRECTION[m[K = 2,
[1.627s]       |     [01;36m[K^~~~~~~~~~~~~~~~~[m[K
[1.627s] [01m[K/home/shiyao/turtlebot3_ws/src/turtlebot3_simulations/turtlebot3_gazebo/include/turtlebot3_gazebo/turtlebot3_drive.hpp:86:1:[m[K [01;31m[Kerror: [m[Kexpected declaration before ‘[01m[K}[m[K’ token
[1.627s]    86 | [01;31m[K}[m[K;
[1.627s]       | [01;31m[K^[m[K
[1.643s] [01m[K/home/shiyao/turtlebot3_ws/src/turtlebot3_simulations/turtlebot3_gazebo/src/turtlebot3_drive.cpp:[m[K In member function ‘[01m[Kvoid Turtlebot3Drive::[01;32m[Kupdate_callback[m[K()[m[K’:
[1.643s] [01m[K/home/shiyao/turtlebot3_ws/src/turtlebot3_simulations/turtlebot3_gazebo/src/turtlebot3_drive.cpp:275:5:[m[K [01;31m[Kerror: [m[Kduplicate case value
[1.643s]   275 |     [01;31m[Kcase[m[K GET_TB3_DIRECTION:
[1.643s]       |     [01;31m[K^~~~[m[K
[1.643s] [01m[K/home/shiyao/turtlebot3_ws/src/turtlebot3_simulations/turtlebot3_gazebo/src/turtlebot3_drive.cpp:233:5:[m[K [01;36m[Knote: [m[Kpreviously used here
[1.643s]   233 |     [01;36m[Kcase[m[K FIND_WALL:
[1.643s]       |     [01;36m[K^~~~[m[K
[1.643s] [01m[K/home/shiyao/turtlebot3_ws/src/turtlebot3_simulations/turtlebot3_gazebo/include/turtlebot3_gazebo/turtlebot3_drive.hpp:39:27:[m[K [01;31m[Kerror: [m[Kjump to case label
[1.643s]    39 | #define TB3_DRIVE_FORWARD [01;31m[K1[m[K
[1.643s]       |                           [01;31m[K^[m[K
[1.643s] [01m[K/home/shiyao/turtlebot3_ws/src/turtlebot3_simulations/turtlebot3_gazebo/src/turtlebot3_drive.cpp:303:10:[m[K [01;36m[Knote: [m[Kin expansion of macro ‘[01m[KTB3_DRIVE_FORWARD[m[K’
[1.643s]   303 |     case [01;36m[KTB3_DRIVE_FORWARD[m[K:
[1.643s]       |          [01;36m[K^~~~~~~~~~~~~~~~~[m[K
[1.643s] [01m[K/home/shiyao/turtlebot3_ws/src/turtlebot3_simulations/turtlebot3_gazebo/src/turtlebot3_drive.cpp:280:12:[m[K [01;36m[Knote: [m[K  crosses initialization of ‘[01m[Kbool front_wall_detected[m[K’
[1.643s]   280 |       bool [01;36m[Kfront_wall_detected[m[K = (scan_data_[CENTER] <= CHECK_FORWARD_DIST);
[1.644s]       |            [01;36m[K^~~~~~~~~~~~~~~~~~~[m[K
[1.644s] [01m[K/home/shiyao/turtlebot3_ws/src/turtlebot3_simulations/turtlebot3_gazebo/src/turtlebot3_drive.cpp:279:12:[m[K [01;36m[Knote: [m[K  crosses initialization of ‘[01m[Kbool right_wall_detected[m[K’
[1.644s]   279 |       bool [01;36m[Kright_wall_detected[m[K = (scan_data_[RIGHT] <= CHECK_SIDE_DIST);
[1.644s]       |            [01;36m[K^~~~~~~~~~~~~~~~~~~[m[K
[1.644s] [01m[K/home/shiyao/turtlebot3_ws/src/turtlebot3_simulations/turtlebot3_gazebo/include/turtlebot3_gazebo/turtlebot3_drive.hpp:40:27:[m[K [01;31m[Kerror: [m[Kjump to case label
[1.644s]    40 | #define TB3_RIGHT_TURN    [01;31m[K2[m[K
[1.644s]       |                           [01;31m[K^[m[K
[1.644s] [01m[K/home/shiyao/turtlebot3_ws/src/turtlebot3_simulations/turtlebot3_gazebo/src/turtlebot3_drive.cpp:309:10:[m[K [01;36m[Knote: [m[Kin expansion of macro ‘[01m[KTB3_RIGHT_TURN[m[K’
[1.644s]   309 |     case [01;36m[KTB3_RIGHT_TURN[m[K:
[1.644s]       |          [01;36m[K^~~~~~~~~~~~~~[m[K
[1.644s] [01m[K/home/shiyao/turtlebot3_ws/src/turtlebot3_simulations/turtlebot3_gazebo/src/turtlebot3_drive.cpp:280:12:[m[K [01;36m[Knote: [m[K  crosses initialization of ‘[01m[Kbool front_wall_detected[m[K’
[1.644s]   280 |       bool [01;36m[Kfront_wall_detected[m[K = (scan_data_[CENTER] <= CHECK_FORWARD_DIST);
[1.644s]       |            [01;36m[K^~~~~~~~~~~~~~~~~~~[m[K
[1.644s] [01m[K/home/shiyao/turtlebot3_ws/src/turtlebot3_simulations/turtlebot3_gazebo/src/turtlebot3_drive.cpp:279:12:[m[K [01;36m[Knote: [m[K  crosses initialization of ‘[01m[Kbool right_wall_detected[m[K’
[1.644s]   279 |       bool [01;36m[Kright_wall_detected[m[K = (scan_data_[RIGHT] <= CHECK_SIDE_DIST);
[1.644s]       |            [01;36m[K^~~~~~~~~~~~~~~~~~~[m[K
[1.654s] [01m[K/home/shiyao/turtlebot3_ws/src/turtlebot3_simulations/turtlebot3_gazebo/src/turtlebot3_drive.cpp:314:17:[m[K [01;31m[Kerror: [m[K‘[01m[KTB3_AFTER_RIGHT_TURN[m[K’ was not declared in this scope; did you mean ‘[01m[KTB3_RIGHT_TURN[m[K’?
[1.654s]   314 |         state = [01;31m[KTB3_AFTER_RIGHT_TURN[m[K;
[1.654s]       |                 [01;31m[K^~~~~~~~~~~~~~~~~~~~[m[K
[1.654s]       |                 [32m[KTB3_RIGHT_TURN[m[K
[1.666s] [01m[K/home/shiyao/turtlebot3_ws/src/turtlebot3_simulations/turtlebot3_gazebo/src/turtlebot3_drive.cpp:320:10:[m[K [01;31m[Kerror: [m[K‘[01m[KTB3_AFTER_RIGHT_TURN[m[K’ was not declared in this scope; did you mean ‘[01m[KTB3_RIGHT_TURN[m[K’?
[1.666s]   320 |     case [01;31m[KTB3_AFTER_RIGHT_TURN[m[K:
[1.666s]       |          [01;31m[K^~~~~~~~~~~~~~~~~~~~[m[K
[1.666s]       |          [32m[KTB3_RIGHT_TURN[m[K
[1.666s] [01m[K/home/shiyao/turtlebot3_ws/src/turtlebot3_simulations/turtlebot3_gazebo/src/turtlebot3_drive.cpp:320:10:[m[K [01;31m[Kerror: [m[Kjump to case label
[1.666s] [01m[K/home/shiyao/turtlebot3_ws/src/turtlebot3_simulations/turtlebot3_gazebo/src/turtlebot3_drive.cpp:280:12:[m[K [01;36m[Knote: [m[K  crosses initialization of ‘[01m[Kbool front_wall_detected[m[K’
[1.667s]   280 |       bool [01;36m[Kfront_wall_detected[m[K = (scan_data_[CENTER] <= CHECK_FORWARD_DIST);
[1.667s]       |            [01;36m[K^~~~~~~~~~~~~~~~~~~[m[K
[1.667s] [01m[K/home/shiyao/turtlebot3_ws/src/turtlebot3_simulations/turtlebot3_gazebo/src/turtlebot3_drive.cpp:279:12:[m[K [01;36m[Knote: [m[K  crosses initialization of ‘[01m[Kbool right_wall_detected[m[K’
[1.667s]   279 |       bool [01;36m[Kright_wall_detected[m[K = (scan_data_[RIGHT] <= CHECK_SIDE_DIST);
[1.667s]       |            [01;36m[K^~~~~~~~~~~~~~~~~~~[m[K
[1.667s] [01m[K/home/shiyao/turtlebot3_ws/src/turtlebot3_simulations/turtlebot3_gazebo/include/turtlebot3_gazebo/turtlebot3_drive.hpp:41:27:[m[K [01;31m[Kerror: [m[Kjump to case label
[1.667s]    41 | #define TB3_LEFT_TURN     [01;31m[K3[m[K
[1.667s]       |                           [01;31m[K^[m[K
[1.667s] [01m[K/home/shiyao/turtlebot3_ws/src/turtlebot3_simulations/turtlebot3_gazebo/src/turtlebot3_drive.cpp:329:10:[m[K [01;36m[Knote: [m[Kin expansion of macro ‘[01m[KTB3_LEFT_TURN[m[K’
[1.667s]   329 |     case [01;36m[KTB3_LEFT_TURN[m[K:
[1.667s]       |          [01;36m[K^~~~~~~~~~~~~[m[K
[1.667s] [01m[K/home/shiyao/turtlebot3_ws/src/turtlebot3_simulations/turtlebot3_gazebo/src/turtlebot3_drive.cpp:280:12:[m[K [01;36m[Knote: [m[K  crosses initialization of ‘[01m[Kbool front_wall_detected[m[K’
[1.667s]   280 |       bool [01;36m[Kfront_wall_detected[m[K = (scan_data_[CENTER] <= CHECK_FORWARD_DIST);
[1.667s]       |            [01;36m[K^~~~~~~~~~~~~~~~~~~[m[K
[1.667s] [01m[K/home/shiyao/turtlebot3_ws/src/turtlebot3_simulations/turtlebot3_gazebo/src/turtlebot3_drive.cpp:279:12:[m[K [01;36m[Knote: [m[K  crosses initialization of ‘[01m[Kbool right_wall_detected[m[K’
[1.667s]   279 |       bool [01;36m[Kright_wall_detected[m[K = (scan_data_[RIGHT] <= CHECK_SIDE_DIST);
[1.667s]       |            [01;36m[K^~~~~~~~~~~~~~~~~~~[m[K
[1.667s] [01m[K/home/shiyao/turtlebot3_ws/src/turtlebot3_simulations/turtlebot3_gazebo/src/turtlebot3_drive.cpp:339:5:[m[K [01;31m[Kerror: [m[Kjump to case label
[1.668s]   339 |     [01;31m[Kdefault[m[K:
[1.668s]       |     [01;31m[K^~~~~~~[m[K
[1.668s] [01m[K/home/shiyao/turtlebot3_ws/src/turtlebot3_simulations/turtlebot3_gazebo/src/turtlebot3_drive.cpp:280:12:[m[K [01;36m[Knote: [m[K  crosses initialization of ‘[01m[Kbool front_wall_detected[m[K’
[1.668s]   280 |       bool [01;36m[Kfront_wall_detected[m[K = (scan_data_[CENTER] <= CHECK_FORWARD_DIST);
[1.668s]       |            [01;36m[K^~~~~~~~~~~~~~~~~~~[m[K
[1.668s] [01m[K/home/shiyao/turtlebot3_ws/src/turtlebot3_simulations/turtlebot3_gazebo/src/turtlebot3_drive.cpp:279:12:[m[K [01;36m[Knote: [m[K  crosses initialization of ‘[01m[Kbool right_wall_detected[m[K’
[1.668s]   279 |       bool [01;36m[Kright_wall_detected[m[K = (scan_data_[RIGHT] <= CHECK_SIDE_DIST);
[1.668s]       |            [01;36m[K^~~~~~~~~~~~~~~~~~~[m[K
[3.715s] gmake[2]: *** [CMakeFiles/turtlebot3_drive.dir/build.make:76: CMakeFiles/turtlebot3_drive.dir/src/turtlebot3_drive.cpp.o] Error 1
[3.715s] gmake[1]: *** [CMakeFiles/Makefile2:143: CMakeFiles/turtlebot3_drive.dir/all] Error 2
[3.715s] gmake: *** [Makefile:146: all] Error 2
[3.717s] Invoked command in '/home/shiyao/turtlebot3_ws/build/turtlebot3_gazebo' returned '2': CMAKE_PREFIX_PATH=${CMAKE_PREFIX_PATH}:/home/shiyao/turtlebot3_ws/install/turtlebot3_teleop:/home/shiyao/turtlebot3_ws/install/turtlebot3_example:/opt/ros/jazzy DEBUGINFOD_URLS=https://debuginfod.ubuntu.com /usr/bin/cmake --build /home/shiyao/turtlebot3_ws/build/turtlebot3_gazebo -- -j12 -l12
