[0.669s] Invoking command in '/home/shiyao/turtlebot3_ws/build/turtlebot3_teleop': DEBUGINFOD_URLS=https://debuginfod.ubuntu.com PYTHONPATH=/home/shiyao/turtlebot3_ws/build/turtlebot3_teleop/prefix_override:/usr/lib/python3/dist-packages/colcon_core/task/python/colcon_distutils_commands:/home/shiyao/turtlebot3_ws/install/turtlebot3_teleop/lib/python3.12/site-packages:${PYTHONPATH} /usr/bin/python3 -W ignore:setup.py install is deprecated -W ignore:easy_install command is deprecated setup.py develop --editable --build-directory /home/shiyao/turtlebot3_ws/build/turtlebot3_teleop/build --no-deps symlink_data
[1.063s] running develop
[1.253s] running egg_info
[1.253s] creating turtlebot3_teleop.egg-info
[1.265s] writing turtlebot3_teleop.egg-info/PKG-INFO
[1.265s] writing dependency_links to turtlebot3_teleop.egg-info/dependency_links.txt
[1.265s] writing entry points to turtlebot3_teleop.egg-info/entry_points.txt
[1.266s] writing requirements to turtlebot3_teleop.egg-info/requires.txt
[1.266s] writing top-level names to turtlebot3_teleop.egg-info/top_level.txt
[1.266s] writing manifest file 'turtlebot3_teleop.egg-info/SOURCES.txt'
[1.290s] reading manifest file 'turtlebot3_teleop.egg-info/SOURCES.txt'
[1.290s] writing manifest file 'turtlebot3_teleop.egg-info/SOURCES.txt'
[1.303s] running build_ext
[1.303s] Creating /home/shiyao/turtlebot3_ws/install/turtlebot3_teleop/lib/python3.12/site-packages/turtlebot3-teleop.egg-link (link to .)
[1.304s] Installing teleop_keyboard script to /home/shiyao/turtlebot3_ws/install/turtlebot3_teleop/lib/turtlebot3_teleop
[1.304s] 
[1.304s] Installed /home/shiyao/turtlebot3_ws/build/turtlebot3_teleop
[1.304s] running symlink_data
[1.304s] creating /home/shiyao/turtlebot3_ws/install/turtlebot3_teleop/share/ament_index
[1.304s] creating /home/shiyao/turtlebot3_ws/install/turtlebot3_teleop/share/ament_index/resource_index
[1.304s] creating /home/shiyao/turtlebot3_ws/install/turtlebot3_teleop/share/ament_index/resource_index/packages
[1.304s] symbolically linking /home/shiyao/turtlebot3_ws/build/turtlebot3_teleop/resource/turtlebot3_teleop -> /home/shiyao/turtlebot3_ws/install/turtlebot3_teleop/share/ament_index/resource_index/packages
[1.304s] symbolically linking /home/shiyao/turtlebot3_ws/build/turtlebot3_teleop/package.xml -> /home/shiyao/turtlebot3_ws/install/turtlebot3_teleop/share/turtlebot3_teleop
[1.330s] Invoked command in '/home/shiyao/turtlebot3_ws/build/turtlebot3_teleop' returned '0': DEBUGINFOD_URLS=https://debuginfod.ubuntu.com PYTHONPATH=/home/shiyao/turtlebot3_ws/build/turtlebot3_teleop/prefix_override:/usr/lib/python3/dist-packages/colcon_core/task/python/colcon_distutils_commands:/home/shiyao/turtlebot3_ws/install/turtlebot3_teleop/lib/python3.12/site-packages:${PYTHONPATH} /usr/bin/python3 -W ignore:setup.py install is deprecated -W ignore:easy_install command is deprecated setup.py develop --editable --build-directory /home/shiyao/turtlebot3_ws/build/turtlebot3_teleop/build --no-deps symlink_data
