[01m[K/home/shiyao/turtlebot3_ws/src/turtlebot3_simulations/turtlebot3_gazebo/src/turtlebot3_drive.cpp:[m[K In member function ‘[01m[Kvoid Turtlebot3Drive::[01;32m[Kupdate_callback[m[K()[m[K’:
[01m[K/home/shiyao/turtlebot3_ws/src/turtlebot3_simulations/turtlebot3_gazebo/src/turtlebot3_drive.cpp:303:10:[m[K [01;31m[Kerror: [m[Kjump to case label
  303 |     case [01;31m[KTB3_DRIVE_FORWARD[m[K:
      |          [01;31m[K^~~~~~~~~~~~~~~~~[m[K
[01m[K/home/shiyao/turtlebot3_ws/src/turtlebot3_simulations/turtlebot3_gazebo/src/turtlebot3_drive.cpp:280:12:[m[K [01;36m[Knote: [m[K  crosses initialization of ‘[01m[Kbool front_wall_detected[m[K’
  280 |       bool [01;36m[Kfront_wall_detected[m[K = (scan_data_[CENTER] <= CHECK_FORWARD_DIST);
      |            [01;36m[K^~~~~~~~~~~~~~~~~~~[m[K
[01m[K/home/shiyao/turtlebot3_ws/src/turtlebot3_simulations/turtlebot3_gazebo/src/turtlebot3_drive.cpp:279:12:[m[K [01;36m[Knote: [m[K  crosses initialization of ‘[01m[Kbool right_wall_detected[m[K’
  279 |       bool [01;36m[Kright_wall_detected[m[K = (scan_data_[RIGHT] <= CHECK_SIDE_DIST);
      |            [01;36m[K^~~~~~~~~~~~~~~~~~~[m[K
[01m[K/home/shiyao/turtlebot3_ws/src/turtlebot3_simulations/turtlebot3_gazebo/src/turtlebot3_drive.cpp:309:10:[m[K [01;31m[Kerror: [m[Kjump to case label
  309 |     case [01;31m[KTB3_RIGHT_TURN[m[K:
      |          [01;31m[K^~~~~~~~~~~~~~[m[K
[01m[K/home/shiyao/turtlebot3_ws/src/turtlebot3_simulations/turtlebot3_gazebo/src/turtlebot3_drive.cpp:280:12:[m[K [01;36m[Knote: [m[K  crosses initialization of ‘[01m[Kbool front_wall_detected[m[K’
  280 |       bool [01;36m[Kfront_wall_detected[m[K = (scan_data_[CENTER] <= CHECK_FORWARD_DIST);
      |            [01;36m[K^~~~~~~~~~~~~~~~~~~[m[K
[01m[K/home/shiyao/turtlebot3_ws/src/turtlebot3_simulations/turtlebot3_gazebo/src/turtlebot3_drive.cpp:279:12:[m[K [01;36m[Knote: [m[K  crosses initialization of ‘[01m[Kbool right_wall_detected[m[K’
  279 |       bool [01;36m[Kright_wall_detected[m[K = (scan_data_[RIGHT] <= CHECK_SIDE_DIST);
      |            [01;36m[K^~~~~~~~~~~~~~~~~~~[m[K
[01m[K/home/shiyao/turtlebot3_ws/src/turtlebot3_simulations/turtlebot3_gazebo/src/turtlebot3_drive.cpp:320:10:[m[K [01;31m[Kerror: [m[Kjump to case label
  320 |     case [01;31m[KTB3_AFTER_RIGHT_TURN[m[K:
      |          [01;31m[K^~~~~~~~~~~~~~~~~~~~[m[K
[01m[K/home/shiyao/turtlebot3_ws/src/turtlebot3_simulations/turtlebot3_gazebo/src/turtlebot3_drive.cpp:280:12:[m[K [01;36m[Knote: [m[K  crosses initialization of ‘[01m[Kbool front_wall_detected[m[K’
  280 |       bool [01;36m[Kfront_wall_detected[m[K = (scan_data_[CENTER] <= CHECK_FORWARD_DIST);
      |            [01;36m[K^~~~~~~~~~~~~~~~~~~[m[K
[01m[K/home/shiyao/turtlebot3_ws/src/turtlebot3_simulations/turtlebot3_gazebo/src/turtlebot3_drive.cpp:279:12:[m[K [01;36m[Knote: [m[K  crosses initialization of ‘[01m[Kbool right_wall_detected[m[K’
  279 |       bool [01;36m[Kright_wall_detected[m[K = (scan_data_[RIGHT] <= CHECK_SIDE_DIST);
      |            [01;36m[K^~~~~~~~~~~~~~~~~~~[m[K
[01m[K/home/shiyao/turtlebot3_ws/src/turtlebot3_simulations/turtlebot3_gazebo/src/turtlebot3_drive.cpp:329:10:[m[K [01;31m[Kerror: [m[Kjump to case label
  329 |     case [01;31m[KTB3_LEFT_TURN[m[K:
      |          [01;31m[K^~~~~~~~~~~~~[m[K
[01m[K/home/shiyao/turtlebot3_ws/src/turtlebot3_simulations/turtlebot3_gazebo/src/turtlebot3_drive.cpp:280:12:[m[K [01;36m[Knote: [m[K  crosses initialization of ‘[01m[Kbool front_wall_detected[m[K’
  280 |       bool [01;36m[Kfront_wall_detected[m[K = (scan_data_[CENTER] <= CHECK_FORWARD_DIST);
      |            [01;36m[K^~~~~~~~~~~~~~~~~~~[m[K
[01m[K/home/shiyao/turtlebot3_ws/src/turtlebot3_simulations/turtlebot3_gazebo/src/turtlebot3_drive.cpp:279:12:[m[K [01;36m[Knote: [m[K  crosses initialization of ‘[01m[Kbool right_wall_detected[m[K’
  279 |       bool [01;36m[Kright_wall_detected[m[K = (scan_data_[RIGHT] <= CHECK_SIDE_DIST);
      |            [01;36m[K^~~~~~~~~~~~~~~~~~~[m[K
[01m[K/home/shiyao/turtlebot3_ws/src/turtlebot3_simulations/turtlebot3_gazebo/src/turtlebot3_drive.cpp:339:5:[m[K [01;31m[Kerror: [m[Kjump to case label
  339 |     [01;31m[Kdefault[m[K:
      |     [01;31m[K^~~~~~~[m[K
[01m[K/home/shiyao/turtlebot3_ws/src/turtlebot3_simulations/turtlebot3_gazebo/src/turtlebot3_drive.cpp:280:12:[m[K [01;36m[Knote: [m[K  crosses initialization of ‘[01m[Kbool front_wall_detected[m[K’
  280 |       bool [01;36m[Kfront_wall_detected[m[K = (scan_data_[CENTER] <= CHECK_FORWARD_DIST);
      |            [01;36m[K^~~~~~~~~~~~~~~~~~~[m[K
[01m[K/home/shiyao/turtlebot3_ws/src/turtlebot3_simulations/turtlebot3_gazebo/src/turtlebot3_drive.cpp:279:12:[m[K [01;36m[Knote: [m[K  crosses initialization of ‘[01m[Kbool right_wall_detected[m[K’
  279 |       bool [01;36m[Kright_wall_detected[m[K = (scan_data_[RIGHT] <= CHECK_SIDE_DIST);
      |            [01;36m[K^~~~~~~~~~~~~~~~~~~[m[K
gmake[2]: *** [CMakeFiles/turtlebot3_drive.dir/build.make:76: CMakeFiles/turtlebot3_drive.dir/src/turtlebot3_drive.cpp.o] Error 1
gmake[1]: *** [CMakeFiles/Makefile2:143: CMakeFiles/turtlebot3_drive.dir/all] Error 2
gmake: *** [Makefile:146: all] Error 2
