[0.014s] Invoking command in '/home/shiyao/turtlebot3_ws/build/turtlebot3_gazebo': CMAKE_PREFIX_PATH=${CMAKE_PREFIX_PATH}:/home/shiyao/turtlebot3_ws/install/turtlebot3_teleop:/home/shiyao/turtlebot3_ws/install/turtlebot3_example:/opt/ros/jazzy DEBUGINFOD_URLS=https://debuginfod.ubuntu.com /usr/bin/cmake /home/shiyao/turtlebot3_ws/src/turtlebot3_simulations/turtlebot3_gazebo -DAMENT_CMAKE_SYMLINK_INSTALL=1 -DCMAKE_INSTALL_PREFIX=/home/shiyao/turtlebot3_ws/install/turtlebot3_gazebo
[0.057s] -- The C compiler identification is GNU 13.3.0
[0.102s] -- The CXX compiler identification is GNU 13.3.0
[0.113s] -- Detecting C compiler ABI info
[0.182s] -- Detecting C compiler ABI info - done
[0.189s] -- Check for working C compiler: /usr/bin/cc - skipped
[0.189s] -- Detecting C compile features
[0.190s] -- Detecting C compile features - done
[0.197s] -- Detecting CXX compiler ABI info
[0.273s] -- Detecting CXX compiler ABI info - done
[0.280s] -- Check for working CXX compiler: /usr/bin/c++ - skipped
[0.280s] -- Detecting CXX compile features
[0.280s] -- Detecting CXX compile features - done
[0.283s] -- Found ament_cmake: 2.5.4 (/opt/ros/jazzy/share/ament_cmake/cmake)
[0.412s] -- Found Python3: /usr/bin/python3 (found version "3.12.3") found components: Interpreter 
[0.470s] -- Override CMake install command with custom implementation using symlinks instead of copying resources
[0.502s] -- Found ros_gz_sim: 1.0.16 (/opt/ros/jazzy/share/ros_gz_sim/cmake)
[0.552s] -- Found rosidl_generator_c: 4.6.6 (/opt/ros/jazzy/share/rosidl_generator_c/cmake)
[0.570s] -- Found rosidl_generator_cpp: 4.6.6 (/opt/ros/jazzy/share/rosidl_generator_cpp/cmake)
[0.592s] -- Using all available rosidl_typesupport_c: rosidl_typesupport_fastrtps_c;rosidl_typesupport_introspection_c
[0.616s] -- Using all available rosidl_typesupport_cpp: rosidl_typesupport_fastrtps_cpp;rosidl_typesupport_introspection_cpp
[0.718s] -- Found rmw_implementation_cmake: 7.3.2 (/opt/ros/jazzy/share/rmw_implementation_cmake/cmake)
[0.725s] -- Found rmw_fastrtps_cpp: 8.4.3 (/opt/ros/jazzy/share/rmw_fastrtps_cpp/cmake)
[0.896s] -- Found OpenSSL: /usr/lib/x86_64-linux-gnu/libcrypto.so (found version "3.0.13")  
[0.957s] -- Found FastRTPS: /opt/ros/jazzy/include (Required is at least version "2.13") 
[1.017s] -- Using RMW implementation 'rmw_fastrtps_cpp' as default
[1.323s] -- Found nav_msgs: 5.3.6 (/opt/ros/jazzy/share/nav_msgs/cmake)
[1.345s] -- Found sensor_msgs: 5.3.6 (/opt/ros/jazzy/share/sensor_msgs/cmake)
[1.373s] -- Found gz_math_vendor: 0.0.8 (/opt/ros/jazzy/share/gz_math_vendor/cmake)
[1.381s] -- Looking for gz-math7 -- found version 7.5.2
[1.387s] -- Searching for dependencies of gz-math7
[1.388s] -- Looking for gz-utils2 -- found version 2.2.1
[1.388s] -- Searching for dependencies of gz-utils2
[1.391s] -- Found gz_sim_vendor: 0.0.8 (/opt/ros/jazzy/share/gz_sim_vendor/cmake)
[1.430s] -- Looking for gz-sim8 -- found version 8.9.0
[1.431s] -- Searching for dependencies of gz-sim8
[1.432s] -- Looking for sdformat14 -- found version 14.8.0
[1.432s] -- Searching for dependencies of sdformat14
[1.436s] -- Checking for module 'tinyxml2'
[1.446s] --   Found tinyxml2, version 10.0.0
[1.466s] -- Looking for gz-math7 -- found version 7.5.2
[1.466s] -- Looking for gz-utils2 -- found version 2.2.1
[1.466s] -- Searching for dependencies of gz-utils2
[1.466s] -- Searching for <gz-utils2> component [cli]
[1.468s] -- Looking for gz-utils2-cli -- found version 2.2.1
[1.468s] -- Searching for dependencies of gz-utils2-cli
[1.471s] -- Looking for gz-plugin2 -- found version 2.0.4
[1.471s] -- Searching for dependencies of gz-plugin2
[1.471s] -- Looking for gz-utils2 -- found version 2.2.1
[1.471s] -- Searching for <gz-plugin2> component [loader]
[1.473s] -- Looking for gz-plugin2-loader -- found version 2.0.4
[1.473s] -- Searching for dependencies of gz-plugin2-loader
[1.473s] -- Searching for <gz-plugin2> component [register]
[1.475s] -- Looking for gz-plugin2-register -- found version 2.0.4
[1.475s] -- Searching for dependencies of gz-plugin2-register
[1.477s] -- Looking for gz-transport13 -- found version 13.4.1
[1.477s] -- Searching for dependencies of gz-transport13
[1.555s] -- Found Protobuf: /usr/lib/x86_64-linux-gnu/libprotobuf.so (found version "3.21.12") 
[1.564s] -- Config-file not installed for ZeroMQ -- checking for pkg-config
[1.567s] -- Checking for module 'libzmq >= 4'
[1.577s] --   Found libzmq, version 4.3.5
[1.602s] -- Found ZeroMQ: TRUE (Required is at least version "4") 
[1.607s] -- Checking for module 'uuid'
[1.617s] --   Found uuid, version 2.39.3
[1.637s] -- Found UUID: TRUE  
[1.637s] -- Looking for gz-utils2 -- found version 2.2.1
[1.639s] -- Looking for gz-msgs10 -- found version 10.3.2
[1.639s] -- Searching for dependencies of gz-msgs10
[1.654s] -- Looking for gz-utils2 -- found version 2.2.1
[1.654s] -- Looking for gz-math7 -- found version 7.5.2
[1.659s] -- Searching for <gz-transport13> component [log]
[1.661s] -- Looking for gz-transport13-log -- found version 13.4.1
[1.661s] -- Searching for dependencies of gz-transport13-log
[1.661s] -- Searching for <gz-transport13> component [parameters]
[1.663s] -- Looking for gz-transport13-parameters -- found version 13.4.1
[1.663s] -- Searching for dependencies of gz-transport13-parameters
[1.664s] -- Looking for gz-msgs10 -- found version 10.3.2
[1.665s] -- Looking for gz-common5 -- found version 5.7.1
[1.665s] -- Searching for dependencies of gz-common5
[1.666s] -- Looking for gz-utils2 -- found version 2.2.1
[1.666s] -- Looking for dlfcn.h - found
[1.667s] -- Looking for libdl - found
[1.668s] -- Found DL: TRUE  
[1.674s] -- Searching for <gz-common5> component [av]
[1.677s] -- Looking for gz-common5-av -- found version 5.7.1
[1.677s] -- Searching for dependencies of gz-common5-av
[1.682s] -- Checking for module 'libswscale'
[1.696s] --   Found libswscale, version 7.5.100
[1.719s] -- Found SWSCALE: TRUE  
[1.723s] -- Checking for module 'libavdevice >= 56.4.100'
[1.733s] --   Found libavdevice, version 60.3.100
[1.761s] -- Found AVDEVICE: TRUE (Required is at least version "56.4.100") 
[1.764s] -- Checking for module 'libavformat'
[1.774s] --   Found libavformat, version 60.16.100
[1.797s] -- Found AVFORMAT: TRUE  
[1.800s] -- Checking for module 'libavcodec'
[1.813s] --   Found libavcodec, version 60.31.102
[1.837s] -- Found AVCODEC: TRUE  
[1.840s] -- Checking for module 'libavutil'
[1.851s] --   Found libavutil, version 58.29.100
[1.871s] -- Found AVUTIL: TRUE  
[1.871s] -- Searching for <gz-common5> component [events]
[1.873s] -- Looking for gz-common5-events -- found version 5.7.1
[1.873s] -- Searching for dependencies of gz-common5-events
[1.873s] -- Looking for gz-math7 -- found version 7.5.2
[1.874s] -- Searching for <gz-common5> component [graphics]
[1.875s] -- Looking for gz-common5-graphics -- found version 5.7.1
[1.875s] -- Searching for dependencies of gz-common5-graphics
[1.876s] -- Looking for gz-math7 -- found version 7.5.2
[1.880s] -- Found GzAssimp: TRUE (found version "5.3.0") 
[1.880s] -- Searching for <gz-common5> component [io]
[1.882s] -- Looking for gz-common5-io -- found version 5.7.1
[1.882s] -- Searching for dependencies of gz-common5-io
[1.882s] -- Searching for <gz-common5> component [profiler]
[1.884s] -- Looking for gz-common5-profiler -- found version 5.7.1
[1.884s] -- Searching for dependencies of gz-common5-profiler
[1.887s] -- Looking for gz-fuel_tools9 -- found version 9.1.1
[1.887s] -- Searching for dependencies of gz-fuel_tools9
[1.943s] -- Found CURL: /usr/lib/x86_64-linux-gnu/libcurl.so (found version "8.5.0")  
[1.951s] -- Checking for module 'jsoncpp'
[1.962s] --   Found jsoncpp, version 1.9.5
[1.984s] -- Found JSONCPP: TRUE  
[1.998s] -- Checking for module 'yaml-0.1'
[2.008s] --   Found yaml-0.1, version 0.2.5
[2.028s] -- Found YAML: TRUE  
[2.032s] -- Checking for module 'libzip'
[2.042s] --   Found libzip, version 1.7.3
[2.063s] -- Found ZIP: TRUE  
[2.063s] -- Looking for gz-utils2 -- found version 2.2.1
[2.064s] -- Looking for gz-common5 -- found version 5.7.1
[2.064s] -- Searching for dependencies of gz-common5
[2.064s] -- Looking for gz-utils2 -- found version 2.2.1
[2.064s] -- Looking for dlfcn.h - found
[2.064s] -- Looking for libdl - found
[2.070s] -- Searching for <gz-common5> component [testing]
[2.072s] -- Looking for gz-common5-testing -- found version 5.7.1
[2.072s] -- Searching for dependencies of gz-common5-testing
[2.073s] -- Looking for gz-math7 -- found version 7.5.2
[2.073s] -- Looking for gz-msgs10 -- found version 10.3.2
[2.075s] -- Looking for gz-gui8 -- found version 8.4.0
[2.075s] -- Searching for dependencies of gz-gui8
[2.093s] -- Looking for gz-utils2 -- found version 2.2.1
[2.093s] -- Looking for gz-math7 -- found version 7.5.2
[2.094s] -- Looking for gz-common5 -- found version 5.7.1
[2.094s] -- Looking for gz-plugin2 -- found version 2.0.4
[2.094s] -- Looking for gz-transport13 -- found version 13.4.1
[2.096s] -- Looking for gz-rendering8 -- found version 8.2.2
[2.096s] -- Searching for dependencies of gz-rendering8
[2.096s] -- Looking for gz-math7 -- found version 7.5.2
[2.096s] -- Searching for dependencies of gz-math7
[2.097s] -- Looking for gz-utils2 -- found version 2.2.1
[2.097s] -- Searching for <gz-math7> component [eigen3]
[2.098s] -- Looking for gz-math7-eigen3 -- found version 7.5.2
[2.099s] -- Searching for dependencies of gz-math7-eigen3
[2.105s] -- Looking for gz-common5 -- found version 5.7.1
[2.105s] -- Searching for dependencies of gz-common5
[2.105s] -- Looking for gz-utils2 -- found version 2.2.1
[2.106s] -- Looking for dlfcn.h - found
[2.106s] -- Looking for libdl - found
[2.111s] -- Searching for <gz-common5> component [graphics]
[2.111s] -- Searching for <gz-common5> component [events]
[2.111s] -- Searching for <gz-common5> component [geospatial]
[2.113s] -- Looking for gz-common5-geospatial -- found version 5.7.1
[2.113s] -- Searching for dependencies of gz-common5-geospatial
[2.113s] -- Looking for gz-math7 -- found version 7.5.2
[2.114s] -- Looking for gz-common5 -- found version 5.7.1
[2.115s] -- Looking for gz-plugin2 -- found version 2.0.4
[2.115s] -- Searching for dependencies of gz-plugin2
[2.115s] -- Looking for gz-utils2 -- found version 2.2.1
[2.115s] -- Searching for <gz-plugin2> component [all]
[2.117s] -- Looking for all libraries of gz-plugin2 -- found version 2.0.4
[2.117s] -- Looking for gz-plugin2 -- found version 2.0.4
[2.118s] -- Looking for gz-utils2 -- found version 2.2.1
[2.128s] -- Found OpenGL: /usr/lib/x86_64-linux-gnu/libOpenGL.so  found components: OpenGL 
[2.129s] -- Looking for gz-msgs10 -- found version 10.3.2
[2.146s] -- Looking for gz-physics7 -- found version 7.5.0
[2.146s] -- Searching for dependencies of gz-physics7
[2.146s] -- Looking for gz-common5 -- found version 5.7.1
[2.146s] -- Looking for gz-math7 -- found version 7.5.2
[2.147s] -- Looking for gz-plugin2 -- found version 2.0.4
[2.147s] -- Looking for gz-utils2 -- found version 2.2.1
[2.148s] -- Searching for <gz-physics7> component [heightmap]
[2.149s] -- Looking for gz-physics7-heightmap -- found version 7.5.0
[2.149s] -- Searching for dependencies of gz-physics7-heightmap
[2.150s] -- Looking for gz-common5 -- found version 5.7.1
[2.150s] -- Searching for <gz-physics7> component [mesh]
[2.151s] -- Looking for gz-physics7-mesh -- found version 7.5.0
[2.151s] -- Searching for dependencies of gz-physics7-mesh
[2.152s] -- Looking for gz-common5 -- found version 5.7.1
[2.152s] -- Searching for <gz-physics7> component [sdf]
[2.153s] -- Looking for gz-physics7-sdf -- found version 7.5.0
[2.153s] -- Searching for dependencies of gz-physics7-sdf
[2.153s] -- Looking for sdformat14 -- found version 14.8.0
[2.156s] -- Looking for gz-sensors8 -- found version 8.2.2
[2.156s] -- Searching for dependencies of gz-sensors8
[2.171s] -- Looking for gz-math7 -- found version 7.5.2
[2.171s] -- Looking for gz-common5 -- found version 5.7.1
[2.171s] -- Looking for gz-transport13 -- found version 13.4.1
[2.171s] -- Looking for gz-rendering8 -- found version 8.2.2
[2.172s] -- Looking for gz-msgs10 -- found version 10.3.2
[2.172s] -- Looking for sdformat14 -- found version 14.8.0
[2.172s] -- Searching for <gz-sensors8> component [air_pressure]
[2.174s] -- Looking for gz-sensors8-air_pressure -- found version 8.2.2
[2.174s] -- Searching for dependencies of gz-sensors8-air_pressure
[2.174s] -- Searching for <gz-sensors8> component [air_speed]
[2.175s] -- Looking for gz-sensors8-air_speed -- found version 8.2.2
[2.175s] -- Searching for dependencies of gz-sensors8-air_speed
[2.176s] -- Searching for <gz-sensors8> component [altimeter]
[2.177s] -- Looking for gz-sensors8-altimeter -- found version 8.2.2
[2.177s] -- Searching for dependencies of gz-sensors8-altimeter
[2.177s] -- Searching for <gz-sensors8> component [imu]
[2.179s] -- Looking for gz-sensors8-imu -- found version 8.2.2
[2.179s] -- Searching for dependencies of gz-sensors8-imu
[2.179s] -- Searching for <gz-sensors8> component [force_torque]
[2.180s] -- Looking for gz-sensors8-force_torque -- found version 8.2.2
[2.180s] -- Searching for dependencies of gz-sensors8-force_torque
[2.181s] -- Searching for <gz-sensors8> component [logical_camera]
[2.182s] -- Looking for gz-sensors8-logical_camera -- found version 8.2.2
[2.182s] -- Searching for dependencies of gz-sensors8-logical_camera
[2.182s] -- Searching for <gz-sensors8> component [magnetometer]
[2.183s] -- Looking for gz-sensors8-magnetometer -- found version 8.2.2
[2.183s] -- Searching for dependencies of gz-sensors8-magnetometer
[2.184s] -- Searching for <gz-sensors8> component [navsat]
[2.185s] -- Looking for gz-sensors8-navsat -- found version 8.2.2
[2.185s] -- Searching for dependencies of gz-sensors8-navsat
[2.185s] -- Searching for <gz-sensors8> component [dvl]
[2.186s] -- Looking for gz-sensors8-dvl -- found version 8.2.2
[2.187s] -- Searching for dependencies of gz-sensors8-dvl
[2.187s] -- Looking for gz-sensors8 -- found version 8.2.2
[2.187s] -- Searching for dependencies of gz-sensors8
[2.201s] -- Looking for gz-math7 -- found version 7.5.2
[2.202s] -- Looking for gz-common5 -- found version 5.7.1
[2.202s] -- Looking for gz-transport13 -- found version 13.4.1
[2.202s] -- Looking for gz-rendering8 -- found version 8.2.2
[2.203s] -- Looking for gz-msgs10 -- found version 10.3.2
[2.203s] -- Looking for sdformat14 -- found version 14.8.0
[2.203s] -- Searching for <gz-sensors8> component [rendering]
[2.204s] -- Looking for gz-sensors8-rendering -- found version 8.2.2
[2.204s] -- Searching for dependencies of gz-sensors8-rendering
[2.205s] -- Searching for <gz-sensors8> component [rendering]
[2.205s] -- Searching for <gz-sensors8> component [lidar]
[2.206s] -- Looking for gz-sensors8-lidar -- found version 8.2.2
[2.207s] -- Searching for dependencies of gz-sensors8-lidar
[2.207s] -- Looking for gz-sensors8 -- found version 8.2.2
[2.207s] -- Searching for <gz-sensors8> component [gpu_lidar]
[2.208s] -- Looking for gz-sensors8-gpu_lidar -- found version 8.2.2
[2.208s] -- Searching for dependencies of gz-sensors8-gpu_lidar
[2.209s] -- Looking for gz-sensors8 -- found version 8.2.2
[2.209s] -- Searching for <gz-sensors8> component [camera]
[2.210s] -- Looking for gz-sensors8-camera -- found version 8.2.2
[2.210s] -- Searching for dependencies of gz-sensors8-camera
[2.211s] -- Looking for gz-sensors8 -- found version 8.2.2
[2.211s] -- Searching for <gz-sensors8> component [boundingbox_camera]
[2.212s] -- Looking for gz-sensors8-boundingbox_camera -- found version 8.2.2
[2.212s] -- Searching for dependencies of gz-sensors8-boundingbox_camera
[2.213s] -- Searching for <gz-sensors8> component [segmentation_camera]
[2.214s] -- Looking for gz-sensors8-segmentation_camera -- found version 8.2.2
[2.214s] -- Searching for dependencies of gz-sensors8-segmentation_camera
[2.214s] -- Searching for <gz-sensors8> component [depth_camera]
[2.216s] -- Looking for gz-sensors8-depth_camera -- found version 8.2.2
[2.216s] -- Searching for dependencies of gz-sensors8-depth_camera
[2.216s] -- Looking for gz-sensors8 -- found version 8.2.2
[2.217s] -- Searching for <gz-sensors8> component [rgbd_camera]
[2.218s] -- Looking for gz-sensors8-rgbd_camera -- found version 8.2.2
[2.218s] -- Searching for dependencies of gz-sensors8-rgbd_camera
[2.218s] -- Looking for gz-sensors8 -- found version 8.2.2
[2.219s] -- Searching for <gz-sensors8> component [thermal_camera]
[2.220s] -- Looking for gz-sensors8-thermal_camera -- found version 8.2.2
[2.220s] -- Searching for dependencies of gz-sensors8-thermal_camera
[2.220s] -- Looking for gz-sensors8 -- found version 8.2.2
[2.221s] -- Searching for <gz-sensors8> component [wide_angle_camera]
[2.222s] -- Looking for gz-sensors8-wide_angle_camera -- found version 8.2.2
[2.222s] -- Searching for dependencies of gz-sensors8-wide_angle_camera
[2.223s] -- Looking for gz-rendering8 -- found version 8.2.2
[2.223s] -- Looking for gz-math7 -- found version 7.5.2
[2.223s] -- Looking for gz-utils2 -- found version 2.2.1
[2.239s] -- Looking for gz-plugin2 -- found version 2.0.4
[2.306s] -- Configuring done (2.3s)
[2.325s] -- Generating done (0.0s)
[2.331s] -- Build files have been written to: /home/shiyao/turtlebot3_ws/build/turtlebot3_gazebo
[2.343s] Invoked command in '/home/shiyao/turtlebot3_ws/build/turtlebot3_gazebo' returned '0': CMAKE_PREFIX_PATH=${CMAKE_PREFIX_PATH}:/home/shiyao/turtlebot3_ws/install/turtlebot3_teleop:/home/shiyao/turtlebot3_ws/install/turtlebot3_example:/opt/ros/jazzy DEBUGINFOD_URLS=https://debuginfod.ubuntu.com /usr/bin/cmake /home/shiyao/turtlebot3_ws/src/turtlebot3_simulations/turtlebot3_gazebo -DAMENT_CMAKE_SYMLINK_INSTALL=1 -DCMAKE_INSTALL_PREFIX=/home/shiyao/turtlebot3_ws/install/turtlebot3_gazebo
[2.344s] Invoking command in '/home/shiyao/turtlebot3_ws/build/turtlebot3_gazebo': CMAKE_PREFIX_PATH=${CMAKE_PREFIX_PATH}:/home/shiyao/turtlebot3_ws/install/turtlebot3_teleop:/home/shiyao/turtlebot3_ws/install/turtlebot3_example:/opt/ros/jazzy DEBUGINFOD_URLS=https://debuginfod.ubuntu.com /usr/bin/cmake --build /home/shiyao/turtlebot3_ws/build/turtlebot3_gazebo -- -j12 -l12
[2.380s] [ 37%] [32mBuilding CXX object CMakeFiles/obstacles.dir/src/obstacles.cpp.o[0m
[2.381s] [ 37%] [32mBuilding CXX object CMakeFiles/turtlebot3_drive.dir/src/turtlebot3_drive.cpp.o[0m
[2.381s] [ 37%] [32mBuilding CXX object CMakeFiles/obstacle2.dir/src/obstacle2.cpp.o[0m
[2.381s] [ 50%] [32mBuilding CXX object CMakeFiles/obstacle1.dir/src/obstacle1.cpp.o[0m
[4.199s] [ 62%] [32m[1mLinking CXX shared library libobstacle2.so[0m
[4.325s] [ 75%] [32m[1mLinking CXX shared library libobstacle1.so[0m
[4.326s] [ 75%] Built target obstacle2
[4.446s] [ 75%] Built target obstacle1
[4.656s] [ 87%] [32m[1mLinking CXX shared library libobstacles.so[0m
[4.827s] [ 87%] Built target obstacles
[10.513s] [100%] [32m[1mLinking CXX executable turtlebot3_drive[0m
[10.784s] [100%] Built target turtlebot3_drive
[10.792s] Invoked command in '/home/shiyao/turtlebot3_ws/build/turtlebot3_gazebo' returned '0': CMAKE_PREFIX_PATH=${CMAKE_PREFIX_PATH}:/home/shiyao/turtlebot3_ws/install/turtlebot3_teleop:/home/shiyao/turtlebot3_ws/install/turtlebot3_example:/opt/ros/jazzy DEBUGINFOD_URLS=https://debuginfod.ubuntu.com /usr/bin/cmake --build /home/shiyao/turtlebot3_ws/build/turtlebot3_gazebo -- -j12 -l12
[10.792s] Invoking command in '/home/shiyao/turtlebot3_ws/build/turtlebot3_gazebo': CMAKE_PREFIX_PATH=${CMAKE_PREFIX_PATH}:/home/shiyao/turtlebot3_ws/install/turtlebot3_teleop:/home/shiyao/turtlebot3_ws/install/turtlebot3_example:/opt/ros/jazzy DEBUGINFOD_URLS=https://debuginfod.ubuntu.com /usr/bin/cmake --install /home/shiyao/turtlebot3_ws/build/turtlebot3_gazebo
[10.798s] -- Install configuration: ""
[10.798s] -- Execute custom install script
[10.799s] -- Symlinking: /home/shiyao/turtlebot3_ws/install/turtlebot3_gazebo/lib/turtlebot3_gazebo/turtlebot3_drive
[10.805s] -- Symlinking: /home/shiyao/turtlebot3_ws/install/turtlebot3_gazebo/lib/turtlebot3_gazebo/libobstacles.so
[10.810s] -- Symlinking: /home/shiyao/turtlebot3_ws/install/turtlebot3_gazebo/lib/turtlebot3_gazebo/libobstacle1.so
[10.816s] -- Symlinking: /home/shiyao/turtlebot3_ws/install/turtlebot3_gazebo/lib/turtlebot3_gazebo/libobstacle2.so
[10.823s] -- Symlinking: /home/shiyao/turtlebot3_ws/install/turtlebot3_gazebo/share/turtlebot3_gazebo//launch/empty_world.launch.py
[10.828s] -- Symlinking: /home/shiyao/turtlebot3_ws/install/turtlebot3_gazebo/share/turtlebot3_gazebo//launch/robot_state_publisher.launch.py
[10.834s] -- Symlinking: /home/shiyao/turtlebot3_ws/install/turtlebot3_gazebo/share/turtlebot3_gazebo//launch/spawn_turtlebot3.launch.py
[10.840s] -- Symlinking: /home/shiyao/turtlebot3_ws/install/turtlebot3_gazebo/share/turtlebot3_gazebo//launch/turtlebot3_dqn_stage1.launch.py
[10.847s] -- Symlinking: /home/shiyao/turtlebot3_ws/install/turtlebot3_gazebo/share/turtlebot3_gazebo//launch/turtlebot3_dqn_stage2.launch.py
[10.853s] -- Symlinking: /home/shiyao/turtlebot3_ws/install/turtlebot3_gazebo/share/turtlebot3_gazebo//launch/turtlebot3_dqn_stage3.launch.py
[10.859s] -- Symlinking: /home/shiyao/turtlebot3_ws/install/turtlebot3_gazebo/share/turtlebot3_gazebo//launch/turtlebot3_dqn_stage4.launch.py
[10.866s] -- Symlinking: /home/shiyao/turtlebot3_ws/install/turtlebot3_gazebo/share/turtlebot3_gazebo//launch/turtlebot3_house.launch.py
[10.872s] -- Symlinking: /home/shiyao/turtlebot3_ws/install/turtlebot3_gazebo/share/turtlebot3_gazebo//launch/turtlebot3_world.launch.py
[10.879s] -- Symlinking: /home/shiyao/turtlebot3_ws/install/turtlebot3_gazebo/share/turtlebot3_gazebo//models/turtlebot3_burger/model-1_4.sdf
[10.884s] -- Symlinking: /home/shiyao/turtlebot3_ws/install/turtlebot3_gazebo/share/turtlebot3_gazebo//models/turtlebot3_burger/model.config
[10.890s] -- Symlinking: /home/shiyao/turtlebot3_ws/install/turtlebot3_gazebo/share/turtlebot3_gazebo//models/turtlebot3_burger/model.sdf
[10.896s] -- Symlinking: /home/shiyao/turtlebot3_ws/install/turtlebot3_gazebo/share/turtlebot3_gazebo//models/turtlebot3_burger_cam/model-1_4.sdf
[10.902s] -- Symlinking: /home/shiyao/turtlebot3_ws/install/turtlebot3_gazebo/share/turtlebot3_gazebo//models/turtlebot3_burger_cam/model.config
[10.908s] -- Symlinking: /home/shiyao/turtlebot3_ws/install/turtlebot3_gazebo/share/turtlebot3_gazebo//models/turtlebot3_burger_cam/model.sdf
[10.914s] -- Symlinking: /home/shiyao/turtlebot3_ws/install/turtlebot3_gazebo/share/turtlebot3_gazebo//models/turtlebot3_common/meshes/bases/burger_base.stl
[10.920s] -- Symlinking: /home/shiyao/turtlebot3_ws/install/turtlebot3_gazebo/share/turtlebot3_gazebo//models/turtlebot3_common/meshes/bases/waffle_base.stl
[10.926s] -- Symlinking: /home/shiyao/turtlebot3_ws/install/turtlebot3_gazebo/share/turtlebot3_gazebo//models/turtlebot3_common/meshes/bases/waffle_pi_base.stl
[10.932s] -- Symlinking: /home/shiyao/turtlebot3_ws/install/turtlebot3_gazebo/share/turtlebot3_gazebo//models/turtlebot3_common/meshes/burger_base.dae
[10.937s] -- Symlinking: /home/shiyao/turtlebot3_ws/install/turtlebot3_gazebo/share/turtlebot3_gazebo//models/turtlebot3_common/meshes/lds.dae
[10.944s] -- Symlinking: /home/shiyao/turtlebot3_ws/install/turtlebot3_gazebo/share/turtlebot3_gazebo//models/turtlebot3_common/meshes/r200.dae
[10.950s] -- Symlinking: /home/shiyao/turtlebot3_ws/install/turtlebot3_gazebo/share/turtlebot3_gazebo//models/turtlebot3_common/meshes/sensors/astra.dae
[10.956s] -- Symlinking: /home/shiyao/turtlebot3_ws/install/turtlebot3_gazebo/share/turtlebot3_gazebo//models/turtlebot3_common/meshes/sensors/astra.jpg
[10.962s] -- Symlinking: /home/shiyao/turtlebot3_ws/install/turtlebot3_gazebo/share/turtlebot3_gazebo//models/turtlebot3_common/meshes/sensors/lds.stl
[10.968s] -- Symlinking: /home/shiyao/turtlebot3_ws/install/turtlebot3_gazebo/share/turtlebot3_gazebo//models/turtlebot3_common/meshes/sensors/r200.dae
[10.975s] -- Symlinking: /home/shiyao/turtlebot3_ws/install/turtlebot3_gazebo/share/turtlebot3_gazebo//models/turtlebot3_common/meshes/sensors/r200.jpg
[10.981s] -- Symlinking: /home/shiyao/turtlebot3_ws/install/turtlebot3_gazebo/share/turtlebot3_gazebo//models/turtlebot3_common/meshes/tire.dae
[10.987s] -- Symlinking: /home/shiyao/turtlebot3_ws/install/turtlebot3_gazebo/share/turtlebot3_gazebo//models/turtlebot3_common/meshes/waffle_base.dae
[10.993s] -- Symlinking: /home/shiyao/turtlebot3_ws/install/turtlebot3_gazebo/share/turtlebot3_gazebo//models/turtlebot3_common/meshes/waffle_pi_base.dae
[11.000s] -- Symlinking: /home/shiyao/turtlebot3_ws/install/turtlebot3_gazebo/share/turtlebot3_gazebo//models/turtlebot3_common/meshes/wheels/left_tire.stl
[11.006s] -- Symlinking: /home/shiyao/turtlebot3_ws/install/turtlebot3_gazebo/share/turtlebot3_gazebo//models/turtlebot3_common/meshes/wheels/right_tire.stl
[11.012s] -- Symlinking: /home/shiyao/turtlebot3_ws/install/turtlebot3_gazebo/share/turtlebot3_gazebo//models/turtlebot3_common/model.config
[11.018s] -- Symlinking: /home/shiyao/turtlebot3_ws/install/turtlebot3_gazebo/share/turtlebot3_gazebo//models/turtlebot3_dqn_world/goal_box/model.config
[11.025s] -- Symlinking: /home/shiyao/turtlebot3_ws/install/turtlebot3_gazebo/share/turtlebot3_gazebo//models/turtlebot3_dqn_world/goal_box/model.sdf
[11.031s] -- Symlinking: /home/shiyao/turtlebot3_ws/install/turtlebot3_gazebo/share/turtlebot3_gazebo//models/turtlebot3_dqn_world/inner_walls/model.config
[11.038s] -- Symlinking: /home/shiyao/turtlebot3_ws/install/turtlebot3_gazebo/share/turtlebot3_gazebo//models/turtlebot3_dqn_world/inner_walls/model.sdf
[11.046s] -- Symlinking: /home/shiyao/turtlebot3_ws/install/turtlebot3_gazebo/share/turtlebot3_gazebo//models/turtlebot3_dqn_world/inner_walls/textures/wood.png
[11.058s] -- Symlinking: /home/shiyao/turtlebot3_ws/install/turtlebot3_gazebo/share/turtlebot3_gazebo//models/turtlebot3_dqn_world/model.config
[11.064s] -- Symlinking: /home/shiyao/turtlebot3_ws/install/turtlebot3_gazebo/share/turtlebot3_gazebo//models/turtlebot3_dqn_world/model.sdf
[11.073s] -- Symlinking: /home/shiyao/turtlebot3_ws/install/turtlebot3_gazebo/share/turtlebot3_gazebo//models/turtlebot3_dqn_world/obstacle1/model.config
[11.082s] -- Symlinking: /home/shiyao/turtlebot3_ws/install/turtlebot3_gazebo/share/turtlebot3_gazebo//models/turtlebot3_dqn_world/obstacle1/model.sdf
[11.091s] -- Symlinking: /home/shiyao/turtlebot3_ws/install/turtlebot3_gazebo/share/turtlebot3_gazebo//models/turtlebot3_dqn_world/obstacle2/model.config
[11.099s] -- Symlinking: /home/shiyao/turtlebot3_ws/install/turtlebot3_gazebo/share/turtlebot3_gazebo//models/turtlebot3_dqn_world/obstacle2/model.sdf
[11.107s] -- Symlinking: /home/shiyao/turtlebot3_ws/install/turtlebot3_gazebo/share/turtlebot3_gazebo//models/turtlebot3_dqn_world/obstacles/model.config
[11.116s] -- Symlinking: /home/shiyao/turtlebot3_ws/install/turtlebot3_gazebo/share/turtlebot3_gazebo//models/turtlebot3_dqn_world/obstacles/model.sdf
[11.125s] -- Symlinking: /home/shiyao/turtlebot3_ws/install/turtlebot3_gazebo/share/turtlebot3_gazebo//models/turtlebot3_dqn_world/textures/wood.png
[11.137s] -- Symlinking: /home/shiyao/turtlebot3_ws/install/turtlebot3_gazebo/share/turtlebot3_gazebo//models/turtlebot3_house/cafe_table/materials/textures/Maple.jpg
[11.143s] -- Symlinking: /home/shiyao/turtlebot3_ws/install/turtlebot3_gazebo/share/turtlebot3_gazebo//models/turtlebot3_house/cafe_table/materials/textures/Wood_Floor_Dark.jpg
[11.152s] -- Symlinking: /home/shiyao/turtlebot3_ws/install/turtlebot3_gazebo/share/turtlebot3_gazebo//models/turtlebot3_house/cafe_table/meshes/cafe_table.dae
[11.161s] -- Symlinking: /home/shiyao/turtlebot3_ws/install/turtlebot3_gazebo/share/turtlebot3_gazebo//models/turtlebot3_house/cafe_table/model-1_4.sdf
[11.170s] -- Symlinking: /home/shiyao/turtlebot3_ws/install/turtlebot3_gazebo/share/turtlebot3_gazebo//models/turtlebot3_house/cafe_table/model.config
[11.181s] -- Symlinking: /home/shiyao/turtlebot3_ws/install/turtlebot3_gazebo/share/turtlebot3_gazebo//models/turtlebot3_house/cafe_table/model.sdf
[11.188s] -- Symlinking: /home/shiyao/turtlebot3_ws/install/turtlebot3_gazebo/share/turtlebot3_gazebo//models/turtlebot3_house/first_2015_trash_can/meshes/trash_can.dae
[11.198s] -- Symlinking: /home/shiyao/turtlebot3_ws/install/turtlebot3_gazebo/share/turtlebot3_gazebo//models/turtlebot3_house/first_2015_trash_can/model.config
[11.208s] -- Symlinking: /home/shiyao/turtlebot3_ws/install/turtlebot3_gazebo/share/turtlebot3_gazebo//models/turtlebot3_house/first_2015_trash_can/model.sdf
[11.217s] -- Symlinking: /home/shiyao/turtlebot3_ws/install/turtlebot3_gazebo/share/turtlebot3_gazebo//models/turtlebot3_house/mailbox/materials/scripts/mailbox.material
[11.227s] -- Symlinking: /home/shiyao/turtlebot3_ws/install/turtlebot3_gazebo/share/turtlebot3_gazebo//models/turtlebot3_house/mailbox/materials/textures/Mailbox_Diffuse.png
[11.236s] -- Symlinking: /home/shiyao/turtlebot3_ws/install/turtlebot3_gazebo/share/turtlebot3_gazebo//models/turtlebot3_house/mailbox/materials/textures/Mailbox_Diffuse.tga.orig
[11.246s] -- Symlinking: /home/shiyao/turtlebot3_ws/install/turtlebot3_gazebo/share/turtlebot3_gazebo//models/turtlebot3_house/mailbox/materials/textures/Mailbox_Spec.png
[11.256s] -- Symlinking: /home/shiyao/turtlebot3_ws/install/turtlebot3_gazebo/share/turtlebot3_gazebo//models/turtlebot3_house/mailbox/meshes/mailbox.dae
[11.266s] -- Symlinking: /home/shiyao/turtlebot3_ws/install/turtlebot3_gazebo/share/turtlebot3_gazebo//models/turtlebot3_house/mailbox/model-1_3.sdf
[11.275s] -- Symlinking: /home/shiyao/turtlebot3_ws/install/turtlebot3_gazebo/share/turtlebot3_gazebo//models/turtlebot3_house/mailbox/model-1_4.sdf
[11.286s] -- Symlinking: /home/shiyao/turtlebot3_ws/install/turtlebot3_gazebo/share/turtlebot3_gazebo//models/turtlebot3_house/mailbox/model.config
[11.294s] -- Symlinking: /home/shiyao/turtlebot3_ws/install/turtlebot3_gazebo/share/turtlebot3_gazebo//models/turtlebot3_house/mailbox/model.sdf
[11.304s] -- Symlinking: /home/shiyao/turtlebot3_ws/install/turtlebot3_gazebo/share/turtlebot3_gazebo//models/turtlebot3_house/model.config
[11.313s] -- Symlinking: /home/shiyao/turtlebot3_ws/install/turtlebot3_gazebo/share/turtlebot3_gazebo//models/turtlebot3_house/model.sdf
[11.323s] -- Symlinking: /home/shiyao/turtlebot3_ws/install/turtlebot3_gazebo/share/turtlebot3_gazebo//models/turtlebot3_house/table_marble/materials/scripts/table_lightmap.material
[11.334s] -- Symlinking: /home/shiyao/turtlebot3_ws/install/turtlebot3_gazebo/share/turtlebot3_gazebo//models/turtlebot3_house/table_marble/materials/textures/marble.png
[11.342s] -- Symlinking: /home/shiyao/turtlebot3_ws/install/turtlebot3_gazebo/share/turtlebot3_gazebo//models/turtlebot3_house/table_marble/materials/textures/table_lightmap.png
[11.351s] -- Symlinking: /home/shiyao/turtlebot3_ws/install/turtlebot3_gazebo/share/turtlebot3_gazebo//models/turtlebot3_house/table_marble/meshes/table_lightmap.dae
[11.362s] -- Symlinking: /home/shiyao/turtlebot3_ws/install/turtlebot3_gazebo/share/turtlebot3_gazebo//models/turtlebot3_house/table_marble/model-1_4.sdf
[11.372s] -- Symlinking: /home/shiyao/turtlebot3_ws/install/turtlebot3_gazebo/share/turtlebot3_gazebo//models/turtlebot3_house/table_marble/model.config
[11.382s] -- Symlinking: /home/shiyao/turtlebot3_ws/install/turtlebot3_gazebo/share/turtlebot3_gazebo//models/turtlebot3_house/table_marble/model.sdf
[11.393s] -- Symlinking: /home/shiyao/turtlebot3_ws/install/turtlebot3_gazebo/share/turtlebot3_gazebo//models/turtlebot3_house/textures/bricks.png
[11.404s] -- Symlinking: /home/shiyao/turtlebot3_ws/install/turtlebot3_gazebo/share/turtlebot3_gazebo//models/turtlebot3_house/textures/wood.png
[11.418s] -- Symlinking: /home/shiyao/turtlebot3_ws/install/turtlebot3_gazebo/share/turtlebot3_gazebo//models/turtlebot3_waffle/model-1_4.sdf
[11.428s] -- Symlinking: /home/shiyao/turtlebot3_ws/install/turtlebot3_gazebo/share/turtlebot3_gazebo//models/turtlebot3_waffle/model.config
[11.436s] -- Symlinking: /home/shiyao/turtlebot3_ws/install/turtlebot3_gazebo/share/turtlebot3_gazebo//models/turtlebot3_waffle/model.sdf
[11.447s] -- Symlinking: /home/shiyao/turtlebot3_ws/install/turtlebot3_gazebo/share/turtlebot3_gazebo//models/turtlebot3_waffle_pi/model-1_4_.sdf
[11.458s] -- Symlinking: /home/shiyao/turtlebot3_ws/install/turtlebot3_gazebo/share/turtlebot3_gazebo//models/turtlebot3_waffle_pi/model.config
[11.470s] -- Symlinking: /home/shiyao/turtlebot3_ws/install/turtlebot3_gazebo/share/turtlebot3_gazebo//models/turtlebot3_waffle_pi/model.sdf
[11.481s] -- Symlinking: /home/shiyao/turtlebot3_ws/install/turtlebot3_gazebo/share/turtlebot3_gazebo//models/turtlebot3_world/meshes/hexagon.dae
[11.492s] -- Symlinking: /home/shiyao/turtlebot3_ws/install/turtlebot3_gazebo/share/turtlebot3_gazebo//models/turtlebot3_world/meshes/wall.dae
[11.506s] -- Symlinking: /home/shiyao/turtlebot3_ws/install/turtlebot3_gazebo/share/turtlebot3_gazebo//models/turtlebot3_world/model-1_4.sdf
[11.516s] -- Symlinking: /home/shiyao/turtlebot3_ws/install/turtlebot3_gazebo/share/turtlebot3_gazebo//models/turtlebot3_world/model.config
[11.527s] -- Symlinking: /home/shiyao/turtlebot3_ws/install/turtlebot3_gazebo/share/turtlebot3_gazebo//models/turtlebot3_world/model.sdf
[11.539s] -- Symlinking: /home/shiyao/turtlebot3_ws/install/turtlebot3_gazebo/share/turtlebot3_gazebo//params/turtlebot3_burger_bridge.yaml
[11.551s] -- Symlinking: /home/shiyao/turtlebot3_ws/install/turtlebot3_gazebo/share/turtlebot3_gazebo//params/turtlebot3_burger_cam_bridge.yaml
[11.563s] -- Symlinking: /home/shiyao/turtlebot3_ws/install/turtlebot3_gazebo/share/turtlebot3_gazebo//params/turtlebot3_waffle_bridge.yaml
[11.575s] -- Symlinking: /home/shiyao/turtlebot3_ws/install/turtlebot3_gazebo/share/turtlebot3_gazebo//params/turtlebot3_waffle_pi_bridge.yaml
[11.589s] -- Symlinking: /home/shiyao/turtlebot3_ws/install/turtlebot3_gazebo/share/turtlebot3_gazebo//rviz/tb3_gazebo.rviz
[11.602s] -- Symlinking: /home/shiyao/turtlebot3_ws/install/turtlebot3_gazebo/share/turtlebot3_gazebo//urdf/common_properties.urdf
[11.615s] -- Symlinking: /home/shiyao/turtlebot3_ws/install/turtlebot3_gazebo/share/turtlebot3_gazebo//urdf/turtlebot3_burger.urdf
[11.636s] -- Symlinking: /home/shiyao/turtlebot3_ws/install/turtlebot3_gazebo/share/turtlebot3_gazebo//urdf/turtlebot3_burger_cam.urdf
[11.648s] -- Symlinking: /home/shiyao/turtlebot3_ws/install/turtlebot3_gazebo/share/turtlebot3_gazebo//urdf/turtlebot3_waffle.urdf
[11.660s] -- Symlinking: /home/shiyao/turtlebot3_ws/install/turtlebot3_gazebo/share/turtlebot3_gazebo//urdf/turtlebot3_waffle_pi.urdf
[11.673s] -- Symlinking: /home/shiyao/turtlebot3_ws/install/turtlebot3_gazebo/share/turtlebot3_gazebo//worlds/empty_world.world
[11.685s] -- Symlinking: /home/shiyao/turtlebot3_ws/install/turtlebot3_gazebo/share/turtlebot3_gazebo//worlds/turtlebot3_autorace_2020.world
[11.699s] -- Symlinking: /home/shiyao/turtlebot3_ws/install/turtlebot3_gazebo/share/turtlebot3_gazebo//worlds/turtlebot3_dqn_stage1.world
[11.726s] -- Symlinking: /home/shiyao/turtlebot3_ws/install/turtlebot3_gazebo/share/turtlebot3_gazebo//worlds/turtlebot3_dqn_stage2.world
[11.744s] -- Symlinking: /home/shiyao/turtlebot3_ws/install/turtlebot3_gazebo/share/turtlebot3_gazebo//worlds/turtlebot3_dqn_stage3.world
[11.765s] -- Symlinking: /home/shiyao/turtlebot3_ws/install/turtlebot3_gazebo/share/turtlebot3_gazebo//worlds/turtlebot3_dqn_stage4.world
[11.777s] -- Symlinking: /home/shiyao/turtlebot3_ws/install/turtlebot3_gazebo/share/turtlebot3_gazebo//worlds/turtlebot3_house.world
[11.796s] -- Symlinking: /home/shiyao/turtlebot3_ws/install/turtlebot3_gazebo/share/turtlebot3_gazebo//worlds/turtlebot3_world.world
[11.808s] -- Symlinking: /home/shiyao/turtlebot3_ws/install/turtlebot3_gazebo/include//turtlebot3_gazebo/obstacle1.hpp
[11.829s] -- Symlinking: /home/shiyao/turtlebot3_ws/install/turtlebot3_gazebo/include//turtlebot3_gazebo/obstacle2.hpp
[11.843s] -- Symlinking: /home/shiyao/turtlebot3_ws/install/turtlebot3_gazebo/include//turtlebot3_gazebo/obstacles.hpp
[11.862s] -- Symlinking: /home/shiyao/turtlebot3_ws/install/turtlebot3_gazebo/include//turtlebot3_gazebo/traffic_bar_plugin.hpp
[11.875s] -- Symlinking: /home/shiyao/turtlebot3_ws/install/turtlebot3_gazebo/include//turtlebot3_gazebo/traffic_light_plugin.hpp
[11.895s] -- Symlinking: /home/shiyao/turtlebot3_ws/install/turtlebot3_gazebo/include//turtlebot3_gazebo/turtlebot3_drive.hpp
[11.909s] -- Symlinking: /home/shiyao/turtlebot3_ws/install/turtlebot3_gazebo/share/ament_index/resource_index/package_run_dependencies/turtlebot3_gazebo
[11.925s] -- Symlinking: /home/shiyao/turtlebot3_ws/install/turtlebot3_gazebo/share/ament_index/resource_index/parent_prefix_path/turtlebot3_gazebo
[11.938s] -- Symlinking: /home/shiyao/turtlebot3_ws/install/turtlebot3_gazebo/share/turtlebot3_gazebo/environment/ament_prefix_path.sh
[11.951s] -- Symlinking: /home/shiyao/turtlebot3_ws/install/turtlebot3_gazebo/share/turtlebot3_gazebo/environment/ament_prefix_path.dsv
[11.971s] -- Symlinking: /home/shiyao/turtlebot3_ws/install/turtlebot3_gazebo/share/turtlebot3_gazebo/environment/path.sh
[11.991s] -- Symlinking: /home/shiyao/turtlebot3_ws/install/turtlebot3_gazebo/share/turtlebot3_gazebo/environment/path.dsv
[12.007s] -- Symlinking: /home/shiyao/turtlebot3_ws/install/turtlebot3_gazebo/share/turtlebot3_gazebo/local_setup.bash
[12.031s] -- Symlinking: /home/shiyao/turtlebot3_ws/install/turtlebot3_gazebo/share/turtlebot3_gazebo/local_setup.sh
[12.049s] -- Symlinking: /home/shiyao/turtlebot3_ws/install/turtlebot3_gazebo/share/turtlebot3_gazebo/local_setup.zsh
[12.069s] -- Symlinking: /home/shiyao/turtlebot3_ws/install/turtlebot3_gazebo/share/turtlebot3_gazebo/local_setup.dsv
[12.082s] -- Symlinking: /home/shiyao/turtlebot3_ws/install/turtlebot3_gazebo/share/turtlebot3_gazebo/package.dsv
[12.095s] -- Symlinking: /home/shiyao/turtlebot3_ws/install/turtlebot3_gazebo/share/ament_index/resource_index/packages/turtlebot3_gazebo
[12.110s] -- Symlinking: /home/shiyao/turtlebot3_ws/install/turtlebot3_gazebo/share/turtlebot3_gazebo/cmake/ament_cmake_export_include_directories-extras.cmake
[12.123s] -- Symlinking: /home/shiyao/turtlebot3_ws/install/turtlebot3_gazebo/share/turtlebot3_gazebo/cmake/ament_cmake_export_dependencies-extras.cmake
[12.136s] -- Symlinking: /home/shiyao/turtlebot3_ws/install/turtlebot3_gazebo/share/turtlebot3_gazebo/cmake/turtlebot3_gazeboConfig.cmake
[12.147s] -- Symlinking: /home/shiyao/turtlebot3_ws/install/turtlebot3_gazebo/share/turtlebot3_gazebo/cmake/turtlebot3_gazeboConfig-version.cmake
[12.161s] -- Symlinking: /home/shiyao/turtlebot3_ws/install/turtlebot3_gazebo/share/turtlebot3_gazebo/package.xml
[12.173s] Invoked command in '/home/shiyao/turtlebot3_ws/build/turtlebot3_gazebo' returned '0': CMAKE_PREFIX_PATH=${CMAKE_PREFIX_PATH}:/home/shiyao/turtlebot3_ws/install/turtlebot3_teleop:/home/shiyao/turtlebot3_ws/install/turtlebot3_example:/opt/ros/jazzy DEBUGINFOD_URLS=https://debuginfod.ubuntu.com /usr/bin/cmake --install /home/shiyao/turtlebot3_ws/build/turtlebot3_gazebo
