[0.008s] Invoking command in '/home/shiyao/turtlebot3_ws/build/turtlebot3_gazebo': CMAKE_PREFIX_PATH=${CMAKE_PREFIX_PATH}:/home/shiyao/turtlebot3_ws/install/turtlebot3_teleop:/home/shiyao/turtlebot3_ws/install/turtlebot3_example:/opt/ros/jazzy DEBUGINFOD_URLS=https://debuginfod.ubuntu.com /usr/bin/cmake --build /home/shiyao/turtlebot3_ws/build/turtlebot3_gazebo -- -j12 -l12
[0.057s] [ 75%] Built target obstacles
[0.057s] [ 75%] Built target obstacle2
[0.058s] [ 75%] Built target obstacle1
[0.062s] [ 87%] [32mBuilding CXX object CMakeFiles/turtlebot3_drive.dir/src/turtlebot3_drive.cpp.o[0m
[1.686s] [01m[K/home/shiyao/turtlebot3_ws/src/turtlebot3_simulations/turtlebot3_gazebo/src/turtlebot3_drive.cpp:[m[K In member function ‘[01m[Kvoid Turtlebot3Drive::[01;32m[Kupdate_callback[m[K()[m[K’:
[1.686s] [01m[K/home/shiyao/turtlebot3_ws/src/turtlebot3_simulations/turtlebot3_gazebo/src/turtlebot3_drive.cpp:303:10:[m[K [01;31m[Kerror: [m[Kjump to case label
[1.686s]   303 |     case [01;31m[KTB3_DRIVE_FORWARD[m[K:
[1.686s]       |          [01;31m[K^~~~~~~~~~~~~~~~~[m[K
[1.686s] [01m[K/home/shiyao/turtlebot3_ws/src/turtlebot3_simulations/turtlebot3_gazebo/src/turtlebot3_drive.cpp:280:12:[m[K [01;36m[Knote: [m[K  crosses initialization of ‘[01m[Kbool front_wall_detected[m[K’
[1.686s]   280 |       bool [01;36m[Kfront_wall_detected[m[K = (scan_data_[CENTER] <= CHECK_FORWARD_DIST);
[1.686s]       |            [01;36m[K^~~~~~~~~~~~~~~~~~~[m[K
[1.687s] [01m[K/home/shiyao/turtlebot3_ws/src/turtlebot3_simulations/turtlebot3_gazebo/src/turtlebot3_drive.cpp:279:12:[m[K [01;36m[Knote: [m[K  crosses initialization of ‘[01m[Kbool right_wall_detected[m[K’
[1.687s]   279 |       bool [01;36m[Kright_wall_detected[m[K = (scan_data_[RIGHT] <= CHECK_SIDE_DIST);
[1.687s]       |            [01;36m[K^~~~~~~~~~~~~~~~~~~[m[K
[1.687s] [01m[K/home/shiyao/turtlebot3_ws/src/turtlebot3_simulations/turtlebot3_gazebo/src/turtlebot3_drive.cpp:309:10:[m[K [01;31m[Kerror: [m[Kjump to case label
[1.687s]   309 |     case [01;31m[KTB3_RIGHT_TURN[m[K:
[1.687s]       |          [01;31m[K^~~~~~~~~~~~~~[m[K
[1.687s] [01m[K/home/shiyao/turtlebot3_ws/src/turtlebot3_simulations/turtlebot3_gazebo/src/turtlebot3_drive.cpp:280:12:[m[K [01;36m[Knote: [m[K  crosses initialization of ‘[01m[Kbool front_wall_detected[m[K’
[1.687s]   280 |       bool [01;36m[Kfront_wall_detected[m[K = (scan_data_[CENTER] <= CHECK_FORWARD_DIST);
[1.687s]       |            [01;36m[K^~~~~~~~~~~~~~~~~~~[m[K
[1.687s] [01m[K/home/shiyao/turtlebot3_ws/src/turtlebot3_simulations/turtlebot3_gazebo/src/turtlebot3_drive.cpp:279:12:[m[K [01;36m[Knote: [m[K  crosses initialization of ‘[01m[Kbool right_wall_detected[m[K’
[1.687s]   279 |       bool [01;36m[Kright_wall_detected[m[K = (scan_data_[RIGHT] <= CHECK_SIDE_DIST);
[1.687s]       |            [01;36m[K^~~~~~~~~~~~~~~~~~~[m[K
[1.687s] [01m[K/home/shiyao/turtlebot3_ws/src/turtlebot3_simulations/turtlebot3_gazebo/src/turtlebot3_drive.cpp:320:10:[m[K [01;31m[Kerror: [m[Kjump to case label
[1.687s]   320 |     case [01;31m[KTB3_AFTER_RIGHT_TURN[m[K:
[1.687s]       |          [01;31m[K^~~~~~~~~~~~~~~~~~~~[m[K
[1.687s] [01m[K/home/shiyao/turtlebot3_ws/src/turtlebot3_simulations/turtlebot3_gazebo/src/turtlebot3_drive.cpp:280:12:[m[K [01;36m[Knote: [m[K  crosses initialization of ‘[01m[Kbool front_wall_detected[m[K’
[1.687s]   280 |       bool [01;36m[Kfront_wall_detected[m[K = (scan_data_[CENTER] <= CHECK_FORWARD_DIST);
[1.687s]       |            [01;36m[K^~~~~~~~~~~~~~~~~~~[m[K
[1.687s] [01m[K/home/shiyao/turtlebot3_ws/src/turtlebot3_simulations/turtlebot3_gazebo/src/turtlebot3_drive.cpp:279:12:[m[K [01;36m[Knote: [m[K  crosses initialization of ‘[01m[Kbool right_wall_detected[m[K’
[1.687s]   279 |       bool [01;36m[Kright_wall_detected[m[K = (scan_data_[RIGHT] <= CHECK_SIDE_DIST);
[1.687s]       |            [01;36m[K^~~~~~~~~~~~~~~~~~~[m[K
[1.687s] [01m[K/home/shiyao/turtlebot3_ws/src/turtlebot3_simulations/turtlebot3_gazebo/src/turtlebot3_drive.cpp:329:10:[m[K [01;31m[Kerror: [m[Kjump to case label
[1.688s]   329 |     case [01;31m[KTB3_LEFT_TURN[m[K:
[1.688s]       |          [01;31m[K^~~~~~~~~~~~~[m[K
[1.688s] [01m[K/home/shiyao/turtlebot3_ws/src/turtlebot3_simulations/turtlebot3_gazebo/src/turtlebot3_drive.cpp:280:12:[m[K [01;36m[Knote: [m[K  crosses initialization of ‘[01m[Kbool front_wall_detected[m[K’
[1.688s]   280 |       bool [01;36m[Kfront_wall_detected[m[K = (scan_data_[CENTER] <= CHECK_FORWARD_DIST);
[1.688s]       |            [01;36m[K^~~~~~~~~~~~~~~~~~~[m[K
[1.688s] [01m[K/home/shiyao/turtlebot3_ws/src/turtlebot3_simulations/turtlebot3_gazebo/src/turtlebot3_drive.cpp:279:12:[m[K [01;36m[Knote: [m[K  crosses initialization of ‘[01m[Kbool right_wall_detected[m[K’
[1.688s]   279 |       bool [01;36m[Kright_wall_detected[m[K = (scan_data_[RIGHT] <= CHECK_SIDE_DIST);
[1.688s]       |            [01;36m[K^~~~~~~~~~~~~~~~~~~[m[K
[1.688s] [01m[K/home/shiyao/turtlebot3_ws/src/turtlebot3_simulations/turtlebot3_gazebo/src/turtlebot3_drive.cpp:339:5:[m[K [01;31m[Kerror: [m[Kjump to case label
[1.688s]   339 |     [01;31m[Kdefault[m[K:
[1.688s]       |     [01;31m[K^~~~~~~[m[K
[1.688s] [01m[K/home/shiyao/turtlebot3_ws/src/turtlebot3_simulations/turtlebot3_gazebo/src/turtlebot3_drive.cpp:280:12:[m[K [01;36m[Knote: [m[K  crosses initialization of ‘[01m[Kbool front_wall_detected[m[K’
[1.688s]   280 |       bool [01;36m[Kfront_wall_detected[m[K = (scan_data_[CENTER] <= CHECK_FORWARD_DIST);
[1.688s]       |            [01;36m[K^~~~~~~~~~~~~~~~~~~[m[K
[1.688s] [01m[K/home/shiyao/turtlebot3_ws/src/turtlebot3_simulations/turtlebot3_gazebo/src/turtlebot3_drive.cpp:279:12:[m[K [01;36m[Knote: [m[K  crosses initialization of ‘[01m[Kbool right_wall_detected[m[K’
[1.688s]   279 |       bool [01;36m[Kright_wall_detected[m[K = (scan_data_[RIGHT] <= CHECK_SIDE_DIST);
[1.688s]       |            [01;36m[K^~~~~~~~~~~~~~~~~~~[m[K
[3.780s] gmake[2]: *** [CMakeFiles/turtlebot3_drive.dir/build.make:76: CMakeFiles/turtlebot3_drive.dir/src/turtlebot3_drive.cpp.o] Error 1
[3.780s] gmake[1]: *** [CMakeFiles/Makefile2:143: CMakeFiles/turtlebot3_drive.dir/all] Error 2
[3.781s] gmake: *** [Makefile:146: all] Error 2
[3.782s] Invoked command in '/home/shiyao/turtlebot3_ws/build/turtlebot3_gazebo' returned '2': CMAKE_PREFIX_PATH=${CMAKE_PREFIX_PATH}:/home/shiyao/turtlebot3_ws/install/turtlebot3_teleop:/home/shiyao/turtlebot3_ws/install/turtlebot3_example:/opt/ros/jazzy DEBUGINFOD_URLS=https://debuginfod.ubuntu.com /usr/bin/cmake --build /home/shiyao/turtlebot3_ws/build/turtlebot3_gazebo -- -j12 -l12
