[0.010s] Invoking command in '/home/shiyao/turtlebot3_ws/build/turtlebot3_gazebo': CMAKE_PREFIX_PATH=${CMAKE_PREFIX_PATH}:/home/shiyao/turtlebot3_ws/install/turtlebot3_teleop:/home/shiyao/turtlebot3_ws/install/turtlebot3_example:/opt/ros/jazzy DEBUGINFOD_URLS=https://debuginfod.ubuntu.com /usr/bin/cmake /home/shiyao/turtlebot3_ws/src/turtlebot3_simulations/turtlebot3_gazebo -DCMAKE_INSTALL_PREFIX=/home/shiyao/turtlebot3_ws/install/turtlebot3_gazebo
[0.075s] -- Found ament_cmake: 2.5.4 (/opt/ros/jazzy/share/ament_cmake/cmake)
[0.225s] -- Override CMake install command with custom implementation using symlinks instead of copying resources
[0.237s] -- Found ros_gz_sim: 1.0.16 (/opt/ros/jazzy/share/ros_gz_sim/cmake)
[0.269s] -- Found rosidl_generator_c: 4.6.6 (/opt/ros/jazzy/share/rosidl_generator_c/cmake)
[0.276s] -- Found rosidl_generator_cpp: 4.6.6 (/opt/ros/jazzy/share/rosidl_generator_cpp/cmake)
[0.286s] -- Using all available rosidl_typesupport_c: rosidl_typesupport_fastrtps_c;rosidl_typesupport_introspection_c
[0.297s] -- Using all available rosidl_typesupport_cpp: rosidl_typesupport_fastrtps_cpp;rosidl_typesupport_introspection_cpp
[0.348s] -- Found rmw_implementation_cmake: 7.3.2 (/opt/ros/jazzy/share/rmw_implementation_cmake/cmake)
[0.349s] -- Found rmw_fastrtps_cpp: 8.4.3 (/opt/ros/jazzy/share/rmw_fastrtps_cpp/cmake)
[0.402s] -- Using RMW implementation 'rmw_fastrtps_cpp' as default
[0.568s] -- Found nav_msgs: 5.3.6 (/opt/ros/jazzy/share/nav_msgs/cmake)
[0.588s] -- Found sensor_msgs: 5.3.6 (/opt/ros/jazzy/share/sensor_msgs/cmake)
[0.607s] -- Found gz_math_vendor: 0.0.8 (/opt/ros/jazzy/share/gz_math_vendor/cmake)
[0.610s] -- Looking for gz-math7 -- found version 7.5.2
[0.617s] -- Searching for dependencies of gz-math7
[0.618s] -- Looking for gz-utils2 -- found version 2.2.1
[0.618s] -- Searching for dependencies of gz-utils2
[0.620s] -- Found gz_sim_vendor: 0.0.8 (/opt/ros/jazzy/share/gz_sim_vendor/cmake)
[0.635s] -- Looking for gz-sim8 -- found version 8.9.0
[0.635s] -- Searching for dependencies of gz-sim8
[0.636s] -- Looking for sdformat14 -- found version 14.8.0
[0.636s] -- Searching for dependencies of sdformat14
[0.639s] -- Checking for module 'tinyxml2'
[0.653s] --   Found tinyxml2, version 10.0.0
[0.672s] -- Looking for gz-math7 -- found version 7.5.2
[0.672s] -- Looking for gz-utils2 -- found version 2.2.1
[0.672s] -- Searching for dependencies of gz-utils2
[0.673s] -- Searching for <gz-utils2> component [cli]
[0.673s] -- Looking for gz-utils2-cli -- found version 2.2.1
[0.673s] -- Searching for dependencies of gz-utils2-cli
[0.676s] -- Looking for gz-plugin2 -- found version 2.0.4
[0.676s] -- Searching for dependencies of gz-plugin2
[0.676s] -- Looking for gz-utils2 -- found version 2.2.1
[0.677s] -- Searching for <gz-plugin2> component [loader]
[0.677s] -- Looking for gz-plugin2-loader -- found version 2.0.4
[0.677s] -- Searching for dependencies of gz-plugin2-loader
[0.678s] -- Searching for <gz-plugin2> component [register]
[0.678s] -- Looking for gz-plugin2-register -- found version 2.0.4
[0.678s] -- Searching for dependencies of gz-plugin2-register
[0.679s] -- Looking for gz-transport13 -- found version 13.4.1
[0.679s] -- Searching for dependencies of gz-transport13
[0.719s] -- Config-file not installed for ZeroMQ -- checking for pkg-config
[0.722s] -- Checking for module 'libzmq >= 4'
[0.733s] --   Found libzmq, version 4.3.5
[0.770s] -- Checking for module 'uuid'
[0.781s] --   Found uuid, version 2.39.3
[0.812s] -- Looking for gz-utils2 -- found version 2.2.1
[0.813s] -- Looking for gz-msgs10 -- found version 10.3.2
[0.813s] -- Searching for dependencies of gz-msgs10
[0.828s] -- Looking for gz-utils2 -- found version 2.2.1
[0.829s] -- Looking for gz-math7 -- found version 7.5.2
[0.835s] -- Searching for <gz-transport13> component [log]
[0.836s] -- Looking for gz-transport13-log -- found version 13.4.1
[0.836s] -- Searching for dependencies of gz-transport13-log
[0.836s] -- Searching for <gz-transport13> component [parameters]
[0.837s] -- Looking for gz-transport13-parameters -- found version 13.4.1
[0.837s] -- Searching for dependencies of gz-transport13-parameters
[0.838s] -- Looking for gz-msgs10 -- found version 10.3.2
[0.838s] -- Looking for gz-common5 -- found version 5.7.1
[0.839s] -- Searching for dependencies of gz-common5
[0.839s] -- Looking for gz-utils2 -- found version 2.2.1
[0.839s] -- Looking for dlfcn.h - found
[0.839s] -- Looking for libdl - found
[0.845s] -- Searching for <gz-common5> component [av]
[0.845s] -- Looking for gz-common5-av -- found version 5.7.1
[0.845s] -- Searching for dependencies of gz-common5-av
[0.849s] -- Checking for module 'libswscale'
[0.859s] --   Found libswscale, version 7.5.100
[0.880s] -- Checking for module 'libavdevice >= 56.4.100'
[0.890s] --   Found libavdevice, version 60.3.100
[0.925s] -- Checking for module 'libavformat'
[0.934s] --   Found libavformat, version 60.16.100
[0.968s] -- Checking for module 'libavcodec'
[0.979s] --   Found libavcodec, version 60.31.102
[1.014s] -- Checking for module 'libavutil'
[1.024s] --   Found libavutil, version 58.29.100
[1.043s] -- Searching for <gz-common5> component [events]
[1.043s] -- Looking for gz-common5-events -- found version 5.7.1
[1.044s] -- Searching for dependencies of gz-common5-events
[1.044s] -- Looking for gz-math7 -- found version 7.5.2
[1.044s] -- Searching for <gz-common5> component [graphics]
[1.045s] -- Looking for gz-common5-graphics -- found version 5.7.1
[1.045s] -- Searching for dependencies of gz-common5-graphics
[1.045s] -- Looking for gz-math7 -- found version 7.5.2
[1.049s] -- Searching for <gz-common5> component [io]
[1.049s] -- Looking for gz-common5-io -- found version 5.7.1
[1.049s] -- Searching for dependencies of gz-common5-io
[1.050s] -- Searching for <gz-common5> component [profiler]
[1.050s] -- Looking for gz-common5-profiler -- found version 5.7.1
[1.050s] -- Searching for dependencies of gz-common5-profiler
[1.052s] -- Looking for gz-fuel_tools9 -- found version 9.1.1
[1.052s] -- Searching for dependencies of gz-fuel_tools9
[1.082s] -- Checking for module 'jsoncpp'
[1.091s] --   Found jsoncpp, version 1.9.5
[1.121s] -- Checking for module 'yaml-0.1'
[1.130s] --   Found yaml-0.1, version 0.2.5
[1.151s] -- Checking for module 'libzip'
[1.159s] --   Found libzip, version 1.7.3
[1.178s] -- Looking for gz-utils2 -- found version 2.2.1
[1.179s] -- Looking for gz-common5 -- found version 5.7.1
[1.179s] -- Searching for dependencies of gz-common5
[1.179s] -- Looking for gz-utils2 -- found version 2.2.1
[1.179s] -- Looking for dlfcn.h - found
[1.179s] -- Looking for libdl - found
[1.184s] -- Searching for <gz-common5> component [testing]
[1.185s] -- Looking for gz-common5-testing -- found version 5.7.1
[1.185s] -- Searching for dependencies of gz-common5-testing
[1.186s] -- Looking for gz-math7 -- found version 7.5.2
[1.186s] -- Looking for gz-msgs10 -- found version 10.3.2
[1.188s] -- Looking for gz-gui8 -- found version 8.4.0
[1.188s] -- Searching for dependencies of gz-gui8
[1.205s] -- Looking for gz-utils2 -- found version 2.2.1
[1.205s] -- Looking for gz-math7 -- found version 7.5.2
[1.206s] -- Looking for gz-common5 -- found version 5.7.1
[1.206s] -- Looking for gz-plugin2 -- found version 2.0.4
[1.206s] -- Looking for gz-transport13 -- found version 13.4.1
[1.207s] -- Looking for gz-rendering8 -- found version 8.2.2
[1.207s] -- Searching for dependencies of gz-rendering8
[1.207s] -- Looking for gz-math7 -- found version 7.5.2
[1.207s] -- Searching for dependencies of gz-math7
[1.208s] -- Looking for gz-utils2 -- found version 2.2.1
[1.208s] -- Searching for <gz-math7> component [eigen3]
[1.208s] -- Looking for gz-math7-eigen3 -- found version 7.5.2
[1.209s] -- Searching for dependencies of gz-math7-eigen3
[1.211s] -- Looking for gz-common5 -- found version 5.7.1
[1.211s] -- Searching for dependencies of gz-common5
[1.211s] -- Looking for gz-utils2 -- found version 2.2.1
[1.211s] -- Looking for dlfcn.h - found
[1.211s] -- Looking for libdl - found
[1.216s] -- Searching for <gz-common5> component [graphics]
[1.216s] -- Searching for <gz-common5> component [events]
[1.216s] -- Searching for <gz-common5> component [geospatial]
[1.217s] -- Looking for gz-common5-geospatial -- found version 5.7.1
[1.217s] -- Searching for dependencies of gz-common5-geospatial
[1.217s] -- Looking for gz-math7 -- found version 7.5.2
[1.218s] -- Looking for gz-common5 -- found version 5.7.1
[1.219s] -- Looking for gz-plugin2 -- found version 2.0.4
[1.219s] -- Searching for dependencies of gz-plugin2
[1.219s] -- Looking for gz-utils2 -- found version 2.2.1
[1.219s] -- Searching for <gz-plugin2> component [all]
[1.220s] -- Looking for all libraries of gz-plugin2 -- found version 2.0.4
[1.220s] -- Looking for gz-plugin2 -- found version 2.0.4
[1.221s] -- Looking for gz-utils2 -- found version 2.2.1
[1.226s] -- Looking for gz-msgs10 -- found version 10.3.2
[1.252s] -- Looking for gz-physics7 -- found version 7.5.0
[1.252s] -- Searching for dependencies of gz-physics7
[1.253s] -- Looking for gz-common5 -- found version 5.7.1
[1.253s] -- Looking for gz-math7 -- found version 7.5.2
[1.253s] -- Looking for gz-plugin2 -- found version 2.0.4
[1.253s] -- Looking for gz-utils2 -- found version 2.2.1
[1.254s] -- Searching for <gz-physics7> component [heightmap]
[1.255s] -- Looking for gz-physics7-heightmap -- found version 7.5.0
[1.255s] -- Searching for dependencies of gz-physics7-heightmap
[1.255s] -- Looking for gz-common5 -- found version 5.7.1
[1.256s] -- Searching for <gz-physics7> component [mesh]
[1.256s] -- Looking for gz-physics7-mesh -- found version 7.5.0
[1.256s] -- Searching for dependencies of gz-physics7-mesh
[1.256s] -- Looking for gz-common5 -- found version 5.7.1
[1.257s] -- Searching for <gz-physics7> component [sdf]
[1.257s] -- Looking for gz-physics7-sdf -- found version 7.5.0
[1.257s] -- Searching for dependencies of gz-physics7-sdf
[1.258s] -- Looking for sdformat14 -- found version 14.8.0
[1.259s] -- Looking for gz-sensors8 -- found version 8.2.2
[1.259s] -- Searching for dependencies of gz-sensors8
[1.273s] -- Looking for gz-math7 -- found version 7.5.2
[1.273s] -- Looking for gz-common5 -- found version 5.7.1
[1.273s] -- Looking for gz-transport13 -- found version 13.4.1
[1.274s] -- Looking for gz-rendering8 -- found version 8.2.2
[1.274s] -- Looking for gz-msgs10 -- found version 10.3.2
[1.274s] -- Looking for sdformat14 -- found version 14.8.0
[1.275s] -- Searching for <gz-sensors8> component [air_pressure]
[1.275s] -- Looking for gz-sensors8-air_pressure -- found version 8.2.2
[1.275s] -- Searching for dependencies of gz-sensors8-air_pressure
[1.276s] -- Searching for <gz-sensors8> component [air_speed]
[1.277s] -- Looking for gz-sensors8-air_speed -- found version 8.2.2
[1.277s] -- Searching for dependencies of gz-sensors8-air_speed
[1.277s] -- Searching for <gz-sensors8> component [altimeter]
[1.278s] -- Looking for gz-sensors8-altimeter -- found version 8.2.2
[1.278s] -- Searching for dependencies of gz-sensors8-altimeter
[1.278s] -- Searching for <gz-sensors8> component [imu]
[1.279s] -- Looking for gz-sensors8-imu -- found version 8.2.2
[1.279s] -- Searching for dependencies of gz-sensors8-imu
[1.279s] -- Searching for <gz-sensors8> component [force_torque]
[1.280s] -- Looking for gz-sensors8-force_torque -- found version 8.2.2
[1.280s] -- Searching for dependencies of gz-sensors8-force_torque
[1.281s] -- Searching for <gz-sensors8> component [logical_camera]
[1.281s] -- Looking for gz-sensors8-logical_camera -- found version 8.2.2
[1.281s] -- Searching for dependencies of gz-sensors8-logical_camera
[1.282s] -- Searching for <gz-sensors8> component [magnetometer]
[1.282s] -- Looking for gz-sensors8-magnetometer -- found version 8.2.2
[1.282s] -- Searching for dependencies of gz-sensors8-magnetometer
[1.283s] -- Searching for <gz-sensors8> component [navsat]
[1.283s] -- Looking for gz-sensors8-navsat -- found version 8.2.2
[1.283s] -- Searching for dependencies of gz-sensors8-navsat
[1.284s] -- Searching for <gz-sensors8> component [dvl]
[1.285s] -- Looking for gz-sensors8-dvl -- found version 8.2.2
[1.285s] -- Searching for dependencies of gz-sensors8-dvl
[1.285s] -- Looking for gz-sensors8 -- found version 8.2.2
[1.285s] -- Searching for dependencies of gz-sensors8
[1.299s] -- Looking for gz-math7 -- found version 7.5.2
[1.299s] -- Looking for gz-common5 -- found version 5.7.1
[1.299s] -- Looking for gz-transport13 -- found version 13.4.1
[1.300s] -- Looking for gz-rendering8 -- found version 8.2.2
[1.300s] -- Looking for gz-msgs10 -- found version 10.3.2
[1.300s] -- Looking for sdformat14 -- found version 14.8.0
[1.300s] -- Searching for <gz-sensors8> component [rendering]
[1.301s] -- Looking for gz-sensors8-rendering -- found version 8.2.2
[1.301s] -- Searching for dependencies of gz-sensors8-rendering
[1.302s] -- Searching for <gz-sensors8> component [rendering]
[1.302s] -- Searching for <gz-sensors8> component [lidar]
[1.304s] -- Looking for gz-sensors8-lidar -- found version 8.2.2
[1.304s] -- Searching for dependencies of gz-sensors8-lidar
[1.304s] -- Looking for gz-sensors8 -- found version 8.2.2
[1.305s] -- Searching for <gz-sensors8> component [gpu_lidar]
[1.305s] -- Looking for gz-sensors8-gpu_lidar -- found version 8.2.2
[1.305s] -- Searching for dependencies of gz-sensors8-gpu_lidar
[1.306s] -- Looking for gz-sensors8 -- found version 8.2.2
[1.306s] -- Searching for <gz-sensors8> component [camera]
[1.307s] -- Looking for gz-sensors8-camera -- found version 8.2.2
[1.307s] -- Searching for dependencies of gz-sensors8-camera
[1.307s] -- Looking for gz-sensors8 -- found version 8.2.2
[1.308s] -- Searching for <gz-sensors8> component [boundingbox_camera]
[1.308s] -- Looking for gz-sensors8-boundingbox_camera -- found version 8.2.2
[1.308s] -- Searching for dependencies of gz-sensors8-boundingbox_camera
[1.309s] -- Searching for <gz-sensors8> component [segmentation_camera]
[1.309s] -- Looking for gz-sensors8-segmentation_camera -- found version 8.2.2
[1.309s] -- Searching for dependencies of gz-sensors8-segmentation_camera
[1.310s] -- Searching for <gz-sensors8> component [depth_camera]
[1.310s] -- Looking for gz-sensors8-depth_camera -- found version 8.2.2
[1.310s] -- Searching for dependencies of gz-sensors8-depth_camera
[1.311s] -- Looking for gz-sensors8 -- found version 8.2.2
[1.311s] -- Searching for <gz-sensors8> component [rgbd_camera]
[1.312s] -- Looking for gz-sensors8-rgbd_camera -- found version 8.2.2
[1.312s] -- Searching for dependencies of gz-sensors8-rgbd_camera
[1.312s] -- Looking for gz-sensors8 -- found version 8.2.2
[1.313s] -- Searching for <gz-sensors8> component [thermal_camera]
[1.313s] -- Looking for gz-sensors8-thermal_camera -- found version 8.2.2
[1.313s] -- Searching for dependencies of gz-sensors8-thermal_camera
[1.314s] -- Looking for gz-sensors8 -- found version 8.2.2
[1.314s] -- Searching for <gz-sensors8> component [wide_angle_camera]
[1.315s] -- Looking for gz-sensors8-wide_angle_camera -- found version 8.2.2
[1.315s] -- Searching for dependencies of gz-sensors8-wide_angle_camera
[1.316s] -- Looking for gz-rendering8 -- found version 8.2.2
[1.316s] -- Looking for gz-math7 -- found version 7.5.2
[1.316s] -- Looking for gz-utils2 -- found version 2.2.1
[1.332s] -- Looking for gz-plugin2 -- found version 2.0.4
[1.399s] -- Configuring done (1.3s)
[1.435s] -- Generating done (0.0s)
[1.440s] -- Build files have been written to: /home/shiyao/turtlebot3_ws/build/turtlebot3_gazebo
[1.451s] Invoked command in '/home/shiyao/turtlebot3_ws/build/turtlebot3_gazebo' returned '0': CMAKE_PREFIX_PATH=${CMAKE_PREFIX_PATH}:/home/shiyao/turtlebot3_ws/install/turtlebot3_teleop:/home/shiyao/turtlebot3_ws/install/turtlebot3_example:/opt/ros/jazzy DEBUGINFOD_URLS=https://debuginfod.ubuntu.com /usr/bin/cmake /home/shiyao/turtlebot3_ws/src/turtlebot3_simulations/turtlebot3_gazebo -DCMAKE_INSTALL_PREFIX=/home/shiyao/turtlebot3_ws/install/turtlebot3_gazebo
[1.452s] Invoking command in '/home/shiyao/turtlebot3_ws/build/turtlebot3_gazebo': CMAKE_PREFIX_PATH=${CMAKE_PREFIX_PATH}:/home/shiyao/turtlebot3_ws/install/turtlebot3_teleop:/home/shiyao/turtlebot3_ws/install/turtlebot3_example:/opt/ros/jazzy DEBUGINFOD_URLS=https://debuginfod.ubuntu.com /usr/bin/cmake --build /home/shiyao/turtlebot3_ws/build/turtlebot3_gazebo -- -j12 -l12
[1.519s] [ 25%] Built target obstacle2
[1.520s] [ 75%] Built target obstacles
[1.520s] [ 75%] Built target obstacle1
[1.523s] [ 87%] [32mBuilding CXX object CMakeFiles/turtlebot3_drive.dir/src/turtlebot3_drive.cpp.o[0m
[7.720s] [100%] [32m[1mLinking CXX executable turtlebot3_drive[0m
[8.026s] [100%] Built target turtlebot3_drive
[8.033s] Invoked command in '/home/shiyao/turtlebot3_ws/build/turtlebot3_gazebo' returned '0': CMAKE_PREFIX_PATH=${CMAKE_PREFIX_PATH}:/home/shiyao/turtlebot3_ws/install/turtlebot3_teleop:/home/shiyao/turtlebot3_ws/install/turtlebot3_example:/opt/ros/jazzy DEBUGINFOD_URLS=https://debuginfod.ubuntu.com /usr/bin/cmake --build /home/shiyao/turtlebot3_ws/build/turtlebot3_gazebo -- -j12 -l12
[8.040s] Invoking command in '/home/shiyao/turtlebot3_ws/build/turtlebot3_gazebo': CMAKE_PREFIX_PATH=${CMAKE_PREFIX_PATH}:/home/shiyao/turtlebot3_ws/install/turtlebot3_teleop:/home/shiyao/turtlebot3_ws/install/turtlebot3_example:/opt/ros/jazzy DEBUGINFOD_URLS=https://debuginfod.ubuntu.com /usr/bin/cmake --install /home/shiyao/turtlebot3_ws/build/turtlebot3_gazebo
[8.044s] -- Install configuration: ""
[8.044s] -- Execute custom install script
[8.045s] -- Up-to-date symlink: /home/shiyao/turtlebot3_ws/install/turtlebot3_gazebo/lib/turtlebot3_gazebo/turtlebot3_drive
[8.045s] -- Up-to-date symlink: /home/shiyao/turtlebot3_ws/install/turtlebot3_gazebo/lib/turtlebot3_gazebo/libobstacles.so
[8.045s] -- Up-to-date symlink: /home/shiyao/turtlebot3_ws/install/turtlebot3_gazebo/lib/turtlebot3_gazebo/libobstacle1.so
[8.045s] -- Up-to-date symlink: /home/shiyao/turtlebot3_ws/install/turtlebot3_gazebo/lib/turtlebot3_gazebo/libobstacle2.so
[8.046s] -- Up-to-date symlink: /home/shiyao/turtlebot3_ws/install/turtlebot3_gazebo/share/turtlebot3_gazebo//launch/empty_world.launch.py
[8.046s] -- Up-to-date symlink: /home/shiyao/turtlebot3_ws/install/turtlebot3_gazebo/share/turtlebot3_gazebo//launch/robot_state_publisher.launch.py
[8.046s] -- Up-to-date symlink: /home/shiyao/turtlebot3_ws/install/turtlebot3_gazebo/share/turtlebot3_gazebo//launch/spawn_turtlebot3.launch.py
[8.046s] -- Up-to-date symlink: /home/shiyao/turtlebot3_ws/install/turtlebot3_gazebo/share/turtlebot3_gazebo//launch/turtlebot3_dqn_stage1.launch.py
[8.046s] -- Up-to-date symlink: /home/shiyao/turtlebot3_ws/install/turtlebot3_gazebo/share/turtlebot3_gazebo//launch/turtlebot3_dqn_stage2.launch.py
[8.046s] -- Up-to-date symlink: /home/shiyao/turtlebot3_ws/install/turtlebot3_gazebo/share/turtlebot3_gazebo//launch/turtlebot3_dqn_stage3.launch.py
[8.047s] -- Up-to-date symlink: /home/shiyao/turtlebot3_ws/install/turtlebot3_gazebo/share/turtlebot3_gazebo//launch/turtlebot3_dqn_stage4.launch.py
[8.047s] -- Up-to-date symlink: /home/shiyao/turtlebot3_ws/install/turtlebot3_gazebo/share/turtlebot3_gazebo//launch/turtlebot3_house.launch.py
[8.047s] -- Up-to-date symlink: /home/shiyao/turtlebot3_ws/install/turtlebot3_gazebo/share/turtlebot3_gazebo//launch/turtlebot3_world.launch.py
[8.051s] -- Up-to-date symlink: /home/shiyao/turtlebot3_ws/install/turtlebot3_gazebo/share/turtlebot3_gazebo//models/turtlebot3_burger/model-1_4.sdf
[8.051s] -- Up-to-date symlink: /home/shiyao/turtlebot3_ws/install/turtlebot3_gazebo/share/turtlebot3_gazebo//models/turtlebot3_burger/model.config
[8.052s] -- Up-to-date symlink: /home/shiyao/turtlebot3_ws/install/turtlebot3_gazebo/share/turtlebot3_gazebo//models/turtlebot3_burger/model.sdf
[8.052s] -- Up-to-date symlink: /home/shiyao/turtlebot3_ws/install/turtlebot3_gazebo/share/turtlebot3_gazebo//models/turtlebot3_burger_cam/model-1_4.sdf
[8.052s] -- Up-to-date symlink: /home/shiyao/turtlebot3_ws/install/turtlebot3_gazebo/share/turtlebot3_gazebo//models/turtlebot3_burger_cam/model.config
[8.052s] -- Up-to-date symlink: /home/shiyao/turtlebot3_ws/install/turtlebot3_gazebo/share/turtlebot3_gazebo//models/turtlebot3_burger_cam/model.sdf
[8.052s] -- Up-to-date symlink: /home/shiyao/turtlebot3_ws/install/turtlebot3_gazebo/share/turtlebot3_gazebo//models/turtlebot3_common/meshes/bases/burger_base.stl
[8.052s] -- Up-to-date symlink: /home/shiyao/turtlebot3_ws/install/turtlebot3_gazebo/share/turtlebot3_gazebo//models/turtlebot3_common/meshes/bases/waffle_base.stl
[8.053s] -- Up-to-date symlink: /home/shiyao/turtlebot3_ws/install/turtlebot3_gazebo/share/turtlebot3_gazebo//models/turtlebot3_common/meshes/bases/waffle_pi_base.stl
[8.053s] -- Up-to-date symlink: /home/shiyao/turtlebot3_ws/install/turtlebot3_gazebo/share/turtlebot3_gazebo//models/turtlebot3_common/meshes/burger_base.dae
[8.053s] -- Up-to-date symlink: /home/shiyao/turtlebot3_ws/install/turtlebot3_gazebo/share/turtlebot3_gazebo//models/turtlebot3_common/meshes/lds.dae
[8.053s] -- Up-to-date symlink: /home/shiyao/turtlebot3_ws/install/turtlebot3_gazebo/share/turtlebot3_gazebo//models/turtlebot3_common/meshes/r200.dae
[8.053s] -- Up-to-date symlink: /home/shiyao/turtlebot3_ws/install/turtlebot3_gazebo/share/turtlebot3_gazebo//models/turtlebot3_common/meshes/sensors/astra.dae
[8.053s] -- Up-to-date symlink: /home/shiyao/turtlebot3_ws/install/turtlebot3_gazebo/share/turtlebot3_gazebo//models/turtlebot3_common/meshes/sensors/astra.jpg
[8.053s] -- Up-to-date symlink: /home/shiyao/turtlebot3_ws/install/turtlebot3_gazebo/share/turtlebot3_gazebo//models/turtlebot3_common/meshes/sensors/lds.stl
[8.054s] -- Up-to-date symlink: /home/shiyao/turtlebot3_ws/install/turtlebot3_gazebo/share/turtlebot3_gazebo//models/turtlebot3_common/meshes/sensors/r200.dae
[8.054s] -- Up-to-date symlink: /home/shiyao/turtlebot3_ws/install/turtlebot3_gazebo/share/turtlebot3_gazebo//models/turtlebot3_common/meshes/sensors/r200.jpg
[8.054s] -- Up-to-date symlink: /home/shiyao/turtlebot3_ws/install/turtlebot3_gazebo/share/turtlebot3_gazebo//models/turtlebot3_common/meshes/tire.dae
[8.054s] -- Up-to-date symlink: /home/shiyao/turtlebot3_ws/install/turtlebot3_gazebo/share/turtlebot3_gazebo//models/turtlebot3_common/meshes/waffle_base.dae
[8.054s] -- Up-to-date symlink: /home/shiyao/turtlebot3_ws/install/turtlebot3_gazebo/share/turtlebot3_gazebo//models/turtlebot3_common/meshes/waffle_pi_base.dae
[8.054s] -- Up-to-date symlink: /home/shiyao/turtlebot3_ws/install/turtlebot3_gazebo/share/turtlebot3_gazebo//models/turtlebot3_common/meshes/wheels/left_tire.stl
[8.054s] -- Up-to-date symlink: /home/shiyao/turtlebot3_ws/install/turtlebot3_gazebo/share/turtlebot3_gazebo//models/turtlebot3_common/meshes/wheels/right_tire.stl
[8.055s] -- Up-to-date symlink: /home/shiyao/turtlebot3_ws/install/turtlebot3_gazebo/share/turtlebot3_gazebo//models/turtlebot3_common/model.config
[8.055s] -- Up-to-date symlink: /home/shiyao/turtlebot3_ws/install/turtlebot3_gazebo/share/turtlebot3_gazebo//models/turtlebot3_dqn_world/goal_box/model.config
[8.055s] -- Up-to-date symlink: /home/shiyao/turtlebot3_ws/install/turtlebot3_gazebo/share/turtlebot3_gazebo//models/turtlebot3_dqn_world/goal_box/model.sdf
[8.055s] -- Up-to-date symlink: /home/shiyao/turtlebot3_ws/install/turtlebot3_gazebo/share/turtlebot3_gazebo//models/turtlebot3_dqn_world/inner_walls/model.config
[8.055s] -- Up-to-date symlink: /home/shiyao/turtlebot3_ws/install/turtlebot3_gazebo/share/turtlebot3_gazebo//models/turtlebot3_dqn_world/inner_walls/model.sdf
[8.055s] -- Up-to-date symlink: /home/shiyao/turtlebot3_ws/install/turtlebot3_gazebo/share/turtlebot3_gazebo//models/turtlebot3_dqn_world/inner_walls/textures/wood.png
[8.056s] -- Up-to-date symlink: /home/shiyao/turtlebot3_ws/install/turtlebot3_gazebo/share/turtlebot3_gazebo//models/turtlebot3_dqn_world/model.config
[8.056s] -- Up-to-date symlink: /home/shiyao/turtlebot3_ws/install/turtlebot3_gazebo/share/turtlebot3_gazebo//models/turtlebot3_dqn_world/model.sdf
[8.056s] -- Up-to-date symlink: /home/shiyao/turtlebot3_ws/install/turtlebot3_gazebo/share/turtlebot3_gazebo//models/turtlebot3_dqn_world/obstacle1/model.config
[8.056s] -- Up-to-date symlink: /home/shiyao/turtlebot3_ws/install/turtlebot3_gazebo/share/turtlebot3_gazebo//models/turtlebot3_dqn_world/obstacle1/model.sdf
[8.056s] -- Up-to-date symlink: /home/shiyao/turtlebot3_ws/install/turtlebot3_gazebo/share/turtlebot3_gazebo//models/turtlebot3_dqn_world/obstacle2/model.config
[8.056s] -- Up-to-date symlink: /home/shiyao/turtlebot3_ws/install/turtlebot3_gazebo/share/turtlebot3_gazebo//models/turtlebot3_dqn_world/obstacle2/model.sdf
[8.057s] -- Up-to-date symlink: /home/shiyao/turtlebot3_ws/install/turtlebot3_gazebo/share/turtlebot3_gazebo//models/turtlebot3_dqn_world/obstacles/model.config
[8.057s] -- Up-to-date symlink: /home/shiyao/turtlebot3_ws/install/turtlebot3_gazebo/share/turtlebot3_gazebo//models/turtlebot3_dqn_world/obstacles/model.sdf
[8.057s] -- Up-to-date symlink: /home/shiyao/turtlebot3_ws/install/turtlebot3_gazebo/share/turtlebot3_gazebo//models/turtlebot3_dqn_world/textures/wood.png
[8.058s] -- Up-to-date symlink: /home/shiyao/turtlebot3_ws/install/turtlebot3_gazebo/share/turtlebot3_gazebo//models/turtlebot3_house/cafe_table/materials/textures/Maple.jpg
[8.058s] -- Up-to-date symlink: /home/shiyao/turtlebot3_ws/install/turtlebot3_gazebo/share/turtlebot3_gazebo//models/turtlebot3_house/cafe_table/materials/textures/Wood_Floor_Dark.jpg
[8.058s] -- Up-to-date symlink: /home/shiyao/turtlebot3_ws/install/turtlebot3_gazebo/share/turtlebot3_gazebo//models/turtlebot3_house/cafe_table/meshes/cafe_table.dae
[8.058s] -- Up-to-date symlink: /home/shiyao/turtlebot3_ws/install/turtlebot3_gazebo/share/turtlebot3_gazebo//models/turtlebot3_house/cafe_table/model-1_4.sdf
[8.058s] -- Up-to-date symlink: /home/shiyao/turtlebot3_ws/install/turtlebot3_gazebo/share/turtlebot3_gazebo//models/turtlebot3_house/cafe_table/model.config
[8.058s] -- Up-to-date symlink: /home/shiyao/turtlebot3_ws/install/turtlebot3_gazebo/share/turtlebot3_gazebo//models/turtlebot3_house/cafe_table/model.sdf
[8.059s] -- Up-to-date symlink: /home/shiyao/turtlebot3_ws/install/turtlebot3_gazebo/share/turtlebot3_gazebo//models/turtlebot3_house/first_2015_trash_can/meshes/trash_can.dae
[8.059s] -- Up-to-date symlink: /home/shiyao/turtlebot3_ws/install/turtlebot3_gazebo/share/turtlebot3_gazebo//models/turtlebot3_house/first_2015_trash_can/model.config
[8.059s] -- Up-to-date symlink: /home/shiyao/turtlebot3_ws/install/turtlebot3_gazebo/share/turtlebot3_gazebo//models/turtlebot3_house/first_2015_trash_can/model.sdf
[8.059s] -- Up-to-date symlink: /home/shiyao/turtlebot3_ws/install/turtlebot3_gazebo/share/turtlebot3_gazebo//models/turtlebot3_house/mailbox/materials/scripts/mailbox.material
[8.059s] -- Up-to-date symlink: /home/shiyao/turtlebot3_ws/install/turtlebot3_gazebo/share/turtlebot3_gazebo//models/turtlebot3_house/mailbox/materials/textures/Mailbox_Diffuse.png
[8.060s] -- Up-to-date symlink: /home/shiyao/turtlebot3_ws/install/turtlebot3_gazebo/share/turtlebot3_gazebo//models/turtlebot3_house/mailbox/materials/textures/Mailbox_Diffuse.tga.orig
[8.060s] -- Up-to-date symlink: /home/shiyao/turtlebot3_ws/install/turtlebot3_gazebo/share/turtlebot3_gazebo//models/turtlebot3_house/mailbox/materials/textures/Mailbox_Spec.png
[8.060s] -- Up-to-date symlink: /home/shiyao/turtlebot3_ws/install/turtlebot3_gazebo/share/turtlebot3_gazebo//models/turtlebot3_house/mailbox/meshes/mailbox.dae
[8.060s] -- Up-to-date symlink: /home/shiyao/turtlebot3_ws/install/turtlebot3_gazebo/share/turtlebot3_gazebo//models/turtlebot3_house/mailbox/model-1_3.sdf
[8.060s] -- Up-to-date symlink: /home/shiyao/turtlebot3_ws/install/turtlebot3_gazebo/share/turtlebot3_gazebo//models/turtlebot3_house/mailbox/model-1_4.sdf
[8.060s] -- Up-to-date symlink: /home/shiyao/turtlebot3_ws/install/turtlebot3_gazebo/share/turtlebot3_gazebo//models/turtlebot3_house/mailbox/model.config
[8.061s] -- Up-to-date symlink: /home/shiyao/turtlebot3_ws/install/turtlebot3_gazebo/share/turtlebot3_gazebo//models/turtlebot3_house/mailbox/model.sdf
[8.061s] -- Up-to-date symlink: /home/shiyao/turtlebot3_ws/install/turtlebot3_gazebo/share/turtlebot3_gazebo//models/turtlebot3_house/model.config
[8.061s] -- Up-to-date symlink: /home/shiyao/turtlebot3_ws/install/turtlebot3_gazebo/share/turtlebot3_gazebo//models/turtlebot3_house/model.sdf
[8.061s] -- Up-to-date symlink: /home/shiyao/turtlebot3_ws/install/turtlebot3_gazebo/share/turtlebot3_gazebo//models/turtlebot3_house/table_marble/materials/scripts/table_lightmap.material
[8.061s] -- Up-to-date symlink: /home/shiyao/turtlebot3_ws/install/turtlebot3_gazebo/share/turtlebot3_gazebo//models/turtlebot3_house/table_marble/materials/textures/marble.png
[8.062s] -- Up-to-date symlink: /home/shiyao/turtlebot3_ws/install/turtlebot3_gazebo/share/turtlebot3_gazebo//models/turtlebot3_house/table_marble/materials/textures/table_lightmap.png
[8.062s] -- Up-to-date symlink: /home/shiyao/turtlebot3_ws/install/turtlebot3_gazebo/share/turtlebot3_gazebo//models/turtlebot3_house/table_marble/meshes/table_lightmap.dae
[8.062s] -- Up-to-date symlink: /home/shiyao/turtlebot3_ws/install/turtlebot3_gazebo/share/turtlebot3_gazebo//models/turtlebot3_house/table_marble/model-1_4.sdf
[8.062s] -- Up-to-date symlink: /home/shiyao/turtlebot3_ws/install/turtlebot3_gazebo/share/turtlebot3_gazebo//models/turtlebot3_house/table_marble/model.config
[8.062s] -- Up-to-date symlink: /home/shiyao/turtlebot3_ws/install/turtlebot3_gazebo/share/turtlebot3_gazebo//models/turtlebot3_house/table_marble/model.sdf
[8.062s] -- Up-to-date symlink: /home/shiyao/turtlebot3_ws/install/turtlebot3_gazebo/share/turtlebot3_gazebo//models/turtlebot3_house/textures/bricks.png
[8.063s] -- Up-to-date symlink: /home/shiyao/turtlebot3_ws/install/turtlebot3_gazebo/share/turtlebot3_gazebo//models/turtlebot3_house/textures/wood.png
[8.063s] -- Up-to-date symlink: /home/shiyao/turtlebot3_ws/install/turtlebot3_gazebo/share/turtlebot3_gazebo//models/turtlebot3_waffle/model-1_4.sdf
[8.063s] -- Up-to-date symlink: /home/shiyao/turtlebot3_ws/install/turtlebot3_gazebo/share/turtlebot3_gazebo//models/turtlebot3_waffle/model.config
[8.063s] -- Up-to-date symlink: /home/shiyao/turtlebot3_ws/install/turtlebot3_gazebo/share/turtlebot3_gazebo//models/turtlebot3_waffle/model.sdf
[8.063s] -- Up-to-date symlink: /home/shiyao/turtlebot3_ws/install/turtlebot3_gazebo/share/turtlebot3_gazebo//models/turtlebot3_waffle_pi/model-1_4_.sdf
[8.064s] -- Up-to-date symlink: /home/shiyao/turtlebot3_ws/install/turtlebot3_gazebo/share/turtlebot3_gazebo//models/turtlebot3_waffle_pi/model.config
[8.064s] -- Up-to-date symlink: /home/shiyao/turtlebot3_ws/install/turtlebot3_gazebo/share/turtlebot3_gazebo//models/turtlebot3_waffle_pi/model.sdf
[8.064s] -- Up-to-date symlink: /home/shiyao/turtlebot3_ws/install/turtlebot3_gazebo/share/turtlebot3_gazebo//models/turtlebot3_world/meshes/hexagon.dae
[8.064s] -- Up-to-date symlink: /home/shiyao/turtlebot3_ws/install/turtlebot3_gazebo/share/turtlebot3_gazebo//models/turtlebot3_world/meshes/wall.dae
[8.064s] -- Up-to-date symlink: /home/shiyao/turtlebot3_ws/install/turtlebot3_gazebo/share/turtlebot3_gazebo//models/turtlebot3_world/model-1_4.sdf
[8.065s] -- Up-to-date symlink: /home/shiyao/turtlebot3_ws/install/turtlebot3_gazebo/share/turtlebot3_gazebo//models/turtlebot3_world/model.config
[8.065s] -- Up-to-date symlink: /home/shiyao/turtlebot3_ws/install/turtlebot3_gazebo/share/turtlebot3_gazebo//models/turtlebot3_world/model.sdf
[8.065s] -- Up-to-date symlink: /home/shiyao/turtlebot3_ws/install/turtlebot3_gazebo/share/turtlebot3_gazebo//params/turtlebot3_burger_bridge.yaml
[8.065s] -- Up-to-date symlink: /home/shiyao/turtlebot3_ws/install/turtlebot3_gazebo/share/turtlebot3_gazebo//params/turtlebot3_burger_cam_bridge.yaml
[8.066s] -- Up-to-date symlink: /home/shiyao/turtlebot3_ws/install/turtlebot3_gazebo/share/turtlebot3_gazebo//params/turtlebot3_waffle_bridge.yaml
[8.066s] -- Up-to-date symlink: /home/shiyao/turtlebot3_ws/install/turtlebot3_gazebo/share/turtlebot3_gazebo//params/turtlebot3_waffle_pi_bridge.yaml
[8.066s] -- Up-to-date symlink: /home/shiyao/turtlebot3_ws/install/turtlebot3_gazebo/share/turtlebot3_gazebo//rviz/tb3_gazebo.rviz
[8.067s] -- Up-to-date symlink: /home/shiyao/turtlebot3_ws/install/turtlebot3_gazebo/share/turtlebot3_gazebo//urdf/common_properties.urdf
[8.067s] -- Up-to-date symlink: /home/shiyao/turtlebot3_ws/install/turtlebot3_gazebo/share/turtlebot3_gazebo//urdf/turtlebot3_burger.urdf
[8.067s] -- Up-to-date symlink: /home/shiyao/turtlebot3_ws/install/turtlebot3_gazebo/share/turtlebot3_gazebo//urdf/turtlebot3_burger_cam.urdf
[8.067s] -- Up-to-date symlink: /home/shiyao/turtlebot3_ws/install/turtlebot3_gazebo/share/turtlebot3_gazebo//urdf/turtlebot3_waffle.urdf
[8.067s] -- Up-to-date symlink: /home/shiyao/turtlebot3_ws/install/turtlebot3_gazebo/share/turtlebot3_gazebo//urdf/turtlebot3_waffle_pi.urdf
[8.068s] -- Up-to-date symlink: /home/shiyao/turtlebot3_ws/install/turtlebot3_gazebo/share/turtlebot3_gazebo//worlds/empty_world.world
[8.068s] -- Up-to-date symlink: /home/shiyao/turtlebot3_ws/install/turtlebot3_gazebo/share/turtlebot3_gazebo//worlds/turtlebot3_autorace_2020.world
[8.068s] -- Up-to-date symlink: /home/shiyao/turtlebot3_ws/install/turtlebot3_gazebo/share/turtlebot3_gazebo//worlds/turtlebot3_dqn_stage1.world
[8.068s] -- Up-to-date symlink: /home/shiyao/turtlebot3_ws/install/turtlebot3_gazebo/share/turtlebot3_gazebo//worlds/turtlebot3_dqn_stage2.world
[8.068s] -- Up-to-date symlink: /home/shiyao/turtlebot3_ws/install/turtlebot3_gazebo/share/turtlebot3_gazebo//worlds/turtlebot3_dqn_stage3.world
[8.069s] -- Up-to-date symlink: /home/shiyao/turtlebot3_ws/install/turtlebot3_gazebo/share/turtlebot3_gazebo//worlds/turtlebot3_dqn_stage4.world
[8.069s] -- Up-to-date symlink: /home/shiyao/turtlebot3_ws/install/turtlebot3_gazebo/share/turtlebot3_gazebo//worlds/turtlebot3_house.world
[8.069s] -- Up-to-date symlink: /home/shiyao/turtlebot3_ws/install/turtlebot3_gazebo/share/turtlebot3_gazebo//worlds/turtlebot3_world.world
[8.070s] -- Up-to-date symlink: /home/shiyao/turtlebot3_ws/install/turtlebot3_gazebo/include//turtlebot3_gazebo/obstacle1.hpp
[8.070s] -- Up-to-date symlink: /home/shiyao/turtlebot3_ws/install/turtlebot3_gazebo/include//turtlebot3_gazebo/obstacle2.hpp
[8.070s] -- Up-to-date symlink: /home/shiyao/turtlebot3_ws/install/turtlebot3_gazebo/include//turtlebot3_gazebo/obstacles.hpp
[8.070s] -- Up-to-date symlink: /home/shiyao/turtlebot3_ws/install/turtlebot3_gazebo/include//turtlebot3_gazebo/traffic_bar_plugin.hpp
[8.070s] -- Up-to-date symlink: /home/shiyao/turtlebot3_ws/install/turtlebot3_gazebo/include//turtlebot3_gazebo/traffic_light_plugin.hpp
[8.070s] -- Up-to-date symlink: /home/shiyao/turtlebot3_ws/install/turtlebot3_gazebo/include//turtlebot3_gazebo/turtlebot3_drive.hpp
[8.070s] -- Up-to-date symlink: /home/shiyao/turtlebot3_ws/install/turtlebot3_gazebo/share/ament_index/resource_index/package_run_dependencies/turtlebot3_gazebo
[8.071s] -- Up-to-date symlink: /home/shiyao/turtlebot3_ws/install/turtlebot3_gazebo/share/ament_index/resource_index/parent_prefix_path/turtlebot3_gazebo
[8.071s] -- Up-to-date symlink: /home/shiyao/turtlebot3_ws/install/turtlebot3_gazebo/share/turtlebot3_gazebo/environment/ament_prefix_path.sh
[8.071s] -- Up-to-date symlink: /home/shiyao/turtlebot3_ws/install/turtlebot3_gazebo/share/turtlebot3_gazebo/environment/ament_prefix_path.dsv
[8.071s] -- Up-to-date symlink: /home/shiyao/turtlebot3_ws/install/turtlebot3_gazebo/share/turtlebot3_gazebo/environment/path.sh
[8.071s] -- Up-to-date symlink: /home/shiyao/turtlebot3_ws/install/turtlebot3_gazebo/share/turtlebot3_gazebo/environment/path.dsv
[8.072s] -- Up-to-date symlink: /home/shiyao/turtlebot3_ws/install/turtlebot3_gazebo/share/turtlebot3_gazebo/local_setup.bash
[8.072s] -- Up-to-date symlink: /home/shiyao/turtlebot3_ws/install/turtlebot3_gazebo/share/turtlebot3_gazebo/local_setup.sh
[8.072s] -- Up-to-date symlink: /home/shiyao/turtlebot3_ws/install/turtlebot3_gazebo/share/turtlebot3_gazebo/local_setup.zsh
[8.072s] -- Up-to-date symlink: /home/shiyao/turtlebot3_ws/install/turtlebot3_gazebo/share/turtlebot3_gazebo/local_setup.dsv
[8.072s] -- Symlinking: /home/shiyao/turtlebot3_ws/install/turtlebot3_gazebo/share/turtlebot3_gazebo/package.dsv
[8.081s] -- Up-to-date symlink: /home/shiyao/turtlebot3_ws/install/turtlebot3_gazebo/share/ament_index/resource_index/packages/turtlebot3_gazebo
[8.081s] -- Up-to-date symlink: /home/shiyao/turtlebot3_ws/install/turtlebot3_gazebo/share/turtlebot3_gazebo/cmake/ament_cmake_export_include_directories-extras.cmake
[8.081s] -- Up-to-date symlink: /home/shiyao/turtlebot3_ws/install/turtlebot3_gazebo/share/turtlebot3_gazebo/cmake/ament_cmake_export_dependencies-extras.cmake
[8.081s] -- Up-to-date symlink: /home/shiyao/turtlebot3_ws/install/turtlebot3_gazebo/share/turtlebot3_gazebo/cmake/turtlebot3_gazeboConfig.cmake
[8.082s] -- Up-to-date symlink: /home/shiyao/turtlebot3_ws/install/turtlebot3_gazebo/share/turtlebot3_gazebo/cmake/turtlebot3_gazeboConfig-version.cmake
[8.082s] -- Up-to-date symlink: /home/shiyao/turtlebot3_ws/install/turtlebot3_gazebo/share/turtlebot3_gazebo/package.xml
[8.084s] Invoked command in '/home/shiyao/turtlebot3_ws/build/turtlebot3_gazebo' returned '0': CMAKE_PREFIX_PATH=${CMAKE_PREFIX_PATH}:/home/shiyao/turtlebot3_ws/install/turtlebot3_teleop:/home/shiyao/turtlebot3_ws/install/turtlebot3_example:/opt/ros/jazzy DEBUGINFOD_URLS=https://debuginfod.ubuntu.com /usr/bin/cmake --install /home/shiyao/turtlebot3_ws/build/turtlebot3_gazebo
