[0.008s] Invoking command in '/home/shiyao/Documents/GitHub/MTRX3760-Project-1/turtlebot3_ws/build/turtlebot3_gazebo': CMAKE_PREFIX_PATH=${CMAKE_PREFIX_PATH}:/home/shiyao/turtlebot3_ws/install/turtlebot3_teleop:/home/shiyao/turtlebot3_ws/install/turtlebot3_example:/home/shiyao/turtlebot3_ws/install/turtlebot3_gazebo:/opt/ros/jazzy DEBUGINFOD_URLS=https://debuginfod.ubuntu.com /usr/bin/cmake --build /home/shiyao/Documents/GitHub/MTRX3760-Project-1/turtlebot3_ws/build/turtlebot3_gazebo -- -j12 -l12
[0.047s] [ 62%] Built target obstacles
[0.048s] [ 62%] Built target obstacle2
[0.048s] [ 75%] Built target obstacle1
[0.052s] [ 87%] [32mBuilding CXX object CMakeFiles/turtlebot3_drive.dir/src/turtlebot3_drive.cpp.o[0m
[1.527s] [01m[K/home/shiyao/Documents/GitHub/MTRX3760-Project-1/turtlebot3_ws/src/turtlebot3_simulations/turtlebot3_gazebo/src/turtlebot3_drive.cpp:[m[K In member function ‘[01m[Kvoid Turtlebot3Drive::[01;32m[Kupdate_callback[m[K()[m[K’:
[1.527s] [01m[K/home/shiyao/Documents/GitHub/MTRX3760-Project-1/turtlebot3_ws/src/turtlebot3_simulations/turtlebot3_gazebo/src/turtlebot3_drive.cpp:170:18:[m[K [01;35m[Kwarning: [m[Kunused variable ‘[01m[KWALL_FOLLOW_DISTANCE[m[K’ [[01;35m[K]8;;https://gcc.gnu.org/onlinedocs/gcc/Warning-Options.html#index-Wunused-variable-Wunused-variable]8;;[m[K]
[1.527s]   170 |     const double [01;35m[KWALL_FOLLOW_DISTANCE[m[K = 0.3;  // Ideal distance from right wall
[1.527s]       |                  [01;35m[K^~~~~~~~~~~~~~~~~~~~[m[K
[6.664s] [100%] [32m[1mLinking CXX executable turtlebot3_drive[0m
[6.925s] [100%] Built target turtlebot3_drive
[6.933s] Invoked command in '/home/shiyao/Documents/GitHub/MTRX3760-Project-1/turtlebot3_ws/build/turtlebot3_gazebo' returned '0': CMAKE_PREFIX_PATH=${CMAKE_PREFIX_PATH}:/home/shiyao/turtlebot3_ws/install/turtlebot3_teleop:/home/shiyao/turtlebot3_ws/install/turtlebot3_example:/home/shiyao/turtlebot3_ws/install/turtlebot3_gazebo:/opt/ros/jazzy DEBUGINFOD_URLS=https://debuginfod.ubuntu.com /usr/bin/cmake --build /home/shiyao/Documents/GitHub/MTRX3760-Project-1/turtlebot3_ws/build/turtlebot3_gazebo -- -j12 -l12
[6.939s] Invoking command in '/home/shiyao/Documents/GitHub/MTRX3760-Project-1/turtlebot3_ws/build/turtlebot3_gazebo': CMAKE_PREFIX_PATH=${CMAKE_PREFIX_PATH}:/home/shiyao/turtlebot3_ws/install/turtlebot3_teleop:/home/shiyao/turtlebot3_ws/install/turtlebot3_example:/home/shiyao/turtlebot3_ws/install/turtlebot3_gazebo:/opt/ros/jazzy DEBUGINFOD_URLS=https://debuginfod.ubuntu.com /usr/bin/cmake --install /home/shiyao/Documents/GitHub/MTRX3760-Project-1/turtlebot3_ws/build/turtlebot3_gazebo
[6.947s] -- Install configuration: ""
[6.947s] -- Installing: /home/shiyao/Documents/GitHub/MTRX3760-Project-1/turtlebot3_ws/install/turtlebot3_gazebo/lib/turtlebot3_gazebo/turtlebot3_drive
[6.952s] -- Set non-toolchain portion of runtime path of "/home/shiyao/Documents/GitHub/MTRX3760-Project-1/turtlebot3_ws/install/turtlebot3_gazebo/lib/turtlebot3_gazebo/turtlebot3_drive" to ""
[6.952s] -- Up-to-date: /home/shiyao/Documents/GitHub/MTRX3760-Project-1/turtlebot3_ws/install/turtlebot3_gazebo/lib/turtlebot3_gazebo/libobstacles.so
[6.952s] -- Up-to-date: /home/shiyao/Documents/GitHub/MTRX3760-Project-1/turtlebot3_ws/install/turtlebot3_gazebo/lib/turtlebot3_gazebo/libobstacle1.so
[6.952s] -- Up-to-date: /home/shiyao/Documents/GitHub/MTRX3760-Project-1/turtlebot3_ws/install/turtlebot3_gazebo/lib/turtlebot3_gazebo/libobstacle2.so
[6.952s] -- Up-to-date: /home/shiyao/Documents/GitHub/MTRX3760-Project-1/turtlebot3_ws/install/turtlebot3_gazebo/share/turtlebot3_gazebo//launch
[6.952s] -- Up-to-date: /home/shiyao/Documents/GitHub/MTRX3760-Project-1/turtlebot3_ws/install/turtlebot3_gazebo/share/turtlebot3_gazebo//launch/turtlebot3_dqn_stage3.launch.py
[6.952s] -- Up-to-date: /home/shiyao/Documents/GitHub/MTRX3760-Project-1/turtlebot3_ws/install/turtlebot3_gazebo/share/turtlebot3_gazebo//launch/turtlebot3_house.launch.py
[6.960s] -- Up-to-date: /home/shiyao/Documents/GitHub/MTRX3760-Project-1/turtlebot3_ws/install/turtlebot3_gazebo/share/turtlebot3_gazebo//launch/empty_world.launch.py
[6.960s] -- Up-to-date: /home/shiyao/Documents/GitHub/MTRX3760-Project-1/turtlebot3_ws/install/turtlebot3_gazebo/share/turtlebot3_gazebo//launch/turtlebot3_dqn_stage4.launch.py
[6.960s] -- Up-to-date: /home/shiyao/Documents/GitHub/MTRX3760-Project-1/turtlebot3_ws/install/turtlebot3_gazebo/share/turtlebot3_gazebo//launch/turtlebot3_dqn_stage1.launch.py
[6.960s] -- Up-to-date: /home/shiyao/Documents/GitHub/MTRX3760-Project-1/turtlebot3_ws/install/turtlebot3_gazebo/share/turtlebot3_gazebo//launch/turtlebot3_world.launch.py
[6.960s] -- Up-to-date: /home/shiyao/Documents/GitHub/MTRX3760-Project-1/turtlebot3_ws/install/turtlebot3_gazebo/share/turtlebot3_gazebo//launch/turtlebot3_dqn_stage1_custom.launch.py
[6.961s] -- Up-to-date: /home/shiyao/Documents/GitHub/MTRX3760-Project-1/turtlebot3_ws/install/turtlebot3_gazebo/share/turtlebot3_gazebo//launch/turtlebot3_dqn_stage2.launch.py
[6.961s] -- Up-to-date: /home/shiyao/Documents/GitHub/MTRX3760-Project-1/turtlebot3_ws/install/turtlebot3_gazebo/share/turtlebot3_gazebo//launch/spawn_turtlebot3.launch.py
[6.961s] -- Up-to-date: /home/shiyao/Documents/GitHub/MTRX3760-Project-1/turtlebot3_ws/install/turtlebot3_gazebo/share/turtlebot3_gazebo//launch/robot_state_publisher.launch.py
[6.961s] -- Up-to-date: /home/shiyao/Documents/GitHub/MTRX3760-Project-1/turtlebot3_ws/install/turtlebot3_gazebo/share/turtlebot3_gazebo//models
[6.961s] -- Up-to-date: /home/shiyao/Documents/GitHub/MTRX3760-Project-1/turtlebot3_ws/install/turtlebot3_gazebo/share/turtlebot3_gazebo//models/turtlebot3_common
[6.961s] -- Up-to-date: /home/shiyao/Documents/GitHub/MTRX3760-Project-1/turtlebot3_ws/install/turtlebot3_gazebo/share/turtlebot3_gazebo//models/turtlebot3_common/model.config
[6.961s] -- Up-to-date: /home/shiyao/Documents/GitHub/MTRX3760-Project-1/turtlebot3_ws/install/turtlebot3_gazebo/share/turtlebot3_gazebo//models/turtlebot3_common/meshes
[6.961s] -- Up-to-date: /home/shiyao/Documents/GitHub/MTRX3760-Project-1/turtlebot3_ws/install/turtlebot3_gazebo/share/turtlebot3_gazebo//models/turtlebot3_common/meshes/waffle_base.dae
[6.961s] -- Up-to-date: /home/shiyao/Documents/GitHub/MTRX3760-Project-1/turtlebot3_ws/install/turtlebot3_gazebo/share/turtlebot3_gazebo//models/turtlebot3_common/meshes/bases
[6.961s] -- Up-to-date: /home/shiyao/Documents/GitHub/MTRX3760-Project-1/turtlebot3_ws/install/turtlebot3_gazebo/share/turtlebot3_gazebo//models/turtlebot3_common/meshes/bases/waffle_pi_base.stl
[6.961s] -- Up-to-date: /home/shiyao/Documents/GitHub/MTRX3760-Project-1/turtlebot3_ws/install/turtlebot3_gazebo/share/turtlebot3_gazebo//models/turtlebot3_common/meshes/bases/waffle_base.stl
[6.961s] -- Up-to-date: /home/shiyao/Documents/GitHub/MTRX3760-Project-1/turtlebot3_ws/install/turtlebot3_gazebo/share/turtlebot3_gazebo//models/turtlebot3_common/meshes/bases/burger_base.stl
[6.961s] -- Up-to-date: /home/shiyao/Documents/GitHub/MTRX3760-Project-1/turtlebot3_ws/install/turtlebot3_gazebo/share/turtlebot3_gazebo//models/turtlebot3_common/meshes/tire.dae
[6.961s] -- Up-to-date: /home/shiyao/Documents/GitHub/MTRX3760-Project-1/turtlebot3_ws/install/turtlebot3_gazebo/share/turtlebot3_gazebo//models/turtlebot3_common/meshes/wheels
[6.961s] -- Up-to-date: /home/shiyao/Documents/GitHub/MTRX3760-Project-1/turtlebot3_ws/install/turtlebot3_gazebo/share/turtlebot3_gazebo//models/turtlebot3_common/meshes/wheels/right_tire.stl
[6.962s] -- Up-to-date: /home/shiyao/Documents/GitHub/MTRX3760-Project-1/turtlebot3_ws/install/turtlebot3_gazebo/share/turtlebot3_gazebo//models/turtlebot3_common/meshes/wheels/left_tire.stl
[6.962s] -- Up-to-date: /home/shiyao/Documents/GitHub/MTRX3760-Project-1/turtlebot3_ws/install/turtlebot3_gazebo/share/turtlebot3_gazebo//models/turtlebot3_common/meshes/lds.dae
[6.962s] -- Up-to-date: /home/shiyao/Documents/GitHub/MTRX3760-Project-1/turtlebot3_ws/install/turtlebot3_gazebo/share/turtlebot3_gazebo//models/turtlebot3_common/meshes/r200.dae
[6.962s] -- Up-to-date: /home/shiyao/Documents/GitHub/MTRX3760-Project-1/turtlebot3_ws/install/turtlebot3_gazebo/share/turtlebot3_gazebo//models/turtlebot3_common/meshes/burger_base.dae
[6.962s] -- Up-to-date: /home/shiyao/Documents/GitHub/MTRX3760-Project-1/turtlebot3_ws/install/turtlebot3_gazebo/share/turtlebot3_gazebo//models/turtlebot3_common/meshes/waffle_pi_base.dae
[6.962s] -- Up-to-date: /home/shiyao/Documents/GitHub/MTRX3760-Project-1/turtlebot3_ws/install/turtlebot3_gazebo/share/turtlebot3_gazebo//models/turtlebot3_common/meshes/sensors
[6.962s] -- Up-to-date: /home/shiyao/Documents/GitHub/MTRX3760-Project-1/turtlebot3_ws/install/turtlebot3_gazebo/share/turtlebot3_gazebo//models/turtlebot3_common/meshes/sensors/r200.jpg
[6.962s] -- Up-to-date: /home/shiyao/Documents/GitHub/MTRX3760-Project-1/turtlebot3_ws/install/turtlebot3_gazebo/share/turtlebot3_gazebo//models/turtlebot3_common/meshes/sensors/r200.dae
[6.962s] -- Up-to-date: /home/shiyao/Documents/GitHub/MTRX3760-Project-1/turtlebot3_ws/install/turtlebot3_gazebo/share/turtlebot3_gazebo//models/turtlebot3_common/meshes/sensors/astra.jpg
[6.962s] -- Up-to-date: /home/shiyao/Documents/GitHub/MTRX3760-Project-1/turtlebot3_ws/install/turtlebot3_gazebo/share/turtlebot3_gazebo//models/turtlebot3_common/meshes/sensors/lds.stl
[6.962s] -- Up-to-date: /home/shiyao/Documents/GitHub/MTRX3760-Project-1/turtlebot3_ws/install/turtlebot3_gazebo/share/turtlebot3_gazebo//models/turtlebot3_common/meshes/sensors/astra.dae
[6.962s] -- Up-to-date: /home/shiyao/Documents/GitHub/MTRX3760-Project-1/turtlebot3_ws/install/turtlebot3_gazebo/share/turtlebot3_gazebo//models/turtlebot3_burger_cam
[6.963s] -- Up-to-date: /home/shiyao/Documents/GitHub/MTRX3760-Project-1/turtlebot3_ws/install/turtlebot3_gazebo/share/turtlebot3_gazebo//models/turtlebot3_burger_cam/model.config
[6.963s] -- Up-to-date: /home/shiyao/Documents/GitHub/MTRX3760-Project-1/turtlebot3_ws/install/turtlebot3_gazebo/share/turtlebot3_gazebo//models/turtlebot3_burger_cam/model.sdf
[6.963s] -- Up-to-date: /home/shiyao/Documents/GitHub/MTRX3760-Project-1/turtlebot3_ws/install/turtlebot3_gazebo/share/turtlebot3_gazebo//models/turtlebot3_burger_cam/model-1_4.sdf
[6.963s] -- Up-to-date: /home/shiyao/Documents/GitHub/MTRX3760-Project-1/turtlebot3_ws/install/turtlebot3_gazebo/share/turtlebot3_gazebo//models/turtlebot3_waffle_pi
[6.963s] -- Up-to-date: /home/shiyao/Documents/GitHub/MTRX3760-Project-1/turtlebot3_ws/install/turtlebot3_gazebo/share/turtlebot3_gazebo//models/turtlebot3_waffle_pi/model.config
[6.963s] -- Up-to-date: /home/shiyao/Documents/GitHub/MTRX3760-Project-1/turtlebot3_ws/install/turtlebot3_gazebo/share/turtlebot3_gazebo//models/turtlebot3_waffle_pi/model-1_4_.sdf
[6.963s] -- Up-to-date: /home/shiyao/Documents/GitHub/MTRX3760-Project-1/turtlebot3_ws/install/turtlebot3_gazebo/share/turtlebot3_gazebo//models/turtlebot3_waffle_pi/model.sdf
[6.963s] -- Up-to-date: /home/shiyao/Documents/GitHub/MTRX3760-Project-1/turtlebot3_ws/install/turtlebot3_gazebo/share/turtlebot3_gazebo//models/turtlebot3_burger
[6.964s] -- Up-to-date: /home/shiyao/Documents/GitHub/MTRX3760-Project-1/turtlebot3_ws/install/turtlebot3_gazebo/share/turtlebot3_gazebo//models/turtlebot3_burger/model.config
[6.964s] -- Up-to-date: /home/shiyao/Documents/GitHub/MTRX3760-Project-1/turtlebot3_ws/install/turtlebot3_gazebo/share/turtlebot3_gazebo//models/turtlebot3_burger/model.sdf
[6.964s] -- Up-to-date: /home/shiyao/Documents/GitHub/MTRX3760-Project-1/turtlebot3_ws/install/turtlebot3_gazebo/share/turtlebot3_gazebo//models/turtlebot3_burger/model-1_4.sdf
[6.964s] -- Up-to-date: /home/shiyao/Documents/GitHub/MTRX3760-Project-1/turtlebot3_ws/install/turtlebot3_gazebo/share/turtlebot3_gazebo//models/turtlebot3_house
[6.964s] -- Up-to-date: /home/shiyao/Documents/GitHub/MTRX3760-Project-1/turtlebot3_ws/install/turtlebot3_gazebo/share/turtlebot3_gazebo//models/turtlebot3_house/first_2015_trash_can
[6.964s] -- Up-to-date: /home/shiyao/Documents/GitHub/MTRX3760-Project-1/turtlebot3_ws/install/turtlebot3_gazebo/share/turtlebot3_gazebo//models/turtlebot3_house/first_2015_trash_can/model.config
[6.964s] -- Up-to-date: /home/shiyao/Documents/GitHub/MTRX3760-Project-1/turtlebot3_ws/install/turtlebot3_gazebo/share/turtlebot3_gazebo//models/turtlebot3_house/first_2015_trash_can/meshes
[6.964s] -- Up-to-date: /home/shiyao/Documents/GitHub/MTRX3760-Project-1/turtlebot3_ws/install/turtlebot3_gazebo/share/turtlebot3_gazebo//models/turtlebot3_house/first_2015_trash_can/meshes/trash_can.dae
[6.965s] -- Up-to-date: /home/shiyao/Documents/GitHub/MTRX3760-Project-1/turtlebot3_ws/install/turtlebot3_gazebo/share/turtlebot3_gazebo//models/turtlebot3_house/first_2015_trash_can/model.sdf
[6.965s] -- Up-to-date: /home/shiyao/Documents/GitHub/MTRX3760-Project-1/turtlebot3_ws/install/turtlebot3_gazebo/share/turtlebot3_gazebo//models/turtlebot3_house/model.config
[6.965s] -- Up-to-date: /home/shiyao/Documents/GitHub/MTRX3760-Project-1/turtlebot3_ws/install/turtlebot3_gazebo/share/turtlebot3_gazebo//models/turtlebot3_house/mailbox
[6.965s] -- Up-to-date: /home/shiyao/Documents/GitHub/MTRX3760-Project-1/turtlebot3_ws/install/turtlebot3_gazebo/share/turtlebot3_gazebo//models/turtlebot3_house/mailbox/model.config
[6.965s] -- Up-to-date: /home/shiyao/Documents/GitHub/MTRX3760-Project-1/turtlebot3_ws/install/turtlebot3_gazebo/share/turtlebot3_gazebo//models/turtlebot3_house/mailbox/meshes
[6.965s] -- Up-to-date: /home/shiyao/Documents/GitHub/MTRX3760-Project-1/turtlebot3_ws/install/turtlebot3_gazebo/share/turtlebot3_gazebo//models/turtlebot3_house/mailbox/meshes/mailbox.dae
[6.965s] -- Up-to-date: /home/shiyao/Documents/GitHub/MTRX3760-Project-1/turtlebot3_ws/install/turtlebot3_gazebo/share/turtlebot3_gazebo//models/turtlebot3_house/mailbox/model.sdf
[6.965s] -- Up-to-date: /home/shiyao/Documents/GitHub/MTRX3760-Project-1/turtlebot3_ws/install/turtlebot3_gazebo/share/turtlebot3_gazebo//models/turtlebot3_house/mailbox/materials
[6.965s] -- Up-to-date: /home/shiyao/Documents/GitHub/MTRX3760-Project-1/turtlebot3_ws/install/turtlebot3_gazebo/share/turtlebot3_gazebo//models/turtlebot3_house/mailbox/materials/scripts
[6.965s] -- Up-to-date: /home/shiyao/Documents/GitHub/MTRX3760-Project-1/turtlebot3_ws/install/turtlebot3_gazebo/share/turtlebot3_gazebo//models/turtlebot3_house/mailbox/materials/scripts/mailbox.material
[6.965s] -- Up-to-date: /home/shiyao/Documents/GitHub/MTRX3760-Project-1/turtlebot3_ws/install/turtlebot3_gazebo/share/turtlebot3_gazebo//models/turtlebot3_house/mailbox/materials/textures
[6.965s] -- Up-to-date: /home/shiyao/Documents/GitHub/MTRX3760-Project-1/turtlebot3_ws/install/turtlebot3_gazebo/share/turtlebot3_gazebo//models/turtlebot3_house/mailbox/materials/textures/Mailbox_Spec.png
[6.966s] -- Up-to-date: /home/shiyao/Documents/GitHub/MTRX3760-Project-1/turtlebot3_ws/install/turtlebot3_gazebo/share/turtlebot3_gazebo//models/turtlebot3_house/mailbox/materials/textures/Mailbox_Diffuse.tga.orig
[6.966s] -- Up-to-date: /home/shiyao/Documents/GitHub/MTRX3760-Project-1/turtlebot3_ws/install/turtlebot3_gazebo/share/turtlebot3_gazebo//models/turtlebot3_house/mailbox/materials/textures/Mailbox_Diffuse.png
[6.966s] -- Up-to-date: /home/shiyao/Documents/GitHub/MTRX3760-Project-1/turtlebot3_ws/install/turtlebot3_gazebo/share/turtlebot3_gazebo//models/turtlebot3_house/mailbox/model-1_3.sdf
[6.966s] -- Up-to-date: /home/shiyao/Documents/GitHub/MTRX3760-Project-1/turtlebot3_ws/install/turtlebot3_gazebo/share/turtlebot3_gazebo//models/turtlebot3_house/mailbox/model-1_4.sdf
[6.966s] -- Up-to-date: /home/shiyao/Documents/GitHub/MTRX3760-Project-1/turtlebot3_ws/install/turtlebot3_gazebo/share/turtlebot3_gazebo//models/turtlebot3_house/cafe_table
[6.966s] -- Up-to-date: /home/shiyao/Documents/GitHub/MTRX3760-Project-1/turtlebot3_ws/install/turtlebot3_gazebo/share/turtlebot3_gazebo//models/turtlebot3_house/cafe_table/model.config
[6.966s] -- Up-to-date: /home/shiyao/Documents/GitHub/MTRX3760-Project-1/turtlebot3_ws/install/turtlebot3_gazebo/share/turtlebot3_gazebo//models/turtlebot3_house/cafe_table/meshes
[6.967s] -- Up-to-date: /home/shiyao/Documents/GitHub/MTRX3760-Project-1/turtlebot3_ws/install/turtlebot3_gazebo/share/turtlebot3_gazebo//models/turtlebot3_house/cafe_table/meshes/cafe_table.dae
[6.967s] -- Up-to-date: /home/shiyao/Documents/GitHub/MTRX3760-Project-1/turtlebot3_ws/install/turtlebot3_gazebo/share/turtlebot3_gazebo//models/turtlebot3_house/cafe_table/model.sdf
[6.967s] -- Up-to-date: /home/shiyao/Documents/GitHub/MTRX3760-Project-1/turtlebot3_ws/install/turtlebot3_gazebo/share/turtlebot3_gazebo//models/turtlebot3_house/cafe_table/materials
[6.967s] -- Up-to-date: /home/shiyao/Documents/GitHub/MTRX3760-Project-1/turtlebot3_ws/install/turtlebot3_gazebo/share/turtlebot3_gazebo//models/turtlebot3_house/cafe_table/materials/textures
[6.967s] -- Up-to-date: /home/shiyao/Documents/GitHub/MTRX3760-Project-1/turtlebot3_ws/install/turtlebot3_gazebo/share/turtlebot3_gazebo//models/turtlebot3_house/cafe_table/materials/textures/Wood_Floor_Dark.jpg
[6.967s] -- Up-to-date: /home/shiyao/Documents/GitHub/MTRX3760-Project-1/turtlebot3_ws/install/turtlebot3_gazebo/share/turtlebot3_gazebo//models/turtlebot3_house/cafe_table/materials/textures/Maple.jpg
[6.967s] -- Up-to-date: /home/shiyao/Documents/GitHub/MTRX3760-Project-1/turtlebot3_ws/install/turtlebot3_gazebo/share/turtlebot3_gazebo//models/turtlebot3_house/cafe_table/model-1_4.sdf
[6.967s] -- Up-to-date: /home/shiyao/Documents/GitHub/MTRX3760-Project-1/turtlebot3_ws/install/turtlebot3_gazebo/share/turtlebot3_gazebo//models/turtlebot3_house/table_marble
[6.967s] -- Up-to-date: /home/shiyao/Documents/GitHub/MTRX3760-Project-1/turtlebot3_ws/install/turtlebot3_gazebo/share/turtlebot3_gazebo//models/turtlebot3_house/table_marble/model.config
[6.967s] -- Up-to-date: /home/shiyao/Documents/GitHub/MTRX3760-Project-1/turtlebot3_ws/install/turtlebot3_gazebo/share/turtlebot3_gazebo//models/turtlebot3_house/table_marble/meshes
[6.967s] -- Up-to-date: /home/shiyao/Documents/GitHub/MTRX3760-Project-1/turtlebot3_ws/install/turtlebot3_gazebo/share/turtlebot3_gazebo//models/turtlebot3_house/table_marble/meshes/table_lightmap.dae
[6.967s] -- Up-to-date: /home/shiyao/Documents/GitHub/MTRX3760-Project-1/turtlebot3_ws/install/turtlebot3_gazebo/share/turtlebot3_gazebo//models/turtlebot3_house/table_marble/model.sdf
[6.968s] -- Up-to-date: /home/shiyao/Documents/GitHub/MTRX3760-Project-1/turtlebot3_ws/install/turtlebot3_gazebo/share/turtlebot3_gazebo//models/turtlebot3_house/table_marble/materials
[6.968s] -- Up-to-date: /home/shiyao/Documents/GitHub/MTRX3760-Project-1/turtlebot3_ws/install/turtlebot3_gazebo/share/turtlebot3_gazebo//models/turtlebot3_house/table_marble/materials/scripts
[6.968s] -- Up-to-date: /home/shiyao/Documents/GitHub/MTRX3760-Project-1/turtlebot3_ws/install/turtlebot3_gazebo/share/turtlebot3_gazebo//models/turtlebot3_house/table_marble/materials/scripts/table_lightmap.material
[6.968s] -- Up-to-date: /home/shiyao/Documents/GitHub/MTRX3760-Project-1/turtlebot3_ws/install/turtlebot3_gazebo/share/turtlebot3_gazebo//models/turtlebot3_house/table_marble/materials/textures
[6.968s] -- Up-to-date: /home/shiyao/Documents/GitHub/MTRX3760-Project-1/turtlebot3_ws/install/turtlebot3_gazebo/share/turtlebot3_gazebo//models/turtlebot3_house/table_marble/materials/textures/table_lightmap.png
[6.968s] -- Up-to-date: /home/shiyao/Documents/GitHub/MTRX3760-Project-1/turtlebot3_ws/install/turtlebot3_gazebo/share/turtlebot3_gazebo//models/turtlebot3_house/table_marble/materials/textures/marble.png
[6.968s] -- Up-to-date: /home/shiyao/Documents/GitHub/MTRX3760-Project-1/turtlebot3_ws/install/turtlebot3_gazebo/share/turtlebot3_gazebo//models/turtlebot3_house/table_marble/model-1_4.sdf
[6.968s] -- Up-to-date: /home/shiyao/Documents/GitHub/MTRX3760-Project-1/turtlebot3_ws/install/turtlebot3_gazebo/share/turtlebot3_gazebo//models/turtlebot3_house/model.sdf
[6.968s] -- Up-to-date: /home/shiyao/Documents/GitHub/MTRX3760-Project-1/turtlebot3_ws/install/turtlebot3_gazebo/share/turtlebot3_gazebo//models/turtlebot3_house/textures
[6.968s] -- Up-to-date: /home/shiyao/Documents/GitHub/MTRX3760-Project-1/turtlebot3_ws/install/turtlebot3_gazebo/share/turtlebot3_gazebo//models/turtlebot3_house/textures/wood.png
[6.968s] -- Up-to-date: /home/shiyao/Documents/GitHub/MTRX3760-Project-1/turtlebot3_ws/install/turtlebot3_gazebo/share/turtlebot3_gazebo//models/turtlebot3_house/textures/bricks.png
[6.968s] -- Up-to-date: /home/shiyao/Documents/GitHub/MTRX3760-Project-1/turtlebot3_ws/install/turtlebot3_gazebo/share/turtlebot3_gazebo//models/turtlebot3_dqn_world
[6.968s] -- Up-to-date: /home/shiyao/Documents/GitHub/MTRX3760-Project-1/turtlebot3_ws/install/turtlebot3_gazebo/share/turtlebot3_gazebo//models/turtlebot3_dqn_world/goal_box
[6.968s] -- Up-to-date: /home/shiyao/Documents/GitHub/MTRX3760-Project-1/turtlebot3_ws/install/turtlebot3_gazebo/share/turtlebot3_gazebo//models/turtlebot3_dqn_world/goal_box/model.config
[6.969s] -- Up-to-date: /home/shiyao/Documents/GitHub/MTRX3760-Project-1/turtlebot3_ws/install/turtlebot3_gazebo/share/turtlebot3_gazebo//models/turtlebot3_dqn_world/goal_box/model.sdf
[6.969s] -- Up-to-date: /home/shiyao/Documents/GitHub/MTRX3760-Project-1/turtlebot3_ws/install/turtlebot3_gazebo/share/turtlebot3_gazebo//models/turtlebot3_dqn_world/obstacle1
[6.969s] -- Up-to-date: /home/shiyao/Documents/GitHub/MTRX3760-Project-1/turtlebot3_ws/install/turtlebot3_gazebo/share/turtlebot3_gazebo//models/turtlebot3_dqn_world/obstacle1/model.config
[6.969s] -- Up-to-date: /home/shiyao/Documents/GitHub/MTRX3760-Project-1/turtlebot3_ws/install/turtlebot3_gazebo/share/turtlebot3_gazebo//models/turtlebot3_dqn_world/obstacle1/model.sdf
[6.969s] -- Up-to-date: /home/shiyao/Documents/GitHub/MTRX3760-Project-1/turtlebot3_ws/install/turtlebot3_gazebo/share/turtlebot3_gazebo//models/turtlebot3_dqn_world/inner_walls
[6.969s] -- Up-to-date: /home/shiyao/Documents/GitHub/MTRX3760-Project-1/turtlebot3_ws/install/turtlebot3_gazebo/share/turtlebot3_gazebo//models/turtlebot3_dqn_world/inner_walls/model.config
[6.969s] -- Up-to-date: /home/shiyao/Documents/GitHub/MTRX3760-Project-1/turtlebot3_ws/install/turtlebot3_gazebo/share/turtlebot3_gazebo//models/turtlebot3_dqn_world/inner_walls/model.sdf
[6.969s] -- Up-to-date: /home/shiyao/Documents/GitHub/MTRX3760-Project-1/turtlebot3_ws/install/turtlebot3_gazebo/share/turtlebot3_gazebo//models/turtlebot3_dqn_world/inner_walls/textures
[6.969s] -- Up-to-date: /home/shiyao/Documents/GitHub/MTRX3760-Project-1/turtlebot3_ws/install/turtlebot3_gazebo/share/turtlebot3_gazebo//models/turtlebot3_dqn_world/inner_walls/textures/wood.png
[6.969s] -- Up-to-date: /home/shiyao/Documents/GitHub/MTRX3760-Project-1/turtlebot3_ws/install/turtlebot3_gazebo/share/turtlebot3_gazebo//models/turtlebot3_dqn_world/model.config
[6.969s] -- Up-to-date: /home/shiyao/Documents/GitHub/MTRX3760-Project-1/turtlebot3_ws/install/turtlebot3_gazebo/share/turtlebot3_gazebo//models/turtlebot3_dqn_world/obstacle2
[6.969s] -- Up-to-date: /home/shiyao/Documents/GitHub/MTRX3760-Project-1/turtlebot3_ws/install/turtlebot3_gazebo/share/turtlebot3_gazebo//models/turtlebot3_dqn_world/obstacle2/model.config
[6.969s] -- Up-to-date: /home/shiyao/Documents/GitHub/MTRX3760-Project-1/turtlebot3_ws/install/turtlebot3_gazebo/share/turtlebot3_gazebo//models/turtlebot3_dqn_world/obstacle2/model.sdf
[6.969s] -- Up-to-date: /home/shiyao/Documents/GitHub/MTRX3760-Project-1/turtlebot3_ws/install/turtlebot3_gazebo/share/turtlebot3_gazebo//models/turtlebot3_dqn_world/model.sdf
[6.970s] -- Up-to-date: /home/shiyao/Documents/GitHub/MTRX3760-Project-1/turtlebot3_ws/install/turtlebot3_gazebo/share/turtlebot3_gazebo//models/turtlebot3_dqn_world/textures
[6.970s] -- Up-to-date: /home/shiyao/Documents/GitHub/MTRX3760-Project-1/turtlebot3_ws/install/turtlebot3_gazebo/share/turtlebot3_gazebo//models/turtlebot3_dqn_world/textures/wood.png
[6.970s] -- Up-to-date: /home/shiyao/Documents/GitHub/MTRX3760-Project-1/turtlebot3_ws/install/turtlebot3_gazebo/share/turtlebot3_gazebo//models/turtlebot3_dqn_world/obstacles
[6.970s] -- Up-to-date: /home/shiyao/Documents/GitHub/MTRX3760-Project-1/turtlebot3_ws/install/turtlebot3_gazebo/share/turtlebot3_gazebo//models/turtlebot3_dqn_world/obstacles/model.config
[6.970s] -- Up-to-date: /home/shiyao/Documents/GitHub/MTRX3760-Project-1/turtlebot3_ws/install/turtlebot3_gazebo/share/turtlebot3_gazebo//models/turtlebot3_dqn_world/obstacles/model.sdf
[6.970s] -- Up-to-date: /home/shiyao/Documents/GitHub/MTRX3760-Project-1/turtlebot3_ws/install/turtlebot3_gazebo/share/turtlebot3_gazebo//models/turtlebot3_waffle
[6.970s] -- Up-to-date: /home/shiyao/Documents/GitHub/MTRX3760-Project-1/turtlebot3_ws/install/turtlebot3_gazebo/share/turtlebot3_gazebo//models/turtlebot3_waffle/model.config
[6.970s] -- Up-to-date: /home/shiyao/Documents/GitHub/MTRX3760-Project-1/turtlebot3_ws/install/turtlebot3_gazebo/share/turtlebot3_gazebo//models/turtlebot3_waffle/model.sdf
[6.971s] -- Up-to-date: /home/shiyao/Documents/GitHub/MTRX3760-Project-1/turtlebot3_ws/install/turtlebot3_gazebo/share/turtlebot3_gazebo//models/turtlebot3_waffle/model-1_4.sdf
[6.971s] -- Up-to-date: /home/shiyao/Documents/GitHub/MTRX3760-Project-1/turtlebot3_ws/install/turtlebot3_gazebo/share/turtlebot3_gazebo//models/turtlebot3_world
[6.971s] -- Up-to-date: /home/shiyao/Documents/GitHub/MTRX3760-Project-1/turtlebot3_ws/install/turtlebot3_gazebo/share/turtlebot3_gazebo//models/turtlebot3_world/model.config
[6.971s] -- Up-to-date: /home/shiyao/Documents/GitHub/MTRX3760-Project-1/turtlebot3_ws/install/turtlebot3_gazebo/share/turtlebot3_gazebo//models/turtlebot3_world/meshes
[6.971s] -- Up-to-date: /home/shiyao/Documents/GitHub/MTRX3760-Project-1/turtlebot3_ws/install/turtlebot3_gazebo/share/turtlebot3_gazebo//models/turtlebot3_world/meshes/wall.dae
[6.971s] -- Up-to-date: /home/shiyao/Documents/GitHub/MTRX3760-Project-1/turtlebot3_ws/install/turtlebot3_gazebo/share/turtlebot3_gazebo//models/turtlebot3_world/meshes/hexagon.dae
[6.971s] -- Up-to-date: /home/shiyao/Documents/GitHub/MTRX3760-Project-1/turtlebot3_ws/install/turtlebot3_gazebo/share/turtlebot3_gazebo//models/turtlebot3_world/model.sdf
[6.972s] -- Up-to-date: /home/shiyao/Documents/GitHub/MTRX3760-Project-1/turtlebot3_ws/install/turtlebot3_gazebo/share/turtlebot3_gazebo//models/turtlebot3_world/model-1_4.sdf
[6.972s] -- Up-to-date: /home/shiyao/Documents/GitHub/MTRX3760-Project-1/turtlebot3_ws/install/turtlebot3_gazebo/share/turtlebot3_gazebo//params
[6.972s] -- Up-to-date: /home/shiyao/Documents/GitHub/MTRX3760-Project-1/turtlebot3_ws/install/turtlebot3_gazebo/share/turtlebot3_gazebo//params/turtlebot3_burger_cam_bridge.yaml
[6.972s] -- Up-to-date: /home/shiyao/Documents/GitHub/MTRX3760-Project-1/turtlebot3_ws/install/turtlebot3_gazebo/share/turtlebot3_gazebo//params/turtlebot3_waffle_pi_bridge.yaml
[6.972s] -- Up-to-date: /home/shiyao/Documents/GitHub/MTRX3760-Project-1/turtlebot3_ws/install/turtlebot3_gazebo/share/turtlebot3_gazebo//params/turtlebot3_waffle_bridge.yaml
[6.973s] -- Up-to-date: /home/shiyao/Documents/GitHub/MTRX3760-Project-1/turtlebot3_ws/install/turtlebot3_gazebo/share/turtlebot3_gazebo//params/turtlebot3_burger_bridge.yaml
[6.973s] -- Up-to-date: /home/shiyao/Documents/GitHub/MTRX3760-Project-1/turtlebot3_ws/install/turtlebot3_gazebo/share/turtlebot3_gazebo//rviz
[6.973s] -- Up-to-date: /home/shiyao/Documents/GitHub/MTRX3760-Project-1/turtlebot3_ws/install/turtlebot3_gazebo/share/turtlebot3_gazebo//rviz/tb3_gazebo.rviz
[6.973s] -- Up-to-date: /home/shiyao/Documents/GitHub/MTRX3760-Project-1/turtlebot3_ws/install/turtlebot3_gazebo/share/turtlebot3_gazebo//urdf
[6.973s] -- Up-to-date: /home/shiyao/Documents/GitHub/MTRX3760-Project-1/turtlebot3_ws/install/turtlebot3_gazebo/share/turtlebot3_gazebo//urdf/turtlebot3_burger.urdf
[6.973s] -- Up-to-date: /home/shiyao/Documents/GitHub/MTRX3760-Project-1/turtlebot3_ws/install/turtlebot3_gazebo/share/turtlebot3_gazebo//urdf/common_properties.urdf
[6.974s] -- Up-to-date: /home/shiyao/Documents/GitHub/MTRX3760-Project-1/turtlebot3_ws/install/turtlebot3_gazebo/share/turtlebot3_gazebo//urdf/turtlebot3_burger_cam.urdf
[6.974s] -- Up-to-date: /home/shiyao/Documents/GitHub/MTRX3760-Project-1/turtlebot3_ws/install/turtlebot3_gazebo/share/turtlebot3_gazebo//urdf/turtlebot3_waffle_pi.urdf
[6.974s] -- Up-to-date: /home/shiyao/Documents/GitHub/MTRX3760-Project-1/turtlebot3_ws/install/turtlebot3_gazebo/share/turtlebot3_gazebo//urdf/turtlebot3_waffle.urdf
[6.974s] -- Up-to-date: /home/shiyao/Documents/GitHub/MTRX3760-Project-1/turtlebot3_ws/install/turtlebot3_gazebo/share/turtlebot3_gazebo//worlds
[6.974s] -- Up-to-date: /home/shiyao/Documents/GitHub/MTRX3760-Project-1/turtlebot3_ws/install/turtlebot3_gazebo/share/turtlebot3_gazebo//worlds/turtlebot3_house.world
[6.974s] -- Up-to-date: /home/shiyao/Documents/GitHub/MTRX3760-Project-1/turtlebot3_ws/install/turtlebot3_gazebo/share/turtlebot3_gazebo//worlds/turtlebot3_dqn_stage4.world
[6.974s] -- Up-to-date: /home/shiyao/Documents/GitHub/MTRX3760-Project-1/turtlebot3_ws/install/turtlebot3_gazebo/share/turtlebot3_gazebo//worlds/turtlebot3_autorace_2020.world
[6.974s] -- Up-to-date: /home/shiyao/Documents/GitHub/MTRX3760-Project-1/turtlebot3_ws/install/turtlebot3_gazebo/share/turtlebot3_gazebo//worlds/turtlebot3_dqn_stage2.world
[6.975s] -- Up-to-date: /home/shiyao/Documents/GitHub/MTRX3760-Project-1/turtlebot3_ws/install/turtlebot3_gazebo/share/turtlebot3_gazebo//worlds/turtlebot3_world.world
[6.975s] -- Up-to-date: /home/shiyao/Documents/GitHub/MTRX3760-Project-1/turtlebot3_ws/install/turtlebot3_gazebo/share/turtlebot3_gazebo//worlds/empty_world.world
[6.975s] -- Up-to-date: /home/shiyao/Documents/GitHub/MTRX3760-Project-1/turtlebot3_ws/install/turtlebot3_gazebo/share/turtlebot3_gazebo//worlds/turtlebot3_dqn_stage3.world
[6.975s] -- Up-to-date: /home/shiyao/Documents/GitHub/MTRX3760-Project-1/turtlebot3_ws/install/turtlebot3_gazebo/share/turtlebot3_gazebo//worlds/turtlebot3_dqn_stage1.world
[6.975s] -- Up-to-date: /home/shiyao/Documents/GitHub/MTRX3760-Project-1/turtlebot3_ws/install/turtlebot3_gazebo/include/
[6.975s] -- Up-to-date: /home/shiyao/Documents/GitHub/MTRX3760-Project-1/turtlebot3_ws/install/turtlebot3_gazebo/include//turtlebot3_gazebo
[6.975s] -- Up-to-date: /home/shiyao/Documents/GitHub/MTRX3760-Project-1/turtlebot3_ws/install/turtlebot3_gazebo/include//turtlebot3_gazebo/obstacle1.hpp
[6.975s] -- Up-to-date: /home/shiyao/Documents/GitHub/MTRX3760-Project-1/turtlebot3_ws/install/turtlebot3_gazebo/include//turtlebot3_gazebo/obstacles.hpp
[6.976s] -- Up-to-date: /home/shiyao/Documents/GitHub/MTRX3760-Project-1/turtlebot3_ws/install/turtlebot3_gazebo/include//turtlebot3_gazebo/traffic_light_plugin.hpp
[6.976s] -- Up-to-date: /home/shiyao/Documents/GitHub/MTRX3760-Project-1/turtlebot3_ws/install/turtlebot3_gazebo/include//turtlebot3_gazebo/traffic_bar_plugin.hpp
[6.976s] -- Up-to-date: /home/shiyao/Documents/GitHub/MTRX3760-Project-1/turtlebot3_ws/install/turtlebot3_gazebo/include//turtlebot3_gazebo/turtlebot3_drive.hpp
[6.976s] -- Up-to-date: /home/shiyao/Documents/GitHub/MTRX3760-Project-1/turtlebot3_ws/install/turtlebot3_gazebo/include//turtlebot3_gazebo/obstacle2.hpp
[6.976s] -- Up-to-date: /home/shiyao/Documents/GitHub/MTRX3760-Project-1/turtlebot3_ws/install/turtlebot3_gazebo/share/ament_index/resource_index/package_run_dependencies/turtlebot3_gazebo
[6.976s] -- Up-to-date: /home/shiyao/Documents/GitHub/MTRX3760-Project-1/turtlebot3_ws/install/turtlebot3_gazebo/share/ament_index/resource_index/parent_prefix_path/turtlebot3_gazebo
[6.976s] -- Up-to-date: /home/shiyao/Documents/GitHub/MTRX3760-Project-1/turtlebot3_ws/install/turtlebot3_gazebo/share/turtlebot3_gazebo/environment/ament_prefix_path.sh
[6.976s] -- Up-to-date: /home/shiyao/Documents/GitHub/MTRX3760-Project-1/turtlebot3_ws/install/turtlebot3_gazebo/share/turtlebot3_gazebo/environment/ament_prefix_path.dsv
[6.976s] -- Up-to-date: /home/shiyao/Documents/GitHub/MTRX3760-Project-1/turtlebot3_ws/install/turtlebot3_gazebo/share/turtlebot3_gazebo/environment/path.sh
[6.976s] -- Up-to-date: /home/shiyao/Documents/GitHub/MTRX3760-Project-1/turtlebot3_ws/install/turtlebot3_gazebo/share/turtlebot3_gazebo/environment/path.dsv
[6.977s] -- Up-to-date: /home/shiyao/Documents/GitHub/MTRX3760-Project-1/turtlebot3_ws/install/turtlebot3_gazebo/share/turtlebot3_gazebo/local_setup.bash
[6.977s] -- Up-to-date: /home/shiyao/Documents/GitHub/MTRX3760-Project-1/turtlebot3_ws/install/turtlebot3_gazebo/share/turtlebot3_gazebo/local_setup.sh
[6.977s] -- Up-to-date: /home/shiyao/Documents/GitHub/MTRX3760-Project-1/turtlebot3_ws/install/turtlebot3_gazebo/share/turtlebot3_gazebo/local_setup.zsh
[6.977s] -- Up-to-date: /home/shiyao/Documents/GitHub/MTRX3760-Project-1/turtlebot3_ws/install/turtlebot3_gazebo/share/turtlebot3_gazebo/local_setup.dsv
[6.977s] -- Installing: /home/shiyao/Documents/GitHub/MTRX3760-Project-1/turtlebot3_ws/install/turtlebot3_gazebo/share/turtlebot3_gazebo/package.dsv
[6.977s] -- Up-to-date: /home/shiyao/Documents/GitHub/MTRX3760-Project-1/turtlebot3_ws/install/turtlebot3_gazebo/share/ament_index/resource_index/packages/turtlebot3_gazebo
[6.977s] -- Up-to-date: /home/shiyao/Documents/GitHub/MTRX3760-Project-1/turtlebot3_ws/install/turtlebot3_gazebo/share/turtlebot3_gazebo/cmake/ament_cmake_export_include_directories-extras.cmake
[6.977s] -- Up-to-date: /home/shiyao/Documents/GitHub/MTRX3760-Project-1/turtlebot3_ws/install/turtlebot3_gazebo/share/turtlebot3_gazebo/cmake/ament_cmake_export_dependencies-extras.cmake
[6.978s] -- Up-to-date: /home/shiyao/Documents/GitHub/MTRX3760-Project-1/turtlebot3_ws/install/turtlebot3_gazebo/share/turtlebot3_gazebo/cmake/turtlebot3_gazeboConfig.cmake
[6.978s] -- Up-to-date: /home/shiyao/Documents/GitHub/MTRX3760-Project-1/turtlebot3_ws/install/turtlebot3_gazebo/share/turtlebot3_gazebo/cmake/turtlebot3_gazeboConfig-version.cmake
[6.978s] -- Up-to-date: /home/shiyao/Documents/GitHub/MTRX3760-Project-1/turtlebot3_ws/install/turtlebot3_gazebo/share/turtlebot3_gazebo/package.xml
[6.978s] Invoked command in '/home/shiyao/Documents/GitHub/MTRX3760-Project-1/turtlebot3_ws/build/turtlebot3_gazebo' returned '0': CMAKE_PREFIX_PATH=${CMAKE_PREFIX_PATH}:/home/shiyao/turtlebot3_ws/install/turtlebot3_teleop:/home/shiyao/turtlebot3_ws/install/turtlebot3_example:/home/shiyao/turtlebot3_ws/install/turtlebot3_gazebo:/opt/ros/jazzy DEBUGINFOD_URLS=https://debuginfod.ubuntu.com /usr/bin/cmake --install /home/shiyao/Documents/GitHub/MTRX3760-Project-1/turtlebot3_ws/build/turtlebot3_gazebo
