[0.017s] Invoking command in '/home/m/turtlebot3_ws/build/turtlebot3_gazebo': CMAKE_PREFIX_PATH=${CMAKE_PREFIX_PATH}:/home/m/turtlebot3_ws/install/turtlebot3_teleop:/home/m/turtlebot3_ws/install/turtlebot3_example:/opt/ros/jazzy DEBUGINFOD_URLS=https://debuginfod.ubuntu.com /usr/bin/cmake /home/m/turtlebot3_ws/src/turtlebot3_simulations/turtlebot3_gazebo -DAMENT_CMAKE_SYMLINK_INSTALL=1 -DCMAKE_INSTALL_PREFIX=/home/m/turtlebot3_ws/install/turtlebot3_gazebo
[0.067s] -- The C compiler identification is GNU 13.3.0
[0.143s] -- The CXX compiler identification is GNU 13.3.0
[0.157s] -- Detecting C compiler ABI info
[0.241s] -- Detecting C compiler ABI info - done
[0.250s] -- Check for working C compiler: /usr/bin/cc - skipped
[0.250s] -- Detecting C compile features
[0.250s] -- Detecting C compile features - done
[0.261s] -- Detecting CXX compiler ABI info
[0.367s] -- Detecting CXX compiler ABI info - done
[0.370s] -- Check for working CXX compiler: /usr/bin/c++ - skipped
[0.371s] -- Detecting CXX compile features
[0.371s] -- Detecting CXX compile features - done
[0.373s] -- Found ament_cmake: 2.5.4 (/opt/ros/jazzy/share/ament_cmake/cmake)
[0.549s] -- Found Python3: /usr/bin/python3 (found version "3.12.3") found components: Interpreter 
[0.600s] -- Override CMake install command with custom implementation using symlinks instead of copying resources
[0.636s] -- Found ros_gz_sim: 1.0.16 (/opt/ros/jazzy/share/ros_gz_sim/cmake)
[0.697s] -- Found rosidl_generator_c: 4.6.6 (/opt/ros/jazzy/share/rosidl_generator_c/cmake)
[0.713s] -- Found rosidl_generator_cpp: 4.6.6 (/opt/ros/jazzy/share/rosidl_generator_cpp/cmake)
[0.734s] -- Using all available rosidl_typesupport_c: rosidl_typesupport_fastrtps_c;rosidl_typesupport_introspection_c
[0.758s] -- Using all available rosidl_typesupport_cpp: rosidl_typesupport_fastrtps_cpp;rosidl_typesupport_introspection_cpp
[0.852s] -- Found rmw_implementation_cmake: 7.3.2 (/opt/ros/jazzy/share/rmw_implementation_cmake/cmake)
[0.858s] -- Found rmw_fastrtps_cpp: 8.4.3 (/opt/ros/jazzy/share/rmw_fastrtps_cpp/cmake)
[0.955s] -- Found OpenSSL: /usr/lib/x86_64-linux-gnu/libcrypto.so (found version "3.0.13")  
[0.975s] -- Found FastRTPS: /opt/ros/jazzy/include (Required is at least version "2.13") 
[0.999s] -- Using RMW implementation 'rmw_fastrtps_cpp' as default
[1.228s] -- Found nav_msgs: 5.3.6 (/opt/ros/jazzy/share/nav_msgs/cmake)
[1.248s] -- Found sensor_msgs: 5.3.6 (/opt/ros/jazzy/share/sensor_msgs/cmake)
[1.267s] -- Found gz_math_vendor: 0.0.8 (/opt/ros/jazzy/share/gz_math_vendor/cmake)
[1.277s] -- Looking for gz-math7 -- found version 7.5.2
[1.287s] -- Searching for dependencies of gz-math7
[1.289s] -- Looking for gz-utils2 -- found version 2.2.1
[1.289s] -- Searching for dependencies of gz-utils2
[1.293s] -- Found gz_sim_vendor: 0.0.8 (/opt/ros/jazzy/share/gz_sim_vendor/cmake)
[1.334s] -- Looking for gz-sim8 -- found version 8.9.0
[1.334s] -- Searching for dependencies of gz-sim8
[1.336s] -- Looking for sdformat14 -- found version 14.8.0
[1.336s] -- Searching for dependencies of sdformat14
[1.341s] -- Checking for module 'tinyxml2'
[1.358s] --   Found tinyxml2, version 10.0.0
[1.389s] -- Looking for gz-math7 -- found version 7.5.2
[1.389s] -- Looking for gz-utils2 -- found version 2.2.1
[1.389s] -- Searching for dependencies of gz-utils2
[1.390s] -- Searching for <gz-utils2> component [cli]
[1.392s] -- Looking for gz-utils2-cli -- found version 2.2.1
[1.392s] -- Searching for dependencies of gz-utils2-cli
[1.395s] -- Looking for gz-plugin2 -- found version 2.0.4
[1.395s] -- Searching for dependencies of gz-plugin2
[1.396s] -- Looking for gz-utils2 -- found version 2.2.1
[1.396s] -- Searching for <gz-plugin2> component [loader]
[1.398s] -- Looking for gz-plugin2-loader -- found version 2.0.4
[1.398s] -- Searching for dependencies of gz-plugin2-loader
[1.398s] -- Searching for <gz-plugin2> component [register]
[1.400s] -- Looking for gz-plugin2-register -- found version 2.0.4
[1.400s] -- Searching for dependencies of gz-plugin2-register
[1.402s] -- Looking for gz-transport13 -- found version 13.4.1
[1.402s] -- Searching for dependencies of gz-transport13
[1.509s] -- Found Protobuf: /usr/lib/x86_64-linux-gnu/libprotobuf.so (found version "3.21.12") 
[1.519s] -- Config-file not installed for ZeroMQ -- checking for pkg-config
[1.523s] -- Checking for module 'libzmq >= 4'
[1.536s] --   Found libzmq, version 4.3.5
[1.574s] -- Found ZeroMQ: TRUE (Required is at least version "4") 
[1.580s] -- Checking for module 'uuid'
[1.594s] --   Found uuid, version 2.39.3
[1.623s] -- Found UUID: TRUE  
[1.623s] -- Looking for gz-utils2 -- found version 2.2.1
[1.625s] -- Looking for gz-msgs10 -- found version 10.3.2
[1.625s] -- Searching for dependencies of gz-msgs10
[1.639s] -- Looking for gz-utils2 -- found version 2.2.1
[1.639s] -- Looking for gz-math7 -- found version 7.5.2
[1.644s] -- Searching for <gz-transport13> component [log]
[1.646s] -- Looking for gz-transport13-log -- found version 13.4.1
[1.646s] -- Searching for dependencies of gz-transport13-log
[1.646s] -- Searching for <gz-transport13> component [parameters]
[1.647s] -- Looking for gz-transport13-parameters -- found version 13.4.1
[1.647s] -- Searching for dependencies of gz-transport13-parameters
[1.648s] -- Looking for gz-msgs10 -- found version 10.3.2
[1.650s] -- Looking for gz-common5 -- found version 5.7.1
[1.650s] -- Searching for dependencies of gz-common5
[1.650s] -- Looking for gz-utils2 -- found version 2.2.1
[1.651s] -- Looking for dlfcn.h - found
[1.652s] -- Looking for libdl - found
[1.653s] -- Found DL: TRUE  
[1.658s] -- Searching for <gz-common5> component [av]
[1.661s] -- Looking for gz-common5-av -- found version 5.7.1
[1.661s] -- Searching for dependencies of gz-common5-av
[1.665s] -- Checking for module 'libswscale'
[1.680s] --   Found libswscale, version 7.5.100
[1.710s] -- Found SWSCALE: TRUE  
[1.715s] -- Checking for module 'libavdevice >= 56.4.100'
[1.738s] --   Found libavdevice, version 60.3.100
[1.820s] -- Found AVDEVICE: TRUE (Required is at least version "56.4.100") 
[1.829s] -- Checking for module 'libavformat'
[1.857s] --   Found libavformat, version 60.16.100
[1.900s] -- Found AVFORMAT: TRUE  
[1.905s] -- Checking for module 'libavcodec'
[1.920s] --   Found libavcodec, version 60.31.102
[1.953s] -- Found AVCODEC: TRUE  
[1.957s] -- Checking for module 'libavutil'
[1.972s] --   Found libavutil, version 58.29.100
[2.004s] -- Found AVUTIL: TRUE  
[2.004s] -- Searching for <gz-common5> component [events]
[2.006s] -- Looking for gz-common5-events -- found version 5.7.1
[2.006s] -- Searching for dependencies of gz-common5-events
[2.007s] -- Looking for gz-math7 -- found version 7.5.2
[2.007s] -- Searching for <gz-common5> component [graphics]
[2.009s] -- Looking for gz-common5-graphics -- found version 5.7.1
[2.009s] -- Searching for dependencies of gz-common5-graphics
[2.009s] -- Looking for gz-math7 -- found version 7.5.2
[2.014s] -- Found GzAssimp: TRUE (found version "5.3.0") 
[2.014s] -- Searching for <gz-common5> component [io]
[2.016s] -- Looking for gz-common5-io -- found version 5.7.1
[2.016s] -- Searching for dependencies of gz-common5-io
[2.016s] -- Searching for <gz-common5> component [profiler]
[2.018s] -- Looking for gz-common5-profiler -- found version 5.7.1
[2.018s] -- Searching for dependencies of gz-common5-profiler
[2.020s] -- Looking for gz-fuel_tools9 -- found version 9.1.1
[2.020s] -- Searching for dependencies of gz-fuel_tools9
[2.097s] -- Found CURL: /usr/lib/x86_64-linux-gnu/libcurl.so (found version "8.5.0")  
[2.105s] -- Checking for module 'jsoncpp'
[2.121s] --   Found jsoncpp, version 1.9.5
[2.152s] -- Found JSONCPP: TRUE  
[2.166s] -- Checking for module 'yaml-0.1'
[2.182s] --   Found yaml-0.1, version 0.2.5
[2.215s] -- Found YAML: TRUE  
[2.220s] -- Checking for module 'libzip'
[2.235s] --   Found libzip, version 1.7.3
[2.264s] -- Found ZIP: TRUE  
[2.265s] -- Looking for gz-utils2 -- found version 2.2.1
[2.265s] -- Looking for gz-common5 -- found version 5.7.1
[2.265s] -- Searching for dependencies of gz-common5
[2.265s] -- Looking for gz-utils2 -- found version 2.2.1
[2.266s] -- Looking for dlfcn.h - found
[2.266s] -- Looking for libdl - found
[2.272s] -- Searching for <gz-common5> component [testing]
[2.275s] -- Looking for gz-common5-testing -- found version 5.7.1
[2.275s] -- Searching for dependencies of gz-common5-testing
[2.276s] -- Looking for gz-math7 -- found version 7.5.2
[2.276s] -- Looking for gz-msgs10 -- found version 10.3.2
[2.279s] -- Looking for gz-gui8 -- found version 8.4.0
[2.279s] -- Searching for dependencies of gz-gui8
[2.301s] -- Looking for gz-utils2 -- found version 2.2.1
[2.301s] -- Looking for gz-math7 -- found version 7.5.2
[2.301s] -- Looking for gz-common5 -- found version 5.7.1
[2.301s] -- Looking for gz-plugin2 -- found version 2.0.4
[2.301s] -- Looking for gz-transport13 -- found version 13.4.1
[2.303s] -- Looking for gz-rendering8 -- found version 8.2.2
[2.303s] -- Searching for dependencies of gz-rendering8
[2.303s] -- Looking for gz-math7 -- found version 7.5.2
[2.303s] -- Searching for dependencies of gz-math7
[2.303s] -- Looking for gz-utils2 -- found version 2.2.1
[2.304s] -- Searching for <gz-math7> component [eigen3]
[2.306s] -- Looking for gz-math7-eigen3 -- found version 7.5.2
[2.306s] -- Searching for dependencies of gz-math7-eigen3
[2.313s] -- Looking for gz-common5 -- found version 5.7.1
[2.313s] -- Searching for dependencies of gz-common5
[2.314s] -- Looking for gz-utils2 -- found version 2.2.1
[2.314s] -- Looking for dlfcn.h - found
[2.314s] -- Looking for libdl - found
[2.320s] -- Searching for <gz-common5> component [graphics]
[2.320s] -- Searching for <gz-common5> component [events]
[2.320s] -- Searching for <gz-common5> component [geospatial]
[2.323s] -- Looking for gz-common5-geospatial -- found version 5.7.1
[2.323s] -- Searching for dependencies of gz-common5-geospatial
[2.323s] -- Looking for gz-math7 -- found version 7.5.2
[2.323s] -- Looking for gz-common5 -- found version 5.7.1
[2.324s] -- Looking for gz-plugin2 -- found version 2.0.4
[2.325s] -- Searching for dependencies of gz-plugin2
[2.325s] -- Looking for gz-utils2 -- found version 2.2.1
[2.325s] -- Searching for <gz-plugin2> component [all]
[2.326s] -- Looking for all libraries of gz-plugin2 -- found version 2.0.4
[2.326s] -- Looking for gz-plugin2 -- found version 2.0.4
[2.327s] -- Looking for gz-utils2 -- found version 2.2.1
[2.339s] -- Found OpenGL: /usr/lib/x86_64-linux-gnu/libOpenGL.so  found components: OpenGL 
[2.340s] -- Looking for gz-msgs10 -- found version 10.3.2
[2.370s] -- Looking for gz-physics7 -- found version 7.5.0
[2.370s] -- Searching for dependencies of gz-physics7
[2.371s] -- Looking for gz-common5 -- found version 5.7.1
[2.371s] -- Looking for gz-math7 -- found version 7.5.2
[2.371s] -- Looking for gz-plugin2 -- found version 2.0.4
[2.371s] -- Looking for gz-utils2 -- found version 2.2.1
[2.372s] -- Searching for <gz-physics7> component [heightmap]
[2.374s] -- Looking for gz-physics7-heightmap -- found version 7.5.0
[2.374s] -- Searching for dependencies of gz-physics7-heightmap
[2.374s] -- Looking for gz-common5 -- found version 5.7.1
[2.374s] -- Searching for <gz-physics7> component [mesh]
[2.376s] -- Looking for gz-physics7-mesh -- found version 7.5.0
[2.376s] -- Searching for dependencies of gz-physics7-mesh
[2.377s] -- Looking for gz-common5 -- found version 5.7.1
[2.377s] -- Searching for <gz-physics7> component [sdf]
[2.378s] -- Looking for gz-physics7-sdf -- found version 7.5.0
[2.378s] -- Searching for dependencies of gz-physics7-sdf
[2.379s] -- Looking for sdformat14 -- found version 14.8.0
[2.381s] -- Looking for gz-sensors8 -- found version 8.2.2
[2.381s] -- Searching for dependencies of gz-sensors8
[2.397s] -- Looking for gz-math7 -- found version 7.5.2
[2.397s] -- Looking for gz-common5 -- found version 5.7.1
[2.398s] -- Looking for gz-transport13 -- found version 13.4.1
[2.398s] -- Looking for gz-rendering8 -- found version 8.2.2
[2.398s] -- Looking for gz-msgs10 -- found version 10.3.2
[2.398s] -- Looking for sdformat14 -- found version 14.8.0
[2.399s] -- Searching for <gz-sensors8> component [air_pressure]
[2.400s] -- Looking for gz-sensors8-air_pressure -- found version 8.2.2
[2.400s] -- Searching for dependencies of gz-sensors8-air_pressure
[2.400s] -- Searching for <gz-sensors8> component [air_speed]
[2.401s] -- Looking for gz-sensors8-air_speed -- found version 8.2.2
[2.401s] -- Searching for dependencies of gz-sensors8-air_speed
[2.402s] -- Searching for <gz-sensors8> component [altimeter]
[2.403s] -- Looking for gz-sensors8-altimeter -- found version 8.2.2
[2.403s] -- Searching for dependencies of gz-sensors8-altimeter
[2.403s] -- Searching for <gz-sensors8> component [imu]
[2.404s] -- Looking for gz-sensors8-imu -- found version 8.2.2
[2.405s] -- Searching for dependencies of gz-sensors8-imu
[2.405s] -- Searching for <gz-sensors8> component [force_torque]
[2.406s] -- Looking for gz-sensors8-force_torque -- found version 8.2.2
[2.406s] -- Searching for dependencies of gz-sensors8-force_torque
[2.406s] -- Searching for <gz-sensors8> component [logical_camera]
[2.407s] -- Looking for gz-sensors8-logical_camera -- found version 8.2.2
[2.407s] -- Searching for dependencies of gz-sensors8-logical_camera
[2.408s] -- Searching for <gz-sensors8> component [magnetometer]
[2.409s] -- Looking for gz-sensors8-magnetometer -- found version 8.2.2
[2.409s] -- Searching for dependencies of gz-sensors8-magnetometer
[2.409s] -- Searching for <gz-sensors8> component [navsat]
[2.411s] -- Looking for gz-sensors8-navsat -- found version 8.2.2
[2.411s] -- Searching for dependencies of gz-sensors8-navsat
[2.411s] -- Searching for <gz-sensors8> component [dvl]
[2.412s] -- Looking for gz-sensors8-dvl -- found version 8.2.2
[2.412s] -- Searching for dependencies of gz-sensors8-dvl
[2.412s] -- Looking for gz-sensors8 -- found version 8.2.2
[2.412s] -- Searching for dependencies of gz-sensors8
[2.427s] -- Looking for gz-math7 -- found version 7.5.2
[2.427s] -- Looking for gz-common5 -- found version 5.7.1
[2.428s] -- Looking for gz-transport13 -- found version 13.4.1
[2.428s] -- Looking for gz-rendering8 -- found version 8.2.2
[2.428s] -- Looking for gz-msgs10 -- found version 10.3.2
[2.428s] -- Looking for sdformat14 -- found version 14.8.0
[2.428s] -- Searching for <gz-sensors8> component [rendering]
[2.430s] -- Looking for gz-sensors8-rendering -- found version 8.2.2
[2.430s] -- Searching for dependencies of gz-sensors8-rendering
[2.431s] -- Searching for <gz-sensors8> component [rendering]
[2.431s] -- Searching for <gz-sensors8> component [lidar]
[2.432s] -- Looking for gz-sensors8-lidar -- found version 8.2.2
[2.432s] -- Searching for dependencies of gz-sensors8-lidar
[2.433s] -- Looking for gz-sensors8 -- found version 8.2.2
[2.433s] -- Searching for <gz-sensors8> component [gpu_lidar]
[2.434s] -- Looking for gz-sensors8-gpu_lidar -- found version 8.2.2
[2.434s] -- Searching for dependencies of gz-sensors8-gpu_lidar
[2.435s] -- Looking for gz-sensors8 -- found version 8.2.2
[2.435s] -- Searching for <gz-sensors8> component [camera]
[2.437s] -- Looking for gz-sensors8-camera -- found version 8.2.2
[2.437s] -- Searching for dependencies of gz-sensors8-camera
[2.437s] -- Looking for gz-sensors8 -- found version 8.2.2
[2.437s] -- Searching for <gz-sensors8> component [boundingbox_camera]
[2.439s] -- Looking for gz-sensors8-boundingbox_camera -- found version 8.2.2
[2.439s] -- Searching for dependencies of gz-sensors8-boundingbox_camera
[2.439s] -- Searching for <gz-sensors8> component [segmentation_camera]
[2.441s] -- Looking for gz-sensors8-segmentation_camera -- found version 8.2.2
[2.441s] -- Searching for dependencies of gz-sensors8-segmentation_camera
[2.441s] -- Searching for <gz-sensors8> component [depth_camera]
[2.443s] -- Looking for gz-sensors8-depth_camera -- found version 8.2.2
[2.443s] -- Searching for dependencies of gz-sensors8-depth_camera
[2.443s] -- Looking for gz-sensors8 -- found version 8.2.2
[2.443s] -- Searching for <gz-sensors8> component [rgbd_camera]
[2.445s] -- Looking for gz-sensors8-rgbd_camera -- found version 8.2.2
[2.445s] -- Searching for dependencies of gz-sensors8-rgbd_camera
[2.445s] -- Looking for gz-sensors8 -- found version 8.2.2
[2.445s] -- Searching for <gz-sensors8> component [thermal_camera]
[2.447s] -- Looking for gz-sensors8-thermal_camera -- found version 8.2.2
[2.447s] -- Searching for dependencies of gz-sensors8-thermal_camera
[2.447s] -- Looking for gz-sensors8 -- found version 8.2.2
[2.448s] -- Searching for <gz-sensors8> component [wide_angle_camera]
[2.449s] -- Looking for gz-sensors8-wide_angle_camera -- found version 8.2.2
[2.449s] -- Searching for dependencies of gz-sensors8-wide_angle_camera
[2.450s] -- Looking for gz-rendering8 -- found version 8.2.2
[2.450s] -- Looking for gz-math7 -- found version 7.5.2
[2.450s] -- Looking for gz-utils2 -- found version 2.2.1
[2.467s] -- Looking for gz-plugin2 -- found version 2.0.4
[2.527s] -- Configuring done (2.5s)
[2.551s] -- Generating done (0.0s)
[2.556s] -- Build files have been written to: /home/m/turtlebot3_ws/build/turtlebot3_gazebo
[2.570s] Invoked command in '/home/m/turtlebot3_ws/build/turtlebot3_gazebo' returned '0': CMAKE_PREFIX_PATH=${CMAKE_PREFIX_PATH}:/home/m/turtlebot3_ws/install/turtlebot3_teleop:/home/m/turtlebot3_ws/install/turtlebot3_example:/opt/ros/jazzy DEBUGINFOD_URLS=https://debuginfod.ubuntu.com /usr/bin/cmake /home/m/turtlebot3_ws/src/turtlebot3_simulations/turtlebot3_gazebo -DAMENT_CMAKE_SYMLINK_INSTALL=1 -DCMAKE_INSTALL_PREFIX=/home/m/turtlebot3_ws/install/turtlebot3_gazebo
[2.571s] Invoking command in '/home/m/turtlebot3_ws/build/turtlebot3_gazebo': CMAKE_PREFIX_PATH=${CMAKE_PREFIX_PATH}:/home/m/turtlebot3_ws/install/turtlebot3_teleop:/home/m/turtlebot3_ws/install/turtlebot3_example:/opt/ros/jazzy DEBUGINFOD_URLS=https://debuginfod.ubuntu.com /usr/bin/cmake --build /home/m/turtlebot3_ws/build/turtlebot3_gazebo -- -j32 -l32
[2.622s] [ 37%] [32mBuilding CXX object CMakeFiles/obstacle2.dir/src/obstacle2.cpp.o[0m
[2.622s] [ 37%] [32mBuilding CXX object CMakeFiles/turtlebot3_drive.dir/src/turtlebot3_drive.cpp.o[0m
[2.622s] [ 37%] [32mBuilding CXX object CMakeFiles/obstacles.dir/src/obstacles.cpp.o[0m
[2.622s] [ 50%] [32mBuilding CXX object CMakeFiles/obstacle1.dir/src/obstacle1.cpp.o[0m
[4.090s] [ 62%] [32m[1mLinking CXX shared library libobstacle2.so[0m
[4.098s] [ 75%] [32m[1mLinking CXX shared library libobstacle1.so[0m
[4.238s] [ 75%] Built target obstacle2
[4.238s] [ 75%] Built target obstacle1
[4.370s] [ 87%] [32m[1mLinking CXX shared library libobstacles.so[0m
[4.495s] [ 87%] Built target obstacles
[8.341s] [100%] [32m[1mLinking CXX executable turtlebot3_drive[0m
[8.541s] [100%] Built target turtlebot3_drive
[8.552s] Invoked command in '/home/m/turtlebot3_ws/build/turtlebot3_gazebo' returned '0': CMAKE_PREFIX_PATH=${CMAKE_PREFIX_PATH}:/home/m/turtlebot3_ws/install/turtlebot3_teleop:/home/m/turtlebot3_ws/install/turtlebot3_example:/opt/ros/jazzy DEBUGINFOD_URLS=https://debuginfod.ubuntu.com /usr/bin/cmake --build /home/m/turtlebot3_ws/build/turtlebot3_gazebo -- -j32 -l32
[8.553s] Invoking command in '/home/m/turtlebot3_ws/build/turtlebot3_gazebo': CMAKE_PREFIX_PATH=${CMAKE_PREFIX_PATH}:/home/m/turtlebot3_ws/install/turtlebot3_teleop:/home/m/turtlebot3_ws/install/turtlebot3_example:/opt/ros/jazzy DEBUGINFOD_URLS=https://debuginfod.ubuntu.com /usr/bin/cmake --install /home/m/turtlebot3_ws/build/turtlebot3_gazebo
[8.559s] -- Install configuration: ""
[8.560s] -- Execute custom install script
[8.560s] -- Symlinking: /home/m/turtlebot3_ws/install/turtlebot3_gazebo/lib/turtlebot3_gazebo/turtlebot3_drive
[8.569s] -- Symlinking: /home/m/turtlebot3_ws/install/turtlebot3_gazebo/lib/turtlebot3_gazebo/libobstacles.so
[8.581s] -- Symlinking: /home/m/turtlebot3_ws/install/turtlebot3_gazebo/lib/turtlebot3_gazebo/libobstacle1.so
[8.593s] -- Symlinking: /home/m/turtlebot3_ws/install/turtlebot3_gazebo/lib/turtlebot3_gazebo/libobstacle2.so
[8.603s] -- Symlinking: /home/m/turtlebot3_ws/install/turtlebot3_gazebo/share/turtlebot3_gazebo//launch/empty_world.launch.py
[8.614s] -- Symlinking: /home/m/turtlebot3_ws/install/turtlebot3_gazebo/share/turtlebot3_gazebo//launch/robot_state_publisher.launch.py
[8.625s] -- Symlinking: /home/m/turtlebot3_ws/install/turtlebot3_gazebo/share/turtlebot3_gazebo//launch/spawn_turtlebot3.launch.py
[8.636s] -- Symlinking: /home/m/turtlebot3_ws/install/turtlebot3_gazebo/share/turtlebot3_gazebo//launch/turtlebot3_dqn_stage1.launch.py
[8.647s] -- Symlinking: /home/m/turtlebot3_ws/install/turtlebot3_gazebo/share/turtlebot3_gazebo//launch/turtlebot3_dqn_stage2.launch.py
[8.657s] -- Symlinking: /home/m/turtlebot3_ws/install/turtlebot3_gazebo/share/turtlebot3_gazebo//launch/turtlebot3_dqn_stage3.launch.py
[8.668s] -- Symlinking: /home/m/turtlebot3_ws/install/turtlebot3_gazebo/share/turtlebot3_gazebo//launch/turtlebot3_dqn_stage4.launch.py
[8.679s] -- Symlinking: /home/m/turtlebot3_ws/install/turtlebot3_gazebo/share/turtlebot3_gazebo//launch/turtlebot3_house.launch.py
[8.688s] -- Symlinking: /home/m/turtlebot3_ws/install/turtlebot3_gazebo/share/turtlebot3_gazebo//launch/turtlebot3_world.launch.py
[8.699s] -- Symlinking: /home/m/turtlebot3_ws/install/turtlebot3_gazebo/share/turtlebot3_gazebo//models/turtlebot3_burger/model-1_4.sdf
[8.710s] -- Symlinking: /home/m/turtlebot3_ws/install/turtlebot3_gazebo/share/turtlebot3_gazebo//models/turtlebot3_burger/model.config
[8.719s] -- Symlinking: /home/m/turtlebot3_ws/install/turtlebot3_gazebo/share/turtlebot3_gazebo//models/turtlebot3_burger/model.sdf
[8.731s] -- Symlinking: /home/m/turtlebot3_ws/install/turtlebot3_gazebo/share/turtlebot3_gazebo//models/turtlebot3_burger_cam/model-1_4.sdf
[8.743s] -- Symlinking: /home/m/turtlebot3_ws/install/turtlebot3_gazebo/share/turtlebot3_gazebo//models/turtlebot3_burger_cam/model.config
[8.752s] -- Symlinking: /home/m/turtlebot3_ws/install/turtlebot3_gazebo/share/turtlebot3_gazebo//models/turtlebot3_burger_cam/model.sdf
[8.764s] -- Symlinking: /home/m/turtlebot3_ws/install/turtlebot3_gazebo/share/turtlebot3_gazebo//models/turtlebot3_common/meshes/bases/burger_base.stl
[8.775s] -- Symlinking: /home/m/turtlebot3_ws/install/turtlebot3_gazebo/share/turtlebot3_gazebo//models/turtlebot3_common/meshes/bases/waffle_base.stl
[8.786s] -- Symlinking: /home/m/turtlebot3_ws/install/turtlebot3_gazebo/share/turtlebot3_gazebo//models/turtlebot3_common/meshes/bases/waffle_pi_base.stl
[8.796s] -- Symlinking: /home/m/turtlebot3_ws/install/turtlebot3_gazebo/share/turtlebot3_gazebo//models/turtlebot3_common/meshes/burger_base.dae
[8.809s] -- Symlinking: /home/m/turtlebot3_ws/install/turtlebot3_gazebo/share/turtlebot3_gazebo//models/turtlebot3_common/meshes/lds.dae
[8.819s] -- Symlinking: /home/m/turtlebot3_ws/install/turtlebot3_gazebo/share/turtlebot3_gazebo//models/turtlebot3_common/meshes/r200.dae
[8.831s] -- Symlinking: /home/m/turtlebot3_ws/install/turtlebot3_gazebo/share/turtlebot3_gazebo//models/turtlebot3_common/meshes/sensors/astra.dae
[8.842s] -- Symlinking: /home/m/turtlebot3_ws/install/turtlebot3_gazebo/share/turtlebot3_gazebo//models/turtlebot3_common/meshes/sensors/astra.jpg
[8.852s] -- Symlinking: /home/m/turtlebot3_ws/install/turtlebot3_gazebo/share/turtlebot3_gazebo//models/turtlebot3_common/meshes/sensors/lds.stl
[8.863s] -- Symlinking: /home/m/turtlebot3_ws/install/turtlebot3_gazebo/share/turtlebot3_gazebo//models/turtlebot3_common/meshes/sensors/r200.dae
[8.874s] -- Symlinking: /home/m/turtlebot3_ws/install/turtlebot3_gazebo/share/turtlebot3_gazebo//models/turtlebot3_common/meshes/sensors/r200.jpg
[8.886s] -- Symlinking: /home/m/turtlebot3_ws/install/turtlebot3_gazebo/share/turtlebot3_gazebo//models/turtlebot3_common/meshes/tire.dae
[8.897s] -- Symlinking: /home/m/turtlebot3_ws/install/turtlebot3_gazebo/share/turtlebot3_gazebo//models/turtlebot3_common/meshes/waffle_base.dae
[8.907s] -- Symlinking: /home/m/turtlebot3_ws/install/turtlebot3_gazebo/share/turtlebot3_gazebo//models/turtlebot3_common/meshes/waffle_pi_base.dae
[8.918s] -- Symlinking: /home/m/turtlebot3_ws/install/turtlebot3_gazebo/share/turtlebot3_gazebo//models/turtlebot3_common/meshes/wheels/left_tire.stl
[8.929s] -- Symlinking: /home/m/turtlebot3_ws/install/turtlebot3_gazebo/share/turtlebot3_gazebo//models/turtlebot3_common/meshes/wheels/right_tire.stl
[8.942s] -- Symlinking: /home/m/turtlebot3_ws/install/turtlebot3_gazebo/share/turtlebot3_gazebo//models/turtlebot3_common/model.config
[8.952s] -- Symlinking: /home/m/turtlebot3_ws/install/turtlebot3_gazebo/share/turtlebot3_gazebo//models/turtlebot3_dqn_world/goal_box/model.config
[8.963s] -- Symlinking: /home/m/turtlebot3_ws/install/turtlebot3_gazebo/share/turtlebot3_gazebo//models/turtlebot3_dqn_world/goal_box/model.sdf
[8.974s] -- Symlinking: /home/m/turtlebot3_ws/install/turtlebot3_gazebo/share/turtlebot3_gazebo//models/turtlebot3_dqn_world/inner_walls/model.config
[8.985s] -- Symlinking: /home/m/turtlebot3_ws/install/turtlebot3_gazebo/share/turtlebot3_gazebo//models/turtlebot3_dqn_world/inner_walls/model.sdf
[8.996s] -- Symlinking: /home/m/turtlebot3_ws/install/turtlebot3_gazebo/share/turtlebot3_gazebo//models/turtlebot3_dqn_world/inner_walls/textures/wood.png
[9.010s] -- Symlinking: /home/m/turtlebot3_ws/install/turtlebot3_gazebo/share/turtlebot3_gazebo//models/turtlebot3_dqn_world/model.config
[9.021s] -- Symlinking: /home/m/turtlebot3_ws/install/turtlebot3_gazebo/share/turtlebot3_gazebo//models/turtlebot3_dqn_world/model.sdf
[9.030s] -- Symlinking: /home/m/turtlebot3_ws/install/turtlebot3_gazebo/share/turtlebot3_gazebo//models/turtlebot3_dqn_world/obstacle1/model.config
[9.043s] -- Symlinking: /home/m/turtlebot3_ws/install/turtlebot3_gazebo/share/turtlebot3_gazebo//models/turtlebot3_dqn_world/obstacle1/model.sdf
[9.055s] -- Symlinking: /home/m/turtlebot3_ws/install/turtlebot3_gazebo/share/turtlebot3_gazebo//models/turtlebot3_dqn_world/obstacle2/model.config
[9.064s] -- Symlinking: /home/m/turtlebot3_ws/install/turtlebot3_gazebo/share/turtlebot3_gazebo//models/turtlebot3_dqn_world/obstacle2/model.sdf
[9.076s] -- Symlinking: /home/m/turtlebot3_ws/install/turtlebot3_gazebo/share/turtlebot3_gazebo//models/turtlebot3_dqn_world/obstacles/model.config
[9.087s] -- Symlinking: /home/m/turtlebot3_ws/install/turtlebot3_gazebo/share/turtlebot3_gazebo//models/turtlebot3_dqn_world/obstacles/model.sdf
[9.097s] -- Symlinking: /home/m/turtlebot3_ws/install/turtlebot3_gazebo/share/turtlebot3_gazebo//models/turtlebot3_dqn_world/textures/wood.png
[9.110s] -- Symlinking: /home/m/turtlebot3_ws/install/turtlebot3_gazebo/share/turtlebot3_gazebo//models/turtlebot3_house/cafe_table/materials/textures/Maple.jpg
[9.120s] -- Symlinking: /home/m/turtlebot3_ws/install/turtlebot3_gazebo/share/turtlebot3_gazebo//models/turtlebot3_house/cafe_table/materials/textures/Wood_Floor_Dark.jpg
[9.130s] -- Symlinking: /home/m/turtlebot3_ws/install/turtlebot3_gazebo/share/turtlebot3_gazebo//models/turtlebot3_house/cafe_table/meshes/cafe_table.dae
[9.142s] -- Symlinking: /home/m/turtlebot3_ws/install/turtlebot3_gazebo/share/turtlebot3_gazebo//models/turtlebot3_house/cafe_table/model-1_4.sdf
[9.152s] -- Symlinking: /home/m/turtlebot3_ws/install/turtlebot3_gazebo/share/turtlebot3_gazebo//models/turtlebot3_house/cafe_table/model.config
[9.162s] -- Symlinking: /home/m/turtlebot3_ws/install/turtlebot3_gazebo/share/turtlebot3_gazebo//models/turtlebot3_house/cafe_table/model.sdf
[9.174s] -- Symlinking: /home/m/turtlebot3_ws/install/turtlebot3_gazebo/share/turtlebot3_gazebo//models/turtlebot3_house/first_2015_trash_can/meshes/trash_can.dae
[9.184s] -- Symlinking: /home/m/turtlebot3_ws/install/turtlebot3_gazebo/share/turtlebot3_gazebo//models/turtlebot3_house/first_2015_trash_can/model.config
[9.194s] -- Symlinking: /home/m/turtlebot3_ws/install/turtlebot3_gazebo/share/turtlebot3_gazebo//models/turtlebot3_house/first_2015_trash_can/model.sdf
[9.207s] -- Symlinking: /home/m/turtlebot3_ws/install/turtlebot3_gazebo/share/turtlebot3_gazebo//models/turtlebot3_house/mailbox/materials/scripts/mailbox.material
[9.217s] -- Symlinking: /home/m/turtlebot3_ws/install/turtlebot3_gazebo/share/turtlebot3_gazebo//models/turtlebot3_house/mailbox/materials/textures/Mailbox_Diffuse.png
[9.227s] -- Symlinking: /home/m/turtlebot3_ws/install/turtlebot3_gazebo/share/turtlebot3_gazebo//models/turtlebot3_house/mailbox/materials/textures/Mailbox_Diffuse.tga.orig
[9.237s] -- Symlinking: /home/m/turtlebot3_ws/install/turtlebot3_gazebo/share/turtlebot3_gazebo//models/turtlebot3_house/mailbox/materials/textures/Mailbox_Spec.png
[9.248s] -- Symlinking: /home/m/turtlebot3_ws/install/turtlebot3_gazebo/share/turtlebot3_gazebo//models/turtlebot3_house/mailbox/meshes/mailbox.dae
[9.258s] -- Symlinking: /home/m/turtlebot3_ws/install/turtlebot3_gazebo/share/turtlebot3_gazebo//models/turtlebot3_house/mailbox/model-1_3.sdf
[9.269s] -- Symlinking: /home/m/turtlebot3_ws/install/turtlebot3_gazebo/share/turtlebot3_gazebo//models/turtlebot3_house/mailbox/model-1_4.sdf
[9.280s] -- Symlinking: /home/m/turtlebot3_ws/install/turtlebot3_gazebo/share/turtlebot3_gazebo//models/turtlebot3_house/mailbox/model.config
[9.290s] -- Symlinking: /home/m/turtlebot3_ws/install/turtlebot3_gazebo/share/turtlebot3_gazebo//models/turtlebot3_house/mailbox/model.sdf
[9.301s] -- Symlinking: /home/m/turtlebot3_ws/install/turtlebot3_gazebo/share/turtlebot3_gazebo//models/turtlebot3_house/model.config
[9.313s] -- Symlinking: /home/m/turtlebot3_ws/install/turtlebot3_gazebo/share/turtlebot3_gazebo//models/turtlebot3_house/model.sdf
[9.323s] -- Symlinking: /home/m/turtlebot3_ws/install/turtlebot3_gazebo/share/turtlebot3_gazebo//models/turtlebot3_house/table_marble/materials/scripts/table_lightmap.material
[9.335s] -- Symlinking: /home/m/turtlebot3_ws/install/turtlebot3_gazebo/share/turtlebot3_gazebo//models/turtlebot3_house/table_marble/materials/textures/marble.png
[9.345s] -- Symlinking: /home/m/turtlebot3_ws/install/turtlebot3_gazebo/share/turtlebot3_gazebo//models/turtlebot3_house/table_marble/materials/textures/table_lightmap.png
[9.355s] -- Symlinking: /home/m/turtlebot3_ws/install/turtlebot3_gazebo/share/turtlebot3_gazebo//models/turtlebot3_house/table_marble/meshes/table_lightmap.dae
[9.367s] -- Symlinking: /home/m/turtlebot3_ws/install/turtlebot3_gazebo/share/turtlebot3_gazebo//models/turtlebot3_house/table_marble/model-1_4.sdf
[9.378s] -- Symlinking: /home/m/turtlebot3_ws/install/turtlebot3_gazebo/share/turtlebot3_gazebo//models/turtlebot3_house/table_marble/model.config
[9.387s] -- Symlinking: /home/m/turtlebot3_ws/install/turtlebot3_gazebo/share/turtlebot3_gazebo//models/turtlebot3_house/table_marble/model.sdf
[9.399s] -- Symlinking: /home/m/turtlebot3_ws/install/turtlebot3_gazebo/share/turtlebot3_gazebo//models/turtlebot3_house/textures/bricks.png
[9.410s] -- Symlinking: /home/m/turtlebot3_ws/install/turtlebot3_gazebo/share/turtlebot3_gazebo//models/turtlebot3_house/textures/wood.png
[9.420s] -- Symlinking: /home/m/turtlebot3_ws/install/turtlebot3_gazebo/share/turtlebot3_gazebo//models/turtlebot3_waffle/model-1_4.sdf
[9.432s] -- Symlinking: /home/m/turtlebot3_ws/install/turtlebot3_gazebo/share/turtlebot3_gazebo//models/turtlebot3_waffle/model.config
[9.443s] -- Symlinking: /home/m/turtlebot3_ws/install/turtlebot3_gazebo/share/turtlebot3_gazebo//models/turtlebot3_waffle/model.sdf
[9.454s] -- Symlinking: /home/m/turtlebot3_ws/install/turtlebot3_gazebo/share/turtlebot3_gazebo//models/turtlebot3_waffle_pi/model-1_4_.sdf
[9.465s] -- Symlinking: /home/m/turtlebot3_ws/install/turtlebot3_gazebo/share/turtlebot3_gazebo//models/turtlebot3_waffle_pi/model.config
[9.475s] -- Symlinking: /home/m/turtlebot3_ws/install/turtlebot3_gazebo/share/turtlebot3_gazebo//models/turtlebot3_waffle_pi/model.sdf
[9.485s] -- Symlinking: /home/m/turtlebot3_ws/install/turtlebot3_gazebo/share/turtlebot3_gazebo//models/turtlebot3_world/meshes/hexagon.dae
[9.496s] -- Symlinking: /home/m/turtlebot3_ws/install/turtlebot3_gazebo/share/turtlebot3_gazebo//models/turtlebot3_world/meshes/wall.dae
[9.509s] -- Symlinking: /home/m/turtlebot3_ws/install/turtlebot3_gazebo/share/turtlebot3_gazebo//models/turtlebot3_world/model-1_4.sdf
[9.519s] -- Symlinking: /home/m/turtlebot3_ws/install/turtlebot3_gazebo/share/turtlebot3_gazebo//models/turtlebot3_world/model.config
[9.531s] -- Symlinking: /home/m/turtlebot3_ws/install/turtlebot3_gazebo/share/turtlebot3_gazebo//models/turtlebot3_world/model.sdf
[9.543s] -- Symlinking: /home/m/turtlebot3_ws/install/turtlebot3_gazebo/share/turtlebot3_gazebo//params/turtlebot3_burger_bridge.yaml
[9.552s] -- Symlinking: /home/m/turtlebot3_ws/install/turtlebot3_gazebo/share/turtlebot3_gazebo//params/turtlebot3_burger_cam_bridge.yaml
[9.563s] -- Symlinking: /home/m/turtlebot3_ws/install/turtlebot3_gazebo/share/turtlebot3_gazebo//params/turtlebot3_waffle_bridge.yaml
[9.573s] -- Symlinking: /home/m/turtlebot3_ws/install/turtlebot3_gazebo/share/turtlebot3_gazebo//params/turtlebot3_waffle_pi_bridge.yaml
[9.583s] -- Symlinking: /home/m/turtlebot3_ws/install/turtlebot3_gazebo/share/turtlebot3_gazebo//rviz/tb3_gazebo.rviz
[9.595s] -- Symlinking: /home/m/turtlebot3_ws/install/turtlebot3_gazebo/share/turtlebot3_gazebo//urdf/common_properties.urdf
[9.605s] -- Symlinking: /home/m/turtlebot3_ws/install/turtlebot3_gazebo/share/turtlebot3_gazebo//urdf/turtlebot3_burger.urdf
[9.616s] -- Symlinking: /home/m/turtlebot3_ws/install/turtlebot3_gazebo/share/turtlebot3_gazebo//urdf/turtlebot3_burger_cam.urdf
[9.628s] -- Symlinking: /home/m/turtlebot3_ws/install/turtlebot3_gazebo/share/turtlebot3_gazebo//urdf/turtlebot3_waffle.urdf
[9.637s] -- Symlinking: /home/m/turtlebot3_ws/install/turtlebot3_gazebo/share/turtlebot3_gazebo//urdf/turtlebot3_waffle_pi.urdf
[9.647s] -- Symlinking: /home/m/turtlebot3_ws/install/turtlebot3_gazebo/share/turtlebot3_gazebo//worlds/empty_world.world
[9.659s] -- Symlinking: /home/m/turtlebot3_ws/install/turtlebot3_gazebo/share/turtlebot3_gazebo//worlds/turtlebot3_autorace_2020.world
[9.668s] -- Symlinking: /home/m/turtlebot3_ws/install/turtlebot3_gazebo/share/turtlebot3_gazebo//worlds/turtlebot3_dqn_stage1.world
[9.678s] -- Symlinking: /home/m/turtlebot3_ws/install/turtlebot3_gazebo/share/turtlebot3_gazebo//worlds/turtlebot3_dqn_stage2.world
[9.689s] -- Symlinking: /home/m/turtlebot3_ws/install/turtlebot3_gazebo/share/turtlebot3_gazebo//worlds/turtlebot3_dqn_stage3.world
[9.699s] -- Symlinking: /home/m/turtlebot3_ws/install/turtlebot3_gazebo/share/turtlebot3_gazebo//worlds/turtlebot3_dqn_stage4.world
[9.709s] -- Symlinking: /home/m/turtlebot3_ws/install/turtlebot3_gazebo/share/turtlebot3_gazebo//worlds/turtlebot3_house.world
[9.720s] -- Symlinking: /home/m/turtlebot3_ws/install/turtlebot3_gazebo/share/turtlebot3_gazebo//worlds/turtlebot3_world.world
[9.732s] -- Symlinking: /home/m/turtlebot3_ws/install/turtlebot3_gazebo/include//turtlebot3_gazebo/obstacle1.hpp
[9.742s] -- Symlinking: /home/m/turtlebot3_ws/install/turtlebot3_gazebo/include//turtlebot3_gazebo/obstacle2.hpp
[9.754s] -- Symlinking: /home/m/turtlebot3_ws/install/turtlebot3_gazebo/include//turtlebot3_gazebo/obstacles.hpp
[9.764s] -- Symlinking: /home/m/turtlebot3_ws/install/turtlebot3_gazebo/include//turtlebot3_gazebo/traffic_bar_plugin.hpp
[9.774s] -- Symlinking: /home/m/turtlebot3_ws/install/turtlebot3_gazebo/include//turtlebot3_gazebo/traffic_light_plugin.hpp
[9.784s] -- Symlinking: /home/m/turtlebot3_ws/install/turtlebot3_gazebo/include//turtlebot3_gazebo/turtlebot3_drive.hpp
[9.794s] -- Symlinking: /home/m/turtlebot3_ws/install/turtlebot3_gazebo/share/ament_index/resource_index/package_run_dependencies/turtlebot3_gazebo
[9.805s] -- Symlinking: /home/m/turtlebot3_ws/install/turtlebot3_gazebo/share/ament_index/resource_index/parent_prefix_path/turtlebot3_gazebo
[9.817s] -- Symlinking: /home/m/turtlebot3_ws/install/turtlebot3_gazebo/share/turtlebot3_gazebo/environment/ament_prefix_path.sh
[9.827s] -- Symlinking: /home/m/turtlebot3_ws/install/turtlebot3_gazebo/share/turtlebot3_gazebo/environment/ament_prefix_path.dsv
[9.837s] -- Symlinking: /home/m/turtlebot3_ws/install/turtlebot3_gazebo/share/turtlebot3_gazebo/environment/path.sh
[9.847s] -- Symlinking: /home/m/turtlebot3_ws/install/turtlebot3_gazebo/share/turtlebot3_gazebo/environment/path.dsv
[9.858s] -- Symlinking: /home/m/turtlebot3_ws/install/turtlebot3_gazebo/share/turtlebot3_gazebo/local_setup.bash
[9.868s] -- Symlinking: /home/m/turtlebot3_ws/install/turtlebot3_gazebo/share/turtlebot3_gazebo/local_setup.sh
[9.877s] -- Symlinking: /home/m/turtlebot3_ws/install/turtlebot3_gazebo/share/turtlebot3_gazebo/local_setup.zsh
[9.892s] -- Symlinking: /home/m/turtlebot3_ws/install/turtlebot3_gazebo/share/turtlebot3_gazebo/local_setup.dsv
[9.904s] -- Symlinking: /home/m/turtlebot3_ws/install/turtlebot3_gazebo/share/turtlebot3_gazebo/package.dsv
[9.916s] -- Symlinking: /home/m/turtlebot3_ws/install/turtlebot3_gazebo/share/ament_index/resource_index/packages/turtlebot3_gazebo
[9.929s] -- Symlinking: /home/m/turtlebot3_ws/install/turtlebot3_gazebo/share/turtlebot3_gazebo/cmake/ament_cmake_export_include_directories-extras.cmake
[9.941s] -- Symlinking: /home/m/turtlebot3_ws/install/turtlebot3_gazebo/share/turtlebot3_gazebo/cmake/ament_cmake_export_dependencies-extras.cmake
[9.951s] -- Symlinking: /home/m/turtlebot3_ws/install/turtlebot3_gazebo/share/turtlebot3_gazebo/cmake/turtlebot3_gazeboConfig.cmake
[9.962s] -- Symlinking: /home/m/turtlebot3_ws/install/turtlebot3_gazebo/share/turtlebot3_gazebo/cmake/turtlebot3_gazeboConfig-version.cmake
[9.972s] -- Symlinking: /home/m/turtlebot3_ws/install/turtlebot3_gazebo/share/turtlebot3_gazebo/package.xml
[9.986s] Invoked command in '/home/m/turtlebot3_ws/build/turtlebot3_gazebo' returned '0': CMAKE_PREFIX_PATH=${CMAKE_PREFIX_PATH}:/home/m/turtlebot3_ws/install/turtlebot3_teleop:/home/m/turtlebot3_ws/install/turtlebot3_example:/opt/ros/jazzy DEBUGINFOD_URLS=https://debuginfod.ubuntu.com /usr/bin/cmake --install /home/m/turtlebot3_ws/build/turtlebot3_gazebo
