[0.545s] Invoking command in '/home/shiyao/turtlebot3_ws/build/turtlebot3_example': CMAKE_PREFIX_PATH=/home/shiyao/turtlebot3_ws/install/turtlebot3_msgs:/home/shiyao/turtlebot3_ws/install/turtlebot3:/home/shiyao/turtlebot3_ws/install/turtlebot3_simulations:/home/shiyao/turtlebot3_ws/install/turtlebot3_bringup:/home/shiyao/turtlebot3_ws/install/turtlebot3_node:/home/shiyao/turtlebot3_ws/install/turtlebot3_navigation2:/home/shiyao/turtlebot3_ws/install/turtlebot3_fake_node:/home/shiyao/turtlebot3_ws/install/turtlebot3_gazebo:/home/shiyao/turtlebot3_ws/install/turtlebot3_description:/home/shiyao/turtlebot3_ws/install/turtlebot3_cartographer:/home/shiyao/turtlebot3_ws/install/dynamixel_sdk_examples:/home/shiyao/turtlebot3_ws/install/dynamixel_sdk_custom_interfaces:/home/shiyao/turtlebot3_ws/install/dynamixel_sdk:/opt/ros/jazzy/opt/gz_sim_vendor:/opt/ros/jazzy/opt/gz_sensors_vendor:/opt/ros/jazzy/opt/gz_physics_vendor:/opt/ros/jazzy/opt/sdformat_vendor:/opt/ros/jazzy/opt/gz_gui_vendor:/opt/ros/jazzy/opt/gz_transport_vendor:/opt/ros/jazzy/opt/gz_rendering_vendor:/opt/ros/jazzy/opt/gz_plugin_vendor:/opt/ros/jazzy/opt/gz_fuel_tools_vendor:/opt/ros/jazzy/opt/gz_msgs_vendor:/opt/ros/jazzy/opt/gz_common_vendor:/opt/ros/jazzy/opt/gz_math_vendor:/opt/ros/jazzy/opt/gz_utils_vendor:/opt/ros/jazzy/opt/gz_tools_vendor:/opt/ros/jazzy/opt/gz_ogre_next_vendor:/opt/ros/jazzy/opt/gz_dartsim_vendor:/opt/ros/jazzy/opt/gz_cmake_vendor DEBUGINFOD_URLS=https://debuginfod.ubuntu.com PYTHONPATH=/home/shiyao/turtlebot3_ws/build/turtlebot3_example/prefix_override:/usr/lib/python3/dist-packages/colcon_core/task/python/colcon_distutils_commands:/home/shiyao/turtlebot3_ws/install/turtlebot3_example/lib/python3.12/site-packages:/home/shiyao/turtlebot3_ws/install/turtlebot3_msgs/lib/python3.12/site-packages:/home/shiyao/turtlebot3_ws/build/turtlebot3_teleop:/home/shiyao/turtlebot3_ws/install/turtlebot3_teleop/lib/python3.12/site-packages:/home/shiyao/turtlebot3_ws/build/turtlebot3_example:/home/shiyao/turtlebot3_ws/install/turtlebot3_example/lib/python3.12/site-packages:/home/shiyao/turtlebot3_ws/install/dynamixel_sdk_custom_interfaces/lib/python3.12/site-packages:/home/shiyao/turtlebot3_ws/install/dynamixel_sdk/lib/python3.12/site-packages:/opt/ros/jazzy/lib/python3.12/site-packages /usr/bin/python3 -W ignore:setup.py install is deprecated -W ignore:easy_install command is deprecated setup.py develop --editable --build-directory /home/shiyao/turtlebot3_ws/build/turtlebot3_example/build --no-deps symlink_data
[0.780s] running develop
[0.907s] running egg_info
[0.907s] creating turtlebot3_example.egg-info
[0.919s] writing turtlebot3_example.egg-info/PKG-INFO
[0.920s] writing dependency_links to turtlebot3_example.egg-info/dependency_links.txt
[0.920s] writing entry points to turtlebot3_example.egg-info/entry_points.txt
[0.920s] writing requirements to turtlebot3_example.egg-info/requires.txt
[0.920s] writing top-level names to turtlebot3_example.egg-info/top_level.txt
[0.920s] writing manifest file 'turtlebot3_example.egg-info/SOURCES.txt'
[0.946s] reading manifest file 'turtlebot3_example.egg-info/SOURCES.txt'
[0.946s] writing manifest file 'turtlebot3_example.egg-info/SOURCES.txt'
[0.960s] running build_ext
[0.960s] Creating /home/shiyao/turtlebot3_ws/install/turtlebot3_example/lib/python3.12/site-packages/turtlebot3-example.egg-link (link to .)
[0.960s] Installing turtlebot3_absolute_move script to /home/shiyao/turtlebot3_ws/install/turtlebot3_example/lib/turtlebot3_example
[0.961s] Installing turtlebot3_interactive_marker script to /home/shiyao/turtlebot3_ws/install/turtlebot3_example/lib/turtlebot3_example
[0.961s] Installing turtlebot3_obstacle_detection script to /home/shiyao/turtlebot3_ws/install/turtlebot3_example/lib/turtlebot3_example
[0.961s] Installing turtlebot3_patrol_client script to /home/shiyao/turtlebot3_ws/install/turtlebot3_example/lib/turtlebot3_example
[0.961s] Installing turtlebot3_patrol_server script to /home/shiyao/turtlebot3_ws/install/turtlebot3_example/lib/turtlebot3_example
[0.961s] Installing turtlebot3_relative_move script to /home/shiyao/turtlebot3_ws/install/turtlebot3_example/lib/turtlebot3_example
[0.961s] 
[0.961s] Installed /home/shiyao/turtlebot3_ws/build/turtlebot3_example
[0.961s] running symlink_data
[0.961s] creating /home/shiyao/turtlebot3_ws/install/turtlebot3_example/share/ament_index
[0.961s] creating /home/shiyao/turtlebot3_ws/install/turtlebot3_example/share/ament_index/resource_index
[0.961s] creating /home/shiyao/turtlebot3_ws/install/turtlebot3_example/share/ament_index/resource_index/packages
[0.962s] symbolically linking /home/shiyao/turtlebot3_ws/build/turtlebot3_example/resource/turtlebot3_example -> /home/shiyao/turtlebot3_ws/install/turtlebot3_example/share/ament_index/resource_index/packages
[0.962s] symbolically linking /home/shiyao/turtlebot3_ws/build/turtlebot3_example/package.xml -> /home/shiyao/turtlebot3_ws/install/turtlebot3_example/share/turtlebot3_example
[0.987s] Invoked command in '/home/shiyao/turtlebot3_ws/build/turtlebot3_example' returned '0': CMAKE_PREFIX_PATH=/home/shiyao/turtlebot3_ws/install/turtlebot3_msgs:/home/shiyao/turtlebot3_ws/install/turtlebot3:/home/shiyao/turtlebot3_ws/install/turtlebot3_simulations:/home/shiyao/turtlebot3_ws/install/turtlebot3_bringup:/home/shiyao/turtlebot3_ws/install/turtlebot3_node:/home/shiyao/turtlebot3_ws/install/turtlebot3_navigation2:/home/shiyao/turtlebot3_ws/install/turtlebot3_fake_node:/home/shiyao/turtlebot3_ws/install/turtlebot3_gazebo:/home/shiyao/turtlebot3_ws/install/turtlebot3_description:/home/shiyao/turtlebot3_ws/install/turtlebot3_cartographer:/home/shiyao/turtlebot3_ws/install/dynamixel_sdk_examples:/home/shiyao/turtlebot3_ws/install/dynamixel_sdk_custom_interfaces:/home/shiyao/turtlebot3_ws/install/dynamixel_sdk:/opt/ros/jazzy/opt/gz_sim_vendor:/opt/ros/jazzy/opt/gz_sensors_vendor:/opt/ros/jazzy/opt/gz_physics_vendor:/opt/ros/jazzy/opt/sdformat_vendor:/opt/ros/jazzy/opt/gz_gui_vendor:/opt/ros/jazzy/opt/gz_transport_vendor:/opt/ros/jazzy/opt/gz_rendering_vendor:/opt/ros/jazzy/opt/gz_plugin_vendor:/opt/ros/jazzy/opt/gz_fuel_tools_vendor:/opt/ros/jazzy/opt/gz_msgs_vendor:/opt/ros/jazzy/opt/gz_common_vendor:/opt/ros/jazzy/opt/gz_math_vendor:/opt/ros/jazzy/opt/gz_utils_vendor:/opt/ros/jazzy/opt/gz_tools_vendor:/opt/ros/jazzy/opt/gz_ogre_next_vendor:/opt/ros/jazzy/opt/gz_dartsim_vendor:/opt/ros/jazzy/opt/gz_cmake_vendor DEBUGINFOD_URLS=https://debuginfod.ubuntu.com PYTHONPATH=/home/shiyao/turtlebot3_ws/build/turtlebot3_example/prefix_override:/usr/lib/python3/dist-packages/colcon_core/task/python/colcon_distutils_commands:/home/shiyao/turtlebot3_ws/install/turtlebot3_example/lib/python3.12/site-packages:/home/shiyao/turtlebot3_ws/install/turtlebot3_msgs/lib/python3.12/site-packages:/home/shiyao/turtlebot3_ws/build/turtlebot3_teleop:/home/shiyao/turtlebot3_ws/install/turtlebot3_teleop/lib/python3.12/site-packages:/home/shiyao/turtlebot3_ws/build/turtlebot3_example:/home/shiyao/turtlebot3_ws/install/turtlebot3_example/lib/python3.12/site-packages:/home/shiyao/turtlebot3_ws/install/dynamixel_sdk_custom_interfaces/lib/python3.12/site-packages:/home/shiyao/turtlebot3_ws/install/dynamixel_sdk/lib/python3.12/site-packages:/opt/ros/jazzy/lib/python3.12/site-packages /usr/bin/python3 -W ignore:setup.py install is deprecated -W ignore:easy_install command is deprecated setup.py develop --editable --build-directory /home/shiyao/turtlebot3_ws/build/turtlebot3_example/build --no-deps symlink_data
