[0.618s] Invoking command in '/home/m/turtlebot3_ws/build/turtlebot3_example': CMAKE_PREFIX_PATH=/home/m/turtlebot3_ws/install/turtlebot3_msgs:/home/m/turtlebot3_ws/install/turtlebot3:/home/m/turtlebot3_ws/install/turtlebot3_bringup:/home/m/turtlebot3_ws/install/turtlebot3_node:/home/m/turtlebot3_ws/install/turtlebot3_navigation2:/home/m/turtlebot3_ws/install/turtlebot3_description:/home/m/turtlebot3_ws/install/turtlebot3_cartographer:/home/m/turtlebot3_ws/install/dynamixel_sdk_examples:/home/m/turtlebot3_ws/install/dynamixel_sdk_custom_interfaces:/home/m/turtlebot3_ws/install/dynamixel_sdk:/opt/ros/jazzy/opt/gz_sim_vendor:/opt/ros/jazzy/opt/gz_sensors_vendor:/opt/ros/jazzy/opt/gz_physics_vendor:/opt/ros/jazzy/opt/gz_gui_vendor:/opt/ros/jazzy/opt/gz_transport_vendor:/opt/ros/jazzy/opt/gz_rendering_vendor:/opt/ros/jazzy/opt/gz_plugin_vendor:/opt/ros/jazzy/opt/gz_fuel_tools_vendor:/opt/ros/jazzy/opt/gz_msgs_vendor:/opt/ros/jazzy/opt/gz_common_vendor:/opt/ros/jazzy/opt/gz_ogre_next_vendor:/opt/ros/jazzy/opt/gz_dartsim_vendor:/opt/ros/jazzy/opt/sdformat_vendor:/opt/ros/jazzy/opt/gz_math_vendor:/opt/ros/jazzy/opt/gz_utils_vendor:/opt/ros/jazzy/opt/gz_tools_vendor:/opt/ros/jazzy/opt/gz_cmake_vendor DEBUGINFOD_URLS=https://debuginfod.ubuntu.com PYTHONPATH=/home/m/turtlebot3_ws/build/turtlebot3_example/prefix_override:/usr/lib/python3/dist-packages/colcon_core/task/python/colcon_distutils_commands:/home/m/turtlebot3_ws/install/turtlebot3_example/lib/python3.12/site-packages:/home/m/turtlebot3_ws/install/turtlebot3_msgs/lib/python3.12/site-packages:/home/m/turtlebot3_ws/build/turtlebot3_teleop:/home/m/turtlebot3_ws/install/turtlebot3_teleop/lib/python3.12/site-packages:/home/m/turtlebot3_ws/build/turtlebot3_example:/home/m/turtlebot3_ws/install/turtlebot3_example/lib/python3.12/site-packages:/home/m/turtlebot3_ws/install/dynamixel_sdk_custom_interfaces/lib/python3.12/site-packages:/home/m/turtlebot3_ws/install/dynamixel_sdk/lib/python3.12/site-packages:/opt/ros/jazzy/lib/python3.12/site-packages /usr/bin/python3 -W ignore:setup.py install is deprecated -W ignore:easy_install command is deprecated setup.py develop --editable --build-directory /home/m/turtlebot3_ws/build/turtlebot3_example/build --no-deps symlink_data
[0.861s] running develop
[0.992s] running egg_info
[1.005s] writing turtlebot3_example.egg-info/PKG-INFO
[1.005s] writing dependency_links to turtlebot3_example.egg-info/dependency_links.txt
[1.005s] writing entry points to turtlebot3_example.egg-info/entry_points.txt
[1.005s] writing requirements to turtlebot3_example.egg-info/requires.txt
[1.005s] writing top-level names to turtlebot3_example.egg-info/top_level.txt
[1.030s] reading manifest file 'turtlebot3_example.egg-info/SOURCES.txt'
[1.031s] writing manifest file 'turtlebot3_example.egg-info/SOURCES.txt'
[1.043s] running build_ext
[1.044s] Creating /home/m/turtlebot3_ws/install/turtlebot3_example/lib/python3.12/site-packages/turtlebot3-example.egg-link (link to .)
[1.044s] Installing turtlebot3_absolute_move script to /home/m/turtlebot3_ws/install/turtlebot3_example/lib/turtlebot3_example
[1.044s] Installing turtlebot3_interactive_marker script to /home/m/turtlebot3_ws/install/turtlebot3_example/lib/turtlebot3_example
[1.044s] Installing turtlebot3_obstacle_detection script to /home/m/turtlebot3_ws/install/turtlebot3_example/lib/turtlebot3_example
[1.044s] Installing turtlebot3_patrol_client script to /home/m/turtlebot3_ws/install/turtlebot3_example/lib/turtlebot3_example
[1.044s] Installing turtlebot3_patrol_server script to /home/m/turtlebot3_ws/install/turtlebot3_example/lib/turtlebot3_example
[1.044s] Installing turtlebot3_relative_move script to /home/m/turtlebot3_ws/install/turtlebot3_example/lib/turtlebot3_example
[1.045s] 
[1.045s] Installed /home/m/turtlebot3_ws/build/turtlebot3_example
[1.045s] running symlink_data
[1.065s] Invoked command in '/home/m/turtlebot3_ws/build/turtlebot3_example' returned '0': CMAKE_PREFIX_PATH=/home/m/turtlebot3_ws/install/turtlebot3_msgs:/home/m/turtlebot3_ws/install/turtlebot3:/home/m/turtlebot3_ws/install/turtlebot3_bringup:/home/m/turtlebot3_ws/install/turtlebot3_node:/home/m/turtlebot3_ws/install/turtlebot3_navigation2:/home/m/turtlebot3_ws/install/turtlebot3_description:/home/m/turtlebot3_ws/install/turtlebot3_cartographer:/home/m/turtlebot3_ws/install/dynamixel_sdk_examples:/home/m/turtlebot3_ws/install/dynamixel_sdk_custom_interfaces:/home/m/turtlebot3_ws/install/dynamixel_sdk:/opt/ros/jazzy/opt/gz_sim_vendor:/opt/ros/jazzy/opt/gz_sensors_vendor:/opt/ros/jazzy/opt/gz_physics_vendor:/opt/ros/jazzy/opt/gz_gui_vendor:/opt/ros/jazzy/opt/gz_transport_vendor:/opt/ros/jazzy/opt/gz_rendering_vendor:/opt/ros/jazzy/opt/gz_plugin_vendor:/opt/ros/jazzy/opt/gz_fuel_tools_vendor:/opt/ros/jazzy/opt/gz_msgs_vendor:/opt/ros/jazzy/opt/gz_common_vendor:/opt/ros/jazzy/opt/gz_ogre_next_vendor:/opt/ros/jazzy/opt/gz_dartsim_vendor:/opt/ros/jazzy/opt/sdformat_vendor:/opt/ros/jazzy/opt/gz_math_vendor:/opt/ros/jazzy/opt/gz_utils_vendor:/opt/ros/jazzy/opt/gz_tools_vendor:/opt/ros/jazzy/opt/gz_cmake_vendor DEBUGINFOD_URLS=https://debuginfod.ubuntu.com PYTHONPATH=/home/m/turtlebot3_ws/build/turtlebot3_example/prefix_override:/usr/lib/python3/dist-packages/colcon_core/task/python/colcon_distutils_commands:/home/m/turtlebot3_ws/install/turtlebot3_example/lib/python3.12/site-packages:/home/m/turtlebot3_ws/install/turtlebot3_msgs/lib/python3.12/site-packages:/home/m/turtlebot3_ws/build/turtlebot3_teleop:/home/m/turtlebot3_ws/install/turtlebot3_teleop/lib/python3.12/site-packages:/home/m/turtlebot3_ws/build/turtlebot3_example:/home/m/turtlebot3_ws/install/turtlebot3_example/lib/python3.12/site-packages:/home/m/turtlebot3_ws/install/dynamixel_sdk_custom_interfaces/lib/python3.12/site-packages:/home/m/turtlebot3_ws/install/dynamixel_sdk/lib/python3.12/site-packages:/opt/ros/jazzy/lib/python3.12/site-packages /usr/bin/python3 -W ignore:setup.py install is deprecated -W ignore:easy_install command is deprecated setup.py develop --editable --build-directory /home/m/turtlebot3_ws/build/turtlebot3_example/build --no-deps symlink_data
