[0.169s] Invoking command in '/home/m/turtlebot3_ws/build/turtlebot3_fake_node': CMAKE_PREFIX_PATH=/home/m/turtlebot3_ws/install/turtlebot3_msgs:/home/m/turtlebot3_ws/install/turtlebot3:/home/m/turtlebot3_ws/install/turtlebot3_bringup:/home/m/turtlebot3_ws/install/turtlebot3_node:/home/m/turtlebot3_ws/install/turtlebot3_navigation2:/home/m/turtlebot3_ws/install/turtlebot3_description:/home/m/turtlebot3_ws/install/turtlebot3_cartographer:/home/m/turtlebot3_ws/install/dynamixel_sdk_examples:/home/m/turtlebot3_ws/install/dynamixel_sdk_custom_interfaces:/home/m/turtlebot3_ws/install/dynamixel_sdk:/opt/ros/jazzy/opt/gz_sim_vendor:/opt/ros/jazzy/opt/gz_sensors_vendor:/opt/ros/jazzy/opt/gz_physics_vendor:/opt/ros/jazzy/opt/gz_gui_vendor:/opt/ros/jazzy/opt/gz_transport_vendor:/opt/ros/jazzy/opt/gz_rendering_vendor:/opt/ros/jazzy/opt/gz_plugin_vendor:/opt/ros/jazzy/opt/gz_fuel_tools_vendor:/opt/ros/jazzy/opt/gz_msgs_vendor:/opt/ros/jazzy/opt/gz_common_vendor:/opt/ros/jazzy/opt/gz_ogre_next_vendor:/opt/ros/jazzy/opt/gz_dartsim_vendor:/opt/ros/jazzy/opt/sdformat_vendor:/opt/ros/jazzy/opt/gz_math_vendor:/opt/ros/jazzy/opt/gz_utils_vendor:/opt/ros/jazzy/opt/gz_tools_vendor:/opt/ros/jazzy/opt/gz_cmake_vendor:/home/m/turtlebot3_ws/install/turtlebot3_teleop:/home/m/turtlebot3_ws/install/turtlebot3_example:/opt/ros/jazzy DEBUGINFOD_URLS=https://debuginfod.ubuntu.com PYTHONPATH=/home/m/turtlebot3_ws/install/turtlebot3_msgs/lib/python3.12/site-packages:/home/m/turtlebot3_ws/build/turtlebot3_teleop:/home/m/turtlebot3_ws/install/turtlebot3_teleop/lib/python3.12/site-packages:/home/m/turtlebot3_ws/build/turtlebot3_example:/home/m/turtlebot3_ws/install/turtlebot3_example/lib/python3.12/site-packages:/home/m/turtlebot3_ws/install/dynamixel_sdk_custom_interfaces/lib/python3.12/site-packages:/home/m/turtlebot3_ws/install/dynamixel_sdk/lib/python3.12/site-packages:/opt/ros/jazzy/lib/python3.12/site-packages /usr/bin/cmake /home/m/turtlebot3_ws/src/turtlebot3_simulations/turtlebot3_fake_node -DAMENT_CMAKE_SYMLINK_INSTALL=1 -DCMAKE_INSTALL_PREFIX=/home/m/turtlebot3_ws/install/turtlebot3_fake_node
[0.219s] -- The C compiler identification is GNU 13.3.0
[0.266s] -- The CXX compiler identification is GNU 13.3.0
[0.284s] -- Detecting C compiler ABI info
[0.367s] -- Detecting C compiler ABI info - done
[0.379s] -- Check for working C compiler: /usr/bin/cc - skipped
[0.379s] -- Detecting C compile features
[0.379s] -- Detecting C compile features - done
[0.390s] -- Detecting CXX compiler ABI info
[0.478s] -- Detecting CXX compiler ABI info - done
[0.489s] -- Check for working CXX compiler: /usr/bin/c++ - skipped
[0.489s] -- Detecting CXX compile features
[0.489s] -- Detecting CXX compile features - done
[0.493s] -- Found ament_cmake: 2.5.4 (/opt/ros/jazzy/share/ament_cmake/cmake)
[0.634s] -- Found Python3: /usr/bin/python3 (found version "3.12.3") found components: Interpreter 
[0.689s] -- Override CMake install command with custom implementation using symlinks instead of copying resources
[0.731s] -- Found geometry_msgs: 5.3.6 (/opt/ros/jazzy/share/geometry_msgs/cmake)
[0.770s] -- Found rosidl_generator_c: 4.6.6 (/opt/ros/jazzy/share/rosidl_generator_c/cmake)
[0.781s] -- Found rosidl_generator_cpp: 4.6.6 (/opt/ros/jazzy/share/rosidl_generator_cpp/cmake)
[0.795s] -- Using all available rosidl_typesupport_c: rosidl_typesupport_fastrtps_c;rosidl_typesupport_introspection_c
[0.810s] -- Using all available rosidl_typesupport_cpp: rosidl_typesupport_fastrtps_cpp;rosidl_typesupport_introspection_cpp
[0.844s] -- Found nav_msgs: 5.3.6 (/opt/ros/jazzy/share/nav_msgs/cmake)
[0.872s] -- Found rclcpp: 28.1.11 (/opt/ros/jazzy/share/rclcpp/cmake)
[0.909s] -- Found rmw_implementation_cmake: 7.3.2 (/opt/ros/jazzy/share/rmw_implementation_cmake/cmake)
[0.912s] -- Found rmw_fastrtps_cpp: 8.4.3 (/opt/ros/jazzy/share/rmw_fastrtps_cpp/cmake)
[0.986s] -- Found OpenSSL: /usr/lib/x86_64-linux-gnu/libcrypto.so (found version "3.0.13")  
[1.004s] -- Found FastRTPS: /opt/ros/jazzy/include (Required is at least version "2.13") 
[1.023s] -- Using RMW implementation 'rmw_fastrtps_cpp' as default
[1.087s] -- Found sensor_msgs: 5.3.6 (/opt/ros/jazzy/share/sensor_msgs/cmake)
[1.107s] -- Found tf2: 0.36.14 (/opt/ros/jazzy/share/tf2/cmake)
[1.112s] -- Found tf2_msgs: 0.36.14 (/opt/ros/jazzy/share/tf2_msgs/cmake)
[1.157s] -- Found turtlebot3_msgs: 2.4.0 (/home/m/turtlebot3_ws/install/turtlebot3_msgs/share/turtlebot3_msgs/cmake)
[1.243s] -- Configuring done (1.1s)
[1.250s] -- Generating done (0.0s)
[1.253s] -- Build files have been written to: /home/m/turtlebot3_ws/build/turtlebot3_fake_node
[1.261s] Invoked command in '/home/m/turtlebot3_ws/build/turtlebot3_fake_node' returned '0': CMAKE_PREFIX_PATH=/home/m/turtlebot3_ws/install/turtlebot3_msgs:/home/m/turtlebot3_ws/install/turtlebot3:/home/m/turtlebot3_ws/install/turtlebot3_bringup:/home/m/turtlebot3_ws/install/turtlebot3_node:/home/m/turtlebot3_ws/install/turtlebot3_navigation2:/home/m/turtlebot3_ws/install/turtlebot3_description:/home/m/turtlebot3_ws/install/turtlebot3_cartographer:/home/m/turtlebot3_ws/install/dynamixel_sdk_examples:/home/m/turtlebot3_ws/install/dynamixel_sdk_custom_interfaces:/home/m/turtlebot3_ws/install/dynamixel_sdk:/opt/ros/jazzy/opt/gz_sim_vendor:/opt/ros/jazzy/opt/gz_sensors_vendor:/opt/ros/jazzy/opt/gz_physics_vendor:/opt/ros/jazzy/opt/gz_gui_vendor:/opt/ros/jazzy/opt/gz_transport_vendor:/opt/ros/jazzy/opt/gz_rendering_vendor:/opt/ros/jazzy/opt/gz_plugin_vendor:/opt/ros/jazzy/opt/gz_fuel_tools_vendor:/opt/ros/jazzy/opt/gz_msgs_vendor:/opt/ros/jazzy/opt/gz_common_vendor:/opt/ros/jazzy/opt/gz_ogre_next_vendor:/opt/ros/jazzy/opt/gz_dartsim_vendor:/opt/ros/jazzy/opt/sdformat_vendor:/opt/ros/jazzy/opt/gz_math_vendor:/opt/ros/jazzy/opt/gz_utils_vendor:/opt/ros/jazzy/opt/gz_tools_vendor:/opt/ros/jazzy/opt/gz_cmake_vendor:/home/m/turtlebot3_ws/install/turtlebot3_teleop:/home/m/turtlebot3_ws/install/turtlebot3_example:/opt/ros/jazzy DEBUGINFOD_URLS=https://debuginfod.ubuntu.com PYTHONPATH=/home/m/turtlebot3_ws/install/turtlebot3_msgs/lib/python3.12/site-packages:/home/m/turtlebot3_ws/build/turtlebot3_teleop:/home/m/turtlebot3_ws/install/turtlebot3_teleop/lib/python3.12/site-packages:/home/m/turtlebot3_ws/build/turtlebot3_example:/home/m/turtlebot3_ws/install/turtlebot3_example/lib/python3.12/site-packages:/home/m/turtlebot3_ws/install/dynamixel_sdk_custom_interfaces/lib/python3.12/site-packages:/home/m/turtlebot3_ws/install/dynamixel_sdk/lib/python3.12/site-packages:/opt/ros/jazzy/lib/python3.12/site-packages /usr/bin/cmake /home/m/turtlebot3_ws/src/turtlebot3_simulations/turtlebot3_fake_node -DAMENT_CMAKE_SYMLINK_INSTALL=1 -DCMAKE_INSTALL_PREFIX=/home/m/turtlebot3_ws/install/turtlebot3_fake_node
[1.262s] Invoking command in '/home/m/turtlebot3_ws/build/turtlebot3_fake_node': CMAKE_PREFIX_PATH=/home/m/turtlebot3_ws/install/turtlebot3_msgs:/home/m/turtlebot3_ws/install/turtlebot3:/home/m/turtlebot3_ws/install/turtlebot3_bringup:/home/m/turtlebot3_ws/install/turtlebot3_node:/home/m/turtlebot3_ws/install/turtlebot3_navigation2:/home/m/turtlebot3_ws/install/turtlebot3_description:/home/m/turtlebot3_ws/install/turtlebot3_cartographer:/home/m/turtlebot3_ws/install/dynamixel_sdk_examples:/home/m/turtlebot3_ws/install/dynamixel_sdk_custom_interfaces:/home/m/turtlebot3_ws/install/dynamixel_sdk:/opt/ros/jazzy/opt/gz_sim_vendor:/opt/ros/jazzy/opt/gz_sensors_vendor:/opt/ros/jazzy/opt/gz_physics_vendor:/opt/ros/jazzy/opt/gz_gui_vendor:/opt/ros/jazzy/opt/gz_transport_vendor:/opt/ros/jazzy/opt/gz_rendering_vendor:/opt/ros/jazzy/opt/gz_plugin_vendor:/opt/ros/jazzy/opt/gz_fuel_tools_vendor:/opt/ros/jazzy/opt/gz_msgs_vendor:/opt/ros/jazzy/opt/gz_common_vendor:/opt/ros/jazzy/opt/gz_ogre_next_vendor:/opt/ros/jazzy/opt/gz_dartsim_vendor:/opt/ros/jazzy/opt/sdformat_vendor:/opt/ros/jazzy/opt/gz_math_vendor:/opt/ros/jazzy/opt/gz_utils_vendor:/opt/ros/jazzy/opt/gz_tools_vendor:/opt/ros/jazzy/opt/gz_cmake_vendor:/home/m/turtlebot3_ws/install/turtlebot3_teleop:/home/m/turtlebot3_ws/install/turtlebot3_example:/opt/ros/jazzy DEBUGINFOD_URLS=https://debuginfod.ubuntu.com PYTHONPATH=/home/m/turtlebot3_ws/install/turtlebot3_msgs/lib/python3.12/site-packages:/home/m/turtlebot3_ws/build/turtlebot3_teleop:/home/m/turtlebot3_ws/install/turtlebot3_teleop/lib/python3.12/site-packages:/home/m/turtlebot3_ws/build/turtlebot3_example:/home/m/turtlebot3_ws/install/turtlebot3_example/lib/python3.12/site-packages:/home/m/turtlebot3_ws/install/dynamixel_sdk_custom_interfaces/lib/python3.12/site-packages:/home/m/turtlebot3_ws/install/dynamixel_sdk/lib/python3.12/site-packages:/opt/ros/jazzy/lib/python3.12/site-packages /usr/bin/cmake --build /home/m/turtlebot3_ws/build/turtlebot3_fake_node -- -j32 -l32
[1.342s] [ 50%] [32mBuilding CXX object CMakeFiles/turtlebot3_fake_node.dir/src/turtlebot3_fake_node.cpp.o[0m
[6.861s] [100%] [32m[1mLinking CXX executable turtlebot3_fake_node[0m
[7.075s] [100%] Built target turtlebot3_fake_node
[7.086s] Invoked command in '/home/m/turtlebot3_ws/build/turtlebot3_fake_node' returned '0': CMAKE_PREFIX_PATH=/home/m/turtlebot3_ws/install/turtlebot3_msgs:/home/m/turtlebot3_ws/install/turtlebot3:/home/m/turtlebot3_ws/install/turtlebot3_bringup:/home/m/turtlebot3_ws/install/turtlebot3_node:/home/m/turtlebot3_ws/install/turtlebot3_navigation2:/home/m/turtlebot3_ws/install/turtlebot3_description:/home/m/turtlebot3_ws/install/turtlebot3_cartographer:/home/m/turtlebot3_ws/install/dynamixel_sdk_examples:/home/m/turtlebot3_ws/install/dynamixel_sdk_custom_interfaces:/home/m/turtlebot3_ws/install/dynamixel_sdk:/opt/ros/jazzy/opt/gz_sim_vendor:/opt/ros/jazzy/opt/gz_sensors_vendor:/opt/ros/jazzy/opt/gz_physics_vendor:/opt/ros/jazzy/opt/gz_gui_vendor:/opt/ros/jazzy/opt/gz_transport_vendor:/opt/ros/jazzy/opt/gz_rendering_vendor:/opt/ros/jazzy/opt/gz_plugin_vendor:/opt/ros/jazzy/opt/gz_fuel_tools_vendor:/opt/ros/jazzy/opt/gz_msgs_vendor:/opt/ros/jazzy/opt/gz_common_vendor:/opt/ros/jazzy/opt/gz_ogre_next_vendor:/opt/ros/jazzy/opt/gz_dartsim_vendor:/opt/ros/jazzy/opt/sdformat_vendor:/opt/ros/jazzy/opt/gz_math_vendor:/opt/ros/jazzy/opt/gz_utils_vendor:/opt/ros/jazzy/opt/gz_tools_vendor:/opt/ros/jazzy/opt/gz_cmake_vendor:/home/m/turtlebot3_ws/install/turtlebot3_teleop:/home/m/turtlebot3_ws/install/turtlebot3_example:/opt/ros/jazzy DEBUGINFOD_URLS=https://debuginfod.ubuntu.com PYTHONPATH=/home/m/turtlebot3_ws/install/turtlebot3_msgs/lib/python3.12/site-packages:/home/m/turtlebot3_ws/build/turtlebot3_teleop:/home/m/turtlebot3_ws/install/turtlebot3_teleop/lib/python3.12/site-packages:/home/m/turtlebot3_ws/build/turtlebot3_example:/home/m/turtlebot3_ws/install/turtlebot3_example/lib/python3.12/site-packages:/home/m/turtlebot3_ws/install/dynamixel_sdk_custom_interfaces/lib/python3.12/site-packages:/home/m/turtlebot3_ws/install/dynamixel_sdk/lib/python3.12/site-packages:/opt/ros/jazzy/lib/python3.12/site-packages /usr/bin/cmake --build /home/m/turtlebot3_ws/build/turtlebot3_fake_node -- -j32 -l32
[7.086s] Invoking command in '/home/m/turtlebot3_ws/build/turtlebot3_fake_node': CMAKE_PREFIX_PATH=/home/m/turtlebot3_ws/install/turtlebot3_msgs:/home/m/turtlebot3_ws/install/turtlebot3:/home/m/turtlebot3_ws/install/turtlebot3_bringup:/home/m/turtlebot3_ws/install/turtlebot3_node:/home/m/turtlebot3_ws/install/turtlebot3_navigation2:/home/m/turtlebot3_ws/install/turtlebot3_description:/home/m/turtlebot3_ws/install/turtlebot3_cartographer:/home/m/turtlebot3_ws/install/dynamixel_sdk_examples:/home/m/turtlebot3_ws/install/dynamixel_sdk_custom_interfaces:/home/m/turtlebot3_ws/install/dynamixel_sdk:/opt/ros/jazzy/opt/gz_sim_vendor:/opt/ros/jazzy/opt/gz_sensors_vendor:/opt/ros/jazzy/opt/gz_physics_vendor:/opt/ros/jazzy/opt/gz_gui_vendor:/opt/ros/jazzy/opt/gz_transport_vendor:/opt/ros/jazzy/opt/gz_rendering_vendor:/opt/ros/jazzy/opt/gz_plugin_vendor:/opt/ros/jazzy/opt/gz_fuel_tools_vendor:/opt/ros/jazzy/opt/gz_msgs_vendor:/opt/ros/jazzy/opt/gz_common_vendor:/opt/ros/jazzy/opt/gz_ogre_next_vendor:/opt/ros/jazzy/opt/gz_dartsim_vendor:/opt/ros/jazzy/opt/sdformat_vendor:/opt/ros/jazzy/opt/gz_math_vendor:/opt/ros/jazzy/opt/gz_utils_vendor:/opt/ros/jazzy/opt/gz_tools_vendor:/opt/ros/jazzy/opt/gz_cmake_vendor:/home/m/turtlebot3_ws/install/turtlebot3_teleop:/home/m/turtlebot3_ws/install/turtlebot3_example:/opt/ros/jazzy DEBUGINFOD_URLS=https://debuginfod.ubuntu.com PYTHONPATH=/home/m/turtlebot3_ws/install/turtlebot3_msgs/lib/python3.12/site-packages:/home/m/turtlebot3_ws/build/turtlebot3_teleop:/home/m/turtlebot3_ws/install/turtlebot3_teleop/lib/python3.12/site-packages:/home/m/turtlebot3_ws/build/turtlebot3_example:/home/m/turtlebot3_ws/install/turtlebot3_example/lib/python3.12/site-packages:/home/m/turtlebot3_ws/install/dynamixel_sdk_custom_interfaces/lib/python3.12/site-packages:/home/m/turtlebot3_ws/install/dynamixel_sdk/lib/python3.12/site-packages:/opt/ros/jazzy/lib/python3.12/site-packages /usr/bin/cmake --install /home/m/turtlebot3_ws/build/turtlebot3_fake_node
[7.093s] -- Install configuration: ""
[7.093s] -- Execute custom install script
[7.093s] -- Symlinking: /home/m/turtlebot3_ws/install/turtlebot3_fake_node/lib/turtlebot3_fake_node/turtlebot3_fake_node
[7.100s] -- Symlinking: /home/m/turtlebot3_ws/install/turtlebot3_fake_node/share/turtlebot3_fake_node/launch/rviz2.launch.py
[7.105s] -- Symlinking: /home/m/turtlebot3_ws/install/turtlebot3_fake_node/share/turtlebot3_fake_node/launch/turtlebot3_fake_node.launch.py
[7.112s] -- Symlinking: /home/m/turtlebot3_ws/install/turtlebot3_fake_node/share/turtlebot3_fake_node/param/burger.yaml
[7.119s] -- Symlinking: /home/m/turtlebot3_ws/install/turtlebot3_fake_node/share/turtlebot3_fake_node/param/waffle.yaml
[7.126s] -- Symlinking: /home/m/turtlebot3_ws/install/turtlebot3_fake_node/share/turtlebot3_fake_node/param/waffle_pi.yaml
[7.133s] -- Symlinking: /home/m/turtlebot3_ws/install/turtlebot3_fake_node/include//turtlebot3_fake_node/turtlebot3_fake_node.hpp
[7.139s] -- Symlinking: /home/m/turtlebot3_ws/install/turtlebot3_fake_node/share/ament_index/resource_index/package_run_dependencies/turtlebot3_fake_node
[7.145s] -- Symlinking: /home/m/turtlebot3_ws/install/turtlebot3_fake_node/share/ament_index/resource_index/parent_prefix_path/turtlebot3_fake_node
[7.152s] -- Symlinking: /home/m/turtlebot3_ws/install/turtlebot3_fake_node/share/turtlebot3_fake_node/environment/ament_prefix_path.sh
[7.159s] -- Symlinking: /home/m/turtlebot3_ws/install/turtlebot3_fake_node/share/turtlebot3_fake_node/environment/ament_prefix_path.dsv
[7.165s] -- Symlinking: /home/m/turtlebot3_ws/install/turtlebot3_fake_node/share/turtlebot3_fake_node/environment/path.sh
[7.171s] -- Symlinking: /home/m/turtlebot3_ws/install/turtlebot3_fake_node/share/turtlebot3_fake_node/environment/path.dsv
[7.176s] -- Symlinking: /home/m/turtlebot3_ws/install/turtlebot3_fake_node/share/turtlebot3_fake_node/local_setup.bash
[7.183s] -- Symlinking: /home/m/turtlebot3_ws/install/turtlebot3_fake_node/share/turtlebot3_fake_node/local_setup.sh
[7.189s] -- Symlinking: /home/m/turtlebot3_ws/install/turtlebot3_fake_node/share/turtlebot3_fake_node/local_setup.zsh
[7.195s] -- Symlinking: /home/m/turtlebot3_ws/install/turtlebot3_fake_node/share/turtlebot3_fake_node/local_setup.dsv
[7.200s] -- Symlinking: /home/m/turtlebot3_ws/install/turtlebot3_fake_node/share/turtlebot3_fake_node/package.dsv
[7.205s] -- Symlinking: /home/m/turtlebot3_ws/install/turtlebot3_fake_node/share/ament_index/resource_index/packages/turtlebot3_fake_node
[7.210s] -- Symlinking: /home/m/turtlebot3_ws/install/turtlebot3_fake_node/share/turtlebot3_fake_node/cmake/ament_cmake_export_include_directories-extras.cmake
[7.215s] -- Symlinking: /home/m/turtlebot3_ws/install/turtlebot3_fake_node/share/turtlebot3_fake_node/cmake/ament_cmake_export_dependencies-extras.cmake
[7.220s] -- Symlinking: /home/m/turtlebot3_ws/install/turtlebot3_fake_node/share/turtlebot3_fake_node/cmake/turtlebot3_fake_nodeConfig.cmake
[7.227s] -- Symlinking: /home/m/turtlebot3_ws/install/turtlebot3_fake_node/share/turtlebot3_fake_node/cmake/turtlebot3_fake_nodeConfig-version.cmake
[7.232s] -- Symlinking: /home/m/turtlebot3_ws/install/turtlebot3_fake_node/share/turtlebot3_fake_node/package.xml
[7.239s] Invoked command in '/home/m/turtlebot3_ws/build/turtlebot3_fake_node' returned '0': CMAKE_PREFIX_PATH=/home/m/turtlebot3_ws/install/turtlebot3_msgs:/home/m/turtlebot3_ws/install/turtlebot3:/home/m/turtlebot3_ws/install/turtlebot3_bringup:/home/m/turtlebot3_ws/install/turtlebot3_node:/home/m/turtlebot3_ws/install/turtlebot3_navigation2:/home/m/turtlebot3_ws/install/turtlebot3_description:/home/m/turtlebot3_ws/install/turtlebot3_cartographer:/home/m/turtlebot3_ws/install/dynamixel_sdk_examples:/home/m/turtlebot3_ws/install/dynamixel_sdk_custom_interfaces:/home/m/turtlebot3_ws/install/dynamixel_sdk:/opt/ros/jazzy/opt/gz_sim_vendor:/opt/ros/jazzy/opt/gz_sensors_vendor:/opt/ros/jazzy/opt/gz_physics_vendor:/opt/ros/jazzy/opt/gz_gui_vendor:/opt/ros/jazzy/opt/gz_transport_vendor:/opt/ros/jazzy/opt/gz_rendering_vendor:/opt/ros/jazzy/opt/gz_plugin_vendor:/opt/ros/jazzy/opt/gz_fuel_tools_vendor:/opt/ros/jazzy/opt/gz_msgs_vendor:/opt/ros/jazzy/opt/gz_common_vendor:/opt/ros/jazzy/opt/gz_ogre_next_vendor:/opt/ros/jazzy/opt/gz_dartsim_vendor:/opt/ros/jazzy/opt/sdformat_vendor:/opt/ros/jazzy/opt/gz_math_vendor:/opt/ros/jazzy/opt/gz_utils_vendor:/opt/ros/jazzy/opt/gz_tools_vendor:/opt/ros/jazzy/opt/gz_cmake_vendor:/home/m/turtlebot3_ws/install/turtlebot3_teleop:/home/m/turtlebot3_ws/install/turtlebot3_example:/opt/ros/jazzy DEBUGINFOD_URLS=https://debuginfod.ubuntu.com PYTHONPATH=/home/m/turtlebot3_ws/install/turtlebot3_msgs/lib/python3.12/site-packages:/home/m/turtlebot3_ws/build/turtlebot3_teleop:/home/m/turtlebot3_ws/install/turtlebot3_teleop/lib/python3.12/site-packages:/home/m/turtlebot3_ws/build/turtlebot3_example:/home/m/turtlebot3_ws/install/turtlebot3_example/lib/python3.12/site-packages:/home/m/turtlebot3_ws/install/dynamixel_sdk_custom_interfaces/lib/python3.12/site-packages:/home/m/turtlebot3_ws/install/dynamixel_sdk/lib/python3.12/site-packages:/opt/ros/jazzy/lib/python3.12/site-packages /usr/bin/cmake --install /home/m/turtlebot3_ws/build/turtlebot3_fake_node
