[0.008s] Invoking command in '/home/shiyao/Documents/GitHub/MTRX3760-Project-1/turtlebot3_ws/build/turtlebot3_gazebo': CMAKE_PREFIX_PATH=${CMAKE_PREFIX_PATH}:/home/shiyao/Documents/GitHub/MTRX3760-Project-1/turtlebot3_ws/install/turtlebot3_teleop:/home/shiyao/Documents/GitHub/MTRX3760-Project-1/turtlebot3_ws/install/turtlebot3_example:/home/shiyao/turtlebot3_ws/install/turtlebot3_teleop:/home/shiyao/turtlebot3_ws/install/turtlebot3_example:/home/shiyao/turtlebot3_ws/install/turtlebot3_gazebo:/opt/ros/jazzy DEBUGINFOD_URLS=https://debuginfod.ubuntu.com /usr/bin/cmake /home/shiyao/Documents/GitHub/MTRX3760-Project-1/turtlebot3_ws/src/turtlebot3_simulations/turtlebot3_gazebo -DCMAKE_INSTALL_PREFIX=/home/shiyao/Documents/GitHub/MTRX3760-Project-1/turtlebot3_ws/install/turtlebot3_gazebo
[0.142s] -- The C compiler identification is GNU 13.3.0
[0.196s] -- The CXX compiler identification is GNU 13.3.0
[0.214s] -- Detecting C compiler ABI info
[0.298s] -- Detecting C compiler ABI info - done
[0.309s] -- Check for working C compiler: /usr/bin/cc - skipped
[0.310s] -- Detecting C compile features
[0.311s] -- Detecting C compile features - done
[0.319s] -- Detecting CXX compiler ABI info
[0.407s] -- Detecting CXX compiler ABI info - done
[0.415s] -- Check for working CXX compiler: /usr/bin/c++ - skipped
[0.415s] -- Detecting CXX compile features
[0.415s] -- Detecting CXX compile features - done
[0.428s] -- Found ament_cmake: 2.5.4 (/opt/ros/jazzy/share/ament_cmake/cmake)
[0.556s] -- Found Python3: /usr/bin/python3 (found version "3.12.3") found components: Interpreter 
[0.663s] -- Found ros_gz_sim: 1.0.16 (/opt/ros/jazzy/share/ros_gz_sim/cmake)
[0.725s] -- Found rosidl_generator_c: 4.6.6 (/opt/ros/jazzy/share/rosidl_generator_c/cmake)
[0.741s] -- Found rosidl_generator_cpp: 4.6.6 (/opt/ros/jazzy/share/rosidl_generator_cpp/cmake)
[0.760s] -- Using all available rosidl_typesupport_c: rosidl_typesupport_fastrtps_c;rosidl_typesupport_introspection_c
[0.780s] -- Using all available rosidl_typesupport_cpp: rosidl_typesupport_fastrtps_cpp;rosidl_typesupport_introspection_cpp
[0.861s] -- Found rmw_implementation_cmake: 7.3.2 (/opt/ros/jazzy/share/rmw_implementation_cmake/cmake)
[0.866s] -- Found rmw_fastrtps_cpp: 8.4.3 (/opt/ros/jazzy/share/rmw_fastrtps_cpp/cmake)
[0.997s] -- Found OpenSSL: /usr/lib/x86_64-linux-gnu/libcrypto.so (found version "3.0.13")  
[1.017s] -- Found FastRTPS: /opt/ros/jazzy/include (Required is at least version "2.13") 
[1.036s] -- Using RMW implementation 'rmw_fastrtps_cpp' as default
[1.268s] -- Found nav_msgs: 5.3.6 (/opt/ros/jazzy/share/nav_msgs/cmake)
[1.291s] -- Found sensor_msgs: 5.3.6 (/opt/ros/jazzy/share/sensor_msgs/cmake)
[1.312s] -- Found gz_math_vendor: 0.0.8 (/opt/ros/jazzy/share/gz_math_vendor/cmake)
[1.323s] -- Looking for gz-math7 -- found version 7.5.2
[1.329s] -- Searching for dependencies of gz-math7
[1.331s] -- Looking for gz-utils2 -- found version 2.2.1
[1.331s] -- Searching for dependencies of gz-utils2
[1.335s] -- Found gz_sim_vendor: 0.0.8 (/opt/ros/jazzy/share/gz_sim_vendor/cmake)
[1.394s] -- Looking for gz-sim8 -- found version 8.9.0
[1.394s] -- Searching for dependencies of gz-sim8
[1.396s] -- Looking for sdformat14 -- found version 14.8.0
[1.396s] -- Searching for dependencies of sdformat14
[1.400s] -- Checking for module 'tinyxml2'
[1.414s] --   Found tinyxml2, version 10.0.0
[1.458s] -- Looking for gz-math7 -- found version 7.5.2
[1.461s] -- Looking for gz-utils2 -- found version 2.2.1
[1.462s] -- Searching for dependencies of gz-utils2
[1.463s] -- Searching for <gz-utils2> component [cli]
[1.470s] -- Looking for gz-utils2-cli -- found version 2.2.1
[1.470s] -- Searching for dependencies of gz-utils2-cli
[1.474s] -- Looking for gz-plugin2 -- found version 2.0.4
[1.474s] -- Searching for dependencies of gz-plugin2
[1.474s] -- Looking for gz-utils2 -- found version 2.2.1
[1.475s] -- Searching for <gz-plugin2> component [loader]
[1.478s] -- Looking for gz-plugin2-loader -- found version 2.0.4
[1.478s] -- Searching for dependencies of gz-plugin2-loader
[1.478s] -- Searching for <gz-plugin2> component [register]
[1.482s] -- Looking for gz-plugin2-register -- found version 2.0.4
[1.482s] -- Searching for dependencies of gz-plugin2-register
[1.484s] -- Looking for gz-transport13 -- found version 13.4.1
[1.484s] -- Searching for dependencies of gz-transport13
[1.605s] -- Found Protobuf: /usr/lib/x86_64-linux-gnu/libprotobuf.so (found version "3.21.12") 
[1.617s] -- Config-file not installed for ZeroMQ -- checking for pkg-config
[1.620s] -- Checking for module 'libzmq >= 4'
[1.632s] --   Found libzmq, version 4.3.5
[1.663s] -- Found ZeroMQ: TRUE (Required is at least version "4") 
[1.670s] -- Checking for module 'uuid'
[1.681s] --   Found uuid, version 2.39.3
[1.705s] -- Found UUID: TRUE  
[1.705s] -- Looking for gz-utils2 -- found version 2.2.1
[1.710s] -- Looking for gz-msgs10 -- found version 10.3.2
[1.710s] -- Searching for dependencies of gz-msgs10
[1.727s] -- Looking for gz-utils2 -- found version 2.2.1
[1.727s] -- Looking for gz-math7 -- found version 7.5.2
[1.733s] -- Searching for <gz-transport13> component [log]
[1.735s] -- Looking for gz-transport13-log -- found version 13.4.1
[1.735s] -- Searching for dependencies of gz-transport13-log
[1.736s] -- Searching for <gz-transport13> component [parameters]
[1.738s] -- Looking for gz-transport13-parameters -- found version 13.4.1
[1.738s] -- Searching for dependencies of gz-transport13-parameters
[1.739s] -- Looking for gz-msgs10 -- found version 10.3.2
[1.743s] -- Looking for gz-common5 -- found version 5.7.1
[1.743s] -- Searching for dependencies of gz-common5
[1.743s] -- Looking for gz-utils2 -- found version 2.2.1
[1.744s] -- Looking for dlfcn.h - found
[1.745s] -- Looking for libdl - found
[1.746s] -- Found DL: TRUE  
[1.752s] -- Searching for <gz-common5> component [av]
[1.754s] -- Looking for gz-common5-av -- found version 5.7.1
[1.754s] -- Searching for dependencies of gz-common5-av
[1.758s] -- Checking for module 'libswscale'
[1.769s] --   Found libswscale, version 7.5.100
[1.805s] -- Found SWSCALE: TRUE  
[1.812s] -- Checking for module 'libavdevice >= 56.4.100'
[1.826s] --   Found libavdevice, version 60.3.100
[1.858s] -- Found AVDEVICE: TRUE (Required is at least version "56.4.100") 
[1.863s] -- Checking for module 'libavformat'
[1.875s] --   Found libavformat, version 60.16.100
[1.924s] -- Found AVFORMAT: TRUE  
[1.931s] -- Checking for module 'libavcodec'
[1.943s] --   Found libavcodec, version 60.31.102
[1.970s] -- Found AVCODEC: TRUE  
[1.974s] -- Checking for module 'libavutil'
[1.985s] --   Found libavutil, version 58.29.100
[2.012s] -- Found AVUTIL: TRUE  
[2.012s] -- Searching for <gz-common5> component [events]
[2.018s] -- Looking for gz-common5-events -- found version 5.7.1
[2.018s] -- Searching for dependencies of gz-common5-events
[2.018s] -- Looking for gz-math7 -- found version 7.5.2
[2.019s] -- Searching for <gz-common5> component [graphics]
[2.021s] -- Looking for gz-common5-graphics -- found version 5.7.1
[2.021s] -- Searching for dependencies of gz-common5-graphics
[2.022s] -- Looking for gz-math7 -- found version 7.5.2
[2.031s] -- Found GzAssimp: TRUE (found version "5.3.0") 
[2.031s] -- Searching for <gz-common5> component [io]
[2.034s] -- Looking for gz-common5-io -- found version 5.7.1
[2.034s] -- Searching for dependencies of gz-common5-io
[2.034s] -- Searching for <gz-common5> component [profiler]
[2.037s] -- Looking for gz-common5-profiler -- found version 5.7.1
[2.037s] -- Searching for dependencies of gz-common5-profiler
[2.040s] -- Looking for gz-fuel_tools9 -- found version 9.1.1
[2.040s] -- Searching for dependencies of gz-fuel_tools9
[2.114s] -- Found CURL: /usr/lib/x86_64-linux-gnu/libcurl.so (found version "8.5.0")  
[2.135s] -- Checking for module 'jsoncpp'
[2.158s] --   Found jsoncpp, version 1.9.5
[2.209s] -- Found JSONCPP: TRUE  
[2.235s] -- Checking for module 'yaml-0.1'
[2.246s] --   Found yaml-0.1, version 0.2.5
[2.275s] -- Found YAML: TRUE  
[2.284s] -- Checking for module 'libzip'
[2.300s] --   Found libzip, version 1.7.3
[2.333s] -- Found ZIP: TRUE  
[2.333s] -- Looking for gz-utils2 -- found version 2.2.1
[2.333s] -- Looking for gz-common5 -- found version 5.7.1
[2.334s] -- Searching for dependencies of gz-common5
[2.334s] -- Looking for gz-utils2 -- found version 2.2.1
[2.334s] -- Looking for dlfcn.h - found
[2.334s] -- Looking for libdl - found
[2.339s] -- Searching for <gz-common5> component [testing]
[2.343s] -- Looking for gz-common5-testing -- found version 5.7.1
[2.343s] -- Searching for dependencies of gz-common5-testing
[2.344s] -- Looking for gz-math7 -- found version 7.5.2
[2.344s] -- Looking for gz-msgs10 -- found version 10.3.2
[2.349s] -- Looking for gz-gui8 -- found version 8.4.0
[2.349s] -- Searching for dependencies of gz-gui8
[2.369s] -- Looking for gz-utils2 -- found version 2.2.1
[2.370s] -- Looking for gz-math7 -- found version 7.5.2
[2.370s] -- Looking for gz-common5 -- found version 5.7.1
[2.370s] -- Looking for gz-plugin2 -- found version 2.0.4
[2.370s] -- Looking for gz-transport13 -- found version 13.4.1
[2.373s] -- Looking for gz-rendering8 -- found version 8.2.2
[2.373s] -- Searching for dependencies of gz-rendering8
[2.373s] -- Looking for gz-math7 -- found version 7.5.2
[2.373s] -- Searching for dependencies of gz-math7
[2.374s] -- Looking for gz-utils2 -- found version 2.2.1
[2.374s] -- Searching for <gz-math7> component [eigen3]
[2.376s] -- Looking for gz-math7-eigen3 -- found version 7.5.2
[2.376s] -- Searching for dependencies of gz-math7-eigen3
[2.386s] -- Looking for gz-common5 -- found version 5.7.1
[2.386s] -- Searching for dependencies of gz-common5
[2.386s] -- Looking for gz-utils2 -- found version 2.2.1
[2.386s] -- Looking for dlfcn.h - found
[2.386s] -- Looking for libdl - found
[2.392s] -- Searching for <gz-common5> component [graphics]
[2.392s] -- Searching for <gz-common5> component [events]
[2.392s] -- Searching for <gz-common5> component [geospatial]
[2.395s] -- Looking for gz-common5-geospatial -- found version 5.7.1
[2.395s] -- Searching for dependencies of gz-common5-geospatial
[2.395s] -- Looking for gz-math7 -- found version 7.5.2
[2.395s] -- Looking for gz-common5 -- found version 5.7.1
[2.396s] -- Looking for gz-plugin2 -- found version 2.0.4
[2.396s] -- Searching for dependencies of gz-plugin2
[2.396s] -- Looking for gz-utils2 -- found version 2.2.1
[2.397s] -- Searching for <gz-plugin2> component [all]
[2.399s] -- Looking for all libraries of gz-plugin2 -- found version 2.0.4
[2.399s] -- Looking for gz-plugin2 -- found version 2.0.4
[2.400s] -- Looking for gz-utils2 -- found version 2.2.1
[2.413s] -- Found OpenGL: /usr/lib/x86_64-linux-gnu/libOpenGL.so  found components: OpenGL 
[2.414s] -- Looking for gz-msgs10 -- found version 10.3.2
[2.440s] -- Looking for gz-physics7 -- found version 7.5.0
[2.440s] -- Searching for dependencies of gz-physics7
[2.440s] -- Looking for gz-common5 -- found version 5.7.1
[2.441s] -- Looking for gz-math7 -- found version 7.5.2
[2.441s] -- Looking for gz-plugin2 -- found version 2.0.4
[2.441s] -- Looking for gz-utils2 -- found version 2.2.1
[2.443s] -- Searching for <gz-physics7> component [heightmap]
[2.445s] -- Looking for gz-physics7-heightmap -- found version 7.5.0
[2.445s] -- Searching for dependencies of gz-physics7-heightmap
[2.445s] -- Looking for gz-common5 -- found version 5.7.1
[2.446s] -- Searching for <gz-physics7> component [mesh]
[2.448s] -- Looking for gz-physics7-mesh -- found version 7.5.0
[2.448s] -- Searching for dependencies of gz-physics7-mesh
[2.448s] -- Looking for gz-common5 -- found version 5.7.1
[2.448s] -- Searching for <gz-physics7> component [sdf]
[2.450s] -- Looking for gz-physics7-sdf -- found version 7.5.0
[2.451s] -- Searching for dependencies of gz-physics7-sdf
[2.451s] -- Looking for sdformat14 -- found version 14.8.0
[2.455s] -- Looking for gz-sensors8 -- found version 8.2.2
[2.455s] -- Searching for dependencies of gz-sensors8
[2.471s] -- Looking for gz-math7 -- found version 7.5.2
[2.471s] -- Looking for gz-common5 -- found version 5.7.1
[2.472s] -- Looking for gz-transport13 -- found version 13.4.1
[2.472s] -- Looking for gz-rendering8 -- found version 8.2.2
[2.473s] -- Looking for gz-msgs10 -- found version 10.3.2
[2.473s] -- Looking for sdformat14 -- found version 14.8.0
[2.474s] -- Searching for <gz-sensors8> component [air_pressure]
[2.476s] -- Looking for gz-sensors8-air_pressure -- found version 8.2.2
[2.476s] -- Searching for dependencies of gz-sensors8-air_pressure
[2.476s] -- Searching for <gz-sensors8> component [air_speed]
[2.479s] -- Looking for gz-sensors8-air_speed -- found version 8.2.2
[2.479s] -- Searching for dependencies of gz-sensors8-air_speed
[2.479s] -- Searching for <gz-sensors8> component [altimeter]
[2.481s] -- Looking for gz-sensors8-altimeter -- found version 8.2.2
[2.481s] -- Searching for dependencies of gz-sensors8-altimeter
[2.481s] -- Searching for <gz-sensors8> component [imu]
[2.483s] -- Looking for gz-sensors8-imu -- found version 8.2.2
[2.483s] -- Searching for dependencies of gz-sensors8-imu
[2.484s] -- Searching for <gz-sensors8> component [force_torque]
[2.486s] -- Looking for gz-sensors8-force_torque -- found version 8.2.2
[2.486s] -- Searching for dependencies of gz-sensors8-force_torque
[2.486s] -- Searching for <gz-sensors8> component [logical_camera]
[2.488s] -- Looking for gz-sensors8-logical_camera -- found version 8.2.2
[2.488s] -- Searching for dependencies of gz-sensors8-logical_camera
[2.488s] -- Searching for <gz-sensors8> component [magnetometer]
[2.490s] -- Looking for gz-sensors8-magnetometer -- found version 8.2.2
[2.490s] -- Searching for dependencies of gz-sensors8-magnetometer
[2.491s] -- Searching for <gz-sensors8> component [navsat]
[2.493s] -- Looking for gz-sensors8-navsat -- found version 8.2.2
[2.493s] -- Searching for dependencies of gz-sensors8-navsat
[2.494s] -- Searching for <gz-sensors8> component [dvl]
[2.496s] -- Looking for gz-sensors8-dvl -- found version 8.2.2
[2.496s] -- Searching for dependencies of gz-sensors8-dvl
[2.496s] -- Looking for gz-sensors8 -- found version 8.2.2
[2.496s] -- Searching for dependencies of gz-sensors8
[2.513s] -- Looking for gz-math7 -- found version 7.5.2
[2.513s] -- Looking for gz-common5 -- found version 5.7.1
[2.513s] -- Looking for gz-transport13 -- found version 13.4.1
[2.514s] -- Looking for gz-rendering8 -- found version 8.2.2
[2.514s] -- Looking for gz-msgs10 -- found version 10.3.2
[2.514s] -- Looking for sdformat14 -- found version 14.8.0
[2.514s] -- Searching for <gz-sensors8> component [rendering]
[2.516s] -- Looking for gz-sensors8-rendering -- found version 8.2.2
[2.516s] -- Searching for dependencies of gz-sensors8-rendering
[2.517s] -- Searching for <gz-sensors8> component [rendering]
[2.517s] -- Searching for <gz-sensors8> component [lidar]
[2.519s] -- Looking for gz-sensors8-lidar -- found version 8.2.2
[2.520s] -- Searching for dependencies of gz-sensors8-lidar
[2.520s] -- Looking for gz-sensors8 -- found version 8.2.2
[2.520s] -- Searching for <gz-sensors8> component [gpu_lidar]
[2.522s] -- Looking for gz-sensors8-gpu_lidar -- found version 8.2.2
[2.522s] -- Searching for dependencies of gz-sensors8-gpu_lidar
[2.523s] -- Looking for gz-sensors8 -- found version 8.2.2
[2.523s] -- Searching for <gz-sensors8> component [camera]
[2.525s] -- Looking for gz-sensors8-camera -- found version 8.2.2
[2.525s] -- Searching for dependencies of gz-sensors8-camera
[2.526s] -- Looking for gz-sensors8 -- found version 8.2.2
[2.526s] -- Searching for <gz-sensors8> component [boundingbox_camera]
[2.528s] -- Looking for gz-sensors8-boundingbox_camera -- found version 8.2.2
[2.528s] -- Searching for dependencies of gz-sensors8-boundingbox_camera
[2.529s] -- Searching for <gz-sensors8> component [segmentation_camera]
[2.531s] -- Looking for gz-sensors8-segmentation_camera -- found version 8.2.2
[2.531s] -- Searching for dependencies of gz-sensors8-segmentation_camera
[2.531s] -- Searching for <gz-sensors8> component [depth_camera]
[2.533s] -- Looking for gz-sensors8-depth_camera -- found version 8.2.2
[2.533s] -- Searching for dependencies of gz-sensors8-depth_camera
[2.534s] -- Looking for gz-sensors8 -- found version 8.2.2
[2.534s] -- Searching for <gz-sensors8> component [rgbd_camera]
[2.536s] -- Looking for gz-sensors8-rgbd_camera -- found version 8.2.2
[2.536s] -- Searching for dependencies of gz-sensors8-rgbd_camera
[2.536s] -- Looking for gz-sensors8 -- found version 8.2.2
[2.537s] -- Searching for <gz-sensors8> component [thermal_camera]
[2.539s] -- Looking for gz-sensors8-thermal_camera -- found version 8.2.2
[2.539s] -- Searching for dependencies of gz-sensors8-thermal_camera
[2.539s] -- Looking for gz-sensors8 -- found version 8.2.2
[2.539s] -- Searching for <gz-sensors8> component [wide_angle_camera]
[2.542s] -- Looking for gz-sensors8-wide_angle_camera -- found version 8.2.2
[2.542s] -- Searching for dependencies of gz-sensors8-wide_angle_camera
[2.543s] -- Looking for gz-rendering8 -- found version 8.2.2
[2.543s] -- Looking for gz-math7 -- found version 7.5.2
[2.543s] -- Looking for gz-utils2 -- found version 2.2.1
[2.562s] -- Looking for gz-plugin2 -- found version 2.0.4
[2.632s] -- Configuring done (2.6s)
[2.658s] -- Generating done (0.0s)
[2.666s] -- Build files have been written to: /home/shiyao/Documents/GitHub/MTRX3760-Project-1/turtlebot3_ws/build/turtlebot3_gazebo
[2.678s] Invoked command in '/home/shiyao/Documents/GitHub/MTRX3760-Project-1/turtlebot3_ws/build/turtlebot3_gazebo' returned '0': CMAKE_PREFIX_PATH=${CMAKE_PREFIX_PATH}:/home/shiyao/Documents/GitHub/MTRX3760-Project-1/turtlebot3_ws/install/turtlebot3_teleop:/home/shiyao/Documents/GitHub/MTRX3760-Project-1/turtlebot3_ws/install/turtlebot3_example:/home/shiyao/turtlebot3_ws/install/turtlebot3_teleop:/home/shiyao/turtlebot3_ws/install/turtlebot3_example:/home/shiyao/turtlebot3_ws/install/turtlebot3_gazebo:/opt/ros/jazzy DEBUGINFOD_URLS=https://debuginfod.ubuntu.com /usr/bin/cmake /home/shiyao/Documents/GitHub/MTRX3760-Project-1/turtlebot3_ws/src/turtlebot3_simulations/turtlebot3_gazebo -DCMAKE_INSTALL_PREFIX=/home/shiyao/Documents/GitHub/MTRX3760-Project-1/turtlebot3_ws/install/turtlebot3_gazebo
[2.679s] Invoking command in '/home/shiyao/Documents/GitHub/MTRX3760-Project-1/turtlebot3_ws/build/turtlebot3_gazebo': CMAKE_PREFIX_PATH=${CMAKE_PREFIX_PATH}:/home/shiyao/Documents/GitHub/MTRX3760-Project-1/turtlebot3_ws/install/turtlebot3_teleop:/home/shiyao/Documents/GitHub/MTRX3760-Project-1/turtlebot3_ws/install/turtlebot3_example:/home/shiyao/turtlebot3_ws/install/turtlebot3_teleop:/home/shiyao/turtlebot3_ws/install/turtlebot3_example:/home/shiyao/turtlebot3_ws/install/turtlebot3_gazebo:/opt/ros/jazzy DEBUGINFOD_URLS=https://debuginfod.ubuntu.com /usr/bin/cmake --build /home/shiyao/Documents/GitHub/MTRX3760-Project-1/turtlebot3_ws/build/turtlebot3_gazebo -- -j12 -l12
[2.771s] [ 12%] [32mBuilding CXX object CMakeFiles/obstacles.dir/src/obstacles.cpp.o[0m
[2.772s] [ 25%] [32mBuilding CXX object CMakeFiles/turtlebot3_drive.dir/src/turtlebot3_drive.cpp.o[0m
[2.772s] [ 37%] [32mBuilding CXX object CMakeFiles/obstacle1.dir/src/obstacle1.cpp.o[0m
[2.772s] [ 50%] [32mBuilding CXX object CMakeFiles/obstacle2.dir/src/obstacle2.cpp.o[0m
[4.346s] [01m[K/home/shiyao/Documents/GitHub/MTRX3760-Project-1/turtlebot3_ws/src/turtlebot3_simulations/turtlebot3_gazebo/src/turtlebot3_drive.cpp:[m[K In member function ‘[01m[Kvoid Turtlebot3Drive::[01;32m[Kupdate_callback[m[K()[m[K’:
[4.347s] [01m[K/home/shiyao/Documents/GitHub/MTRX3760-Project-1/turtlebot3_ws/src/turtlebot3_simulations/turtlebot3_gazebo/src/turtlebot3_drive.cpp:163:12:[m[K [01;35m[Kwarning: [m[Kunused variable ‘[01m[Kleft[m[K’ [[01;35m[K]8;;https://gcc.gnu.org/onlinedocs/gcc/Warning-Options.html#index-Wunused-variable-Wunused-variable]8;;[m[K]
[4.347s]   163 |     double [01;35m[Kleft[m[K = scan_data_[LEFT];
[4.347s]       |            [01;35m[K^~~~[m[K
[4.500s] [ 62%] [32m[1mLinking CXX shared library libobstacles.so[0m
[4.630s] [ 75%] [32m[1mLinking CXX shared library libobstacle2.so[0m
[4.632s] [ 87%] [32m[1mLinking CXX shared library libobstacle1.so[0m
[4.641s] [ 87%] Built target obstacles
[4.763s] [ 87%] Built target obstacle1
[4.764s] [ 87%] Built target obstacle2
[9.719s] [100%] [32m[1mLinking CXX executable turtlebot3_drive[0m
[9.992s] [100%] Built target turtlebot3_drive
[10.001s] Invoked command in '/home/shiyao/Documents/GitHub/MTRX3760-Project-1/turtlebot3_ws/build/turtlebot3_gazebo' returned '0': CMAKE_PREFIX_PATH=${CMAKE_PREFIX_PATH}:/home/shiyao/Documents/GitHub/MTRX3760-Project-1/turtlebot3_ws/install/turtlebot3_teleop:/home/shiyao/Documents/GitHub/MTRX3760-Project-1/turtlebot3_ws/install/turtlebot3_example:/home/shiyao/turtlebot3_ws/install/turtlebot3_teleop:/home/shiyao/turtlebot3_ws/install/turtlebot3_example:/home/shiyao/turtlebot3_ws/install/turtlebot3_gazebo:/opt/ros/jazzy DEBUGINFOD_URLS=https://debuginfod.ubuntu.com /usr/bin/cmake --build /home/shiyao/Documents/GitHub/MTRX3760-Project-1/turtlebot3_ws/build/turtlebot3_gazebo -- -j12 -l12
[10.007s] Invoking command in '/home/shiyao/Documents/GitHub/MTRX3760-Project-1/turtlebot3_ws/build/turtlebot3_gazebo': CMAKE_PREFIX_PATH=${CMAKE_PREFIX_PATH}:/home/shiyao/Documents/GitHub/MTRX3760-Project-1/turtlebot3_ws/install/turtlebot3_teleop:/home/shiyao/Documents/GitHub/MTRX3760-Project-1/turtlebot3_ws/install/turtlebot3_example:/home/shiyao/turtlebot3_ws/install/turtlebot3_teleop:/home/shiyao/turtlebot3_ws/install/turtlebot3_example:/home/shiyao/turtlebot3_ws/install/turtlebot3_gazebo:/opt/ros/jazzy DEBUGINFOD_URLS=https://debuginfod.ubuntu.com /usr/bin/cmake --install /home/shiyao/Documents/GitHub/MTRX3760-Project-1/turtlebot3_ws/build/turtlebot3_gazebo
[10.016s] -- Install configuration: ""
[10.016s] -- Installing: /home/shiyao/Documents/GitHub/MTRX3760-Project-1/turtlebot3_ws/install/turtlebot3_gazebo/lib/turtlebot3_gazebo/turtlebot3_drive
[10.020s] -- Set non-toolchain portion of runtime path of "/home/shiyao/Documents/GitHub/MTRX3760-Project-1/turtlebot3_ws/install/turtlebot3_gazebo/lib/turtlebot3_gazebo/turtlebot3_drive" to ""
[10.020s] -- Installing: /home/shiyao/Documents/GitHub/MTRX3760-Project-1/turtlebot3_ws/install/turtlebot3_gazebo/lib/turtlebot3_gazebo/libobstacles.so
[10.020s] -- Set non-toolchain portion of runtime path of "/home/shiyao/Documents/GitHub/MTRX3760-Project-1/turtlebot3_ws/install/turtlebot3_gazebo/lib/turtlebot3_gazebo/libobstacles.so" to ""
[10.020s] -- Installing: /home/shiyao/Documents/GitHub/MTRX3760-Project-1/turtlebot3_ws/install/turtlebot3_gazebo/lib/turtlebot3_gazebo/libobstacle1.so
[10.021s] -- Set non-toolchain portion of runtime path of "/home/shiyao/Documents/GitHub/MTRX3760-Project-1/turtlebot3_ws/install/turtlebot3_gazebo/lib/turtlebot3_gazebo/libobstacle1.so" to ""
[10.021s] -- Installing: /home/shiyao/Documents/GitHub/MTRX3760-Project-1/turtlebot3_ws/install/turtlebot3_gazebo/lib/turtlebot3_gazebo/libobstacle2.so
[10.021s] -- Set non-toolchain portion of runtime path of "/home/shiyao/Documents/GitHub/MTRX3760-Project-1/turtlebot3_ws/install/turtlebot3_gazebo/lib/turtlebot3_gazebo/libobstacle2.so" to ""
[10.021s] -- Installing: /home/shiyao/Documents/GitHub/MTRX3760-Project-1/turtlebot3_ws/install/turtlebot3_gazebo/share/turtlebot3_gazebo//launch
[10.021s] -- Installing: /home/shiyao/Documents/GitHub/MTRX3760-Project-1/turtlebot3_ws/install/turtlebot3_gazebo/share/turtlebot3_gazebo//launch/turtlebot3_dqn_stage3.launch.py
[10.021s] -- Installing: /home/shiyao/Documents/GitHub/MTRX3760-Project-1/turtlebot3_ws/install/turtlebot3_gazebo/share/turtlebot3_gazebo//launch/turtlebot3_house.launch.py
[10.021s] -- Installing: /home/shiyao/Documents/GitHub/MTRX3760-Project-1/turtlebot3_ws/install/turtlebot3_gazebo/share/turtlebot3_gazebo//launch/empty_world.launch.py
[10.021s] -- Installing: /home/shiyao/Documents/GitHub/MTRX3760-Project-1/turtlebot3_ws/install/turtlebot3_gazebo/share/turtlebot3_gazebo//launch/turtlebot3_dqn_stage4.launch.py
[10.021s] -- Installing: /home/shiyao/Documents/GitHub/MTRX3760-Project-1/turtlebot3_ws/install/turtlebot3_gazebo/share/turtlebot3_gazebo//launch/turtlebot3_dqn_stage1.launch.py
[10.021s] -- Installing: /home/shiyao/Documents/GitHub/MTRX3760-Project-1/turtlebot3_ws/install/turtlebot3_gazebo/share/turtlebot3_gazebo//launch/turtlebot3_world.launch.py
[10.021s] -- Installing: /home/shiyao/Documents/GitHub/MTRX3760-Project-1/turtlebot3_ws/install/turtlebot3_gazebo/share/turtlebot3_gazebo//launch/turtlebot3_dqn_stage1_custom.launch.py
[10.021s] -- Installing: /home/shiyao/Documents/GitHub/MTRX3760-Project-1/turtlebot3_ws/install/turtlebot3_gazebo/share/turtlebot3_gazebo//launch/turtlebot3_dqn_stage2.launch.py
[10.021s] -- Installing: /home/shiyao/Documents/GitHub/MTRX3760-Project-1/turtlebot3_ws/install/turtlebot3_gazebo/share/turtlebot3_gazebo//launch/spawn_turtlebot3.launch.py
[10.021s] -- Installing: /home/shiyao/Documents/GitHub/MTRX3760-Project-1/turtlebot3_ws/install/turtlebot3_gazebo/share/turtlebot3_gazebo//launch/robot_state_publisher.launch.py
[10.022s] -- Installing: /home/shiyao/Documents/GitHub/MTRX3760-Project-1/turtlebot3_ws/install/turtlebot3_gazebo/share/turtlebot3_gazebo//models
[10.022s] -- Installing: /home/shiyao/Documents/GitHub/MTRX3760-Project-1/turtlebot3_ws/install/turtlebot3_gazebo/share/turtlebot3_gazebo//models/turtlebot3_common
[10.022s] -- Installing: /home/shiyao/Documents/GitHub/MTRX3760-Project-1/turtlebot3_ws/install/turtlebot3_gazebo/share/turtlebot3_gazebo//models/turtlebot3_common/model.config
[10.022s] -- Installing: /home/shiyao/Documents/GitHub/MTRX3760-Project-1/turtlebot3_ws/install/turtlebot3_gazebo/share/turtlebot3_gazebo//models/turtlebot3_common/meshes
[10.022s] -- Installing: /home/shiyao/Documents/GitHub/MTRX3760-Project-1/turtlebot3_ws/install/turtlebot3_gazebo/share/turtlebot3_gazebo//models/turtlebot3_common/meshes/waffle_base.dae
[10.022s] -- Installing: /home/shiyao/Documents/GitHub/MTRX3760-Project-1/turtlebot3_ws/install/turtlebot3_gazebo/share/turtlebot3_gazebo//models/turtlebot3_common/meshes/bases
[10.022s] -- Installing: /home/shiyao/Documents/GitHub/MTRX3760-Project-1/turtlebot3_ws/install/turtlebot3_gazebo/share/turtlebot3_gazebo//models/turtlebot3_common/meshes/bases/waffle_pi_base.stl
[10.026s] -- Installing: /home/shiyao/Documents/GitHub/MTRX3760-Project-1/turtlebot3_ws/install/turtlebot3_gazebo/share/turtlebot3_gazebo//models/turtlebot3_common/meshes/bases/waffle_base.stl
[10.033s] -- Installing: /home/shiyao/Documents/GitHub/MTRX3760-Project-1/turtlebot3_ws/install/turtlebot3_gazebo/share/turtlebot3_gazebo//models/turtlebot3_common/meshes/bases/burger_base.stl
[10.035s] -- Installing: /home/shiyao/Documents/GitHub/MTRX3760-Project-1/turtlebot3_ws/install/turtlebot3_gazebo/share/turtlebot3_gazebo//models/turtlebot3_common/meshes/tire.dae
[10.035s] -- Installing: /home/shiyao/Documents/GitHub/MTRX3760-Project-1/turtlebot3_ws/install/turtlebot3_gazebo/share/turtlebot3_gazebo//models/turtlebot3_common/meshes/wheels
[10.035s] -- Installing: /home/shiyao/Documents/GitHub/MTRX3760-Project-1/turtlebot3_ws/install/turtlebot3_gazebo/share/turtlebot3_gazebo//models/turtlebot3_common/meshes/wheels/right_tire.stl
[10.035s] -- Installing: /home/shiyao/Documents/GitHub/MTRX3760-Project-1/turtlebot3_ws/install/turtlebot3_gazebo/share/turtlebot3_gazebo//models/turtlebot3_common/meshes/wheels/left_tire.stl
[10.036s] -- Installing: /home/shiyao/Documents/GitHub/MTRX3760-Project-1/turtlebot3_ws/install/turtlebot3_gazebo/share/turtlebot3_gazebo//models/turtlebot3_common/meshes/lds.dae
[10.036s] -- Installing: /home/shiyao/Documents/GitHub/MTRX3760-Project-1/turtlebot3_ws/install/turtlebot3_gazebo/share/turtlebot3_gazebo//models/turtlebot3_common/meshes/r200.dae
[10.036s] -- Installing: /home/shiyao/Documents/GitHub/MTRX3760-Project-1/turtlebot3_ws/install/turtlebot3_gazebo/share/turtlebot3_gazebo//models/turtlebot3_common/meshes/burger_base.dae
[10.036s] -- Installing: /home/shiyao/Documents/GitHub/MTRX3760-Project-1/turtlebot3_ws/install/turtlebot3_gazebo/share/turtlebot3_gazebo//models/turtlebot3_common/meshes/waffle_pi_base.dae
[10.036s] -- Installing: /home/shiyao/Documents/GitHub/MTRX3760-Project-1/turtlebot3_ws/install/turtlebot3_gazebo/share/turtlebot3_gazebo//models/turtlebot3_common/meshes/sensors
[10.036s] -- Installing: /home/shiyao/Documents/GitHub/MTRX3760-Project-1/turtlebot3_ws/install/turtlebot3_gazebo/share/turtlebot3_gazebo//models/turtlebot3_common/meshes/sensors/r200.jpg
[10.036s] -- Installing: /home/shiyao/Documents/GitHub/MTRX3760-Project-1/turtlebot3_ws/install/turtlebot3_gazebo/share/turtlebot3_gazebo//models/turtlebot3_common/meshes/sensors/r200.dae
[10.036s] -- Installing: /home/shiyao/Documents/GitHub/MTRX3760-Project-1/turtlebot3_ws/install/turtlebot3_gazebo/share/turtlebot3_gazebo//models/turtlebot3_common/meshes/sensors/astra.jpg
[10.036s] -- Installing: /home/shiyao/Documents/GitHub/MTRX3760-Project-1/turtlebot3_ws/install/turtlebot3_gazebo/share/turtlebot3_gazebo//models/turtlebot3_common/meshes/sensors/lds.stl
[10.037s] -- Installing: /home/shiyao/Documents/GitHub/MTRX3760-Project-1/turtlebot3_ws/install/turtlebot3_gazebo/share/turtlebot3_gazebo//models/turtlebot3_common/meshes/sensors/astra.dae
[10.040s] -- Installing: /home/shiyao/Documents/GitHub/MTRX3760-Project-1/turtlebot3_ws/install/turtlebot3_gazebo/share/turtlebot3_gazebo//models/turtlebot3_burger_cam
[10.041s] -- Installing: /home/shiyao/Documents/GitHub/MTRX3760-Project-1/turtlebot3_ws/install/turtlebot3_gazebo/share/turtlebot3_gazebo//models/turtlebot3_burger_cam/model.config
[10.041s] -- Installing: /home/shiyao/Documents/GitHub/MTRX3760-Project-1/turtlebot3_ws/install/turtlebot3_gazebo/share/turtlebot3_gazebo//models/turtlebot3_burger_cam/model.sdf
[10.041s] -- Installing: /home/shiyao/Documents/GitHub/MTRX3760-Project-1/turtlebot3_ws/install/turtlebot3_gazebo/share/turtlebot3_gazebo//models/turtlebot3_burger_cam/model-1_4.sdf
[10.041s] -- Installing: /home/shiyao/Documents/GitHub/MTRX3760-Project-1/turtlebot3_ws/install/turtlebot3_gazebo/share/turtlebot3_gazebo//models/turtlebot3_waffle_pi
[10.041s] -- Installing: /home/shiyao/Documents/GitHub/MTRX3760-Project-1/turtlebot3_ws/install/turtlebot3_gazebo/share/turtlebot3_gazebo//models/turtlebot3_waffle_pi/model.config
[10.041s] -- Installing: /home/shiyao/Documents/GitHub/MTRX3760-Project-1/turtlebot3_ws/install/turtlebot3_gazebo/share/turtlebot3_gazebo//models/turtlebot3_waffle_pi/model-1_4_.sdf
[10.041s] -- Installing: /home/shiyao/Documents/GitHub/MTRX3760-Project-1/turtlebot3_ws/install/turtlebot3_gazebo/share/turtlebot3_gazebo//models/turtlebot3_waffle_pi/model.sdf
[10.041s] -- Installing: /home/shiyao/Documents/GitHub/MTRX3760-Project-1/turtlebot3_ws/install/turtlebot3_gazebo/share/turtlebot3_gazebo//models/turtlebot3_burger
[10.041s] -- Installing: /home/shiyao/Documents/GitHub/MTRX3760-Project-1/turtlebot3_ws/install/turtlebot3_gazebo/share/turtlebot3_gazebo//models/turtlebot3_burger/model.config
[10.041s] -- Installing: /home/shiyao/Documents/GitHub/MTRX3760-Project-1/turtlebot3_ws/install/turtlebot3_gazebo/share/turtlebot3_gazebo//models/turtlebot3_burger/model.sdf
[10.041s] -- Installing: /home/shiyao/Documents/GitHub/MTRX3760-Project-1/turtlebot3_ws/install/turtlebot3_gazebo/share/turtlebot3_gazebo//models/turtlebot3_burger/model-1_4.sdf
[10.041s] -- Installing: /home/shiyao/Documents/GitHub/MTRX3760-Project-1/turtlebot3_ws/install/turtlebot3_gazebo/share/turtlebot3_gazebo//models/turtlebot3_house
[10.041s] -- Installing: /home/shiyao/Documents/GitHub/MTRX3760-Project-1/turtlebot3_ws/install/turtlebot3_gazebo/share/turtlebot3_gazebo//models/turtlebot3_house/first_2015_trash_can
[10.041s] -- Installing: /home/shiyao/Documents/GitHub/MTRX3760-Project-1/turtlebot3_ws/install/turtlebot3_gazebo/share/turtlebot3_gazebo//models/turtlebot3_house/first_2015_trash_can/model.config
[10.041s] -- Installing: /home/shiyao/Documents/GitHub/MTRX3760-Project-1/turtlebot3_ws/install/turtlebot3_gazebo/share/turtlebot3_gazebo//models/turtlebot3_house/first_2015_trash_can/meshes
[10.041s] -- Installing: /home/shiyao/Documents/GitHub/MTRX3760-Project-1/turtlebot3_ws/install/turtlebot3_gazebo/share/turtlebot3_gazebo//models/turtlebot3_house/first_2015_trash_can/meshes/trash_can.dae
[10.042s] -- Installing: /home/shiyao/Documents/GitHub/MTRX3760-Project-1/turtlebot3_ws/install/turtlebot3_gazebo/share/turtlebot3_gazebo//models/turtlebot3_house/first_2015_trash_can/model.sdf
[10.042s] -- Installing: /home/shiyao/Documents/GitHub/MTRX3760-Project-1/turtlebot3_ws/install/turtlebot3_gazebo/share/turtlebot3_gazebo//models/turtlebot3_house/model.config
[10.042s] -- Installing: /home/shiyao/Documents/GitHub/MTRX3760-Project-1/turtlebot3_ws/install/turtlebot3_gazebo/share/turtlebot3_gazebo//models/turtlebot3_house/mailbox
[10.042s] -- Installing: /home/shiyao/Documents/GitHub/MTRX3760-Project-1/turtlebot3_ws/install/turtlebot3_gazebo/share/turtlebot3_gazebo//models/turtlebot3_house/mailbox/model.config
[10.042s] -- Installing: /home/shiyao/Documents/GitHub/MTRX3760-Project-1/turtlebot3_ws/install/turtlebot3_gazebo/share/turtlebot3_gazebo//models/turtlebot3_house/mailbox/meshes
[10.042s] -- Installing: /home/shiyao/Documents/GitHub/MTRX3760-Project-1/turtlebot3_ws/install/turtlebot3_gazebo/share/turtlebot3_gazebo//models/turtlebot3_house/mailbox/meshes/mailbox.dae
[10.042s] -- Installing: /home/shiyao/Documents/GitHub/MTRX3760-Project-1/turtlebot3_ws/install/turtlebot3_gazebo/share/turtlebot3_gazebo//models/turtlebot3_house/mailbox/model.sdf
[10.042s] -- Installing: /home/shiyao/Documents/GitHub/MTRX3760-Project-1/turtlebot3_ws/install/turtlebot3_gazebo/share/turtlebot3_gazebo//models/turtlebot3_house/mailbox/materials
[10.042s] -- Installing: /home/shiyao/Documents/GitHub/MTRX3760-Project-1/turtlebot3_ws/install/turtlebot3_gazebo/share/turtlebot3_gazebo//models/turtlebot3_house/mailbox/materials/scripts
[10.042s] -- Installing: /home/shiyao/Documents/GitHub/MTRX3760-Project-1/turtlebot3_ws/install/turtlebot3_gazebo/share/turtlebot3_gazebo//models/turtlebot3_house/mailbox/materials/scripts/mailbox.material
[10.042s] -- Installing: /home/shiyao/Documents/GitHub/MTRX3760-Project-1/turtlebot3_ws/install/turtlebot3_gazebo/share/turtlebot3_gazebo//models/turtlebot3_house/mailbox/materials/textures
[10.042s] -- Installing: /home/shiyao/Documents/GitHub/MTRX3760-Project-1/turtlebot3_ws/install/turtlebot3_gazebo/share/turtlebot3_gazebo//models/turtlebot3_house/mailbox/materials/textures/Mailbox_Spec.png
[10.042s] -- Installing: /home/shiyao/Documents/GitHub/MTRX3760-Project-1/turtlebot3_ws/install/turtlebot3_gazebo/share/turtlebot3_gazebo//models/turtlebot3_house/mailbox/materials/textures/Mailbox_Diffuse.tga.orig
[10.043s] -- Installing: /home/shiyao/Documents/GitHub/MTRX3760-Project-1/turtlebot3_ws/install/turtlebot3_gazebo/share/turtlebot3_gazebo//models/turtlebot3_house/mailbox/materials/textures/Mailbox_Diffuse.png
[10.043s] -- Installing: /home/shiyao/Documents/GitHub/MTRX3760-Project-1/turtlebot3_ws/install/turtlebot3_gazebo/share/turtlebot3_gazebo//models/turtlebot3_house/mailbox/model-1_3.sdf
[10.043s] -- Installing: /home/shiyao/Documents/GitHub/MTRX3760-Project-1/turtlebot3_ws/install/turtlebot3_gazebo/share/turtlebot3_gazebo//models/turtlebot3_house/mailbox/model-1_4.sdf
[10.043s] -- Installing: /home/shiyao/Documents/GitHub/MTRX3760-Project-1/turtlebot3_ws/install/turtlebot3_gazebo/share/turtlebot3_gazebo//models/turtlebot3_house/cafe_table
[10.043s] -- Installing: /home/shiyao/Documents/GitHub/MTRX3760-Project-1/turtlebot3_ws/install/turtlebot3_gazebo/share/turtlebot3_gazebo//models/turtlebot3_house/cafe_table/model.config
[10.043s] -- Installing: /home/shiyao/Documents/GitHub/MTRX3760-Project-1/turtlebot3_ws/install/turtlebot3_gazebo/share/turtlebot3_gazebo//models/turtlebot3_house/cafe_table/meshes
[10.043s] -- Installing: /home/shiyao/Documents/GitHub/MTRX3760-Project-1/turtlebot3_ws/install/turtlebot3_gazebo/share/turtlebot3_gazebo//models/turtlebot3_house/cafe_table/meshes/cafe_table.dae
[10.043s] -- Installing: /home/shiyao/Documents/GitHub/MTRX3760-Project-1/turtlebot3_ws/install/turtlebot3_gazebo/share/turtlebot3_gazebo//models/turtlebot3_house/cafe_table/model.sdf
[10.043s] -- Installing: /home/shiyao/Documents/GitHub/MTRX3760-Project-1/turtlebot3_ws/install/turtlebot3_gazebo/share/turtlebot3_gazebo//models/turtlebot3_house/cafe_table/materials
[10.043s] -- Installing: /home/shiyao/Documents/GitHub/MTRX3760-Project-1/turtlebot3_ws/install/turtlebot3_gazebo/share/turtlebot3_gazebo//models/turtlebot3_house/cafe_table/materials/textures
[10.043s] -- Installing: /home/shiyao/Documents/GitHub/MTRX3760-Project-1/turtlebot3_ws/install/turtlebot3_gazebo/share/turtlebot3_gazebo//models/turtlebot3_house/cafe_table/materials/textures/Wood_Floor_Dark.jpg
[10.043s] -- Installing: /home/shiyao/Documents/GitHub/MTRX3760-Project-1/turtlebot3_ws/install/turtlebot3_gazebo/share/turtlebot3_gazebo//models/turtlebot3_house/cafe_table/materials/textures/Maple.jpg
[10.044s] -- Installing: /home/shiyao/Documents/GitHub/MTRX3760-Project-1/turtlebot3_ws/install/turtlebot3_gazebo/share/turtlebot3_gazebo//models/turtlebot3_house/cafe_table/model-1_4.sdf
[10.044s] -- Installing: /home/shiyao/Documents/GitHub/MTRX3760-Project-1/turtlebot3_ws/install/turtlebot3_gazebo/share/turtlebot3_gazebo//models/turtlebot3_house/table_marble
[10.044s] -- Installing: /home/shiyao/Documents/GitHub/MTRX3760-Project-1/turtlebot3_ws/install/turtlebot3_gazebo/share/turtlebot3_gazebo//models/turtlebot3_house/table_marble/model.config
[10.044s] -- Installing: /home/shiyao/Documents/GitHub/MTRX3760-Project-1/turtlebot3_ws/install/turtlebot3_gazebo/share/turtlebot3_gazebo//models/turtlebot3_house/table_marble/meshes
[10.044s] -- Installing: /home/shiyao/Documents/GitHub/MTRX3760-Project-1/turtlebot3_ws/install/turtlebot3_gazebo/share/turtlebot3_gazebo//models/turtlebot3_house/table_marble/meshes/table_lightmap.dae
[10.044s] -- Installing: /home/shiyao/Documents/GitHub/MTRX3760-Project-1/turtlebot3_ws/install/turtlebot3_gazebo/share/turtlebot3_gazebo//models/turtlebot3_house/table_marble/model.sdf
[10.044s] -- Installing: /home/shiyao/Documents/GitHub/MTRX3760-Project-1/turtlebot3_ws/install/turtlebot3_gazebo/share/turtlebot3_gazebo//models/turtlebot3_house/table_marble/materials
[10.044s] -- Installing: /home/shiyao/Documents/GitHub/MTRX3760-Project-1/turtlebot3_ws/install/turtlebot3_gazebo/share/turtlebot3_gazebo//models/turtlebot3_house/table_marble/materials/scripts
[10.044s] -- Installing: /home/shiyao/Documents/GitHub/MTRX3760-Project-1/turtlebot3_ws/install/turtlebot3_gazebo/share/turtlebot3_gazebo//models/turtlebot3_house/table_marble/materials/scripts/table_lightmap.material
[10.044s] -- Installing: /home/shiyao/Documents/GitHub/MTRX3760-Project-1/turtlebot3_ws/install/turtlebot3_gazebo/share/turtlebot3_gazebo//models/turtlebot3_house/table_marble/materials/textures
[10.044s] -- Installing: /home/shiyao/Documents/GitHub/MTRX3760-Project-1/turtlebot3_ws/install/turtlebot3_gazebo/share/turtlebot3_gazebo//models/turtlebot3_house/table_marble/materials/textures/table_lightmap.png
[10.044s] -- Installing: /home/shiyao/Documents/GitHub/MTRX3760-Project-1/turtlebot3_ws/install/turtlebot3_gazebo/share/turtlebot3_gazebo//models/turtlebot3_house/table_marble/materials/textures/marble.png
[10.044s] -- Installing: /home/shiyao/Documents/GitHub/MTRX3760-Project-1/turtlebot3_ws/install/turtlebot3_gazebo/share/turtlebot3_gazebo//models/turtlebot3_house/table_marble/model-1_4.sdf
[10.044s] -- Installing: /home/shiyao/Documents/GitHub/MTRX3760-Project-1/turtlebot3_ws/install/turtlebot3_gazebo/share/turtlebot3_gazebo//models/turtlebot3_house/model.sdf
[10.044s] -- Installing: /home/shiyao/Documents/GitHub/MTRX3760-Project-1/turtlebot3_ws/install/turtlebot3_gazebo/share/turtlebot3_gazebo//models/turtlebot3_house/textures
[10.044s] -- Installing: /home/shiyao/Documents/GitHub/MTRX3760-Project-1/turtlebot3_ws/install/turtlebot3_gazebo/share/turtlebot3_gazebo//models/turtlebot3_house/textures/wood.png
[10.044s] -- Installing: /home/shiyao/Documents/GitHub/MTRX3760-Project-1/turtlebot3_ws/install/turtlebot3_gazebo/share/turtlebot3_gazebo//models/turtlebot3_house/textures/bricks.png
[10.045s] -- Installing: /home/shiyao/Documents/GitHub/MTRX3760-Project-1/turtlebot3_ws/install/turtlebot3_gazebo/share/turtlebot3_gazebo//models/turtlebot3_dqn_world
[10.045s] -- Installing: /home/shiyao/Documents/GitHub/MTRX3760-Project-1/turtlebot3_ws/install/turtlebot3_gazebo/share/turtlebot3_gazebo//models/turtlebot3_dqn_world/goal_box
[10.045s] -- Installing: /home/shiyao/Documents/GitHub/MTRX3760-Project-1/turtlebot3_ws/install/turtlebot3_gazebo/share/turtlebot3_gazebo//models/turtlebot3_dqn_world/goal_box/model.config
[10.045s] -- Installing: /home/shiyao/Documents/GitHub/MTRX3760-Project-1/turtlebot3_ws/install/turtlebot3_gazebo/share/turtlebot3_gazebo//models/turtlebot3_dqn_world/goal_box/model.sdf
[10.045s] -- Installing: /home/shiyao/Documents/GitHub/MTRX3760-Project-1/turtlebot3_ws/install/turtlebot3_gazebo/share/turtlebot3_gazebo//models/turtlebot3_dqn_world/obstacle1
[10.045s] -- Installing: /home/shiyao/Documents/GitHub/MTRX3760-Project-1/turtlebot3_ws/install/turtlebot3_gazebo/share/turtlebot3_gazebo//models/turtlebot3_dqn_world/obstacle1/model.config
[10.045s] -- Installing: /home/shiyao/Documents/GitHub/MTRX3760-Project-1/turtlebot3_ws/install/turtlebot3_gazebo/share/turtlebot3_gazebo//models/turtlebot3_dqn_world/obstacle1/model.sdf
[10.046s] -- Installing: /home/shiyao/Documents/GitHub/MTRX3760-Project-1/turtlebot3_ws/install/turtlebot3_gazebo/share/turtlebot3_gazebo//models/turtlebot3_dqn_world/inner_walls
[10.046s] -- Installing: /home/shiyao/Documents/GitHub/MTRX3760-Project-1/turtlebot3_ws/install/turtlebot3_gazebo/share/turtlebot3_gazebo//models/turtlebot3_dqn_world/inner_walls/model.config
[10.046s] -- Installing: /home/shiyao/Documents/GitHub/MTRX3760-Project-1/turtlebot3_ws/install/turtlebot3_gazebo/share/turtlebot3_gazebo//models/turtlebot3_dqn_world/inner_walls/model.sdf
[10.046s] -- Installing: /home/shiyao/Documents/GitHub/MTRX3760-Project-1/turtlebot3_ws/install/turtlebot3_gazebo/share/turtlebot3_gazebo//models/turtlebot3_dqn_world/inner_walls/textures
[10.046s] -- Installing: /home/shiyao/Documents/GitHub/MTRX3760-Project-1/turtlebot3_ws/install/turtlebot3_gazebo/share/turtlebot3_gazebo//models/turtlebot3_dqn_world/inner_walls/textures/wood.png
[10.046s] -- Installing: /home/shiyao/Documents/GitHub/MTRX3760-Project-1/turtlebot3_ws/install/turtlebot3_gazebo/share/turtlebot3_gazebo//models/turtlebot3_dqn_world/model.config
[10.046s] -- Installing: /home/shiyao/Documents/GitHub/MTRX3760-Project-1/turtlebot3_ws/install/turtlebot3_gazebo/share/turtlebot3_gazebo//models/turtlebot3_dqn_world/obstacle2
[10.046s] -- Installing: /home/shiyao/Documents/GitHub/MTRX3760-Project-1/turtlebot3_ws/install/turtlebot3_gazebo/share/turtlebot3_gazebo//models/turtlebot3_dqn_world/obstacle2/model.config
[10.046s] -- Installing: /home/shiyao/Documents/GitHub/MTRX3760-Project-1/turtlebot3_ws/install/turtlebot3_gazebo/share/turtlebot3_gazebo//models/turtlebot3_dqn_world/obstacle2/model.sdf
[10.046s] -- Installing: /home/shiyao/Documents/GitHub/MTRX3760-Project-1/turtlebot3_ws/install/turtlebot3_gazebo/share/turtlebot3_gazebo//models/turtlebot3_dqn_world/model.sdf
[10.046s] -- Installing: /home/shiyao/Documents/GitHub/MTRX3760-Project-1/turtlebot3_ws/install/turtlebot3_gazebo/share/turtlebot3_gazebo//models/turtlebot3_dqn_world/textures
[10.046s] -- Installing: /home/shiyao/Documents/GitHub/MTRX3760-Project-1/turtlebot3_ws/install/turtlebot3_gazebo/share/turtlebot3_gazebo//models/turtlebot3_dqn_world/textures/wood.png
[10.046s] -- Installing: /home/shiyao/Documents/GitHub/MTRX3760-Project-1/turtlebot3_ws/install/turtlebot3_gazebo/share/turtlebot3_gazebo//models/turtlebot3_dqn_world/obstacles
[10.046s] -- Installing: /home/shiyao/Documents/GitHub/MTRX3760-Project-1/turtlebot3_ws/install/turtlebot3_gazebo/share/turtlebot3_gazebo//models/turtlebot3_dqn_world/obstacles/model.config
[10.046s] -- Installing: /home/shiyao/Documents/GitHub/MTRX3760-Project-1/turtlebot3_ws/install/turtlebot3_gazebo/share/turtlebot3_gazebo//models/turtlebot3_dqn_world/obstacles/model.sdf
[10.046s] -- Installing: /home/shiyao/Documents/GitHub/MTRX3760-Project-1/turtlebot3_ws/install/turtlebot3_gazebo/share/turtlebot3_gazebo//models/turtlebot3_waffle
[10.046s] -- Installing: /home/shiyao/Documents/GitHub/MTRX3760-Project-1/turtlebot3_ws/install/turtlebot3_gazebo/share/turtlebot3_gazebo//models/turtlebot3_waffle/model.config
[10.046s] -- Installing: /home/shiyao/Documents/GitHub/MTRX3760-Project-1/turtlebot3_ws/install/turtlebot3_gazebo/share/turtlebot3_gazebo//models/turtlebot3_waffle/model.sdf
[10.046s] -- Installing: /home/shiyao/Documents/GitHub/MTRX3760-Project-1/turtlebot3_ws/install/turtlebot3_gazebo/share/turtlebot3_gazebo//models/turtlebot3_waffle/model-1_4.sdf
[10.046s] -- Installing: /home/shiyao/Documents/GitHub/MTRX3760-Project-1/turtlebot3_ws/install/turtlebot3_gazebo/share/turtlebot3_gazebo//models/turtlebot3_world
[10.046s] -- Installing: /home/shiyao/Documents/GitHub/MTRX3760-Project-1/turtlebot3_ws/install/turtlebot3_gazebo/share/turtlebot3_gazebo//models/turtlebot3_world/model.config
[10.046s] -- Installing: /home/shiyao/Documents/GitHub/MTRX3760-Project-1/turtlebot3_ws/install/turtlebot3_gazebo/share/turtlebot3_gazebo//models/turtlebot3_world/meshes
[10.046s] -- Installing: /home/shiyao/Documents/GitHub/MTRX3760-Project-1/turtlebot3_ws/install/turtlebot3_gazebo/share/turtlebot3_gazebo//models/turtlebot3_world/meshes/wall.dae
[10.046s] -- Installing: /home/shiyao/Documents/GitHub/MTRX3760-Project-1/turtlebot3_ws/install/turtlebot3_gazebo/share/turtlebot3_gazebo//models/turtlebot3_world/meshes/hexagon.dae
[10.047s] -- Installing: /home/shiyao/Documents/GitHub/MTRX3760-Project-1/turtlebot3_ws/install/turtlebot3_gazebo/share/turtlebot3_gazebo//models/turtlebot3_world/model.sdf
[10.047s] -- Installing: /home/shiyao/Documents/GitHub/MTRX3760-Project-1/turtlebot3_ws/install/turtlebot3_gazebo/share/turtlebot3_gazebo//models/turtlebot3_world/model-1_4.sdf
[10.047s] -- Installing: /home/shiyao/Documents/GitHub/MTRX3760-Project-1/turtlebot3_ws/install/turtlebot3_gazebo/share/turtlebot3_gazebo//params
[10.047s] -- Installing: /home/shiyao/Documents/GitHub/MTRX3760-Project-1/turtlebot3_ws/install/turtlebot3_gazebo/share/turtlebot3_gazebo//params/turtlebot3_burger_cam_bridge.yaml
[10.047s] -- Installing: /home/shiyao/Documents/GitHub/MTRX3760-Project-1/turtlebot3_ws/install/turtlebot3_gazebo/share/turtlebot3_gazebo//params/turtlebot3_waffle_pi_bridge.yaml
[10.047s] -- Installing: /home/shiyao/Documents/GitHub/MTRX3760-Project-1/turtlebot3_ws/install/turtlebot3_gazebo/share/turtlebot3_gazebo//params/turtlebot3_waffle_bridge.yaml
[10.047s] -- Installing: /home/shiyao/Documents/GitHub/MTRX3760-Project-1/turtlebot3_ws/install/turtlebot3_gazebo/share/turtlebot3_gazebo//params/turtlebot3_burger_bridge.yaml
[10.047s] -- Installing: /home/shiyao/Documents/GitHub/MTRX3760-Project-1/turtlebot3_ws/install/turtlebot3_gazebo/share/turtlebot3_gazebo//rviz
[10.047s] -- Installing: /home/shiyao/Documents/GitHub/MTRX3760-Project-1/turtlebot3_ws/install/turtlebot3_gazebo/share/turtlebot3_gazebo//rviz/tb3_gazebo.rviz
[10.047s] -- Installing: /home/shiyao/Documents/GitHub/MTRX3760-Project-1/turtlebot3_ws/install/turtlebot3_gazebo/share/turtlebot3_gazebo//urdf
[10.047s] -- Installing: /home/shiyao/Documents/GitHub/MTRX3760-Project-1/turtlebot3_ws/install/turtlebot3_gazebo/share/turtlebot3_gazebo//urdf/turtlebot3_burger.urdf
[10.047s] -- Installing: /home/shiyao/Documents/GitHub/MTRX3760-Project-1/turtlebot3_ws/install/turtlebot3_gazebo/share/turtlebot3_gazebo//urdf/common_properties.urdf
[10.047s] -- Installing: /home/shiyao/Documents/GitHub/MTRX3760-Project-1/turtlebot3_ws/install/turtlebot3_gazebo/share/turtlebot3_gazebo//urdf/turtlebot3_burger_cam.urdf
[10.047s] -- Installing: /home/shiyao/Documents/GitHub/MTRX3760-Project-1/turtlebot3_ws/install/turtlebot3_gazebo/share/turtlebot3_gazebo//urdf/turtlebot3_waffle_pi.urdf
[10.047s] -- Installing: /home/shiyao/Documents/GitHub/MTRX3760-Project-1/turtlebot3_ws/install/turtlebot3_gazebo/share/turtlebot3_gazebo//urdf/turtlebot3_waffle.urdf
[10.047s] -- Installing: /home/shiyao/Documents/GitHub/MTRX3760-Project-1/turtlebot3_ws/install/turtlebot3_gazebo/share/turtlebot3_gazebo//worlds
[10.047s] -- Installing: /home/shiyao/Documents/GitHub/MTRX3760-Project-1/turtlebot3_ws/install/turtlebot3_gazebo/share/turtlebot3_gazebo//worlds/turtlebot3_house.world
[10.047s] -- Installing: /home/shiyao/Documents/GitHub/MTRX3760-Project-1/turtlebot3_ws/install/turtlebot3_gazebo/share/turtlebot3_gazebo//worlds/turtlebot3_dqn_stage4.world
[10.047s] -- Installing: /home/shiyao/Documents/GitHub/MTRX3760-Project-1/turtlebot3_ws/install/turtlebot3_gazebo/share/turtlebot3_gazebo//worlds/turtlebot3_autorace_2020.world
[10.047s] -- Installing: /home/shiyao/Documents/GitHub/MTRX3760-Project-1/turtlebot3_ws/install/turtlebot3_gazebo/share/turtlebot3_gazebo//worlds/turtlebot3_dqn_stage2.world
[10.047s] -- Installing: /home/shiyao/Documents/GitHub/MTRX3760-Project-1/turtlebot3_ws/install/turtlebot3_gazebo/share/turtlebot3_gazebo//worlds/turtlebot3_world.world
[10.047s] -- Installing: /home/shiyao/Documents/GitHub/MTRX3760-Project-1/turtlebot3_ws/install/turtlebot3_gazebo/share/turtlebot3_gazebo//worlds/empty_world.world
[10.047s] -- Installing: /home/shiyao/Documents/GitHub/MTRX3760-Project-1/turtlebot3_ws/install/turtlebot3_gazebo/share/turtlebot3_gazebo//worlds/turtlebot3_dqn_stage3.world
[10.047s] -- Installing: /home/shiyao/Documents/GitHub/MTRX3760-Project-1/turtlebot3_ws/install/turtlebot3_gazebo/share/turtlebot3_gazebo//worlds/turtlebot3_dqn_stage1.world
[10.048s] -- Installing: /home/shiyao/Documents/GitHub/MTRX3760-Project-1/turtlebot3_ws/install/turtlebot3_gazebo/include/
[10.048s] -- Installing: /home/shiyao/Documents/GitHub/MTRX3760-Project-1/turtlebot3_ws/install/turtlebot3_gazebo/include//turtlebot3_gazebo
[10.048s] -- Installing: /home/shiyao/Documents/GitHub/MTRX3760-Project-1/turtlebot3_ws/install/turtlebot3_gazebo/include//turtlebot3_gazebo/obstacle1.hpp
[10.048s] -- Installing: /home/shiyao/Documents/GitHub/MTRX3760-Project-1/turtlebot3_ws/install/turtlebot3_gazebo/include//turtlebot3_gazebo/obstacles.hpp
[10.048s] -- Installing: /home/shiyao/Documents/GitHub/MTRX3760-Project-1/turtlebot3_ws/install/turtlebot3_gazebo/include//turtlebot3_gazebo/traffic_light_plugin.hpp
[10.048s] -- Installing: /home/shiyao/Documents/GitHub/MTRX3760-Project-1/turtlebot3_ws/install/turtlebot3_gazebo/include//turtlebot3_gazebo/traffic_bar_plugin.hpp
[10.048s] -- Installing: /home/shiyao/Documents/GitHub/MTRX3760-Project-1/turtlebot3_ws/install/turtlebot3_gazebo/include//turtlebot3_gazebo/turtlebot3_drive.hpp
[10.048s] -- Installing: /home/shiyao/Documents/GitHub/MTRX3760-Project-1/turtlebot3_ws/install/turtlebot3_gazebo/include//turtlebot3_gazebo/obstacle2.hpp
[10.048s] -- Installing: /home/shiyao/Documents/GitHub/MTRX3760-Project-1/turtlebot3_ws/install/turtlebot3_gazebo/share/ament_index/resource_index/package_run_dependencies/turtlebot3_gazebo
[10.048s] -- Installing: /home/shiyao/Documents/GitHub/MTRX3760-Project-1/turtlebot3_ws/install/turtlebot3_gazebo/share/ament_index/resource_index/parent_prefix_path/turtlebot3_gazebo
[10.048s] -- Installing: /home/shiyao/Documents/GitHub/MTRX3760-Project-1/turtlebot3_ws/install/turtlebot3_gazebo/share/turtlebot3_gazebo/environment/ament_prefix_path.sh
[10.048s] -- Installing: /home/shiyao/Documents/GitHub/MTRX3760-Project-1/turtlebot3_ws/install/turtlebot3_gazebo/share/turtlebot3_gazebo/environment/ament_prefix_path.dsv
[10.048s] -- Installing: /home/shiyao/Documents/GitHub/MTRX3760-Project-1/turtlebot3_ws/install/turtlebot3_gazebo/share/turtlebot3_gazebo/environment/path.sh
[10.048s] -- Installing: /home/shiyao/Documents/GitHub/MTRX3760-Project-1/turtlebot3_ws/install/turtlebot3_gazebo/share/turtlebot3_gazebo/environment/path.dsv
[10.048s] -- Installing: /home/shiyao/Documents/GitHub/MTRX3760-Project-1/turtlebot3_ws/install/turtlebot3_gazebo/share/turtlebot3_gazebo/local_setup.bash
[10.048s] -- Installing: /home/shiyao/Documents/GitHub/MTRX3760-Project-1/turtlebot3_ws/install/turtlebot3_gazebo/share/turtlebot3_gazebo/local_setup.sh
[10.048s] -- Installing: /home/shiyao/Documents/GitHub/MTRX3760-Project-1/turtlebot3_ws/install/turtlebot3_gazebo/share/turtlebot3_gazebo/local_setup.zsh
[10.048s] -- Installing: /home/shiyao/Documents/GitHub/MTRX3760-Project-1/turtlebot3_ws/install/turtlebot3_gazebo/share/turtlebot3_gazebo/local_setup.dsv
[10.048s] -- Installing: /home/shiyao/Documents/GitHub/MTRX3760-Project-1/turtlebot3_ws/install/turtlebot3_gazebo/share/turtlebot3_gazebo/package.dsv
[10.048s] -- Installing: /home/shiyao/Documents/GitHub/MTRX3760-Project-1/turtlebot3_ws/install/turtlebot3_gazebo/share/ament_index/resource_index/packages/turtlebot3_gazebo
[10.048s] -- Installing: /home/shiyao/Documents/GitHub/MTRX3760-Project-1/turtlebot3_ws/install/turtlebot3_gazebo/share/turtlebot3_gazebo/cmake/ament_cmake_export_include_directories-extras.cmake
[10.048s] -- Installing: /home/shiyao/Documents/GitHub/MTRX3760-Project-1/turtlebot3_ws/install/turtlebot3_gazebo/share/turtlebot3_gazebo/cmake/ament_cmake_export_dependencies-extras.cmake
[10.048s] -- Installing: /home/shiyao/Documents/GitHub/MTRX3760-Project-1/turtlebot3_ws/install/turtlebot3_gazebo/share/turtlebot3_gazebo/cmake/turtlebot3_gazeboConfig.cmake
[10.048s] -- Installing: /home/shiyao/Documents/GitHub/MTRX3760-Project-1/turtlebot3_ws/install/turtlebot3_gazebo/share/turtlebot3_gazebo/cmake/turtlebot3_gazeboConfig-version.cmake
[10.048s] -- Installing: /home/shiyao/Documents/GitHub/MTRX3760-Project-1/turtlebot3_ws/install/turtlebot3_gazebo/share/turtlebot3_gazebo/package.xml
[10.050s] Invoked command in '/home/shiyao/Documents/GitHub/MTRX3760-Project-1/turtlebot3_ws/build/turtlebot3_gazebo' returned '0': CMAKE_PREFIX_PATH=${CMAKE_PREFIX_PATH}:/home/shiyao/Documents/GitHub/MTRX3760-Project-1/turtlebot3_ws/install/turtlebot3_teleop:/home/shiyao/Documents/GitHub/MTRX3760-Project-1/turtlebot3_ws/install/turtlebot3_example:/home/shiyao/turtlebot3_ws/install/turtlebot3_teleop:/home/shiyao/turtlebot3_ws/install/turtlebot3_example:/home/shiyao/turtlebot3_ws/install/turtlebot3_gazebo:/opt/ros/jazzy DEBUGINFOD_URLS=https://debuginfod.ubuntu.com /usr/bin/cmake --install /home/shiyao/Documents/GitHub/MTRX3760-Project-1/turtlebot3_ws/build/turtlebot3_gazebo
