[0.008s] Invoking command in '/home/shiyao/Documents/GitHub/MTRX3760-Project-1/turtlebot3_ws/build/turtlebot3_gazebo': CMAKE_PREFIX_PATH=${CMAKE_PREFIX_PATH}:/home/shiyao/turtlebot3_ws/install/turtlebot3_teleop:/home/shiyao/turtlebot3_ws/install/turtlebot3_example:/home/shiyao/turtlebot3_ws/install/turtlebot3_gazebo:/opt/ros/jazzy DEBUGINFOD_URLS=https://debuginfod.ubuntu.com /usr/bin/cmake --build /home/shiyao/Documents/GitHub/MTRX3760-Project-1/turtlebot3_ws/build/turtlebot3_gazebo -- -j12 -l12
[0.081s] [ 25%] Built target obstacles
[0.081s] [ 50%] Built target obstacle1
[0.082s] [ 75%] Built target obstacle2
[0.089s] [ 87%] [32mBuilding CXX object CMakeFiles/turtlebot3_drive.dir/src/turtlebot3_drive.cpp.o[0m
[1.563s] [01m[K/home/shiyao/Documents/GitHub/MTRX3760-Project-1/turtlebot3_ws/src/turtlebot3_simulations/turtlebot3_gazebo/src/turtlebot3_drive.cpp:[m[K In member function ‘[01m[Kvoid Turtlebot3Drive::[01;32m[Kupdate_callback[m[K()[m[K’:
[1.563s] [01m[K/home/shiyao/Documents/GitHub/MTRX3760-Project-1/turtlebot3_ws/src/turtlebot3_simulations/turtlebot3_gazebo/src/turtlebot3_drive.cpp:156:17:[m[K [01;35m[Kwarning: [m[Kvariable ‘[01m[Kturning[m[K’ set but not used [[01;35m[K]8;;https://gcc.gnu.org/onlinedocs/gcc/Warning-Options.html#index-Wunused-but-set-variable-Wunused-but-set-variable]8;;[m[K]
[1.564s]   156 |     static bool [01;35m[Kturning[m[K = false;
[1.564s]       |                 [01;35m[K^~~~~~~[m[K
[1.564s] [01m[K/home/shiyao/Documents/GitHub/MTRX3760-Project-1/turtlebot3_ws/src/turtlebot3_simulations/turtlebot3_gazebo/src/turtlebot3_drive.cpp:162:18:[m[K [01;35m[Kwarning: [m[Kunused variable ‘[01m[KPERPENDICULAR_THRESHOLD[m[K’ [[01;35m[K]8;;https://gcc.gnu.org/onlinedocs/gcc/Warning-Options.html#index-Wunused-variable-Wunused-variable]8;;[m[K]
[1.564s]   162 |     const double [01;35m[KPERPENDICULAR_THRESHOLD[m[K = 0.15;  // Threshold for being perpendicular (radians ~8.6°)
[1.564s]       |                  [01;35m[K^~~~~~~~~~~~~~~~~~~~~~~[m[K
[6.946s] [100%] [32m[1mLinking CXX executable turtlebot3_drive[0m
[7.217s] [100%] Built target turtlebot3_drive
[7.226s] Invoked command in '/home/shiyao/Documents/GitHub/MTRX3760-Project-1/turtlebot3_ws/build/turtlebot3_gazebo' returned '0': CMAKE_PREFIX_PATH=${CMAKE_PREFIX_PATH}:/home/shiyao/turtlebot3_ws/install/turtlebot3_teleop:/home/shiyao/turtlebot3_ws/install/turtlebot3_example:/home/shiyao/turtlebot3_ws/install/turtlebot3_gazebo:/opt/ros/jazzy DEBUGINFOD_URLS=https://debuginfod.ubuntu.com /usr/bin/cmake --build /home/shiyao/Documents/GitHub/MTRX3760-Project-1/turtlebot3_ws/build/turtlebot3_gazebo -- -j12 -l12
[7.232s] Invoking command in '/home/shiyao/Documents/GitHub/MTRX3760-Project-1/turtlebot3_ws/build/turtlebot3_gazebo': CMAKE_PREFIX_PATH=${CMAKE_PREFIX_PATH}:/home/shiyao/turtlebot3_ws/install/turtlebot3_teleop:/home/shiyao/turtlebot3_ws/install/turtlebot3_example:/home/shiyao/turtlebot3_ws/install/turtlebot3_gazebo:/opt/ros/jazzy DEBUGINFOD_URLS=https://debuginfod.ubuntu.com /usr/bin/cmake --install /home/shiyao/Documents/GitHub/MTRX3760-Project-1/turtlebot3_ws/build/turtlebot3_gazebo
[7.242s] -- Install configuration: ""
[7.242s] -- Installing: /home/shiyao/Documents/GitHub/MTRX3760-Project-1/turtlebot3_ws/install/turtlebot3_gazebo/lib/turtlebot3_gazebo/turtlebot3_drive
[7.247s] -- Set non-toolchain portion of runtime path of "/home/shiyao/Documents/GitHub/MTRX3760-Project-1/turtlebot3_ws/install/turtlebot3_gazebo/lib/turtlebot3_gazebo/turtlebot3_drive" to ""
[7.247s] -- Up-to-date: /home/shiyao/Documents/GitHub/MTRX3760-Project-1/turtlebot3_ws/install/turtlebot3_gazebo/lib/turtlebot3_gazebo/libobstacles.so
[7.247s] -- Up-to-date: /home/shiyao/Documents/GitHub/MTRX3760-Project-1/turtlebot3_ws/install/turtlebot3_gazebo/lib/turtlebot3_gazebo/libobstacle1.so
[7.248s] -- Up-to-date: /home/shiyao/Documents/GitHub/MTRX3760-Project-1/turtlebot3_ws/install/turtlebot3_gazebo/lib/turtlebot3_gazebo/libobstacle2.so
[7.248s] -- Up-to-date: /home/shiyao/Documents/GitHub/MTRX3760-Project-1/turtlebot3_ws/install/turtlebot3_gazebo/share/turtlebot3_gazebo//launch
[7.248s] -- Up-to-date: /home/shiyao/Documents/GitHub/MTRX3760-Project-1/turtlebot3_ws/install/turtlebot3_gazebo/share/turtlebot3_gazebo//launch/turtlebot3_dqn_stage3.launch.py
[7.248s] -- Up-to-date: /home/shiyao/Documents/GitHub/MTRX3760-Project-1/turtlebot3_ws/install/turtlebot3_gazebo/share/turtlebot3_gazebo//launch/turtlebot3_house.launch.py
[7.248s] -- Up-to-date: /home/shiyao/Documents/GitHub/MTRX3760-Project-1/turtlebot3_ws/install/turtlebot3_gazebo/share/turtlebot3_gazebo//launch/empty_world.launch.py
[7.248s] -- Up-to-date: /home/shiyao/Documents/GitHub/MTRX3760-Project-1/turtlebot3_ws/install/turtlebot3_gazebo/share/turtlebot3_gazebo//launch/turtlebot3_dqn_stage4.launch.py
[7.248s] -- Up-to-date: /home/shiyao/Documents/GitHub/MTRX3760-Project-1/turtlebot3_ws/install/turtlebot3_gazebo/share/turtlebot3_gazebo//launch/turtlebot3_dqn_stage1.launch.py
[7.248s] -- Up-to-date: /home/shiyao/Documents/GitHub/MTRX3760-Project-1/turtlebot3_ws/install/turtlebot3_gazebo/share/turtlebot3_gazebo//launch/turtlebot3_world.launch.py
[7.259s] -- Up-to-date: /home/shiyao/Documents/GitHub/MTRX3760-Project-1/turtlebot3_ws/install/turtlebot3_gazebo/share/turtlebot3_gazebo//launch/turtlebot3_dqn_stage1_custom.launch.py
[7.259s] -- Up-to-date: /home/shiyao/Documents/GitHub/MTRX3760-Project-1/turtlebot3_ws/install/turtlebot3_gazebo/share/turtlebot3_gazebo//launch/turtlebot3_dqn_stage2.launch.py
[7.259s] -- Up-to-date: /home/shiyao/Documents/GitHub/MTRX3760-Project-1/turtlebot3_ws/install/turtlebot3_gazebo/share/turtlebot3_gazebo//launch/spawn_turtlebot3.launch.py
[7.260s] -- Up-to-date: /home/shiyao/Documents/GitHub/MTRX3760-Project-1/turtlebot3_ws/install/turtlebot3_gazebo/share/turtlebot3_gazebo//launch/robot_state_publisher.launch.py
[7.260s] -- Up-to-date: /home/shiyao/Documents/GitHub/MTRX3760-Project-1/turtlebot3_ws/install/turtlebot3_gazebo/share/turtlebot3_gazebo//models
[7.260s] -- Up-to-date: /home/shiyao/Documents/GitHub/MTRX3760-Project-1/turtlebot3_ws/install/turtlebot3_gazebo/share/turtlebot3_gazebo//models/turtlebot3_common
[7.260s] -- Up-to-date: /home/shiyao/Documents/GitHub/MTRX3760-Project-1/turtlebot3_ws/install/turtlebot3_gazebo/share/turtlebot3_gazebo//models/turtlebot3_common/model.config
[7.260s] -- Up-to-date: /home/shiyao/Documents/GitHub/MTRX3760-Project-1/turtlebot3_ws/install/turtlebot3_gazebo/share/turtlebot3_gazebo//models/turtlebot3_common/meshes
[7.260s] -- Up-to-date: /home/shiyao/Documents/GitHub/MTRX3760-Project-1/turtlebot3_ws/install/turtlebot3_gazebo/share/turtlebot3_gazebo//models/turtlebot3_common/meshes/waffle_base.dae
[7.260s] -- Up-to-date: /home/shiyao/Documents/GitHub/MTRX3760-Project-1/turtlebot3_ws/install/turtlebot3_gazebo/share/turtlebot3_gazebo//models/turtlebot3_common/meshes/bases
[7.260s] -- Up-to-date: /home/shiyao/Documents/GitHub/MTRX3760-Project-1/turtlebot3_ws/install/turtlebot3_gazebo/share/turtlebot3_gazebo//models/turtlebot3_common/meshes/bases/waffle_pi_base.stl
[7.260s] -- Up-to-date: /home/shiyao/Documents/GitHub/MTRX3760-Project-1/turtlebot3_ws/install/turtlebot3_gazebo/share/turtlebot3_gazebo//models/turtlebot3_common/meshes/bases/waffle_base.stl
[7.260s] -- Up-to-date: /home/shiyao/Documents/GitHub/MTRX3760-Project-1/turtlebot3_ws/install/turtlebot3_gazebo/share/turtlebot3_gazebo//models/turtlebot3_common/meshes/bases/burger_base.stl
[7.260s] -- Up-to-date: /home/shiyao/Documents/GitHub/MTRX3760-Project-1/turtlebot3_ws/install/turtlebot3_gazebo/share/turtlebot3_gazebo//models/turtlebot3_common/meshes/tire.dae
[7.260s] -- Up-to-date: /home/shiyao/Documents/GitHub/MTRX3760-Project-1/turtlebot3_ws/install/turtlebot3_gazebo/share/turtlebot3_gazebo//models/turtlebot3_common/meshes/wheels
[7.260s] -- Up-to-date: /home/shiyao/Documents/GitHub/MTRX3760-Project-1/turtlebot3_ws/install/turtlebot3_gazebo/share/turtlebot3_gazebo//models/turtlebot3_common/meshes/wheels/right_tire.stl
[7.261s] -- Up-to-date: /home/shiyao/Documents/GitHub/MTRX3760-Project-1/turtlebot3_ws/install/turtlebot3_gazebo/share/turtlebot3_gazebo//models/turtlebot3_common/meshes/wheels/left_tire.stl
[7.261s] -- Up-to-date: /home/shiyao/Documents/GitHub/MTRX3760-Project-1/turtlebot3_ws/install/turtlebot3_gazebo/share/turtlebot3_gazebo//models/turtlebot3_common/meshes/lds.dae
[7.261s] -- Up-to-date: /home/shiyao/Documents/GitHub/MTRX3760-Project-1/turtlebot3_ws/install/turtlebot3_gazebo/share/turtlebot3_gazebo//models/turtlebot3_common/meshes/r200.dae
[7.261s] -- Up-to-date: /home/shiyao/Documents/GitHub/MTRX3760-Project-1/turtlebot3_ws/install/turtlebot3_gazebo/share/turtlebot3_gazebo//models/turtlebot3_common/meshes/burger_base.dae
[7.261s] -- Up-to-date: /home/shiyao/Documents/GitHub/MTRX3760-Project-1/turtlebot3_ws/install/turtlebot3_gazebo/share/turtlebot3_gazebo//models/turtlebot3_common/meshes/waffle_pi_base.dae
[7.261s] -- Up-to-date: /home/shiyao/Documents/GitHub/MTRX3760-Project-1/turtlebot3_ws/install/turtlebot3_gazebo/share/turtlebot3_gazebo//models/turtlebot3_common/meshes/sensors
[7.261s] -- Up-to-date: /home/shiyao/Documents/GitHub/MTRX3760-Project-1/turtlebot3_ws/install/turtlebot3_gazebo/share/turtlebot3_gazebo//models/turtlebot3_common/meshes/sensors/r200.jpg
[7.261s] -- Up-to-date: /home/shiyao/Documents/GitHub/MTRX3760-Project-1/turtlebot3_ws/install/turtlebot3_gazebo/share/turtlebot3_gazebo//models/turtlebot3_common/meshes/sensors/r200.dae
[7.261s] -- Up-to-date: /home/shiyao/Documents/GitHub/MTRX3760-Project-1/turtlebot3_ws/install/turtlebot3_gazebo/share/turtlebot3_gazebo//models/turtlebot3_common/meshes/sensors/astra.jpg
[7.261s] -- Up-to-date: /home/shiyao/Documents/GitHub/MTRX3760-Project-1/turtlebot3_ws/install/turtlebot3_gazebo/share/turtlebot3_gazebo//models/turtlebot3_common/meshes/sensors/lds.stl
[7.261s] -- Up-to-date: /home/shiyao/Documents/GitHub/MTRX3760-Project-1/turtlebot3_ws/install/turtlebot3_gazebo/share/turtlebot3_gazebo//models/turtlebot3_common/meshes/sensors/astra.dae
[7.261s] -- Up-to-date: /home/shiyao/Documents/GitHub/MTRX3760-Project-1/turtlebot3_ws/install/turtlebot3_gazebo/share/turtlebot3_gazebo//models/turtlebot3_burger_cam
[7.261s] -- Up-to-date: /home/shiyao/Documents/GitHub/MTRX3760-Project-1/turtlebot3_ws/install/turtlebot3_gazebo/share/turtlebot3_gazebo//models/turtlebot3_burger_cam/model.config
[7.261s] -- Up-to-date: /home/shiyao/Documents/GitHub/MTRX3760-Project-1/turtlebot3_ws/install/turtlebot3_gazebo/share/turtlebot3_gazebo//models/turtlebot3_burger_cam/model.sdf
[7.262s] -- Up-to-date: /home/shiyao/Documents/GitHub/MTRX3760-Project-1/turtlebot3_ws/install/turtlebot3_gazebo/share/turtlebot3_gazebo//models/turtlebot3_burger_cam/model-1_4.sdf
[7.262s] -- Up-to-date: /home/shiyao/Documents/GitHub/MTRX3760-Project-1/turtlebot3_ws/install/turtlebot3_gazebo/share/turtlebot3_gazebo//models/turtlebot3_waffle_pi
[7.262s] -- Up-to-date: /home/shiyao/Documents/GitHub/MTRX3760-Project-1/turtlebot3_ws/install/turtlebot3_gazebo/share/turtlebot3_gazebo//models/turtlebot3_waffle_pi/model.config
[7.262s] -- Up-to-date: /home/shiyao/Documents/GitHub/MTRX3760-Project-1/turtlebot3_ws/install/turtlebot3_gazebo/share/turtlebot3_gazebo//models/turtlebot3_waffle_pi/model-1_4_.sdf
[7.262s] -- Up-to-date: /home/shiyao/Documents/GitHub/MTRX3760-Project-1/turtlebot3_ws/install/turtlebot3_gazebo/share/turtlebot3_gazebo//models/turtlebot3_waffle_pi/model.sdf
[7.262s] -- Up-to-date: /home/shiyao/Documents/GitHub/MTRX3760-Project-1/turtlebot3_ws/install/turtlebot3_gazebo/share/turtlebot3_gazebo//models/turtlebot3_burger
[7.262s] -- Up-to-date: /home/shiyao/Documents/GitHub/MTRX3760-Project-1/turtlebot3_ws/install/turtlebot3_gazebo/share/turtlebot3_gazebo//models/turtlebot3_burger/model.config
[7.263s] -- Up-to-date: /home/shiyao/Documents/GitHub/MTRX3760-Project-1/turtlebot3_ws/install/turtlebot3_gazebo/share/turtlebot3_gazebo//models/turtlebot3_burger/model.sdf
[7.263s] -- Up-to-date: /home/shiyao/Documents/GitHub/MTRX3760-Project-1/turtlebot3_ws/install/turtlebot3_gazebo/share/turtlebot3_gazebo//models/turtlebot3_burger/model-1_4.sdf
[7.263s] -- Up-to-date: /home/shiyao/Documents/GitHub/MTRX3760-Project-1/turtlebot3_ws/install/turtlebot3_gazebo/share/turtlebot3_gazebo//models/turtlebot3_house
[7.263s] -- Up-to-date: /home/shiyao/Documents/GitHub/MTRX3760-Project-1/turtlebot3_ws/install/turtlebot3_gazebo/share/turtlebot3_gazebo//models/turtlebot3_house/first_2015_trash_can
[7.263s] -- Up-to-date: /home/shiyao/Documents/GitHub/MTRX3760-Project-1/turtlebot3_ws/install/turtlebot3_gazebo/share/turtlebot3_gazebo//models/turtlebot3_house/first_2015_trash_can/model.config
[7.263s] -- Up-to-date: /home/shiyao/Documents/GitHub/MTRX3760-Project-1/turtlebot3_ws/install/turtlebot3_gazebo/share/turtlebot3_gazebo//models/turtlebot3_house/first_2015_trash_can/meshes
[7.263s] -- Up-to-date: /home/shiyao/Documents/GitHub/MTRX3760-Project-1/turtlebot3_ws/install/turtlebot3_gazebo/share/turtlebot3_gazebo//models/turtlebot3_house/first_2015_trash_can/meshes/trash_can.dae
[7.263s] -- Up-to-date: /home/shiyao/Documents/GitHub/MTRX3760-Project-1/turtlebot3_ws/install/turtlebot3_gazebo/share/turtlebot3_gazebo//models/turtlebot3_house/first_2015_trash_can/model.sdf
[7.263s] -- Up-to-date: /home/shiyao/Documents/GitHub/MTRX3760-Project-1/turtlebot3_ws/install/turtlebot3_gazebo/share/turtlebot3_gazebo//models/turtlebot3_house/model.config
[7.263s] -- Up-to-date: /home/shiyao/Documents/GitHub/MTRX3760-Project-1/turtlebot3_ws/install/turtlebot3_gazebo/share/turtlebot3_gazebo//models/turtlebot3_house/mailbox
[7.263s] -- Up-to-date: /home/shiyao/Documents/GitHub/MTRX3760-Project-1/turtlebot3_ws/install/turtlebot3_gazebo/share/turtlebot3_gazebo//models/turtlebot3_house/mailbox/model.config
[7.263s] -- Up-to-date: /home/shiyao/Documents/GitHub/MTRX3760-Project-1/turtlebot3_ws/install/turtlebot3_gazebo/share/turtlebot3_gazebo//models/turtlebot3_house/mailbox/meshes
[7.263s] -- Up-to-date: /home/shiyao/Documents/GitHub/MTRX3760-Project-1/turtlebot3_ws/install/turtlebot3_gazebo/share/turtlebot3_gazebo//models/turtlebot3_house/mailbox/meshes/mailbox.dae
[7.264s] -- Up-to-date: /home/shiyao/Documents/GitHub/MTRX3760-Project-1/turtlebot3_ws/install/turtlebot3_gazebo/share/turtlebot3_gazebo//models/turtlebot3_house/mailbox/model.sdf
[7.264s] -- Up-to-date: /home/shiyao/Documents/GitHub/MTRX3760-Project-1/turtlebot3_ws/install/turtlebot3_gazebo/share/turtlebot3_gazebo//models/turtlebot3_house/mailbox/materials
[7.264s] -- Up-to-date: /home/shiyao/Documents/GitHub/MTRX3760-Project-1/turtlebot3_ws/install/turtlebot3_gazebo/share/turtlebot3_gazebo//models/turtlebot3_house/mailbox/materials/scripts
[7.264s] -- Up-to-date: /home/shiyao/Documents/GitHub/MTRX3760-Project-1/turtlebot3_ws/install/turtlebot3_gazebo/share/turtlebot3_gazebo//models/turtlebot3_house/mailbox/materials/scripts/mailbox.material
[7.264s] -- Up-to-date: /home/shiyao/Documents/GitHub/MTRX3760-Project-1/turtlebot3_ws/install/turtlebot3_gazebo/share/turtlebot3_gazebo//models/turtlebot3_house/mailbox/materials/textures
[7.264s] -- Up-to-date: /home/shiyao/Documents/GitHub/MTRX3760-Project-1/turtlebot3_ws/install/turtlebot3_gazebo/share/turtlebot3_gazebo//models/turtlebot3_house/mailbox/materials/textures/Mailbox_Spec.png
[7.264s] -- Up-to-date: /home/shiyao/Documents/GitHub/MTRX3760-Project-1/turtlebot3_ws/install/turtlebot3_gazebo/share/turtlebot3_gazebo//models/turtlebot3_house/mailbox/materials/textures/Mailbox_Diffuse.tga.orig
[7.264s] -- Up-to-date: /home/shiyao/Documents/GitHub/MTRX3760-Project-1/turtlebot3_ws/install/turtlebot3_gazebo/share/turtlebot3_gazebo//models/turtlebot3_house/mailbox/materials/textures/Mailbox_Diffuse.png
[7.264s] -- Up-to-date: /home/shiyao/Documents/GitHub/MTRX3760-Project-1/turtlebot3_ws/install/turtlebot3_gazebo/share/turtlebot3_gazebo//models/turtlebot3_house/mailbox/model-1_3.sdf
[7.265s] -- Up-to-date: /home/shiyao/Documents/GitHub/MTRX3760-Project-1/turtlebot3_ws/install/turtlebot3_gazebo/share/turtlebot3_gazebo//models/turtlebot3_house/mailbox/model-1_4.sdf
[7.265s] -- Up-to-date: /home/shiyao/Documents/GitHub/MTRX3760-Project-1/turtlebot3_ws/install/turtlebot3_gazebo/share/turtlebot3_gazebo//models/turtlebot3_house/cafe_table
[7.265s] -- Up-to-date: /home/shiyao/Documents/GitHub/MTRX3760-Project-1/turtlebot3_ws/install/turtlebot3_gazebo/share/turtlebot3_gazebo//models/turtlebot3_house/cafe_table/model.config
[7.265s] -- Up-to-date: /home/shiyao/Documents/GitHub/MTRX3760-Project-1/turtlebot3_ws/install/turtlebot3_gazebo/share/turtlebot3_gazebo//models/turtlebot3_house/cafe_table/meshes
[7.265s] -- Up-to-date: /home/shiyao/Documents/GitHub/MTRX3760-Project-1/turtlebot3_ws/install/turtlebot3_gazebo/share/turtlebot3_gazebo//models/turtlebot3_house/cafe_table/meshes/cafe_table.dae
[7.265s] -- Up-to-date: /home/shiyao/Documents/GitHub/MTRX3760-Project-1/turtlebot3_ws/install/turtlebot3_gazebo/share/turtlebot3_gazebo//models/turtlebot3_house/cafe_table/model.sdf
[7.265s] -- Up-to-date: /home/shiyao/Documents/GitHub/MTRX3760-Project-1/turtlebot3_ws/install/turtlebot3_gazebo/share/turtlebot3_gazebo//models/turtlebot3_house/cafe_table/materials
[7.265s] -- Up-to-date: /home/shiyao/Documents/GitHub/MTRX3760-Project-1/turtlebot3_ws/install/turtlebot3_gazebo/share/turtlebot3_gazebo//models/turtlebot3_house/cafe_table/materials/textures
[7.265s] -- Up-to-date: /home/shiyao/Documents/GitHub/MTRX3760-Project-1/turtlebot3_ws/install/turtlebot3_gazebo/share/turtlebot3_gazebo//models/turtlebot3_house/cafe_table/materials/textures/Wood_Floor_Dark.jpg
[7.265s] -- Up-to-date: /home/shiyao/Documents/GitHub/MTRX3760-Project-1/turtlebot3_ws/install/turtlebot3_gazebo/share/turtlebot3_gazebo//models/turtlebot3_house/cafe_table/materials/textures/Maple.jpg
[7.266s] -- Up-to-date: /home/shiyao/Documents/GitHub/MTRX3760-Project-1/turtlebot3_ws/install/turtlebot3_gazebo/share/turtlebot3_gazebo//models/turtlebot3_house/cafe_table/model-1_4.sdf
[7.266s] -- Up-to-date: /home/shiyao/Documents/GitHub/MTRX3760-Project-1/turtlebot3_ws/install/turtlebot3_gazebo/share/turtlebot3_gazebo//models/turtlebot3_house/table_marble
[7.266s] -- Up-to-date: /home/shiyao/Documents/GitHub/MTRX3760-Project-1/turtlebot3_ws/install/turtlebot3_gazebo/share/turtlebot3_gazebo//models/turtlebot3_house/table_marble/model.config
[7.266s] -- Up-to-date: /home/shiyao/Documents/GitHub/MTRX3760-Project-1/turtlebot3_ws/install/turtlebot3_gazebo/share/turtlebot3_gazebo//models/turtlebot3_house/table_marble/meshes
[7.266s] -- Up-to-date: /home/shiyao/Documents/GitHub/MTRX3760-Project-1/turtlebot3_ws/install/turtlebot3_gazebo/share/turtlebot3_gazebo//models/turtlebot3_house/table_marble/meshes/table_lightmap.dae
[7.266s] -- Up-to-date: /home/shiyao/Documents/GitHub/MTRX3760-Project-1/turtlebot3_ws/install/turtlebot3_gazebo/share/turtlebot3_gazebo//models/turtlebot3_house/table_marble/model.sdf
[7.266s] -- Up-to-date: /home/shiyao/Documents/GitHub/MTRX3760-Project-1/turtlebot3_ws/install/turtlebot3_gazebo/share/turtlebot3_gazebo//models/turtlebot3_house/table_marble/materials
[7.266s] -- Up-to-date: /home/shiyao/Documents/GitHub/MTRX3760-Project-1/turtlebot3_ws/install/turtlebot3_gazebo/share/turtlebot3_gazebo//models/turtlebot3_house/table_marble/materials/scripts
[7.266s] -- Up-to-date: /home/shiyao/Documents/GitHub/MTRX3760-Project-1/turtlebot3_ws/install/turtlebot3_gazebo/share/turtlebot3_gazebo//models/turtlebot3_house/table_marble/materials/scripts/table_lightmap.material
[7.266s] -- Up-to-date: /home/shiyao/Documents/GitHub/MTRX3760-Project-1/turtlebot3_ws/install/turtlebot3_gazebo/share/turtlebot3_gazebo//models/turtlebot3_house/table_marble/materials/textures
[7.266s] -- Up-to-date: /home/shiyao/Documents/GitHub/MTRX3760-Project-1/turtlebot3_ws/install/turtlebot3_gazebo/share/turtlebot3_gazebo//models/turtlebot3_house/table_marble/materials/textures/table_lightmap.png
[7.266s] -- Up-to-date: /home/shiyao/Documents/GitHub/MTRX3760-Project-1/turtlebot3_ws/install/turtlebot3_gazebo/share/turtlebot3_gazebo//models/turtlebot3_house/table_marble/materials/textures/marble.png
[7.266s] -- Up-to-date: /home/shiyao/Documents/GitHub/MTRX3760-Project-1/turtlebot3_ws/install/turtlebot3_gazebo/share/turtlebot3_gazebo//models/turtlebot3_house/table_marble/model-1_4.sdf
[7.266s] -- Up-to-date: /home/shiyao/Documents/GitHub/MTRX3760-Project-1/turtlebot3_ws/install/turtlebot3_gazebo/share/turtlebot3_gazebo//models/turtlebot3_house/model.sdf
[7.266s] -- Up-to-date: /home/shiyao/Documents/GitHub/MTRX3760-Project-1/turtlebot3_ws/install/turtlebot3_gazebo/share/turtlebot3_gazebo//models/turtlebot3_house/textures
[7.266s] -- Up-to-date: /home/shiyao/Documents/GitHub/MTRX3760-Project-1/turtlebot3_ws/install/turtlebot3_gazebo/share/turtlebot3_gazebo//models/turtlebot3_house/textures/wood.png
[7.266s] -- Up-to-date: /home/shiyao/Documents/GitHub/MTRX3760-Project-1/turtlebot3_ws/install/turtlebot3_gazebo/share/turtlebot3_gazebo//models/turtlebot3_house/textures/bricks.png
[7.266s] -- Up-to-date: /home/shiyao/Documents/GitHub/MTRX3760-Project-1/turtlebot3_ws/install/turtlebot3_gazebo/share/turtlebot3_gazebo//models/turtlebot3_dqn_world
[7.266s] -- Up-to-date: /home/shiyao/Documents/GitHub/MTRX3760-Project-1/turtlebot3_ws/install/turtlebot3_gazebo/share/turtlebot3_gazebo//models/turtlebot3_dqn_world/goal_box
[7.266s] -- Up-to-date: /home/shiyao/Documents/GitHub/MTRX3760-Project-1/turtlebot3_ws/install/turtlebot3_gazebo/share/turtlebot3_gazebo//models/turtlebot3_dqn_world/goal_box/model.config
[7.266s] -- Up-to-date: /home/shiyao/Documents/GitHub/MTRX3760-Project-1/turtlebot3_ws/install/turtlebot3_gazebo/share/turtlebot3_gazebo//models/turtlebot3_dqn_world/goal_box/model.sdf
[7.267s] -- Up-to-date: /home/shiyao/Documents/GitHub/MTRX3760-Project-1/turtlebot3_ws/install/turtlebot3_gazebo/share/turtlebot3_gazebo//models/turtlebot3_dqn_world/obstacle1
[7.267s] -- Up-to-date: /home/shiyao/Documents/GitHub/MTRX3760-Project-1/turtlebot3_ws/install/turtlebot3_gazebo/share/turtlebot3_gazebo//models/turtlebot3_dqn_world/obstacle1/model.config
[7.267s] -- Up-to-date: /home/shiyao/Documents/GitHub/MTRX3760-Project-1/turtlebot3_ws/install/turtlebot3_gazebo/share/turtlebot3_gazebo//models/turtlebot3_dqn_world/obstacle1/model.sdf
[7.267s] -- Up-to-date: /home/shiyao/Documents/GitHub/MTRX3760-Project-1/turtlebot3_ws/install/turtlebot3_gazebo/share/turtlebot3_gazebo//models/turtlebot3_dqn_world/inner_walls
[7.267s] -- Up-to-date: /home/shiyao/Documents/GitHub/MTRX3760-Project-1/turtlebot3_ws/install/turtlebot3_gazebo/share/turtlebot3_gazebo//models/turtlebot3_dqn_world/inner_walls/model.config
[7.267s] -- Up-to-date: /home/shiyao/Documents/GitHub/MTRX3760-Project-1/turtlebot3_ws/install/turtlebot3_gazebo/share/turtlebot3_gazebo//models/turtlebot3_dqn_world/inner_walls/model.sdf
[7.267s] -- Up-to-date: /home/shiyao/Documents/GitHub/MTRX3760-Project-1/turtlebot3_ws/install/turtlebot3_gazebo/share/turtlebot3_gazebo//models/turtlebot3_dqn_world/inner_walls/textures
[7.267s] -- Up-to-date: /home/shiyao/Documents/GitHub/MTRX3760-Project-1/turtlebot3_ws/install/turtlebot3_gazebo/share/turtlebot3_gazebo//models/turtlebot3_dqn_world/inner_walls/textures/wood.png
[7.267s] -- Up-to-date: /home/shiyao/Documents/GitHub/MTRX3760-Project-1/turtlebot3_ws/install/turtlebot3_gazebo/share/turtlebot3_gazebo//models/turtlebot3_dqn_world/model.config
[7.267s] -- Up-to-date: /home/shiyao/Documents/GitHub/MTRX3760-Project-1/turtlebot3_ws/install/turtlebot3_gazebo/share/turtlebot3_gazebo//models/turtlebot3_dqn_world/obstacle2
[7.267s] -- Up-to-date: /home/shiyao/Documents/GitHub/MTRX3760-Project-1/turtlebot3_ws/install/turtlebot3_gazebo/share/turtlebot3_gazebo//models/turtlebot3_dqn_world/obstacle2/model.config
[7.267s] -- Up-to-date: /home/shiyao/Documents/GitHub/MTRX3760-Project-1/turtlebot3_ws/install/turtlebot3_gazebo/share/turtlebot3_gazebo//models/turtlebot3_dqn_world/obstacle2/model.sdf
[7.267s] -- Up-to-date: /home/shiyao/Documents/GitHub/MTRX3760-Project-1/turtlebot3_ws/install/turtlebot3_gazebo/share/turtlebot3_gazebo//models/turtlebot3_dqn_world/model.sdf
[7.267s] -- Up-to-date: /home/shiyao/Documents/GitHub/MTRX3760-Project-1/turtlebot3_ws/install/turtlebot3_gazebo/share/turtlebot3_gazebo//models/turtlebot3_dqn_world/textures
[7.267s] -- Up-to-date: /home/shiyao/Documents/GitHub/MTRX3760-Project-1/turtlebot3_ws/install/turtlebot3_gazebo/share/turtlebot3_gazebo//models/turtlebot3_dqn_world/textures/wood.png
[7.267s] -- Up-to-date: /home/shiyao/Documents/GitHub/MTRX3760-Project-1/turtlebot3_ws/install/turtlebot3_gazebo/share/turtlebot3_gazebo//models/turtlebot3_dqn_world/obstacles
[7.267s] -- Up-to-date: /home/shiyao/Documents/GitHub/MTRX3760-Project-1/turtlebot3_ws/install/turtlebot3_gazebo/share/turtlebot3_gazebo//models/turtlebot3_dqn_world/obstacles/model.config
[7.267s] -- Up-to-date: /home/shiyao/Documents/GitHub/MTRX3760-Project-1/turtlebot3_ws/install/turtlebot3_gazebo/share/turtlebot3_gazebo//models/turtlebot3_dqn_world/obstacles/model.sdf
[7.267s] -- Up-to-date: /home/shiyao/Documents/GitHub/MTRX3760-Project-1/turtlebot3_ws/install/turtlebot3_gazebo/share/turtlebot3_gazebo//models/turtlebot3_waffle
[7.267s] -- Up-to-date: /home/shiyao/Documents/GitHub/MTRX3760-Project-1/turtlebot3_ws/install/turtlebot3_gazebo/share/turtlebot3_gazebo//models/turtlebot3_waffle/model.config
[7.267s] -- Up-to-date: /home/shiyao/Documents/GitHub/MTRX3760-Project-1/turtlebot3_ws/install/turtlebot3_gazebo/share/turtlebot3_gazebo//models/turtlebot3_waffle/model.sdf
[7.268s] -- Up-to-date: /home/shiyao/Documents/GitHub/MTRX3760-Project-1/turtlebot3_ws/install/turtlebot3_gazebo/share/turtlebot3_gazebo//models/turtlebot3_waffle/model-1_4.sdf
[7.268s] -- Up-to-date: /home/shiyao/Documents/GitHub/MTRX3760-Project-1/turtlebot3_ws/install/turtlebot3_gazebo/share/turtlebot3_gazebo//models/turtlebot3_world
[7.268s] -- Up-to-date: /home/shiyao/Documents/GitHub/MTRX3760-Project-1/turtlebot3_ws/install/turtlebot3_gazebo/share/turtlebot3_gazebo//models/turtlebot3_world/model.config
[7.268s] -- Up-to-date: /home/shiyao/Documents/GitHub/MTRX3760-Project-1/turtlebot3_ws/install/turtlebot3_gazebo/share/turtlebot3_gazebo//models/turtlebot3_world/meshes
[7.268s] -- Up-to-date: /home/shiyao/Documents/GitHub/MTRX3760-Project-1/turtlebot3_ws/install/turtlebot3_gazebo/share/turtlebot3_gazebo//models/turtlebot3_world/meshes/wall.dae
[7.268s] -- Up-to-date: /home/shiyao/Documents/GitHub/MTRX3760-Project-1/turtlebot3_ws/install/turtlebot3_gazebo/share/turtlebot3_gazebo//models/turtlebot3_world/meshes/hexagon.dae
[7.268s] -- Up-to-date: /home/shiyao/Documents/GitHub/MTRX3760-Project-1/turtlebot3_ws/install/turtlebot3_gazebo/share/turtlebot3_gazebo//models/turtlebot3_world/model.sdf
[7.268s] -- Up-to-date: /home/shiyao/Documents/GitHub/MTRX3760-Project-1/turtlebot3_ws/install/turtlebot3_gazebo/share/turtlebot3_gazebo//models/turtlebot3_world/model-1_4.sdf
[7.268s] -- Up-to-date: /home/shiyao/Documents/GitHub/MTRX3760-Project-1/turtlebot3_ws/install/turtlebot3_gazebo/share/turtlebot3_gazebo//params
[7.268s] -- Up-to-date: /home/shiyao/Documents/GitHub/MTRX3760-Project-1/turtlebot3_ws/install/turtlebot3_gazebo/share/turtlebot3_gazebo//params/turtlebot3_burger_cam_bridge.yaml
[7.268s] -- Up-to-date: /home/shiyao/Documents/GitHub/MTRX3760-Project-1/turtlebot3_ws/install/turtlebot3_gazebo/share/turtlebot3_gazebo//params/turtlebot3_waffle_pi_bridge.yaml
[7.269s] -- Up-to-date: /home/shiyao/Documents/GitHub/MTRX3760-Project-1/turtlebot3_ws/install/turtlebot3_gazebo/share/turtlebot3_gazebo//params/turtlebot3_waffle_bridge.yaml
[7.269s] -- Up-to-date: /home/shiyao/Documents/GitHub/MTRX3760-Project-1/turtlebot3_ws/install/turtlebot3_gazebo/share/turtlebot3_gazebo//params/turtlebot3_burger_bridge.yaml
[7.269s] -- Up-to-date: /home/shiyao/Documents/GitHub/MTRX3760-Project-1/turtlebot3_ws/install/turtlebot3_gazebo/share/turtlebot3_gazebo//rviz
[7.269s] -- Up-to-date: /home/shiyao/Documents/GitHub/MTRX3760-Project-1/turtlebot3_ws/install/turtlebot3_gazebo/share/turtlebot3_gazebo//rviz/tb3_gazebo.rviz
[7.269s] -- Up-to-date: /home/shiyao/Documents/GitHub/MTRX3760-Project-1/turtlebot3_ws/install/turtlebot3_gazebo/share/turtlebot3_gazebo//urdf
[7.269s] -- Up-to-date: /home/shiyao/Documents/GitHub/MTRX3760-Project-1/turtlebot3_ws/install/turtlebot3_gazebo/share/turtlebot3_gazebo//urdf/turtlebot3_burger.urdf
[7.269s] -- Up-to-date: /home/shiyao/Documents/GitHub/MTRX3760-Project-1/turtlebot3_ws/install/turtlebot3_gazebo/share/turtlebot3_gazebo//urdf/common_properties.urdf
[7.269s] -- Up-to-date: /home/shiyao/Documents/GitHub/MTRX3760-Project-1/turtlebot3_ws/install/turtlebot3_gazebo/share/turtlebot3_gazebo//urdf/turtlebot3_burger_cam.urdf
[7.270s] -- Up-to-date: /home/shiyao/Documents/GitHub/MTRX3760-Project-1/turtlebot3_ws/install/turtlebot3_gazebo/share/turtlebot3_gazebo//urdf/turtlebot3_waffle_pi.urdf
[7.270s] -- Up-to-date: /home/shiyao/Documents/GitHub/MTRX3760-Project-1/turtlebot3_ws/install/turtlebot3_gazebo/share/turtlebot3_gazebo//urdf/turtlebot3_waffle.urdf
[7.270s] -- Up-to-date: /home/shiyao/Documents/GitHub/MTRX3760-Project-1/turtlebot3_ws/install/turtlebot3_gazebo/share/turtlebot3_gazebo//worlds
[7.270s] -- Up-to-date: /home/shiyao/Documents/GitHub/MTRX3760-Project-1/turtlebot3_ws/install/turtlebot3_gazebo/share/turtlebot3_gazebo//worlds/turtlebot3_house.world
[7.270s] -- Up-to-date: /home/shiyao/Documents/GitHub/MTRX3760-Project-1/turtlebot3_ws/install/turtlebot3_gazebo/share/turtlebot3_gazebo//worlds/turtlebot3_dqn_stage4.world
[7.270s] -- Up-to-date: /home/shiyao/Documents/GitHub/MTRX3760-Project-1/turtlebot3_ws/install/turtlebot3_gazebo/share/turtlebot3_gazebo//worlds/turtlebot3_autorace_2020.world
[7.271s] -- Up-to-date: /home/shiyao/Documents/GitHub/MTRX3760-Project-1/turtlebot3_ws/install/turtlebot3_gazebo/share/turtlebot3_gazebo//worlds/turtlebot3_dqn_stage2.world
[7.271s] -- Up-to-date: /home/shiyao/Documents/GitHub/MTRX3760-Project-1/turtlebot3_ws/install/turtlebot3_gazebo/share/turtlebot3_gazebo//worlds/turtlebot3_world.world
[7.271s] -- Up-to-date: /home/shiyao/Documents/GitHub/MTRX3760-Project-1/turtlebot3_ws/install/turtlebot3_gazebo/share/turtlebot3_gazebo//worlds/empty_world.world
[7.271s] -- Up-to-date: /home/shiyao/Documents/GitHub/MTRX3760-Project-1/turtlebot3_ws/install/turtlebot3_gazebo/share/turtlebot3_gazebo//worlds/turtlebot3_dqn_stage3.world
[7.271s] -- Up-to-date: /home/shiyao/Documents/GitHub/MTRX3760-Project-1/turtlebot3_ws/install/turtlebot3_gazebo/share/turtlebot3_gazebo//worlds/turtlebot3_dqn_stage1.world
[7.271s] -- Up-to-date: /home/shiyao/Documents/GitHub/MTRX3760-Project-1/turtlebot3_ws/install/turtlebot3_gazebo/include/
[7.271s] -- Up-to-date: /home/shiyao/Documents/GitHub/MTRX3760-Project-1/turtlebot3_ws/install/turtlebot3_gazebo/include//turtlebot3_gazebo
[7.271s] -- Up-to-date: /home/shiyao/Documents/GitHub/MTRX3760-Project-1/turtlebot3_ws/install/turtlebot3_gazebo/include//turtlebot3_gazebo/obstacle1.hpp
[7.271s] -- Up-to-date: /home/shiyao/Documents/GitHub/MTRX3760-Project-1/turtlebot3_ws/install/turtlebot3_gazebo/include//turtlebot3_gazebo/obstacles.hpp
[7.271s] -- Up-to-date: /home/shiyao/Documents/GitHub/MTRX3760-Project-1/turtlebot3_ws/install/turtlebot3_gazebo/include//turtlebot3_gazebo/traffic_light_plugin.hpp
[7.271s] -- Up-to-date: /home/shiyao/Documents/GitHub/MTRX3760-Project-1/turtlebot3_ws/install/turtlebot3_gazebo/include//turtlebot3_gazebo/traffic_bar_plugin.hpp
[7.271s] -- Up-to-date: /home/shiyao/Documents/GitHub/MTRX3760-Project-1/turtlebot3_ws/install/turtlebot3_gazebo/include//turtlebot3_gazebo/turtlebot3_drive.hpp
[7.271s] -- Up-to-date: /home/shiyao/Documents/GitHub/MTRX3760-Project-1/turtlebot3_ws/install/turtlebot3_gazebo/include//turtlebot3_gazebo/obstacle2.hpp
[7.271s] -- Up-to-date: /home/shiyao/Documents/GitHub/MTRX3760-Project-1/turtlebot3_ws/install/turtlebot3_gazebo/share/ament_index/resource_index/package_run_dependencies/turtlebot3_gazebo
[7.271s] -- Up-to-date: /home/shiyao/Documents/GitHub/MTRX3760-Project-1/turtlebot3_ws/install/turtlebot3_gazebo/share/ament_index/resource_index/parent_prefix_path/turtlebot3_gazebo
[7.271s] -- Up-to-date: /home/shiyao/Documents/GitHub/MTRX3760-Project-1/turtlebot3_ws/install/turtlebot3_gazebo/share/turtlebot3_gazebo/environment/ament_prefix_path.sh
[7.271s] -- Up-to-date: /home/shiyao/Documents/GitHub/MTRX3760-Project-1/turtlebot3_ws/install/turtlebot3_gazebo/share/turtlebot3_gazebo/environment/ament_prefix_path.dsv
[7.271s] -- Up-to-date: /home/shiyao/Documents/GitHub/MTRX3760-Project-1/turtlebot3_ws/install/turtlebot3_gazebo/share/turtlebot3_gazebo/environment/path.sh
[7.271s] -- Up-to-date: /home/shiyao/Documents/GitHub/MTRX3760-Project-1/turtlebot3_ws/install/turtlebot3_gazebo/share/turtlebot3_gazebo/environment/path.dsv
[7.271s] -- Up-to-date: /home/shiyao/Documents/GitHub/MTRX3760-Project-1/turtlebot3_ws/install/turtlebot3_gazebo/share/turtlebot3_gazebo/local_setup.bash
[7.272s] -- Up-to-date: /home/shiyao/Documents/GitHub/MTRX3760-Project-1/turtlebot3_ws/install/turtlebot3_gazebo/share/turtlebot3_gazebo/local_setup.sh
[7.272s] -- Up-to-date: /home/shiyao/Documents/GitHub/MTRX3760-Project-1/turtlebot3_ws/install/turtlebot3_gazebo/share/turtlebot3_gazebo/local_setup.zsh
[7.272s] -- Up-to-date: /home/shiyao/Documents/GitHub/MTRX3760-Project-1/turtlebot3_ws/install/turtlebot3_gazebo/share/turtlebot3_gazebo/local_setup.dsv
[7.272s] -- Installing: /home/shiyao/Documents/GitHub/MTRX3760-Project-1/turtlebot3_ws/install/turtlebot3_gazebo/share/turtlebot3_gazebo/package.dsv
[7.272s] -- Up-to-date: /home/shiyao/Documents/GitHub/MTRX3760-Project-1/turtlebot3_ws/install/turtlebot3_gazebo/share/ament_index/resource_index/packages/turtlebot3_gazebo
[7.272s] -- Up-to-date: /home/shiyao/Documents/GitHub/MTRX3760-Project-1/turtlebot3_ws/install/turtlebot3_gazebo/share/turtlebot3_gazebo/cmake/ament_cmake_export_include_directories-extras.cmake
[7.272s] -- Up-to-date: /home/shiyao/Documents/GitHub/MTRX3760-Project-1/turtlebot3_ws/install/turtlebot3_gazebo/share/turtlebot3_gazebo/cmake/ament_cmake_export_dependencies-extras.cmake
[7.272s] -- Up-to-date: /home/shiyao/Documents/GitHub/MTRX3760-Project-1/turtlebot3_ws/install/turtlebot3_gazebo/share/turtlebot3_gazebo/cmake/turtlebot3_gazeboConfig.cmake
[7.272s] -- Up-to-date: /home/shiyao/Documents/GitHub/MTRX3760-Project-1/turtlebot3_ws/install/turtlebot3_gazebo/share/turtlebot3_gazebo/cmake/turtlebot3_gazeboConfig-version.cmake
[7.272s] -- Up-to-date: /home/shiyao/Documents/GitHub/MTRX3760-Project-1/turtlebot3_ws/install/turtlebot3_gazebo/share/turtlebot3_gazebo/package.xml
[7.272s] Invoked command in '/home/shiyao/Documents/GitHub/MTRX3760-Project-1/turtlebot3_ws/build/turtlebot3_gazebo' returned '0': CMAKE_PREFIX_PATH=${CMAKE_PREFIX_PATH}:/home/shiyao/turtlebot3_ws/install/turtlebot3_teleop:/home/shiyao/turtlebot3_ws/install/turtlebot3_example:/home/shiyao/turtlebot3_ws/install/turtlebot3_gazebo:/opt/ros/jazzy DEBUGINFOD_URLS=https://debuginfod.ubuntu.com /usr/bin/cmake --install /home/shiyao/Documents/GitHub/MTRX3760-Project-1/turtlebot3_ws/build/turtlebot3_gazebo
