[0.156s] Invoking command in '/home/shiyao/turtlebot3_ws/build/turtlebot3_fake_node': CMAKE_PREFIX_PATH=/home/shiyao/turtlebot3_ws/install/turtlebot3_msgs:/home/shiyao/turtlebot3_ws/install/turtlebot3:/home/shiyao/turtlebot3_ws/install/turtlebot3_simulations:/home/shiyao/turtlebot3_ws/install/turtlebot3_bringup:/home/shiyao/turtlebot3_ws/install/turtlebot3_node:/home/shiyao/turtlebot3_ws/install/turtlebot3_navigation2:/home/shiyao/turtlebot3_ws/install/turtlebot3_fake_node:/home/shiyao/turtlebot3_ws/install/turtlebot3_gazebo:/home/shiyao/turtlebot3_ws/install/turtlebot3_description:/home/shiyao/turtlebot3_ws/install/turtlebot3_cartographer:/home/shiyao/turtlebot3_ws/install/dynamixel_sdk_examples:/home/shiyao/turtlebot3_ws/install/dynamixel_sdk_custom_interfaces:/home/shiyao/turtlebot3_ws/install/dynamixel_sdk:/opt/ros/jazzy/opt/gz_sim_vendor:/opt/ros/jazzy/opt/gz_sensors_vendor:/opt/ros/jazzy/opt/gz_physics_vendor:/opt/ros/jazzy/opt/sdformat_vendor:/opt/ros/jazzy/opt/gz_gui_vendor:/opt/ros/jazzy/opt/gz_transport_vendor:/opt/ros/jazzy/opt/gz_rendering_vendor:/opt/ros/jazzy/opt/gz_plugin_vendor:/opt/ros/jazzy/opt/gz_fuel_tools_vendor:/opt/ros/jazzy/opt/gz_msgs_vendor:/opt/ros/jazzy/opt/gz_common_vendor:/opt/ros/jazzy/opt/gz_math_vendor:/opt/ros/jazzy/opt/gz_utils_vendor:/opt/ros/jazzy/opt/gz_tools_vendor:/opt/ros/jazzy/opt/gz_ogre_next_vendor:/opt/ros/jazzy/opt/gz_dartsim_vendor:/opt/ros/jazzy/opt/gz_cmake_vendor:/home/shiyao/turtlebot3_ws/install/turtlebot3_teleop:/home/shiyao/turtlebot3_ws/install/turtlebot3_example:/opt/ros/jazzy DEBUGINFOD_URLS=https://debuginfod.ubuntu.com PYTHONPATH=/home/shiyao/turtlebot3_ws/install/turtlebot3_msgs/lib/python3.12/site-packages:/home/shiyao/turtlebot3_ws/build/turtlebot3_teleop:/home/shiyao/turtlebot3_ws/install/turtlebot3_teleop/lib/python3.12/site-packages:/home/shiyao/turtlebot3_ws/build/turtlebot3_example:/home/shiyao/turtlebot3_ws/install/turtlebot3_example/lib/python3.12/site-packages:/home/shiyao/turtlebot3_ws/install/dynamixel_sdk_custom_interfaces/lib/python3.12/site-packages:/home/shiyao/turtlebot3_ws/install/dynamixel_sdk/lib/python3.12/site-packages:/opt/ros/jazzy/lib/python3.12/site-packages /usr/bin/cmake /home/shiyao/turtlebot3_ws/src/turtlebot3_simulations/turtlebot3_fake_node -DAMENT_CMAKE_SYMLINK_INSTALL=1 -DCMAKE_INSTALL_PREFIX=/home/shiyao/turtlebot3_ws/install/turtlebot3_fake_node
[0.194s] -- The C compiler identification is GNU 13.3.0
[0.233s] -- The CXX compiler identification is GNU 13.3.0
[0.245s] -- Detecting C compiler ABI info
[0.304s] -- Detecting C compiler ABI info - done
[0.310s] -- Check for working C compiler: /usr/bin/cc - skipped
[0.310s] -- Detecting C compile features
[0.310s] -- Detecting C compile features - done
[0.316s] -- Detecting CXX compiler ABI info
[0.382s] -- Detecting CXX compiler ABI info - done
[0.389s] -- Check for working CXX compiler: /usr/bin/c++ - skipped
[0.389s] -- Detecting CXX compile features
[0.389s] -- Detecting CXX compile features - done
[0.392s] -- Found ament_cmake: 2.5.4 (/opt/ros/jazzy/share/ament_cmake/cmake)
[0.511s] -- Found Python3: /usr/bin/python3 (found version "3.12.3") found components: Interpreter 
[0.571s] -- Override CMake install command with custom implementation using symlinks instead of copying resources
[0.622s] -- Found geometry_msgs: 5.3.6 (/opt/ros/jazzy/share/geometry_msgs/cmake)
[0.663s] -- Found rosidl_generator_c: 4.6.6 (/opt/ros/jazzy/share/rosidl_generator_c/cmake)
[0.676s] -- Found rosidl_generator_cpp: 4.6.6 (/opt/ros/jazzy/share/rosidl_generator_cpp/cmake)
[0.691s] -- Using all available rosidl_typesupport_c: rosidl_typesupport_fastrtps_c;rosidl_typesupport_introspection_c
[0.708s] -- Using all available rosidl_typesupport_cpp: rosidl_typesupport_fastrtps_cpp;rosidl_typesupport_introspection_cpp
[0.748s] -- Found nav_msgs: 5.3.6 (/opt/ros/jazzy/share/nav_msgs/cmake)
[0.780s] -- Found rclcpp: 28.1.11 (/opt/ros/jazzy/share/rclcpp/cmake)
[0.823s] -- Found rmw_implementation_cmake: 7.3.2 (/opt/ros/jazzy/share/rmw_implementation_cmake/cmake)
[0.827s] -- Found rmw_fastrtps_cpp: 8.4.3 (/opt/ros/jazzy/share/rmw_fastrtps_cpp/cmake)
[0.891s] -- Found OpenSSL: /usr/lib/x86_64-linux-gnu/libcrypto.so (found version "3.0.13")  
[0.908s] -- Found FastRTPS: /opt/ros/jazzy/include (Required is at least version "2.13") 
[0.927s] -- Using RMW implementation 'rmw_fastrtps_cpp' as default
[0.989s] -- Found sensor_msgs: 5.3.6 (/opt/ros/jazzy/share/sensor_msgs/cmake)
[1.008s] -- Found tf2: 0.36.14 (/opt/ros/jazzy/share/tf2/cmake)
[1.013s] -- Found tf2_msgs: 0.36.14 (/opt/ros/jazzy/share/tf2_msgs/cmake)
[1.058s] -- Found turtlebot3_msgs: 2.4.0 (/home/shiyao/turtlebot3_ws/install/turtlebot3_msgs/share/turtlebot3_msgs/cmake)
[1.152s] -- Configuring done (1.0s)
[1.166s] -- Generating done (0.0s)
[1.174s] -- Build files have been written to: /home/shiyao/turtlebot3_ws/build/turtlebot3_fake_node
[1.184s] Invoked command in '/home/shiyao/turtlebot3_ws/build/turtlebot3_fake_node' returned '0': CMAKE_PREFIX_PATH=/home/shiyao/turtlebot3_ws/install/turtlebot3_msgs:/home/shiyao/turtlebot3_ws/install/turtlebot3:/home/shiyao/turtlebot3_ws/install/turtlebot3_simulations:/home/shiyao/turtlebot3_ws/install/turtlebot3_bringup:/home/shiyao/turtlebot3_ws/install/turtlebot3_node:/home/shiyao/turtlebot3_ws/install/turtlebot3_navigation2:/home/shiyao/turtlebot3_ws/install/turtlebot3_fake_node:/home/shiyao/turtlebot3_ws/install/turtlebot3_gazebo:/home/shiyao/turtlebot3_ws/install/turtlebot3_description:/home/shiyao/turtlebot3_ws/install/turtlebot3_cartographer:/home/shiyao/turtlebot3_ws/install/dynamixel_sdk_examples:/home/shiyao/turtlebot3_ws/install/dynamixel_sdk_custom_interfaces:/home/shiyao/turtlebot3_ws/install/dynamixel_sdk:/opt/ros/jazzy/opt/gz_sim_vendor:/opt/ros/jazzy/opt/gz_sensors_vendor:/opt/ros/jazzy/opt/gz_physics_vendor:/opt/ros/jazzy/opt/sdformat_vendor:/opt/ros/jazzy/opt/gz_gui_vendor:/opt/ros/jazzy/opt/gz_transport_vendor:/opt/ros/jazzy/opt/gz_rendering_vendor:/opt/ros/jazzy/opt/gz_plugin_vendor:/opt/ros/jazzy/opt/gz_fuel_tools_vendor:/opt/ros/jazzy/opt/gz_msgs_vendor:/opt/ros/jazzy/opt/gz_common_vendor:/opt/ros/jazzy/opt/gz_math_vendor:/opt/ros/jazzy/opt/gz_utils_vendor:/opt/ros/jazzy/opt/gz_tools_vendor:/opt/ros/jazzy/opt/gz_ogre_next_vendor:/opt/ros/jazzy/opt/gz_dartsim_vendor:/opt/ros/jazzy/opt/gz_cmake_vendor:/home/shiyao/turtlebot3_ws/install/turtlebot3_teleop:/home/shiyao/turtlebot3_ws/install/turtlebot3_example:/opt/ros/jazzy DEBUGINFOD_URLS=https://debuginfod.ubuntu.com PYTHONPATH=/home/shiyao/turtlebot3_ws/install/turtlebot3_msgs/lib/python3.12/site-packages:/home/shiyao/turtlebot3_ws/build/turtlebot3_teleop:/home/shiyao/turtlebot3_ws/install/turtlebot3_teleop/lib/python3.12/site-packages:/home/shiyao/turtlebot3_ws/build/turtlebot3_example:/home/shiyao/turtlebot3_ws/install/turtlebot3_example/lib/python3.12/site-packages:/home/shiyao/turtlebot3_ws/install/dynamixel_sdk_custom_interfaces/lib/python3.12/site-packages:/home/shiyao/turtlebot3_ws/install/dynamixel_sdk/lib/python3.12/site-packages:/opt/ros/jazzy/lib/python3.12/site-packages /usr/bin/cmake /home/shiyao/turtlebot3_ws/src/turtlebot3_simulations/turtlebot3_fake_node -DAMENT_CMAKE_SYMLINK_INSTALL=1 -DCMAKE_INSTALL_PREFIX=/home/shiyao/turtlebot3_ws/install/turtlebot3_fake_node
[1.185s] Invoking command in '/home/shiyao/turtlebot3_ws/build/turtlebot3_fake_node': CMAKE_PREFIX_PATH=/home/shiyao/turtlebot3_ws/install/turtlebot3_msgs:/home/shiyao/turtlebot3_ws/install/turtlebot3:/home/shiyao/turtlebot3_ws/install/turtlebot3_simulations:/home/shiyao/turtlebot3_ws/install/turtlebot3_bringup:/home/shiyao/turtlebot3_ws/install/turtlebot3_node:/home/shiyao/turtlebot3_ws/install/turtlebot3_navigation2:/home/shiyao/turtlebot3_ws/install/turtlebot3_fake_node:/home/shiyao/turtlebot3_ws/install/turtlebot3_gazebo:/home/shiyao/turtlebot3_ws/install/turtlebot3_description:/home/shiyao/turtlebot3_ws/install/turtlebot3_cartographer:/home/shiyao/turtlebot3_ws/install/dynamixel_sdk_examples:/home/shiyao/turtlebot3_ws/install/dynamixel_sdk_custom_interfaces:/home/shiyao/turtlebot3_ws/install/dynamixel_sdk:/opt/ros/jazzy/opt/gz_sim_vendor:/opt/ros/jazzy/opt/gz_sensors_vendor:/opt/ros/jazzy/opt/gz_physics_vendor:/opt/ros/jazzy/opt/sdformat_vendor:/opt/ros/jazzy/opt/gz_gui_vendor:/opt/ros/jazzy/opt/gz_transport_vendor:/opt/ros/jazzy/opt/gz_rendering_vendor:/opt/ros/jazzy/opt/gz_plugin_vendor:/opt/ros/jazzy/opt/gz_fuel_tools_vendor:/opt/ros/jazzy/opt/gz_msgs_vendor:/opt/ros/jazzy/opt/gz_common_vendor:/opt/ros/jazzy/opt/gz_math_vendor:/opt/ros/jazzy/opt/gz_utils_vendor:/opt/ros/jazzy/opt/gz_tools_vendor:/opt/ros/jazzy/opt/gz_ogre_next_vendor:/opt/ros/jazzy/opt/gz_dartsim_vendor:/opt/ros/jazzy/opt/gz_cmake_vendor:/home/shiyao/turtlebot3_ws/install/turtlebot3_teleop:/home/shiyao/turtlebot3_ws/install/turtlebot3_example:/opt/ros/jazzy DEBUGINFOD_URLS=https://debuginfod.ubuntu.com PYTHONPATH=/home/shiyao/turtlebot3_ws/install/turtlebot3_msgs/lib/python3.12/site-packages:/home/shiyao/turtlebot3_ws/build/turtlebot3_teleop:/home/shiyao/turtlebot3_ws/install/turtlebot3_teleop/lib/python3.12/site-packages:/home/shiyao/turtlebot3_ws/build/turtlebot3_example:/home/shiyao/turtlebot3_ws/install/turtlebot3_example/lib/python3.12/site-packages:/home/shiyao/turtlebot3_ws/install/dynamixel_sdk_custom_interfaces/lib/python3.12/site-packages:/home/shiyao/turtlebot3_ws/install/dynamixel_sdk/lib/python3.12/site-packages:/opt/ros/jazzy/lib/python3.12/site-packages /usr/bin/cmake --build /home/shiyao/turtlebot3_ws/build/turtlebot3_fake_node -- -j12 -l12
[1.234s] [ 50%] [32mBuilding CXX object CMakeFiles/turtlebot3_fake_node.dir/src/turtlebot3_fake_node.cpp.o[0m
[9.395s] [100%] [32m[1mLinking CXX executable turtlebot3_fake_node[0m
[9.665s] [100%] Built target turtlebot3_fake_node
[9.672s] Invoked command in '/home/shiyao/turtlebot3_ws/build/turtlebot3_fake_node' returned '0': CMAKE_PREFIX_PATH=/home/shiyao/turtlebot3_ws/install/turtlebot3_msgs:/home/shiyao/turtlebot3_ws/install/turtlebot3:/home/shiyao/turtlebot3_ws/install/turtlebot3_simulations:/home/shiyao/turtlebot3_ws/install/turtlebot3_bringup:/home/shiyao/turtlebot3_ws/install/turtlebot3_node:/home/shiyao/turtlebot3_ws/install/turtlebot3_navigation2:/home/shiyao/turtlebot3_ws/install/turtlebot3_fake_node:/home/shiyao/turtlebot3_ws/install/turtlebot3_gazebo:/home/shiyao/turtlebot3_ws/install/turtlebot3_description:/home/shiyao/turtlebot3_ws/install/turtlebot3_cartographer:/home/shiyao/turtlebot3_ws/install/dynamixel_sdk_examples:/home/shiyao/turtlebot3_ws/install/dynamixel_sdk_custom_interfaces:/home/shiyao/turtlebot3_ws/install/dynamixel_sdk:/opt/ros/jazzy/opt/gz_sim_vendor:/opt/ros/jazzy/opt/gz_sensors_vendor:/opt/ros/jazzy/opt/gz_physics_vendor:/opt/ros/jazzy/opt/sdformat_vendor:/opt/ros/jazzy/opt/gz_gui_vendor:/opt/ros/jazzy/opt/gz_transport_vendor:/opt/ros/jazzy/opt/gz_rendering_vendor:/opt/ros/jazzy/opt/gz_plugin_vendor:/opt/ros/jazzy/opt/gz_fuel_tools_vendor:/opt/ros/jazzy/opt/gz_msgs_vendor:/opt/ros/jazzy/opt/gz_common_vendor:/opt/ros/jazzy/opt/gz_math_vendor:/opt/ros/jazzy/opt/gz_utils_vendor:/opt/ros/jazzy/opt/gz_tools_vendor:/opt/ros/jazzy/opt/gz_ogre_next_vendor:/opt/ros/jazzy/opt/gz_dartsim_vendor:/opt/ros/jazzy/opt/gz_cmake_vendor:/home/shiyao/turtlebot3_ws/install/turtlebot3_teleop:/home/shiyao/turtlebot3_ws/install/turtlebot3_example:/opt/ros/jazzy DEBUGINFOD_URLS=https://debuginfod.ubuntu.com PYTHONPATH=/home/shiyao/turtlebot3_ws/install/turtlebot3_msgs/lib/python3.12/site-packages:/home/shiyao/turtlebot3_ws/build/turtlebot3_teleop:/home/shiyao/turtlebot3_ws/install/turtlebot3_teleop/lib/python3.12/site-packages:/home/shiyao/turtlebot3_ws/build/turtlebot3_example:/home/shiyao/turtlebot3_ws/install/turtlebot3_example/lib/python3.12/site-packages:/home/shiyao/turtlebot3_ws/install/dynamixel_sdk_custom_interfaces/lib/python3.12/site-packages:/home/shiyao/turtlebot3_ws/install/dynamixel_sdk/lib/python3.12/site-packages:/opt/ros/jazzy/lib/python3.12/site-packages /usr/bin/cmake --build /home/shiyao/turtlebot3_ws/build/turtlebot3_fake_node -- -j12 -l12
[9.673s] Invoking command in '/home/shiyao/turtlebot3_ws/build/turtlebot3_fake_node': CMAKE_PREFIX_PATH=/home/shiyao/turtlebot3_ws/install/turtlebot3_msgs:/home/shiyao/turtlebot3_ws/install/turtlebot3:/home/shiyao/turtlebot3_ws/install/turtlebot3_simulations:/home/shiyao/turtlebot3_ws/install/turtlebot3_bringup:/home/shiyao/turtlebot3_ws/install/turtlebot3_node:/home/shiyao/turtlebot3_ws/install/turtlebot3_navigation2:/home/shiyao/turtlebot3_ws/install/turtlebot3_fake_node:/home/shiyao/turtlebot3_ws/install/turtlebot3_gazebo:/home/shiyao/turtlebot3_ws/install/turtlebot3_description:/home/shiyao/turtlebot3_ws/install/turtlebot3_cartographer:/home/shiyao/turtlebot3_ws/install/dynamixel_sdk_examples:/home/shiyao/turtlebot3_ws/install/dynamixel_sdk_custom_interfaces:/home/shiyao/turtlebot3_ws/install/dynamixel_sdk:/opt/ros/jazzy/opt/gz_sim_vendor:/opt/ros/jazzy/opt/gz_sensors_vendor:/opt/ros/jazzy/opt/gz_physics_vendor:/opt/ros/jazzy/opt/sdformat_vendor:/opt/ros/jazzy/opt/gz_gui_vendor:/opt/ros/jazzy/opt/gz_transport_vendor:/opt/ros/jazzy/opt/gz_rendering_vendor:/opt/ros/jazzy/opt/gz_plugin_vendor:/opt/ros/jazzy/opt/gz_fuel_tools_vendor:/opt/ros/jazzy/opt/gz_msgs_vendor:/opt/ros/jazzy/opt/gz_common_vendor:/opt/ros/jazzy/opt/gz_math_vendor:/opt/ros/jazzy/opt/gz_utils_vendor:/opt/ros/jazzy/opt/gz_tools_vendor:/opt/ros/jazzy/opt/gz_ogre_next_vendor:/opt/ros/jazzy/opt/gz_dartsim_vendor:/opt/ros/jazzy/opt/gz_cmake_vendor:/home/shiyao/turtlebot3_ws/install/turtlebot3_teleop:/home/shiyao/turtlebot3_ws/install/turtlebot3_example:/opt/ros/jazzy DEBUGINFOD_URLS=https://debuginfod.ubuntu.com PYTHONPATH=/home/shiyao/turtlebot3_ws/install/turtlebot3_msgs/lib/python3.12/site-packages:/home/shiyao/turtlebot3_ws/build/turtlebot3_teleop:/home/shiyao/turtlebot3_ws/install/turtlebot3_teleop/lib/python3.12/site-packages:/home/shiyao/turtlebot3_ws/build/turtlebot3_example:/home/shiyao/turtlebot3_ws/install/turtlebot3_example/lib/python3.12/site-packages:/home/shiyao/turtlebot3_ws/install/dynamixel_sdk_custom_interfaces/lib/python3.12/site-packages:/home/shiyao/turtlebot3_ws/install/dynamixel_sdk/lib/python3.12/site-packages:/opt/ros/jazzy/lib/python3.12/site-packages /usr/bin/cmake --install /home/shiyao/turtlebot3_ws/build/turtlebot3_fake_node
[9.678s] -- Install configuration: ""
[9.678s] -- Execute custom install script
[9.679s] -- Symlinking: /home/shiyao/turtlebot3_ws/install/turtlebot3_fake_node/lib/turtlebot3_fake_node/turtlebot3_fake_node
[9.685s] -- Symlinking: /home/shiyao/turtlebot3_ws/install/turtlebot3_fake_node/share/turtlebot3_fake_node/launch/rviz2.launch.py
[9.691s] -- Symlinking: /home/shiyao/turtlebot3_ws/install/turtlebot3_fake_node/share/turtlebot3_fake_node/launch/turtlebot3_fake_node.launch.py
[9.696s] -- Symlinking: /home/shiyao/turtlebot3_ws/install/turtlebot3_fake_node/share/turtlebot3_fake_node/param/burger.yaml
[9.702s] -- Symlinking: /home/shiyao/turtlebot3_ws/install/turtlebot3_fake_node/share/turtlebot3_fake_node/param/waffle.yaml
[9.708s] -- Symlinking: /home/shiyao/turtlebot3_ws/install/turtlebot3_fake_node/share/turtlebot3_fake_node/param/waffle_pi.yaml
[9.714s] -- Symlinking: /home/shiyao/turtlebot3_ws/install/turtlebot3_fake_node/include//turtlebot3_fake_node/turtlebot3_fake_node.hpp
[9.720s] -- Symlinking: /home/shiyao/turtlebot3_ws/install/turtlebot3_fake_node/share/ament_index/resource_index/package_run_dependencies/turtlebot3_fake_node
[9.726s] -- Symlinking: /home/shiyao/turtlebot3_ws/install/turtlebot3_fake_node/share/ament_index/resource_index/parent_prefix_path/turtlebot3_fake_node
[9.731s] -- Symlinking: /home/shiyao/turtlebot3_ws/install/turtlebot3_fake_node/share/turtlebot3_fake_node/environment/ament_prefix_path.sh
[9.737s] -- Symlinking: /home/shiyao/turtlebot3_ws/install/turtlebot3_fake_node/share/turtlebot3_fake_node/environment/ament_prefix_path.dsv
[9.743s] -- Symlinking: /home/shiyao/turtlebot3_ws/install/turtlebot3_fake_node/share/turtlebot3_fake_node/environment/path.sh
[9.749s] -- Symlinking: /home/shiyao/turtlebot3_ws/install/turtlebot3_fake_node/share/turtlebot3_fake_node/environment/path.dsv
[9.755s] -- Symlinking: /home/shiyao/turtlebot3_ws/install/turtlebot3_fake_node/share/turtlebot3_fake_node/local_setup.bash
[9.760s] -- Symlinking: /home/shiyao/turtlebot3_ws/install/turtlebot3_fake_node/share/turtlebot3_fake_node/local_setup.sh
[9.766s] -- Symlinking: /home/shiyao/turtlebot3_ws/install/turtlebot3_fake_node/share/turtlebot3_fake_node/local_setup.zsh
[9.772s] -- Symlinking: /home/shiyao/turtlebot3_ws/install/turtlebot3_fake_node/share/turtlebot3_fake_node/local_setup.dsv
[9.778s] -- Symlinking: /home/shiyao/turtlebot3_ws/install/turtlebot3_fake_node/share/turtlebot3_fake_node/package.dsv
[9.784s] -- Symlinking: /home/shiyao/turtlebot3_ws/install/turtlebot3_fake_node/share/ament_index/resource_index/packages/turtlebot3_fake_node
[9.790s] -- Symlinking: /home/shiyao/turtlebot3_ws/install/turtlebot3_fake_node/share/turtlebot3_fake_node/cmake/ament_cmake_export_include_directories-extras.cmake
[9.795s] -- Symlinking: /home/shiyao/turtlebot3_ws/install/turtlebot3_fake_node/share/turtlebot3_fake_node/cmake/ament_cmake_export_dependencies-extras.cmake
[9.801s] -- Symlinking: /home/shiyao/turtlebot3_ws/install/turtlebot3_fake_node/share/turtlebot3_fake_node/cmake/turtlebot3_fake_nodeConfig.cmake
[9.807s] -- Symlinking: /home/shiyao/turtlebot3_ws/install/turtlebot3_fake_node/share/turtlebot3_fake_node/cmake/turtlebot3_fake_nodeConfig-version.cmake
[9.813s] -- Symlinking: /home/shiyao/turtlebot3_ws/install/turtlebot3_fake_node/share/turtlebot3_fake_node/package.xml
[9.820s] Invoked command in '/home/shiyao/turtlebot3_ws/build/turtlebot3_fake_node' returned '0': CMAKE_PREFIX_PATH=/home/shiyao/turtlebot3_ws/install/turtlebot3_msgs:/home/shiyao/turtlebot3_ws/install/turtlebot3:/home/shiyao/turtlebot3_ws/install/turtlebot3_simulations:/home/shiyao/turtlebot3_ws/install/turtlebot3_bringup:/home/shiyao/turtlebot3_ws/install/turtlebot3_node:/home/shiyao/turtlebot3_ws/install/turtlebot3_navigation2:/home/shiyao/turtlebot3_ws/install/turtlebot3_fake_node:/home/shiyao/turtlebot3_ws/install/turtlebot3_gazebo:/home/shiyao/turtlebot3_ws/install/turtlebot3_description:/home/shiyao/turtlebot3_ws/install/turtlebot3_cartographer:/home/shiyao/turtlebot3_ws/install/dynamixel_sdk_examples:/home/shiyao/turtlebot3_ws/install/dynamixel_sdk_custom_interfaces:/home/shiyao/turtlebot3_ws/install/dynamixel_sdk:/opt/ros/jazzy/opt/gz_sim_vendor:/opt/ros/jazzy/opt/gz_sensors_vendor:/opt/ros/jazzy/opt/gz_physics_vendor:/opt/ros/jazzy/opt/sdformat_vendor:/opt/ros/jazzy/opt/gz_gui_vendor:/opt/ros/jazzy/opt/gz_transport_vendor:/opt/ros/jazzy/opt/gz_rendering_vendor:/opt/ros/jazzy/opt/gz_plugin_vendor:/opt/ros/jazzy/opt/gz_fuel_tools_vendor:/opt/ros/jazzy/opt/gz_msgs_vendor:/opt/ros/jazzy/opt/gz_common_vendor:/opt/ros/jazzy/opt/gz_math_vendor:/opt/ros/jazzy/opt/gz_utils_vendor:/opt/ros/jazzy/opt/gz_tools_vendor:/opt/ros/jazzy/opt/gz_ogre_next_vendor:/opt/ros/jazzy/opt/gz_dartsim_vendor:/opt/ros/jazzy/opt/gz_cmake_vendor:/home/shiyao/turtlebot3_ws/install/turtlebot3_teleop:/home/shiyao/turtlebot3_ws/install/turtlebot3_example:/opt/ros/jazzy DEBUGINFOD_URLS=https://debuginfod.ubuntu.com PYTHONPATH=/home/shiyao/turtlebot3_ws/install/turtlebot3_msgs/lib/python3.12/site-packages:/home/shiyao/turtlebot3_ws/build/turtlebot3_teleop:/home/shiyao/turtlebot3_ws/install/turtlebot3_teleop/lib/python3.12/site-packages:/home/shiyao/turtlebot3_ws/build/turtlebot3_example:/home/shiyao/turtlebot3_ws/install/turtlebot3_example/lib/python3.12/site-packages:/home/shiyao/turtlebot3_ws/install/dynamixel_sdk_custom_interfaces/lib/python3.12/site-packages:/home/shiyao/turtlebot3_ws/install/dynamixel_sdk/lib/python3.12/site-packages:/opt/ros/jazzy/lib/python3.12/site-packages /usr/bin/cmake --install /home/shiyao/turtlebot3_ws/build/turtlebot3_fake_node
