[0.596s] Invoking command in '/home/m/turtlebot3_ws/build/turtlebot3_teleop': DEBUGINFOD_URLS=https://debuginfod.ubuntu.com PYTHONPATH=/home/m/turtlebot3_ws/build/turtlebot3_teleop/prefix_override:/usr/lib/python3/dist-packages/colcon_core/task/python/colcon_distutils_commands:/home/m/turtlebot3_ws/install/turtlebot3_teleop/lib/python3.12/site-packages:${PYTHONPATH} /usr/bin/python3 -W ignore:setup.py install is deprecated -W ignore:easy_install command is deprecated setup.py develop --editable --build-directory /home/m/turtlebot3_ws/build/turtlebot3_teleop/build --no-deps symlink_data
[0.839s] running develop
[1.038s] running egg_info
[1.038s] creating turtlebot3_teleop.egg-info
[1.058s] writing turtlebot3_teleop.egg-info/PKG-INFO
[1.059s] writing dependency_links to turtlebot3_teleop.egg-info/dependency_links.txt
[1.059s] writing entry points to turtlebot3_teleop.egg-info/entry_points.txt
[1.059s] writing requirements to turtlebot3_teleop.egg-info/requires.txt
[1.059s] writing top-level names to turtlebot3_teleop.egg-info/top_level.txt
[1.060s] writing manifest file 'turtlebot3_teleop.egg-info/SOURCES.txt'
[1.101s] reading manifest file 'turtlebot3_teleop.egg-info/SOURCES.txt'
[1.102s] writing manifest file 'turtlebot3_teleop.egg-info/SOURCES.txt'
[1.124s] running build_ext
[1.124s] Creating /home/m/turtlebot3_ws/install/turtlebot3_teleop/lib/python3.12/site-packages/turtlebot3-teleop.egg-link (link to .)
[1.124s] Installing teleop_keyboard script to /home/m/turtlebot3_ws/install/turtlebot3_teleop/lib/turtlebot3_teleop
[1.125s] 
[1.125s] Installed /home/m/turtlebot3_ws/build/turtlebot3_teleop
[1.125s] running symlink_data
[1.125s] creating /home/m/turtlebot3_ws/install/turtlebot3_teleop/share/ament_index
[1.125s] creating /home/m/turtlebot3_ws/install/turtlebot3_teleop/share/ament_index/resource_index
[1.125s] creating /home/m/turtlebot3_ws/install/turtlebot3_teleop/share/ament_index/resource_index/packages
[1.125s] symbolically linking /home/m/turtlebot3_ws/build/turtlebot3_teleop/resource/turtlebot3_teleop -> /home/m/turtlebot3_ws/install/turtlebot3_teleop/share/ament_index/resource_index/packages
[1.126s] symbolically linking /home/m/turtlebot3_ws/build/turtlebot3_teleop/package.xml -> /home/m/turtlebot3_ws/install/turtlebot3_teleop/share/turtlebot3_teleop
[1.161s] Invoked command in '/home/m/turtlebot3_ws/build/turtlebot3_teleop' returned '0': DEBUGINFOD_URLS=https://debuginfod.ubuntu.com PYTHONPATH=/home/m/turtlebot3_ws/build/turtlebot3_teleop/prefix_override:/usr/lib/python3/dist-packages/colcon_core/task/python/colcon_distutils_commands:/home/m/turtlebot3_ws/install/turtlebot3_teleop/lib/python3.12/site-packages:${PYTHONPATH} /usr/bin/python3 -W ignore:setup.py install is deprecated -W ignore:easy_install command is deprecated setup.py develop --editable --build-directory /home/m/turtlebot3_ws/build/turtlebot3_teleop/build --no-deps symlink_data
